[0.029s] Invoking command in '/home/nakarin/RoboticsDevExam2/build/sun_pkg': CMAKE_PREFIX_PATH=${CMAKE_PREFIX_PATH}:/home/nakarin/RoboticsDev/install/launch_testing_examples:/home/nakarin/RoboticsDev/install/examples_rclpy_pointcloud_publisher:/home/nakarin/RoboticsDev/install/examples_rclpy_minimal_subscriber:/home/nakarin/RoboticsDev/install/examples_rclpy_minimal_service:/home/nakarin/RoboticsDev/install/examples_rclpy_minimal_publisher:/home/nakarin/RoboticsDev/install/examples_rclpy_minimal_client:/home/nakarin/RoboticsDev/install/examples_rclpy_minimal_action_server:/home/nakarin/RoboticsDev/install/examples_rclpy_minimal_action_client:/home/nakarin/RoboticsDev/install/examples_rclpy_guard_conditions:/home/nakarin/RoboticsDev/install/examples_rclpy_executors:/opt/ros/humble /usr/bin/cmake /home/nakarin/RoboticsDevExam2/src/sun_pkg -DCMAKE_INSTALL_PREFIX=/home/nakarin/RoboticsDevExam2/install/sun_pkg
[0.102s] -- The C compiler identification is GNU 11.4.0
[0.184s] -- The CXX compiler identification is GNU 11.4.0
[0.191s] -- Detecting C compiler ABI info
[0.277s] -- Detecting C compiler ABI info - done
[0.291s] -- Check for working C compiler: /usr/bin/cc - skipped
[0.291s] -- Detecting C compile features
[0.292s] -- Detecting C compile features - done
[0.296s] -- Detecting CXX compiler ABI info
[0.397s] -- Detecting CXX compiler ABI info - done
[0.412s] -- Check for working CXX compiler: /usr/bin/c++ - skipped
[0.412s] -- Detecting CXX compile features
[0.413s] -- Detecting CXX compile features - done
[0.420s] -- Found ament_cmake: 1.3.10 (/opt/ros/humble/share/ament_cmake/cmake)
[0.641s] -- Found Python3: /usr/bin/python3 (found version "3.10.12") found components: Interpreter 
[0.861s] -- Found rclcpp: 16.0.10 (/opt/ros/humble/share/rclcpp/cmake)
[0.970s] -- Found rosidl_generator_c: 3.1.5 (/opt/ros/humble/share/rosidl_generator_c/cmake)
[0.987s] -- Found rosidl_adapter: 3.1.5 (/opt/ros/humble/share/rosidl_adapter/cmake)
[1.008s] -- Found rosidl_generator_cpp: 3.1.5 (/opt/ros/humble/share/rosidl_generator_cpp/cmake)
[1.040s] -- Using all available rosidl_typesupport_c: rosidl_typesupport_fastrtps_c;rosidl_typesupport_introspection_c
[1.083s] -- Using all available rosidl_typesupport_cpp: rosidl_typesupport_fastrtps_cpp;rosidl_typesupport_introspection_cpp
[1.202s] -- Found rmw_implementation_cmake: 6.1.2 (/opt/ros/humble/share/rmw_implementation_cmake/cmake)
[1.213s] -- Found rmw_fastrtps_cpp: 6.2.7 (/opt/ros/humble/share/rmw_fastrtps_cpp/cmake)
[1.356s] -- Found OpenSSL: /usr/lib/x86_64-linux-gnu/libcrypto.so (found version "3.0.2")  
[1.408s] -- Found FastRTPS: /opt/ros/humble/include  
[1.486s] -- Using RMW implementation 'rmw_fastrtps_cpp' as default
[1.511s] -- Looking for pthread.h
[1.610s] -- Looking for pthread.h - found
[1.610s] -- Performing Test CMAKE_HAVE_LIBC_PTHREAD
[1.703s] -- Performing Test CMAKE_HAVE_LIBC_PTHREAD - Success
[1.704s] -- Found Threads: TRUE  
[1.810s] -- Found rclpy: 3.3.14 (/opt/ros/humble/share/rclpy/cmake)
[2.067s] -- Configuring done
[2.081s] -- Generating done
[2.081s] -- Build files have been written to: /home/nakarin/RoboticsDevExam2/build/sun_pkg
[2.102s] Invoked command in '/home/nakarin/RoboticsDevExam2/build/sun_pkg' returned '0': CMAKE_PREFIX_PATH=${CMAKE_PREFIX_PATH}:/home/nakarin/RoboticsDev/install/launch_testing_examples:/home/nakarin/RoboticsDev/install/examples_rclpy_pointcloud_publisher:/home/nakarin/RoboticsDev/install/examples_rclpy_minimal_subscriber:/home/nakarin/RoboticsDev/install/examples_rclpy_minimal_service:/home/nakarin/RoboticsDev/install/examples_rclpy_minimal_publisher:/home/nakarin/RoboticsDev/install/examples_rclpy_minimal_client:/home/nakarin/RoboticsDev/install/examples_rclpy_minimal_action_server:/home/nakarin/RoboticsDev/install/examples_rclpy_minimal_action_client:/home/nakarin/RoboticsDev/install/examples_rclpy_guard_conditions:/home/nakarin/RoboticsDev/install/examples_rclpy_executors:/opt/ros/humble /usr/bin/cmake /home/nakarin/RoboticsDevExam2/src/sun_pkg -DCMAKE_INSTALL_PREFIX=/home/nakarin/RoboticsDevExam2/install/sun_pkg
[2.103s] Invoking command in '/home/nakarin/RoboticsDevExam2/build/sun_pkg': CMAKE_PREFIX_PATH=${CMAKE_PREFIX_PATH}:/home/nakarin/RoboticsDev/install/launch_testing_examples:/home/nakarin/RoboticsDev/install/examples_rclpy_pointcloud_publisher:/home/nakarin/RoboticsDev/install/examples_rclpy_minimal_subscriber:/home/nakarin/RoboticsDev/install/examples_rclpy_minimal_service:/home/nakarin/RoboticsDev/install/examples_rclpy_minimal_publisher:/home/nakarin/RoboticsDev/install/examples_rclpy_minimal_client:/home/nakarin/RoboticsDev/install/examples_rclpy_minimal_action_server:/home/nakarin/RoboticsDev/install/examples_rclpy_minimal_action_client:/home/nakarin/RoboticsDev/install/examples_rclpy_guard_conditions:/home/nakarin/RoboticsDev/install/examples_rclpy_executors:/opt/ros/humble /usr/bin/cmake --build /home/nakarin/RoboticsDevExam2/build/sun_pkg -- -j8 -l8
[2.171s] [ 50%] [32mBuilding CXX object CMakeFiles/cpp_node_test.dir/src/cpp_node.cpp.o[0m
[2.183s] [ 50%] Built target ament_cmake_python_copy_sun_pkg
[2.696s] [100%] [32m[1mLinking CXX executable cpp_node_test[0m
[2.703s] running egg_info
[2.705s] creating sun_pkg.egg-info
[2.705s] writing sun_pkg.egg-info/PKG-INFO
[2.706s] writing dependency_links to sun_pkg.egg-info/dependency_links.txt
[2.706s] writing top-level names to sun_pkg.egg-info/top_level.txt
[2.707s] writing manifest file 'sun_pkg.egg-info/SOURCES.txt'
[2.712s] reading manifest file 'sun_pkg.egg-info/SOURCES.txt'
[2.714s] writing manifest file 'sun_pkg.egg-info/SOURCES.txt'
[2.767s] [100%] Built target ament_cmake_python_build_sun_pkg_egg
[2.886s] [100%] Built target cpp_node_test
[2.909s] Invoked command in '/home/nakarin/RoboticsDevExam2/build/sun_pkg' returned '0': CMAKE_PREFIX_PATH=${CMAKE_PREFIX_PATH}:/home/nakarin/RoboticsDev/install/launch_testing_examples:/home/nakarin/RoboticsDev/install/examples_rclpy_pointcloud_publisher:/home/nakarin/RoboticsDev/install/examples_rclpy_minimal_subscriber:/home/nakarin/RoboticsDev/install/examples_rclpy_minimal_service:/home/nakarin/RoboticsDev/install/examples_rclpy_minimal_publisher:/home/nakarin/RoboticsDev/install/examples_rclpy_minimal_client:/home/nakarin/RoboticsDev/install/examples_rclpy_minimal_action_server:/home/nakarin/RoboticsDev/install/examples_rclpy_minimal_action_client:/home/nakarin/RoboticsDev/install/examples_rclpy_guard_conditions:/home/nakarin/RoboticsDev/install/examples_rclpy_executors:/opt/ros/humble /usr/bin/cmake --build /home/nakarin/RoboticsDevExam2/build/sun_pkg -- -j8 -l8
[2.958s] Invoking command in '/home/nakarin/RoboticsDevExam2/build/sun_pkg': CMAKE_PREFIX_PATH=${CMAKE_PREFIX_PATH}:/home/nakarin/RoboticsDev/install/launch_testing_examples:/home/nakarin/RoboticsDev/install/examples_rclpy_pointcloud_publisher:/home/nakarin/RoboticsDev/install/examples_rclpy_minimal_subscriber:/home/nakarin/RoboticsDev/install/examples_rclpy_minimal_service:/home/nakarin/RoboticsDev/install/examples_rclpy_minimal_publisher:/home/nakarin/RoboticsDev/install/examples_rclpy_minimal_client:/home/nakarin/RoboticsDev/install/examples_rclpy_minimal_action_server:/home/nakarin/RoboticsDev/install/examples_rclpy_minimal_action_client:/home/nakarin/RoboticsDev/install/examples_rclpy_guard_conditions:/home/nakarin/RoboticsDev/install/examples_rclpy_executors:/opt/ros/humble /usr/bin/cmake --install /home/nakarin/RoboticsDevExam2/build/sun_pkg
[2.971s] -- Install configuration: ""
[2.972s] -- Installing: /home/nakarin/RoboticsDevExam2/install/sun_pkg/share/sun_pkg/environment/pythonpath.sh
[2.972s] -- Installing: /home/nakarin/RoboticsDevExam2/install/sun_pkg/share/sun_pkg/environment/pythonpath.dsv
[2.972s] -- Installing: /home/nakarin/RoboticsDevExam2/install/sun_pkg/local/lib/python3.10/dist-packages/sun_pkg-0.0.0-py3.10.egg-info
[2.972s] -- Installing: /home/nakarin/RoboticsDevExam2/install/sun_pkg/local/lib/python3.10/dist-packages/sun_pkg-0.0.0-py3.10.egg-info/dependency_links.txt
[2.972s] -- Installing: /home/nakarin/RoboticsDevExam2/install/sun_pkg/local/lib/python3.10/dist-packages/sun_pkg-0.0.0-py3.10.egg-info/SOURCES.txt
[2.972s] -- Installing: /home/nakarin/RoboticsDevExam2/install/sun_pkg/local/lib/python3.10/dist-packages/sun_pkg-0.0.0-py3.10.egg-info/PKG-INFO
[2.972s] -- Installing: /home/nakarin/RoboticsDevExam2/install/sun_pkg/local/lib/python3.10/dist-packages/sun_pkg-0.0.0-py3.10.egg-info/top_level.txt
[2.973s] -- Installing: /home/nakarin/RoboticsDevExam2/install/sun_pkg/local/lib/python3.10/dist-packages/sun_pkg
[2.973s] -- Installing: /home/nakarin/RoboticsDevExam2/install/sun_pkg/local/lib/python3.10/dist-packages/sun_pkg/__init__.py
[2.973s] -- Installing: /home/nakarin/RoboticsDevExam2/install/sun_pkg/local/lib/python3.10/dist-packages/sun_pkg/dummy_module.py
[3.051s] Listing '/home/nakarin/RoboticsDevExam2/install/sun_pkg/local/lib/python3.10/dist-packages/sun_pkg'...
[3.051s] Compiling '/home/nakarin/RoboticsDevExam2/install/sun_pkg/local/lib/python3.10/dist-packages/sun_pkg/__init__.py'...
[3.051s] Compiling '/home/nakarin/RoboticsDevExam2/install/sun_pkg/local/lib/python3.10/dist-packages/sun_pkg/dummy_module.py'...
[3.060s] -- Installing: /home/nakarin/RoboticsDevExam2/install/sun_pkg/lib/sun_pkg/dummy_script.py
[3.060s] -- Installing: /home/nakarin/RoboticsDevExam2/install/sun_pkg/lib/sun_pkg/pizza_viapoint_script.py
[3.061s] -- Installing: /home/nakarin/RoboticsDevExam2/install/sun_pkg/lib/sun_pkg/cpp_node_test
[3.063s] -- Set runtime path of "/home/nakarin/RoboticsDevExam2/install/sun_pkg/lib/sun_pkg/cpp_node_test" to ""
[3.064s] -- Up-to-date: /home/nakarin/RoboticsDevExam2/install/sun_pkg/share/sun_pkg
[3.064s] -- Installing: /home/nakarin/RoboticsDevExam2/install/sun_pkg/share/ament_index/resource_index/package_run_dependencies/sun_pkg
[3.064s] -- Installing: /home/nakarin/RoboticsDevExam2/install/sun_pkg/share/ament_index/resource_index/parent_prefix_path/sun_pkg
[3.064s] -- Installing: /home/nakarin/RoboticsDevExam2/install/sun_pkg/share/sun_pkg/environment/ament_prefix_path.sh
[3.064s] -- Installing: /home/nakarin/RoboticsDevExam2/install/sun_pkg/share/sun_pkg/environment/ament_prefix_path.dsv
[3.064s] -- Installing: /home/nakarin/RoboticsDevExam2/install/sun_pkg/share/sun_pkg/environment/path.sh
[3.064s] -- Installing: /home/nakarin/RoboticsDevExam2/install/sun_pkg/share/sun_pkg/environment/path.dsv
[3.064s] -- Installing: /home/nakarin/RoboticsDevExam2/install/sun_pkg/share/sun_pkg/local_setup.bash
[3.065s] -- Installing: /home/nakarin/RoboticsDevExam2/install/sun_pkg/share/sun_pkg/local_setup.sh
[3.066s] -- Installing: /home/nakarin/RoboticsDevExam2/install/sun_pkg/share/sun_pkg/local_setup.zsh
[3.066s] -- Installing: /home/nakarin/RoboticsDevExam2/install/sun_pkg/share/sun_pkg/local_setup.dsv
[3.066s] -- Installing: /home/nakarin/RoboticsDevExam2/install/sun_pkg/share/sun_pkg/package.dsv
[3.066s] -- Installing: /home/nakarin/RoboticsDevExam2/install/sun_pkg/share/ament_index/resource_index/packages/sun_pkg
[3.067s] -- Installing: /home/nakarin/RoboticsDevExam2/install/sun_pkg/share/sun_pkg/cmake/sun_pkgConfig.cmake
[3.067s] -- Installing: /home/nakarin/RoboticsDevExam2/install/sun_pkg/share/sun_pkg/cmake/sun_pkgConfig-version.cmake
[3.067s] -- Installing: /home/nakarin/RoboticsDevExam2/install/sun_pkg/share/sun_pkg/package.xml
[3.073s] Invoked command in '/home/nakarin/RoboticsDevExam2/build/sun_pkg' returned '0': CMAKE_PREFIX_PATH=${CMAKE_PREFIX_PATH}:/home/nakarin/RoboticsDev/install/launch_testing_examples:/home/nakarin/RoboticsDev/install/examples_rclpy_pointcloud_publisher:/home/nakarin/RoboticsDev/install/examples_rclpy_minimal_subscriber:/home/nakarin/RoboticsDev/install/examples_rclpy_minimal_service:/home/nakarin/RoboticsDev/install/examples_rclpy_minimal_publisher:/home/nakarin/RoboticsDev/install/examples_rclpy_minimal_client:/home/nakarin/RoboticsDev/install/examples_rclpy_minimal_action_server:/home/nakarin/RoboticsDev/install/examples_rclpy_minimal_action_client:/home/nakarin/RoboticsDev/install/examples_rclpy_guard_conditions:/home/nakarin/RoboticsDev/install/examples_rclpy_executors:/opt/ros/humble /usr/bin/cmake --install /home/nakarin/RoboticsDevExam2/build/sun_pkg
