[0.036s] Invoking command in '/home/nakarin/RoboticsDevExam2/build/sun_pkg': CMAKE_PREFIX_PATH=${CMAKE_PREFIX_PATH}:/home/nakarin/RoboticsDev/install/launch_testing_examples:/home/nakarin/RoboticsDev/install/examples_rclpy_pointcloud_publisher:/home/nakarin/RoboticsDev/install/examples_rclpy_minimal_subscriber:/home/nakarin/RoboticsDev/install/examples_rclpy_minimal_service:/home/nakarin/RoboticsDev/install/examples_rclpy_minimal_publisher:/home/nakarin/RoboticsDev/install/examples_rclpy_minimal_client:/home/nakarin/RoboticsDev/install/examples_rclpy_minimal_action_server:/home/nakarin/RoboticsDev/install/examples_rclpy_minimal_action_client:/home/nakarin/RoboticsDev/install/examples_rclpy_guard_conditions:/home/nakarin/RoboticsDev/install/examples_rclpy_executors:/opt/ros/humble /usr/bin/cmake --build /home/nakarin/RoboticsDevExam2/build/sun_pkg -- -j8 -l8
[0.153s] [100%] Built target cpp_node_test
[0.225s] [100%] Built target ament_cmake_python_copy_sun_pkg
[0.862s] running egg_info
[0.863s] writing sun_pkg.egg-info/PKG-INFO
[0.863s] writing dependency_links to sun_pkg.egg-info/dependency_links.txt
[0.863s] writing top-level names to sun_pkg.egg-info/top_level.txt
[0.872s] reading manifest file 'sun_pkg.egg-info/SOURCES.txt'
[0.874s] writing manifest file 'sun_pkg.egg-info/SOURCES.txt'
[0.947s] [100%] Built target ament_cmake_python_build_sun_pkg_egg
[0.978s] Invoked command in '/home/nakarin/RoboticsDevExam2/build/sun_pkg' returned '0': CMAKE_PREFIX_PATH=${CMAKE_PREFIX_PATH}:/home/nakarin/RoboticsDev/install/launch_testing_examples:/home/nakarin/RoboticsDev/install/examples_rclpy_pointcloud_publisher:/home/nakarin/RoboticsDev/install/examples_rclpy_minimal_subscriber:/home/nakarin/RoboticsDev/install/examples_rclpy_minimal_service:/home/nakarin/RoboticsDev/install/examples_rclpy_minimal_publisher:/home/nakarin/RoboticsDev/install/examples_rclpy_minimal_client:/home/nakarin/RoboticsDev/install/examples_rclpy_minimal_action_server:/home/nakarin/RoboticsDev/install/examples_rclpy_minimal_action_client:/home/nakarin/RoboticsDev/install/examples_rclpy_guard_conditions:/home/nakarin/RoboticsDev/install/examples_rclpy_executors:/opt/ros/humble /usr/bin/cmake --build /home/nakarin/RoboticsDevExam2/build/sun_pkg -- -j8 -l8
[1.017s] Invoking command in '/home/nakarin/RoboticsDevExam2/build/sun_pkg': CMAKE_PREFIX_PATH=${CMAKE_PREFIX_PATH}:/home/nakarin/RoboticsDev/install/launch_testing_examples:/home/nakarin/RoboticsDev/install/examples_rclpy_pointcloud_publisher:/home/nakarin/RoboticsDev/install/examples_rclpy_minimal_subscriber:/home/nakarin/RoboticsDev/install/examples_rclpy_minimal_service:/home/nakarin/RoboticsDev/install/examples_rclpy_minimal_publisher:/home/nakarin/RoboticsDev/install/examples_rclpy_minimal_client:/home/nakarin/RoboticsDev/install/examples_rclpy_minimal_action_server:/home/nakarin/RoboticsDev/install/examples_rclpy_minimal_action_client:/home/nakarin/RoboticsDev/install/examples_rclpy_guard_conditions:/home/nakarin/RoboticsDev/install/examples_rclpy_executors:/opt/ros/humble /usr/bin/cmake --install /home/nakarin/RoboticsDevExam2/build/sun_pkg
[1.031s] -- Install configuration: ""
[1.031s] -- Up-to-date: /home/nakarin/RoboticsDevExam2/install/sun_pkg/share/sun_pkg/environment/pythonpath.sh
[1.032s] -- Up-to-date: /home/nakarin/RoboticsDevExam2/install/sun_pkg/share/sun_pkg/environment/pythonpath.dsv
[1.032s] -- Up-to-date: /home/nakarin/RoboticsDevExam2/install/sun_pkg/local/lib/python3.10/dist-packages/sun_pkg-0.0.0-py3.10.egg-info
[1.032s] -- Installing: /home/nakarin/RoboticsDevExam2/install/sun_pkg/local/lib/python3.10/dist-packages/sun_pkg-0.0.0-py3.10.egg-info/dependency_links.txt
[1.032s] -- Installing: /home/nakarin/RoboticsDevExam2/install/sun_pkg/local/lib/python3.10/dist-packages/sun_pkg-0.0.0-py3.10.egg-info/SOURCES.txt
[1.032s] -- Installing: /home/nakarin/RoboticsDevExam2/install/sun_pkg/local/lib/python3.10/dist-packages/sun_pkg-0.0.0-py3.10.egg-info/PKG-INFO
[1.032s] -- Installing: /home/nakarin/RoboticsDevExam2/install/sun_pkg/local/lib/python3.10/dist-packages/sun_pkg-0.0.0-py3.10.egg-info/top_level.txt
[1.032s] -- Up-to-date: /home/nakarin/RoboticsDevExam2/install/sun_pkg/local/lib/python3.10/dist-packages/sun_pkg
[1.033s] -- Up-to-date: /home/nakarin/RoboticsDevExam2/install/sun_pkg/local/lib/python3.10/dist-packages/sun_pkg/__init__.py
[1.033s] -- Up-to-date: /home/nakarin/RoboticsDevExam2/install/sun_pkg/local/lib/python3.10/dist-packages/sun_pkg/dummy_module.py
[1.097s] Listing '/home/nakarin/RoboticsDevExam2/install/sun_pkg/local/lib/python3.10/dist-packages/sun_pkg'...
[1.103s] -- Up-to-date: /home/nakarin/RoboticsDevExam2/install/sun_pkg/lib/sun_pkg/dummy_script.py
[1.103s] -- Installing: /home/nakarin/RoboticsDevExam2/install/sun_pkg/lib/sun_pkg/pizza_viapoint_script.py
[1.103s] -- Up-to-date: /home/nakarin/RoboticsDevExam2/install/sun_pkg/lib/sun_pkg/start_copy_script.py
[1.103s] -- Up-to-date: /home/nakarin/RoboticsDevExam2/install/sun_pkg/lib/sun_pkg/cpp_node_test
[1.103s] -- Up-to-date: /home/nakarin/RoboticsDevExam2/install/sun_pkg/share/sun_pkg
[1.103s] -- Up-to-date: /home/nakarin/RoboticsDevExam2/install/sun_pkg/share/ament_index/resource_index/package_run_dependencies/sun_pkg
[1.103s] -- Up-to-date: /home/nakarin/RoboticsDevExam2/install/sun_pkg/share/ament_index/resource_index/parent_prefix_path/sun_pkg
[1.104s] -- Up-to-date: /home/nakarin/RoboticsDevExam2/install/sun_pkg/share/sun_pkg/environment/ament_prefix_path.sh
[1.104s] -- Up-to-date: /home/nakarin/RoboticsDevExam2/install/sun_pkg/share/sun_pkg/environment/ament_prefix_path.dsv
[1.104s] -- Up-to-date: /home/nakarin/RoboticsDevExam2/install/sun_pkg/share/sun_pkg/environment/path.sh
[1.104s] -- Up-to-date: /home/nakarin/RoboticsDevExam2/install/sun_pkg/share/sun_pkg/environment/path.dsv
[1.104s] -- Up-to-date: /home/nakarin/RoboticsDevExam2/install/sun_pkg/share/sun_pkg/local_setup.bash
[1.104s] -- Up-to-date: /home/nakarin/RoboticsDevExam2/install/sun_pkg/share/sun_pkg/local_setup.sh
[1.104s] -- Up-to-date: /home/nakarin/RoboticsDevExam2/install/sun_pkg/share/sun_pkg/local_setup.zsh
[1.104s] -- Up-to-date: /home/nakarin/RoboticsDevExam2/install/sun_pkg/share/sun_pkg/local_setup.dsv
[1.104s] -- Installing: /home/nakarin/RoboticsDevExam2/install/sun_pkg/share/sun_pkg/package.dsv
[1.104s] -- Up-to-date: /home/nakarin/RoboticsDevExam2/install/sun_pkg/share/ament_index/resource_index/packages/sun_pkg
[1.104s] -- Up-to-date: /home/nakarin/RoboticsDevExam2/install/sun_pkg/share/sun_pkg/cmake/sun_pkgConfig.cmake
[1.104s] -- Up-to-date: /home/nakarin/RoboticsDevExam2/install/sun_pkg/share/sun_pkg/cmake/sun_pkgConfig-version.cmake
[1.104s] -- Up-to-date: /home/nakarin/RoboticsDevExam2/install/sun_pkg/share/sun_pkg/package.xml
[1.153s] Invoked command in '/home/nakarin/RoboticsDevExam2/build/sun_pkg' returned '0': CMAKE_PREFIX_PATH=${CMAKE_PREFIX_PATH}:/home/nakarin/RoboticsDev/install/launch_testing_examples:/home/nakarin/RoboticsDev/install/examples_rclpy_pointcloud_publisher:/home/nakarin/RoboticsDev/install/examples_rclpy_minimal_subscriber:/home/nakarin/RoboticsDev/install/examples_rclpy_minimal_service:/home/nakarin/RoboticsDev/install/examples_rclpy_minimal_publisher:/home/nakarin/RoboticsDev/install/examples_rclpy_minimal_client:/home/nakarin/RoboticsDev/install/examples_rclpy_minimal_action_server:/home/nakarin/RoboticsDev/install/examples_rclpy_minimal_action_client:/home/nakarin/RoboticsDev/install/examples_rclpy_guard_conditions:/home/nakarin/RoboticsDev/install/examples_rclpy_executors:/opt/ros/humble /usr/bin/cmake --install /home/nakarin/RoboticsDevExam2/build/sun_pkg
