[0.039s] Invoking command in '/home/nakarin/RoboticsDevExam2/build/controller_interfaces': CMAKE_PREFIX_PATH=${CMAKE_PREFIX_PATH}:/home/nakarin/RoboticsDev/install/launch_testing_examples:/home/nakarin/RoboticsDev/install/examples_rclpy_pointcloud_publisher:/home/nakarin/RoboticsDev/install/examples_rclpy_minimal_subscriber:/home/nakarin/RoboticsDev/install/examples_rclpy_minimal_service:/home/nakarin/RoboticsDev/install/examples_rclpy_minimal_publisher:/home/nakarin/RoboticsDev/install/examples_rclpy_minimal_client:/home/nakarin/RoboticsDev/install/examples_rclpy_minimal_action_server:/home/nakarin/RoboticsDev/install/examples_rclpy_minimal_action_client:/home/nakarin/RoboticsDev/install/examples_rclpy_guard_conditions:/home/nakarin/RoboticsDev/install/examples_rclpy_executors:/opt/ros/humble /usr/bin/cmake --build /home/nakarin/RoboticsDevExam2/build/controller_interfaces -- -j8 -l8
[0.123s] [ 10%] Built target controller_interfaces__rosidl_generator_c
[0.129s] [ 12%] Built target controller_interfaces__cpp
[0.142s] [ 12%] Built target ament_cmake_python_copy_controller_interfaces
[0.187s] [ 23%] Built target controller_interfaces__rosidl_typesupport_introspection_c
[0.191s] [ 33%] Built target controller_interfaces__rosidl_typesupport_cpp
[0.215s] [ 43%] Built target controller_interfaces__rosidl_typesupport_c
[0.222s] [ 53%] Built target controller_interfaces__rosidl_typesupport_fastrtps_c
[0.222s] [ 64%] Built target controller_interfaces__rosidl_typesupport_introspection_cpp
[0.222s] [ 74%] Built target controller_interfaces__rosidl_typesupport_fastrtps_cpp
[0.282s] [ 74%] Built target controller_interfaces
[0.321s] [ 76%] Built target controller_interfaces__py
[0.390s] [ 84%] Built target controller_interfaces__rosidl_generator_py
[0.454s] [ 89%] Built target controller_interfaces__rosidl_typesupport_introspection_c__pyext
[0.455s] [ 94%] Built target controller_interfaces__rosidl_typesupport_fastrtps_c__pyext
[0.478s] [100%] Built target controller_interfaces__rosidl_typesupport_c__pyext
[0.786s] running egg_info
[0.787s] writing controller_interfaces.egg-info/PKG-INFO
[0.788s] writing dependency_links to controller_interfaces.egg-info/dependency_links.txt
[0.788s] writing top-level names to controller_interfaces.egg-info/top_level.txt
[0.793s] reading manifest file 'controller_interfaces.egg-info/SOURCES.txt'
[0.794s] writing manifest file 'controller_interfaces.egg-info/SOURCES.txt'
[0.846s] [100%] Built target ament_cmake_python_build_controller_interfaces_egg
[0.861s] Invoked command in '/home/nakarin/RoboticsDevExam2/build/controller_interfaces' returned '0': CMAKE_PREFIX_PATH=${CMAKE_PREFIX_PATH}:/home/nakarin/RoboticsDev/install/launch_testing_examples:/home/nakarin/RoboticsDev/install/examples_rclpy_pointcloud_publisher:/home/nakarin/RoboticsDev/install/examples_rclpy_minimal_subscriber:/home/nakarin/RoboticsDev/install/examples_rclpy_minimal_service:/home/nakarin/RoboticsDev/install/examples_rclpy_minimal_publisher:/home/nakarin/RoboticsDev/install/examples_rclpy_minimal_client:/home/nakarin/RoboticsDev/install/examples_rclpy_minimal_action_server:/home/nakarin/RoboticsDev/install/examples_rclpy_minimal_action_client:/home/nakarin/RoboticsDev/install/examples_rclpy_guard_conditions:/home/nakarin/RoboticsDev/install/examples_rclpy_executors:/opt/ros/humble /usr/bin/cmake --build /home/nakarin/RoboticsDevExam2/build/controller_interfaces -- -j8 -l8
[0.969s] Invoking command in '/home/nakarin/RoboticsDevExam2/build/controller_interfaces': CMAKE_PREFIX_PATH=${CMAKE_PREFIX_PATH}:/home/nakarin/RoboticsDev/install/launch_testing_examples:/home/nakarin/RoboticsDev/install/examples_rclpy_pointcloud_publisher:/home/nakarin/RoboticsDev/install/examples_rclpy_minimal_subscriber:/home/nakarin/RoboticsDev/install/examples_rclpy_minimal_service:/home/nakarin/RoboticsDev/install/examples_rclpy_minimal_publisher:/home/nakarin/RoboticsDev/install/examples_rclpy_minimal_client:/home/nakarin/RoboticsDev/install/examples_rclpy_minimal_action_server:/home/nakarin/RoboticsDev/install/examples_rclpy_minimal_action_client:/home/nakarin/RoboticsDev/install/examples_rclpy_guard_conditions:/home/nakarin/RoboticsDev/install/examples_rclpy_executors:/opt/ros/humble /usr/bin/cmake --install /home/nakarin/RoboticsDevExam2/build/controller_interfaces
[0.985s] -- Install configuration: ""
[0.986s] -- Up-to-date: /home/nakarin/RoboticsDevExam2/install/controller_interfaces/share/ament_index/resource_index/rosidl_interfaces/controller_interfaces
[0.987s] -- Up-to-date: /home/nakarin/RoboticsDevExam2/install/controller_interfaces/include/controller_interfaces/controller_interfaces
[0.987s] -- Up-to-date: /home/nakarin/RoboticsDevExam2/install/controller_interfaces/include/controller_interfaces/controller_interfaces/msg
[0.987s] -- Up-to-date: /home/nakarin/RoboticsDevExam2/install/controller_interfaces/include/controller_interfaces/controller_interfaces/msg/rosidl_generator_c__visibility_control.h
[0.987s] -- Up-to-date: /home/nakarin/RoboticsDevExam2/install/controller_interfaces/include/controller_interfaces/controller_interfaces/srv
[0.987s] -- Up-to-date: /home/nakarin/RoboticsDevExam2/install/controller_interfaces/include/controller_interfaces/controller_interfaces/srv/detail
[0.987s] -- Up-to-date: /home/nakarin/RoboticsDevExam2/install/controller_interfaces/include/controller_interfaces/controller_interfaces/srv/detail/set_target__functions.c
[0.988s] -- Up-to-date: /home/nakarin/RoboticsDevExam2/install/controller_interfaces/include/controller_interfaces/controller_interfaces/srv/detail/set_param__struct.h
[0.989s] -- Up-to-date: /home/nakarin/RoboticsDevExam2/install/controller_interfaces/include/controller_interfaces/controller_interfaces/srv/detail/set_target__functions.h
[0.989s] -- Up-to-date: /home/nakarin/RoboticsDevExam2/install/controller_interfaces/include/controller_interfaces/controller_interfaces/srv/detail/set_param__functions.c
[0.991s] -- Up-to-date: /home/nakarin/RoboticsDevExam2/install/controller_interfaces/include/controller_interfaces/controller_interfaces/srv/detail/set_target__type_support.h
[0.991s] -- Up-to-date: /home/nakarin/RoboticsDevExam2/install/controller_interfaces/include/controller_interfaces/controller_interfaces/srv/detail/set_target__struct.h
[0.991s] -- Up-to-date: /home/nakarin/RoboticsDevExam2/install/controller_interfaces/include/controller_interfaces/controller_interfaces/srv/detail/set_param__type_support.h
[0.991s] -- Up-to-date: /home/nakarin/RoboticsDevExam2/install/controller_interfaces/include/controller_interfaces/controller_interfaces/srv/detail/set_param__functions.h
[0.991s] -- Up-to-date: /home/nakarin/RoboticsDevExam2/install/controller_interfaces/include/controller_interfaces/controller_interfaces/srv/set_param.h
[0.992s] -- Up-to-date: /home/nakarin/RoboticsDevExam2/install/controller_interfaces/include/controller_interfaces/controller_interfaces/srv/set_target.h
[0.992s] -- Up-to-date: /home/nakarin/RoboticsDevExam2/install/controller_interfaces/share/controller_interfaces/environment/library_path.sh
[0.994s] -- Up-to-date: /home/nakarin/RoboticsDevExam2/install/controller_interfaces/share/controller_interfaces/environment/library_path.dsv
[0.994s] -- Up-to-date: /home/nakarin/RoboticsDevExam2/install/controller_interfaces/lib/libcontroller_interfaces__rosidl_generator_c.so
[0.995s] -- Up-to-date: /home/nakarin/RoboticsDevExam2/install/controller_interfaces/include/controller_interfaces/controller_interfaces
[0.995s] -- Up-to-date: /home/nakarin/RoboticsDevExam2/install/controller_interfaces/include/controller_interfaces/controller_interfaces/msg
[0.996s] -- Up-to-date: /home/nakarin/RoboticsDevExam2/install/controller_interfaces/include/controller_interfaces/controller_interfaces/msg/rosidl_typesupport_fastrtps_c__visibility_control.h
[0.996s] -- Up-to-date: /home/nakarin/RoboticsDevExam2/install/controller_interfaces/include/controller_interfaces/controller_interfaces/srv
[0.997s] -- Up-to-date: /home/nakarin/RoboticsDevExam2/install/controller_interfaces/include/controller_interfaces/controller_interfaces/srv/detail
[0.997s] -- Up-to-date: /home/nakarin/RoboticsDevExam2/install/controller_interfaces/include/controller_interfaces/controller_interfaces/srv/detail/set_param__rosidl_typesupport_fastrtps_c.h
[0.997s] -- Up-to-date: /home/nakarin/RoboticsDevExam2/install/controller_interfaces/include/controller_interfaces/controller_interfaces/srv/detail/set_target__rosidl_typesupport_fastrtps_c.h
[0.997s] -- Up-to-date: /home/nakarin/RoboticsDevExam2/install/controller_interfaces/lib/libcontroller_interfaces__rosidl_typesupport_fastrtps_c.so
[0.997s] -- Up-to-date: /home/nakarin/RoboticsDevExam2/install/controller_interfaces/include/controller_interfaces/controller_interfaces
[0.997s] -- Up-to-date: /home/nakarin/RoboticsDevExam2/install/controller_interfaces/include/controller_interfaces/controller_interfaces/srv
[0.997s] -- Up-to-date: /home/nakarin/RoboticsDevExam2/install/controller_interfaces/include/controller_interfaces/controller_interfaces/srv/set_target.hpp
[0.997s] -- Up-to-date: /home/nakarin/RoboticsDevExam2/install/controller_interfaces/include/controller_interfaces/controller_interfaces/srv/detail
[0.997s] -- Up-to-date: /home/nakarin/RoboticsDevExam2/install/controller_interfaces/include/controller_interfaces/controller_interfaces/srv/detail/set_param__traits.hpp
[0.998s] -- Up-to-date: /home/nakarin/RoboticsDevExam2/install/controller_interfaces/include/controller_interfaces/controller_interfaces/srv/detail/set_target__traits.hpp
[0.998s] -- Up-to-date: /home/nakarin/RoboticsDevExam2/install/controller_interfaces/include/controller_interfaces/controller_interfaces/srv/detail/set_target__builder.hpp
[0.998s] -- Up-to-date: /home/nakarin/RoboticsDevExam2/install/controller_interfaces/include/controller_interfaces/controller_interfaces/srv/detail/set_param__struct.hpp
[0.998s] -- Up-to-date: /home/nakarin/RoboticsDevExam2/install/controller_interfaces/include/controller_interfaces/controller_interfaces/srv/detail/set_param__builder.hpp
[0.998s] -- Up-to-date: /home/nakarin/RoboticsDevExam2/install/controller_interfaces/include/controller_interfaces/controller_interfaces/srv/detail/set_target__struct.hpp
[0.998s] -- Up-to-date: /home/nakarin/RoboticsDevExam2/install/controller_interfaces/include/controller_interfaces/controller_interfaces/srv/set_param.hpp
[0.998s] -- Up-to-date: /home/nakarin/RoboticsDevExam2/install/controller_interfaces/include/controller_interfaces/controller_interfaces
[0.998s] -- Up-to-date: /home/nakarin/RoboticsDevExam2/install/controller_interfaces/include/controller_interfaces/controller_interfaces/msg
[0.998s] -- Up-to-date: /home/nakarin/RoboticsDevExam2/install/controller_interfaces/include/controller_interfaces/controller_interfaces/msg/rosidl_typesupport_fastrtps_cpp__visibility_control.h
[0.998s] -- Up-to-date: /home/nakarin/RoboticsDevExam2/install/controller_interfaces/include/controller_interfaces/controller_interfaces/srv
[0.998s] -- Up-to-date: /home/nakarin/RoboticsDevExam2/install/controller_interfaces/include/controller_interfaces/controller_interfaces/srv/detail
[0.998s] -- Up-to-date: /home/nakarin/RoboticsDevExam2/install/controller_interfaces/include/controller_interfaces/controller_interfaces/srv/detail/set_param__rosidl_typesupport_fastrtps_cpp.hpp
[0.998s] -- Up-to-date: /home/nakarin/RoboticsDevExam2/install/controller_interfaces/include/controller_interfaces/controller_interfaces/srv/detail/dds_fastrtps
[0.998s] -- Up-to-date: /home/nakarin/RoboticsDevExam2/install/controller_interfaces/include/controller_interfaces/controller_interfaces/srv/detail/set_target__rosidl_typesupport_fastrtps_cpp.hpp
[0.998s] -- Up-to-date: /home/nakarin/RoboticsDevExam2/install/controller_interfaces/lib/libcontroller_interfaces__rosidl_typesupport_fastrtps_cpp.so
[0.999s] -- Up-to-date: /home/nakarin/RoboticsDevExam2/install/controller_interfaces/include/controller_interfaces/controller_interfaces
[0.999s] -- Up-to-date: /home/nakarin/RoboticsDevExam2/install/controller_interfaces/include/controller_interfaces/controller_interfaces/msg
[0.999s] -- Up-to-date: /home/nakarin/RoboticsDevExam2/install/controller_interfaces/include/controller_interfaces/controller_interfaces/msg/rosidl_typesupport_introspection_c__visibility_control.h
[1.000s] -- Up-to-date: /home/nakarin/RoboticsDevExam2/install/controller_interfaces/include/controller_interfaces/controller_interfaces/srv
[1.000s] -- Up-to-date: /home/nakarin/RoboticsDevExam2/install/controller_interfaces/include/controller_interfaces/controller_interfaces/srv/detail
[1.000s] -- Up-to-date: /home/nakarin/RoboticsDevExam2/install/controller_interfaces/include/controller_interfaces/controller_interfaces/srv/detail/set_target__rosidl_typesupport_introspection_c.h
[1.000s] -- Up-to-date: /home/nakarin/RoboticsDevExam2/install/controller_interfaces/include/controller_interfaces/controller_interfaces/srv/detail/set_param__rosidl_typesupport_introspection_c.h
[1.000s] -- Up-to-date: /home/nakarin/RoboticsDevExam2/install/controller_interfaces/include/controller_interfaces/controller_interfaces/srv/detail/set_param__type_support.c
[1.000s] -- Up-to-date: /home/nakarin/RoboticsDevExam2/install/controller_interfaces/include/controller_interfaces/controller_interfaces/srv/detail/set_target__type_support.c
[1.000s] -- Up-to-date: /home/nakarin/RoboticsDevExam2/install/controller_interfaces/lib/libcontroller_interfaces__rosidl_typesupport_introspection_c.so
[1.000s] -- Up-to-date: /home/nakarin/RoboticsDevExam2/install/controller_interfaces/lib/libcontroller_interfaces__rosidl_typesupport_c.so
[1.000s] -- Up-to-date: /home/nakarin/RoboticsDevExam2/install/controller_interfaces/include/controller_interfaces/controller_interfaces
[1.000s] -- Up-to-date: /home/nakarin/RoboticsDevExam2/install/controller_interfaces/include/controller_interfaces/controller_interfaces/srv
[1.000s] -- Up-to-date: /home/nakarin/RoboticsDevExam2/install/controller_interfaces/include/controller_interfaces/controller_interfaces/srv/detail
[1.000s] -- Up-to-date: /home/nakarin/RoboticsDevExam2/install/controller_interfaces/include/controller_interfaces/controller_interfaces/srv/detail/set_param__type_support.cpp
[1.000s] -- Up-to-date: /home/nakarin/RoboticsDevExam2/install/controller_interfaces/include/controller_interfaces/controller_interfaces/srv/detail/set_param__rosidl_typesupport_introspection_cpp.hpp
[1.000s] -- Up-to-date: /home/nakarin/RoboticsDevExam2/install/controller_interfaces/include/controller_interfaces/controller_interfaces/srv/detail/set_target__type_support.cpp
[1.000s] -- Up-to-date: /home/nakarin/RoboticsDevExam2/install/controller_interfaces/include/controller_interfaces/controller_interfaces/srv/detail/set_target__rosidl_typesupport_introspection_cpp.hpp
[1.001s] -- Up-to-date: /home/nakarin/RoboticsDevExam2/install/controller_interfaces/lib/libcontroller_interfaces__rosidl_typesupport_introspection_cpp.so
[1.001s] -- Up-to-date: /home/nakarin/RoboticsDevExam2/install/controller_interfaces/lib/libcontroller_interfaces__rosidl_typesupport_cpp.so
[1.001s] -- Up-to-date: /home/nakarin/RoboticsDevExam2/install/controller_interfaces/share/controller_interfaces/environment/pythonpath.sh
[1.001s] -- Up-to-date: /home/nakarin/RoboticsDevExam2/install/controller_interfaces/share/controller_interfaces/environment/pythonpath.dsv
[1.001s] -- Up-to-date: /home/nakarin/RoboticsDevExam2/install/controller_interfaces/local/lib/python3.10/dist-packages/controller_interfaces-0.0.0-py3.10.egg-info
[1.001s] -- Installing: /home/nakarin/RoboticsDevExam2/install/controller_interfaces/local/lib/python3.10/dist-packages/controller_interfaces-0.0.0-py3.10.egg-info/dependency_links.txt
[1.001s] -- Installing: /home/nakarin/RoboticsDevExam2/install/controller_interfaces/local/lib/python3.10/dist-packages/controller_interfaces-0.0.0-py3.10.egg-info/SOURCES.txt
[1.001s] -- Installing: /home/nakarin/RoboticsDevExam2/install/controller_interfaces/local/lib/python3.10/dist-packages/controller_interfaces-0.0.0-py3.10.egg-info/PKG-INFO
[1.001s] -- Installing: /home/nakarin/RoboticsDevExam2/install/controller_interfaces/local/lib/python3.10/dist-packages/controller_interfaces-0.0.0-py3.10.egg-info/top_level.txt
[1.001s] -- Up-to-date: /home/nakarin/RoboticsDevExam2/install/controller_interfaces/local/lib/python3.10/dist-packages/controller_interfaces
[1.001s] -- Up-to-date: /home/nakarin/RoboticsDevExam2/install/controller_interfaces/local/lib/python3.10/dist-packages/controller_interfaces/_controller_interfaces_s.ep.rosidl_typesupport_fastrtps_c.c
[1.001s] -- Up-to-date: /home/nakarin/RoboticsDevExam2/install/controller_interfaces/local/lib/python3.10/dist-packages/controller_interfaces/controller_interfaces_s__rosidl_typesupport_c.cpython-310-x86_64-linux-gnu.so
[1.001s] -- Up-to-date: /home/nakarin/RoboticsDevExam2/install/controller_interfaces/local/lib/python3.10/dist-packages/controller_interfaces/_controller_interfaces_s.ep.rosidl_typesupport_c.c
[1.002s] -- Up-to-date: /home/nakarin/RoboticsDevExam2/install/controller_interfaces/local/lib/python3.10/dist-packages/controller_interfaces/controller_interfaces_s__rosidl_typesupport_introspection_c.cpython-310-x86_64-linux-gnu.so
[1.002s] -- Up-to-date: /home/nakarin/RoboticsDevExam2/install/controller_interfaces/local/lib/python3.10/dist-packages/controller_interfaces/libcontroller_interfaces__rosidl_generator_py.so
[1.002s] -- Up-to-date: /home/nakarin/RoboticsDevExam2/install/controller_interfaces/local/lib/python3.10/dist-packages/controller_interfaces/__init__.py
[1.002s] -- Up-to-date: /home/nakarin/RoboticsDevExam2/install/controller_interfaces/local/lib/python3.10/dist-packages/controller_interfaces/srv
[1.002s] -- Up-to-date: /home/nakarin/RoboticsDevExam2/install/controller_interfaces/local/lib/python3.10/dist-packages/controller_interfaces/srv/_set_param.py
[1.002s] -- Up-to-date: /home/nakarin/RoboticsDevExam2/install/controller_interfaces/local/lib/python3.10/dist-packages/controller_interfaces/srv/__init__.py
[1.002s] -- Up-to-date: /home/nakarin/RoboticsDevExam2/install/controller_interfaces/local/lib/python3.10/dist-packages/controller_interfaces/srv/_set_target_s.c
[1.002s] -- Up-to-date: /home/nakarin/RoboticsDevExam2/install/controller_interfaces/local/lib/python3.10/dist-packages/controller_interfaces/srv/_set_param_s.c
[1.002s] -- Up-to-date: /home/nakarin/RoboticsDevExam2/install/controller_interfaces/local/lib/python3.10/dist-packages/controller_interfaces/srv/_set_target.py
[1.002s] -- Up-to-date: /home/nakarin/RoboticsDevExam2/install/controller_interfaces/local/lib/python3.10/dist-packages/controller_interfaces/controller_interfaces_s__rosidl_typesupport_fastrtps_c.cpython-310-x86_64-linux-gnu.so
[1.002s] -- Up-to-date: /home/nakarin/RoboticsDevExam2/install/controller_interfaces/local/lib/python3.10/dist-packages/controller_interfaces/_controller_interfaces_s.ep.rosidl_typesupport_introspection_c.c
[1.039s] Listing '/home/nakarin/RoboticsDevExam2/install/controller_interfaces/local/lib/python3.10/dist-packages/controller_interfaces'...
[1.040s] Listing '/home/nakarin/RoboticsDevExam2/install/controller_interfaces/local/lib/python3.10/dist-packages/controller_interfaces/srv'...
[1.045s] -- Up-to-date: /home/nakarin/RoboticsDevExam2/install/controller_interfaces/local/lib/python3.10/dist-packages/controller_interfaces/controller_interfaces_s__rosidl_typesupport_fastrtps_c.cpython-310-x86_64-linux-gnu.so
[1.045s] -- Up-to-date: /home/nakarin/RoboticsDevExam2/install/controller_interfaces/local/lib/python3.10/dist-packages/controller_interfaces/controller_interfaces_s__rosidl_typesupport_introspection_c.cpython-310-x86_64-linux-gnu.so
[1.046s] -- Up-to-date: /home/nakarin/RoboticsDevExam2/install/controller_interfaces/local/lib/python3.10/dist-packages/controller_interfaces/controller_interfaces_s__rosidl_typesupport_c.cpython-310-x86_64-linux-gnu.so
[1.046s] -- Up-to-date: /home/nakarin/RoboticsDevExam2/install/controller_interfaces/lib/libcontroller_interfaces__rosidl_generator_py.so
[1.046s] -- Up-to-date: /home/nakarin/RoboticsDevExam2/install/controller_interfaces/share/controller_interfaces/srv/SetParam.idl
[1.047s] -- Up-to-date: /home/nakarin/RoboticsDevExam2/install/controller_interfaces/share/controller_interfaces/srv/SetTarget.idl
[1.047s] -- Up-to-date: /home/nakarin/RoboticsDevExam2/install/controller_interfaces/share/controller_interfaces/srv/SetParam.srv
[1.047s] -- Up-to-date: /home/nakarin/RoboticsDevExam2/install/controller_interfaces/share/controller_interfaces/srv/SetParam_Request.msg
[1.047s] -- Up-to-date: /home/nakarin/RoboticsDevExam2/install/controller_interfaces/share/controller_interfaces/srv/SetParam_Response.msg
[1.047s] -- Up-to-date: /home/nakarin/RoboticsDevExam2/install/controller_interfaces/share/controller_interfaces/srv/SetTarget.srv
[1.047s] -- Up-to-date: /home/nakarin/RoboticsDevExam2/install/controller_interfaces/share/controller_interfaces/srv/SetTarget_Request.msg
[1.047s] -- Up-to-date: /home/nakarin/RoboticsDevExam2/install/controller_interfaces/share/controller_interfaces/srv/SetTarget_Response.msg
[1.048s] -- Up-to-date: /home/nakarin/RoboticsDevExam2/install/controller_interfaces/share/ament_index/resource_index/package_run_dependencies/controller_interfaces
[1.048s] -- Up-to-date: /home/nakarin/RoboticsDevExam2/install/controller_interfaces/share/ament_index/resource_index/parent_prefix_path/controller_interfaces
[1.048s] -- Up-to-date: /home/nakarin/RoboticsDevExam2/install/controller_interfaces/share/controller_interfaces/environment/ament_prefix_path.sh
[1.048s] -- Up-to-date: /home/nakarin/RoboticsDevExam2/install/controller_interfaces/share/controller_interfaces/environment/ament_prefix_path.dsv
[1.048s] -- Up-to-date: /home/nakarin/RoboticsDevExam2/install/controller_interfaces/share/controller_interfaces/environment/path.sh
[1.048s] -- Up-to-date: /home/nakarin/RoboticsDevExam2/install/controller_interfaces/share/controller_interfaces/environment/path.dsv
[1.048s] -- Up-to-date: /home/nakarin/RoboticsDevExam2/install/controller_interfaces/share/controller_interfaces/local_setup.bash
[1.048s] -- Up-to-date: /home/nakarin/RoboticsDevExam2/install/controller_interfaces/share/controller_interfaces/local_setup.sh
[1.048s] -- Up-to-date: /home/nakarin/RoboticsDevExam2/install/controller_interfaces/share/controller_interfaces/local_setup.zsh
[1.048s] -- Up-to-date: /home/nakarin/RoboticsDevExam2/install/controller_interfaces/share/controller_interfaces/local_setup.dsv
[1.049s] -- Installing: /home/nakarin/RoboticsDevExam2/install/controller_interfaces/share/controller_interfaces/package.dsv
[1.049s] -- Up-to-date: /home/nakarin/RoboticsDevExam2/install/controller_interfaces/share/ament_index/resource_index/packages/controller_interfaces
[1.049s] -- Up-to-date: /home/nakarin/RoboticsDevExam2/install/controller_interfaces/share/controller_interfaces/cmake/export_controller_interfaces__rosidl_generator_cExport.cmake
[1.049s] -- Up-to-date: /home/nakarin/RoboticsDevExam2/install/controller_interfaces/share/controller_interfaces/cmake/export_controller_interfaces__rosidl_generator_cExport-noconfig.cmake
[1.049s] -- Up-to-date: /home/nakarin/RoboticsDevExam2/install/controller_interfaces/share/controller_interfaces/cmake/export_controller_interfaces__rosidl_typesupport_fastrtps_cExport.cmake
[1.049s] -- Up-to-date: /home/nakarin/RoboticsDevExam2/install/controller_interfaces/share/controller_interfaces/cmake/export_controller_interfaces__rosidl_typesupport_fastrtps_cExport-noconfig.cmake
[1.049s] -- Up-to-date: /home/nakarin/RoboticsDevExam2/install/controller_interfaces/share/controller_interfaces/cmake/export_controller_interfaces__rosidl_generator_cppExport.cmake
[1.049s] -- Up-to-date: /home/nakarin/RoboticsDevExam2/install/controller_interfaces/share/controller_interfaces/cmake/export_controller_interfaces__rosidl_typesupport_fastrtps_cppExport.cmake
[1.050s] -- Up-to-date: /home/nakarin/RoboticsDevExam2/install/controller_interfaces/share/controller_interfaces/cmake/export_controller_interfaces__rosidl_typesupport_fastrtps_cppExport-noconfig.cmake
[1.050s] -- Up-to-date: /home/nakarin/RoboticsDevExam2/install/controller_interfaces/share/controller_interfaces/cmake/controller_interfaces__rosidl_typesupport_introspection_cExport.cmake
[1.050s] -- Up-to-date: /home/nakarin/RoboticsDevExam2/install/controller_interfaces/share/controller_interfaces/cmake/controller_interfaces__rosidl_typesupport_introspection_cExport-noconfig.cmake
[1.050s] -- Up-to-date: /home/nakarin/RoboticsDevExam2/install/controller_interfaces/share/controller_interfaces/cmake/controller_interfaces__rosidl_typesupport_cExport.cmake
[1.050s] -- Up-to-date: /home/nakarin/RoboticsDevExam2/install/controller_interfaces/share/controller_interfaces/cmake/controller_interfaces__rosidl_typesupport_cExport-noconfig.cmake
[1.050s] -- Up-to-date: /home/nakarin/RoboticsDevExam2/install/controller_interfaces/share/controller_interfaces/cmake/controller_interfaces__rosidl_typesupport_introspection_cppExport.cmake
[1.050s] -- Up-to-date: /home/nakarin/RoboticsDevExam2/install/controller_interfaces/share/controller_interfaces/cmake/controller_interfaces__rosidl_typesupport_introspection_cppExport-noconfig.cmake
[1.050s] -- Up-to-date: /home/nakarin/RoboticsDevExam2/install/controller_interfaces/share/controller_interfaces/cmake/controller_interfaces__rosidl_typesupport_cppExport.cmake
[1.050s] -- Up-to-date: /home/nakarin/RoboticsDevExam2/install/controller_interfaces/share/controller_interfaces/cmake/controller_interfaces__rosidl_typesupport_cppExport-noconfig.cmake
[1.050s] -- Up-to-date: /home/nakarin/RoboticsDevExam2/install/controller_interfaces/share/controller_interfaces/cmake/export_controller_interfaces__rosidl_generator_pyExport.cmake
[1.050s] -- Up-to-date: /home/nakarin/RoboticsDevExam2/install/controller_interfaces/share/controller_interfaces/cmake/export_controller_interfaces__rosidl_generator_pyExport-noconfig.cmake
[1.050s] -- Up-to-date: /home/nakarin/RoboticsDevExam2/install/controller_interfaces/share/controller_interfaces/cmake/rosidl_cmake-extras.cmake
[1.050s] -- Up-to-date: /home/nakarin/RoboticsDevExam2/install/controller_interfaces/share/controller_interfaces/cmake/ament_cmake_export_dependencies-extras.cmake
[1.050s] -- Up-to-date: /home/nakarin/RoboticsDevExam2/install/controller_interfaces/share/controller_interfaces/cmake/ament_cmake_export_include_directories-extras.cmake
[1.050s] -- Up-to-date: /home/nakarin/RoboticsDevExam2/install/controller_interfaces/share/controller_interfaces/cmake/ament_cmake_export_libraries-extras.cmake
[1.051s] -- Up-to-date: /home/nakarin/RoboticsDevExam2/install/controller_interfaces/share/controller_interfaces/cmake/ament_cmake_export_targets-extras.cmake
[1.051s] -- Up-to-date: /home/nakarin/RoboticsDevExam2/install/controller_interfaces/share/controller_interfaces/cmake/rosidl_cmake_export_typesupport_targets-extras.cmake
[1.051s] -- Up-to-date: /home/nakarin/RoboticsDevExam2/install/controller_interfaces/share/controller_interfaces/cmake/rosidl_cmake_export_typesupport_libraries-extras.cmake
[1.051s] -- Up-to-date: /home/nakarin/RoboticsDevExam2/install/controller_interfaces/share/controller_interfaces/cmake/controller_interfacesConfig.cmake
[1.051s] -- Up-to-date: /home/nakarin/RoboticsDevExam2/install/controller_interfaces/share/controller_interfaces/cmake/controller_interfacesConfig-version.cmake
[1.051s] -- Up-to-date: /home/nakarin/RoboticsDevExam2/install/controller_interfaces/share/controller_interfaces/package.xml
[1.068s] Invoked command in '/home/nakarin/RoboticsDevExam2/build/controller_interfaces' returned '0': CMAKE_PREFIX_PATH=${CMAKE_PREFIX_PATH}:/home/nakarin/RoboticsDev/install/launch_testing_examples:/home/nakarin/RoboticsDev/install/examples_rclpy_pointcloud_publisher:/home/nakarin/RoboticsDev/install/examples_rclpy_minimal_subscriber:/home/nakarin/RoboticsDev/install/examples_rclpy_minimal_service:/home/nakarin/RoboticsDev/install/examples_rclpy_minimal_publisher:/home/nakarin/RoboticsDev/install/examples_rclpy_minimal_client:/home/nakarin/RoboticsDev/install/examples_rclpy_minimal_action_server:/home/nakarin/RoboticsDev/install/examples_rclpy_minimal_action_client:/home/nakarin/RoboticsDev/install/examples_rclpy_guard_conditions:/home/nakarin/RoboticsDev/install/examples_rclpy_executors:/opt/ros/humble /usr/bin/cmake --install /home/nakarin/RoboticsDevExam2/build/controller_interfaces
