[0.026s] Invoking command in '/home/saifa/Desktop/Ros_exam/build/sun_interfaces': CMAKE_PREFIX_PATH=${CMAKE_PREFIX_PATH}:/home/saifa/Desktop/ros2_w2_ws/install/launch_testing_examples:/home/saifa/Desktop/ros2_w2_ws/install/examples_rclpy_pointcloud_publisher:/home/saifa/Desktop/ros2_w2_ws/install/examples_rclpy_minimal_subscriber:/home/saifa/Desktop/ros2_w2_ws/install/examples_rclpy_minimal_service:/home/saifa/Desktop/ros2_w2_ws/install/examples_rclpy_minimal_publisher:/home/saifa/Desktop/ros2_w2_ws/install/examples_rclpy_minimal_client:/home/saifa/Desktop/ros2_w2_ws/install/examples_rclpy_minimal_action_server:/home/saifa/Desktop/ros2_w2_ws/install/examples_rclpy_minimal_action_client:/home/saifa/Desktop/ros2_w2_ws/install/examples_rclpy_guard_conditions:/home/saifa/Desktop/ros2_w2_ws/install/examples_rclpy_executors:/opt/ros/humble /usr/bin/cmake --build /home/saifa/Desktop/Ros_exam/build/sun_interfaces -- -j16 -l16
[0.075s] [  3%] Built target sun_interfaces__cpp
[0.075s] [ 12%] Built target sun_interfaces__rosidl_generator_c
[0.088s] [ 12%] Built target ament_cmake_python_copy_sun_interfaces
[0.110s] [ 22%] Built target sun_interfaces__rosidl_typesupport_fastrtps_cpp
[0.112s] [ 35%] Built target sun_interfaces__rosidl_typesupport_introspection_cpp
[0.112s] [ 41%] Built target sun_interfaces__rosidl_typesupport_cpp
[0.123s] [ 61%] Built target sun_interfaces__rosidl_typesupport_introspection_c
[0.124s] [ 61%] Built target sun_interfaces__rosidl_typesupport_fastrtps_c
[0.131s] [ 70%] Built target sun_interfaces__rosidl_typesupport_c
[0.156s] [ 70%] Built target sun_interfaces
[0.178s] [ 74%] Built target sun_interfaces__py
[0.202s] [ 80%] Built target sun_interfaces__rosidl_generator_py
[0.230s] [ 87%] Built target sun_interfaces__rosidl_typesupport_introspection_c__pyext
[0.230s] [ 93%] Built target sun_interfaces__rosidl_typesupport_c__pyext
[0.230s] [100%] Built target sun_interfaces__rosidl_typesupport_fastrtps_c__pyext
[0.385s] running egg_info
[0.385s] writing sun_interfaces.egg-info/PKG-INFO
[0.386s] writing dependency_links to sun_interfaces.egg-info/dependency_links.txt
[0.386s] writing top-level names to sun_interfaces.egg-info/top_level.txt
[0.388s] reading manifest file 'sun_interfaces.egg-info/SOURCES.txt'
[0.388s] writing manifest file 'sun_interfaces.egg-info/SOURCES.txt'
[0.434s] [100%] Built target ament_cmake_python_build_sun_interfaces_egg
[0.448s] Invoked command in '/home/saifa/Desktop/Ros_exam/build/sun_interfaces' returned '0': CMAKE_PREFIX_PATH=${CMAKE_PREFIX_PATH}:/home/saifa/Desktop/ros2_w2_ws/install/launch_testing_examples:/home/saifa/Desktop/ros2_w2_ws/install/examples_rclpy_pointcloud_publisher:/home/saifa/Desktop/ros2_w2_ws/install/examples_rclpy_minimal_subscriber:/home/saifa/Desktop/ros2_w2_ws/install/examples_rclpy_minimal_service:/home/saifa/Desktop/ros2_w2_ws/install/examples_rclpy_minimal_publisher:/home/saifa/Desktop/ros2_w2_ws/install/examples_rclpy_minimal_client:/home/saifa/Desktop/ros2_w2_ws/install/examples_rclpy_minimal_action_server:/home/saifa/Desktop/ros2_w2_ws/install/examples_rclpy_minimal_action_client:/home/saifa/Desktop/ros2_w2_ws/install/examples_rclpy_guard_conditions:/home/saifa/Desktop/ros2_w2_ws/install/examples_rclpy_executors:/opt/ros/humble /usr/bin/cmake --build /home/saifa/Desktop/Ros_exam/build/sun_interfaces -- -j16 -l16
[0.527s] Invoking command in '/home/saifa/Desktop/Ros_exam/build/sun_interfaces': CMAKE_PREFIX_PATH=${CMAKE_PREFIX_PATH}:/home/saifa/Desktop/ros2_w2_ws/install/launch_testing_examples:/home/saifa/Desktop/ros2_w2_ws/install/examples_rclpy_pointcloud_publisher:/home/saifa/Desktop/ros2_w2_ws/install/examples_rclpy_minimal_subscriber:/home/saifa/Desktop/ros2_w2_ws/install/examples_rclpy_minimal_service:/home/saifa/Desktop/ros2_w2_ws/install/examples_rclpy_minimal_publisher:/home/saifa/Desktop/ros2_w2_ws/install/examples_rclpy_minimal_client:/home/saifa/Desktop/ros2_w2_ws/install/examples_rclpy_minimal_action_server:/home/saifa/Desktop/ros2_w2_ws/install/examples_rclpy_minimal_action_client:/home/saifa/Desktop/ros2_w2_ws/install/examples_rclpy_guard_conditions:/home/saifa/Desktop/ros2_w2_ws/install/examples_rclpy_executors:/opt/ros/humble /usr/bin/cmake --install /home/saifa/Desktop/Ros_exam/build/sun_interfaces
[0.534s] -- Install configuration: ""
[0.535s] -- Up-to-date: /home/saifa/Desktop/Ros_exam/install/sun_interfaces/share/ament_index/resource_index/rosidl_interfaces/sun_interfaces
[0.535s] -- Up-to-date: /home/saifa/Desktop/Ros_exam/install/sun_interfaces/include/sun_interfaces/sun_interfaces
[0.535s] -- Up-to-date: /home/saifa/Desktop/Ros_exam/install/sun_interfaces/include/sun_interfaces/sun_interfaces/msg
[0.535s] -- Up-to-date: /home/saifa/Desktop/Ros_exam/install/sun_interfaces/include/sun_interfaces/sun_interfaces/msg/rosidl_generator_c__visibility_control.h
[0.535s] -- Up-to-date: /home/saifa/Desktop/Ros_exam/install/sun_interfaces/include/sun_interfaces/sun_interfaces/srv
[0.535s] -- Up-to-date: /home/saifa/Desktop/Ros_exam/install/sun_interfaces/include/sun_interfaces/sun_interfaces/srv/pizza_pose.h
[0.535s] -- Up-to-date: /home/saifa/Desktop/Ros_exam/install/sun_interfaces/include/sun_interfaces/sun_interfaces/srv/detail
[0.535s] -- Up-to-date: /home/saifa/Desktop/Ros_exam/install/sun_interfaces/include/sun_interfaces/sun_interfaces/srv/detail/pizza_pose__functions.h
[0.535s] -- Up-to-date: /home/saifa/Desktop/Ros_exam/install/sun_interfaces/include/sun_interfaces/sun_interfaces/srv/detail/pizza_pose__functions.c
[0.536s] -- Up-to-date: /home/saifa/Desktop/Ros_exam/install/sun_interfaces/include/sun_interfaces/sun_interfaces/srv/detail/pizza_pose__type_support.h
[0.536s] -- Up-to-date: /home/saifa/Desktop/Ros_exam/install/sun_interfaces/include/sun_interfaces/sun_interfaces/srv/detail/pizza_pose__struct.h
[0.536s] -- Up-to-date: /home/saifa/Desktop/Ros_exam/install/sun_interfaces/share/sun_interfaces/environment/library_path.sh
[0.536s] -- Up-to-date: /home/saifa/Desktop/Ros_exam/install/sun_interfaces/share/sun_interfaces/environment/library_path.dsv
[0.536s] -- Up-to-date: /home/saifa/Desktop/Ros_exam/install/sun_interfaces/lib/libsun_interfaces__rosidl_generator_c.so
[0.536s] -- Up-to-date: /home/saifa/Desktop/Ros_exam/install/sun_interfaces/include/sun_interfaces/sun_interfaces
[0.536s] -- Up-to-date: /home/saifa/Desktop/Ros_exam/install/sun_interfaces/include/sun_interfaces/sun_interfaces/msg
[0.536s] -- Up-to-date: /home/saifa/Desktop/Ros_exam/install/sun_interfaces/include/sun_interfaces/sun_interfaces/msg/rosidl_typesupport_fastrtps_c__visibility_control.h
[0.536s] -- Up-to-date: /home/saifa/Desktop/Ros_exam/install/sun_interfaces/include/sun_interfaces/sun_interfaces/srv
[0.537s] -- Up-to-date: /home/saifa/Desktop/Ros_exam/install/sun_interfaces/include/sun_interfaces/sun_interfaces/srv/detail
[0.537s] -- Up-to-date: /home/saifa/Desktop/Ros_exam/install/sun_interfaces/include/sun_interfaces/sun_interfaces/srv/detail/pizza_pose__rosidl_typesupport_fastrtps_c.h
[0.537s] -- Up-to-date: /home/saifa/Desktop/Ros_exam/install/sun_interfaces/lib/libsun_interfaces__rosidl_typesupport_fastrtps_c.so
[0.537s] -- Up-to-date: /home/saifa/Desktop/Ros_exam/install/sun_interfaces/include/sun_interfaces/sun_interfaces
[0.537s] -- Up-to-date: /home/saifa/Desktop/Ros_exam/install/sun_interfaces/include/sun_interfaces/sun_interfaces/msg
[0.537s] -- Up-to-date: /home/saifa/Desktop/Ros_exam/install/sun_interfaces/include/sun_interfaces/sun_interfaces/msg/rosidl_typesupport_introspection_c__visibility_control.h
[0.537s] -- Up-to-date: /home/saifa/Desktop/Ros_exam/install/sun_interfaces/include/sun_interfaces/sun_interfaces/srv
[0.537s] -- Up-to-date: /home/saifa/Desktop/Ros_exam/install/sun_interfaces/include/sun_interfaces/sun_interfaces/srv/detail
[0.537s] -- Up-to-date: /home/saifa/Desktop/Ros_exam/install/sun_interfaces/include/sun_interfaces/sun_interfaces/srv/detail/pizza_pose__type_support.c
[0.537s] -- Up-to-date: /home/saifa/Desktop/Ros_exam/install/sun_interfaces/include/sun_interfaces/sun_interfaces/srv/detail/pizza_pose__rosidl_typesupport_introspection_c.h
[0.538s] -- Up-to-date: /home/saifa/Desktop/Ros_exam/install/sun_interfaces/lib/libsun_interfaces__rosidl_typesupport_introspection_c.so
[0.538s] -- Up-to-date: /home/saifa/Desktop/Ros_exam/install/sun_interfaces/lib/libsun_interfaces__rosidl_typesupport_c.so
[0.538s] -- Up-to-date: /home/saifa/Desktop/Ros_exam/install/sun_interfaces/include/sun_interfaces/sun_interfaces
[0.538s] -- Up-to-date: /home/saifa/Desktop/Ros_exam/install/sun_interfaces/include/sun_interfaces/sun_interfaces/srv
[0.538s] -- Up-to-date: /home/saifa/Desktop/Ros_exam/install/sun_interfaces/include/sun_interfaces/sun_interfaces/srv/detail
[0.538s] -- Up-to-date: /home/saifa/Desktop/Ros_exam/install/sun_interfaces/include/sun_interfaces/sun_interfaces/srv/detail/pizza_pose__traits.hpp
[0.538s] -- Up-to-date: /home/saifa/Desktop/Ros_exam/install/sun_interfaces/include/sun_interfaces/sun_interfaces/srv/detail/pizza_pose__builder.hpp
[0.538s] -- Up-to-date: /home/saifa/Desktop/Ros_exam/install/sun_interfaces/include/sun_interfaces/sun_interfaces/srv/detail/pizza_pose__struct.hpp
[0.539s] -- Up-to-date: /home/saifa/Desktop/Ros_exam/install/sun_interfaces/include/sun_interfaces/sun_interfaces/srv/pizza_pose.hpp
[0.539s] -- Up-to-date: /home/saifa/Desktop/Ros_exam/install/sun_interfaces/include/sun_interfaces/sun_interfaces
[0.539s] -- Up-to-date: /home/saifa/Desktop/Ros_exam/install/sun_interfaces/include/sun_interfaces/sun_interfaces/msg
[0.539s] -- Up-to-date: /home/saifa/Desktop/Ros_exam/install/sun_interfaces/include/sun_interfaces/sun_interfaces/msg/rosidl_typesupport_fastrtps_cpp__visibility_control.h
[0.539s] -- Up-to-date: /home/saifa/Desktop/Ros_exam/install/sun_interfaces/include/sun_interfaces/sun_interfaces/srv
[0.539s] -- Up-to-date: /home/saifa/Desktop/Ros_exam/install/sun_interfaces/include/sun_interfaces/sun_interfaces/srv/detail
[0.539s] -- Up-to-date: /home/saifa/Desktop/Ros_exam/install/sun_interfaces/include/sun_interfaces/sun_interfaces/srv/detail/pizza_pose__rosidl_typesupport_fastrtps_cpp.hpp
[0.539s] -- Up-to-date: /home/saifa/Desktop/Ros_exam/install/sun_interfaces/include/sun_interfaces/sun_interfaces/srv/detail/dds_fastrtps
[0.539s] -- Up-to-date: /home/saifa/Desktop/Ros_exam/install/sun_interfaces/lib/libsun_interfaces__rosidl_typesupport_fastrtps_cpp.so
[0.539s] -- Up-to-date: /home/saifa/Desktop/Ros_exam/install/sun_interfaces/include/sun_interfaces/sun_interfaces
[0.540s] -- Up-to-date: /home/saifa/Desktop/Ros_exam/install/sun_interfaces/include/sun_interfaces/sun_interfaces/srv
[0.540s] -- Up-to-date: /home/saifa/Desktop/Ros_exam/install/sun_interfaces/include/sun_interfaces/sun_interfaces/srv/detail
[0.540s] -- Up-to-date: /home/saifa/Desktop/Ros_exam/install/sun_interfaces/include/sun_interfaces/sun_interfaces/srv/detail/pizza_pose__rosidl_typesupport_introspection_cpp.hpp
[0.540s] -- Up-to-date: /home/saifa/Desktop/Ros_exam/install/sun_interfaces/include/sun_interfaces/sun_interfaces/srv/detail/pizza_pose__type_support.cpp
[0.540s] -- Up-to-date: /home/saifa/Desktop/Ros_exam/install/sun_interfaces/lib/libsun_interfaces__rosidl_typesupport_introspection_cpp.so
[0.540s] -- Up-to-date: /home/saifa/Desktop/Ros_exam/install/sun_interfaces/lib/libsun_interfaces__rosidl_typesupport_cpp.so
[0.540s] -- Up-to-date: /home/saifa/Desktop/Ros_exam/install/sun_interfaces/share/sun_interfaces/environment/pythonpath.sh
[0.540s] -- Up-to-date: /home/saifa/Desktop/Ros_exam/install/sun_interfaces/share/sun_interfaces/environment/pythonpath.dsv
[0.541s] -- Up-to-date: /home/saifa/Desktop/Ros_exam/install/sun_interfaces/local/lib/python3.10/dist-packages/sun_interfaces-0.0.0-py3.10.egg-info
[0.542s] -- Installing: /home/saifa/Desktop/Ros_exam/install/sun_interfaces/local/lib/python3.10/dist-packages/sun_interfaces-0.0.0-py3.10.egg-info/top_level.txt
[0.542s] -- Installing: /home/saifa/Desktop/Ros_exam/install/sun_interfaces/local/lib/python3.10/dist-packages/sun_interfaces-0.0.0-py3.10.egg-info/SOURCES.txt
[0.542s] -- Installing: /home/saifa/Desktop/Ros_exam/install/sun_interfaces/local/lib/python3.10/dist-packages/sun_interfaces-0.0.0-py3.10.egg-info/dependency_links.txt
[0.542s] -- Installing: /home/saifa/Desktop/Ros_exam/install/sun_interfaces/local/lib/python3.10/dist-packages/sun_interfaces-0.0.0-py3.10.egg-info/PKG-INFO
[0.542s] -- Up-to-date: /home/saifa/Desktop/Ros_exam/install/sun_interfaces/local/lib/python3.10/dist-packages/sun_interfaces
[0.542s] -- Up-to-date: /home/saifa/Desktop/Ros_exam/install/sun_interfaces/local/lib/python3.10/dist-packages/sun_interfaces/__init__.py
[0.542s] -- Up-to-date: /home/saifa/Desktop/Ros_exam/install/sun_interfaces/local/lib/python3.10/dist-packages/sun_interfaces/_sun_interfaces_s.ep.rosidl_typesupport_fastrtps_c.c
[0.542s] -- Up-to-date: /home/saifa/Desktop/Ros_exam/install/sun_interfaces/local/lib/python3.10/dist-packages/sun_interfaces/_sun_interfaces_s.ep.rosidl_typesupport_c.c
[0.542s] -- Up-to-date: /home/saifa/Desktop/Ros_exam/install/sun_interfaces/local/lib/python3.10/dist-packages/sun_interfaces/srv
[0.542s] -- Up-to-date: /home/saifa/Desktop/Ros_exam/install/sun_interfaces/local/lib/python3.10/dist-packages/sun_interfaces/srv/__init__.py
[0.543s] -- Up-to-date: /home/saifa/Desktop/Ros_exam/install/sun_interfaces/local/lib/python3.10/dist-packages/sun_interfaces/srv/_pizza_pose.py
[0.543s] -- Up-to-date: /home/saifa/Desktop/Ros_exam/install/sun_interfaces/local/lib/python3.10/dist-packages/sun_interfaces/srv/_pizza_pose_s.c
[0.543s] -- Up-to-date: /home/saifa/Desktop/Ros_exam/install/sun_interfaces/local/lib/python3.10/dist-packages/sun_interfaces/sun_interfaces_s__rosidl_typesupport_introspection_c.cpython-310-x86_64-linux-gnu.so
[0.544s] -- Up-to-date: /home/saifa/Desktop/Ros_exam/install/sun_interfaces/local/lib/python3.10/dist-packages/sun_interfaces/sun_interfaces_s__rosidl_typesupport_fastrtps_c.cpython-310-x86_64-linux-gnu.so
[0.544s] -- Up-to-date: /home/saifa/Desktop/Ros_exam/install/sun_interfaces/local/lib/python3.10/dist-packages/sun_interfaces/_sun_interfaces_s.ep.rosidl_typesupport_introspection_c.c
[0.544s] -- Up-to-date: /home/saifa/Desktop/Ros_exam/install/sun_interfaces/local/lib/python3.10/dist-packages/sun_interfaces/libsun_interfaces__rosidl_generator_py.so
[0.544s] -- Up-to-date: /home/saifa/Desktop/Ros_exam/install/sun_interfaces/local/lib/python3.10/dist-packages/sun_interfaces/sun_interfaces_s__rosidl_typesupport_c.cpython-310-x86_64-linux-gnu.so
[0.577s] Listing '/home/saifa/Desktop/Ros_exam/install/sun_interfaces/local/lib/python3.10/dist-packages/sun_interfaces'...
[0.577s] Listing '/home/saifa/Desktop/Ros_exam/install/sun_interfaces/local/lib/python3.10/dist-packages/sun_interfaces/srv'...
[0.578s] -- Up-to-date: /home/saifa/Desktop/Ros_exam/install/sun_interfaces/local/lib/python3.10/dist-packages/sun_interfaces/sun_interfaces_s__rosidl_typesupport_fastrtps_c.cpython-310-x86_64-linux-gnu.so
[0.578s] -- Up-to-date: /home/saifa/Desktop/Ros_exam/install/sun_interfaces/local/lib/python3.10/dist-packages/sun_interfaces/sun_interfaces_s__rosidl_typesupport_introspection_c.cpython-310-x86_64-linux-gnu.so
[0.579s] -- Up-to-date: /home/saifa/Desktop/Ros_exam/install/sun_interfaces/local/lib/python3.10/dist-packages/sun_interfaces/sun_interfaces_s__rosidl_typesupport_c.cpython-310-x86_64-linux-gnu.so
[0.579s] -- Up-to-date: /home/saifa/Desktop/Ros_exam/install/sun_interfaces/lib/libsun_interfaces__rosidl_generator_py.so
[0.580s] -- Up-to-date: /home/saifa/Desktop/Ros_exam/install/sun_interfaces/share/sun_interfaces/srv/PizzaPose.idl
[0.580s] -- Up-to-date: /home/saifa/Desktop/Ros_exam/install/sun_interfaces/share/sun_interfaces/srv/PizzaPose.srv
[0.580s] -- Up-to-date: /home/saifa/Desktop/Ros_exam/install/sun_interfaces/share/sun_interfaces/srv/PizzaPose_Request.msg
[0.580s] -- Up-to-date: /home/saifa/Desktop/Ros_exam/install/sun_interfaces/share/sun_interfaces/srv/PizzaPose_Response.msg
[0.580s] -- Up-to-date: /home/saifa/Desktop/Ros_exam/install/sun_interfaces/share/ament_index/resource_index/package_run_dependencies/sun_interfaces
[0.580s] -- Up-to-date: /home/saifa/Desktop/Ros_exam/install/sun_interfaces/share/ament_index/resource_index/parent_prefix_path/sun_interfaces
[0.581s] -- Up-to-date: /home/saifa/Desktop/Ros_exam/install/sun_interfaces/share/sun_interfaces/environment/ament_prefix_path.sh
[0.581s] -- Up-to-date: /home/saifa/Desktop/Ros_exam/install/sun_interfaces/share/sun_interfaces/environment/ament_prefix_path.dsv
[0.581s] -- Up-to-date: /home/saifa/Desktop/Ros_exam/install/sun_interfaces/share/sun_interfaces/environment/path.sh
[0.581s] -- Up-to-date: /home/saifa/Desktop/Ros_exam/install/sun_interfaces/share/sun_interfaces/environment/path.dsv
[0.581s] -- Up-to-date: /home/saifa/Desktop/Ros_exam/install/sun_interfaces/share/sun_interfaces/local_setup.bash
[0.581s] -- Up-to-date: /home/saifa/Desktop/Ros_exam/install/sun_interfaces/share/sun_interfaces/local_setup.sh
[0.581s] -- Up-to-date: /home/saifa/Desktop/Ros_exam/install/sun_interfaces/share/sun_interfaces/local_setup.zsh
[0.581s] -- Up-to-date: /home/saifa/Desktop/Ros_exam/install/sun_interfaces/share/sun_interfaces/local_setup.dsv
[0.581s] -- Installing: /home/saifa/Desktop/Ros_exam/install/sun_interfaces/share/sun_interfaces/package.dsv
[0.581s] -- Up-to-date: /home/saifa/Desktop/Ros_exam/install/sun_interfaces/share/ament_index/resource_index/packages/sun_interfaces
[0.581s] -- Up-to-date: /home/saifa/Desktop/Ros_exam/install/sun_interfaces/share/sun_interfaces/cmake/export_sun_interfaces__rosidl_generator_cExport.cmake
[0.582s] -- Up-to-date: /home/saifa/Desktop/Ros_exam/install/sun_interfaces/share/sun_interfaces/cmake/export_sun_interfaces__rosidl_generator_cExport-noconfig.cmake
[0.582s] -- Up-to-date: /home/saifa/Desktop/Ros_exam/install/sun_interfaces/share/sun_interfaces/cmake/export_sun_interfaces__rosidl_typesupport_fastrtps_cExport.cmake
[0.582s] -- Up-to-date: /home/saifa/Desktop/Ros_exam/install/sun_interfaces/share/sun_interfaces/cmake/export_sun_interfaces__rosidl_typesupport_fastrtps_cExport-noconfig.cmake
[0.582s] -- Up-to-date: /home/saifa/Desktop/Ros_exam/install/sun_interfaces/share/sun_interfaces/cmake/sun_interfaces__rosidl_typesupport_introspection_cExport.cmake
[0.582s] -- Up-to-date: /home/saifa/Desktop/Ros_exam/install/sun_interfaces/share/sun_interfaces/cmake/sun_interfaces__rosidl_typesupport_introspection_cExport-noconfig.cmake
[0.582s] -- Up-to-date: /home/saifa/Desktop/Ros_exam/install/sun_interfaces/share/sun_interfaces/cmake/sun_interfaces__rosidl_typesupport_cExport.cmake
[0.582s] -- Up-to-date: /home/saifa/Desktop/Ros_exam/install/sun_interfaces/share/sun_interfaces/cmake/sun_interfaces__rosidl_typesupport_cExport-noconfig.cmake
[0.582s] -- Up-to-date: /home/saifa/Desktop/Ros_exam/install/sun_interfaces/share/sun_interfaces/cmake/export_sun_interfaces__rosidl_generator_cppExport.cmake
[0.582s] -- Up-to-date: /home/saifa/Desktop/Ros_exam/install/sun_interfaces/share/sun_interfaces/cmake/export_sun_interfaces__rosidl_typesupport_fastrtps_cppExport.cmake
[0.582s] -- Up-to-date: /home/saifa/Desktop/Ros_exam/install/sun_interfaces/share/sun_interfaces/cmake/export_sun_interfaces__rosidl_typesupport_fastrtps_cppExport-noconfig.cmake
[0.582s] -- Up-to-date: /home/saifa/Desktop/Ros_exam/install/sun_interfaces/share/sun_interfaces/cmake/sun_interfaces__rosidl_typesupport_introspection_cppExport.cmake
[0.583s] -- Up-to-date: /home/saifa/Desktop/Ros_exam/install/sun_interfaces/share/sun_interfaces/cmake/sun_interfaces__rosidl_typesupport_introspection_cppExport-noconfig.cmake
[0.583s] -- Up-to-date: /home/saifa/Desktop/Ros_exam/install/sun_interfaces/share/sun_interfaces/cmake/sun_interfaces__rosidl_typesupport_cppExport.cmake
[0.583s] -- Up-to-date: /home/saifa/Desktop/Ros_exam/install/sun_interfaces/share/sun_interfaces/cmake/sun_interfaces__rosidl_typesupport_cppExport-noconfig.cmake
[0.583s] -- Up-to-date: /home/saifa/Desktop/Ros_exam/install/sun_interfaces/share/sun_interfaces/cmake/export_sun_interfaces__rosidl_generator_pyExport.cmake
[0.583s] -- Up-to-date: /home/saifa/Desktop/Ros_exam/install/sun_interfaces/share/sun_interfaces/cmake/export_sun_interfaces__rosidl_generator_pyExport-noconfig.cmake
[0.583s] -- Up-to-date: /home/saifa/Desktop/Ros_exam/install/sun_interfaces/share/sun_interfaces/cmake/rosidl_cmake-extras.cmake
[0.583s] -- Up-to-date: /home/saifa/Desktop/Ros_exam/install/sun_interfaces/share/sun_interfaces/cmake/ament_cmake_export_include_directories-extras.cmake
[0.584s] -- Up-to-date: /home/saifa/Desktop/Ros_exam/install/sun_interfaces/share/sun_interfaces/cmake/ament_cmake_export_libraries-extras.cmake
[0.584s] -- Up-to-date: /home/saifa/Desktop/Ros_exam/install/sun_interfaces/share/sun_interfaces/cmake/ament_cmake_export_targets-extras.cmake
[0.584s] -- Up-to-date: /home/saifa/Desktop/Ros_exam/install/sun_interfaces/share/sun_interfaces/cmake/rosidl_cmake_export_typesupport_targets-extras.cmake
[0.584s] -- Up-to-date: /home/saifa/Desktop/Ros_exam/install/sun_interfaces/share/sun_interfaces/cmake/ament_cmake_export_dependencies-extras.cmake
[0.584s] -- Up-to-date: /home/saifa/Desktop/Ros_exam/install/sun_interfaces/share/sun_interfaces/cmake/rosidl_cmake_export_typesupport_libraries-extras.cmake
[0.584s] -- Up-to-date: /home/saifa/Desktop/Ros_exam/install/sun_interfaces/share/sun_interfaces/cmake/sun_interfacesConfig.cmake
[0.584s] -- Up-to-date: /home/saifa/Desktop/Ros_exam/install/sun_interfaces/share/sun_interfaces/cmake/sun_interfacesConfig-version.cmake
[0.584s] -- Up-to-date: /home/saifa/Desktop/Ros_exam/install/sun_interfaces/share/sun_interfaces/package.xml
[0.586s] Invoked command in '/home/saifa/Desktop/Ros_exam/build/sun_interfaces' returned '0': CMAKE_PREFIX_PATH=${CMAKE_PREFIX_PATH}:/home/saifa/Desktop/ros2_w2_ws/install/launch_testing_examples:/home/saifa/Desktop/ros2_w2_ws/install/examples_rclpy_pointcloud_publisher:/home/saifa/Desktop/ros2_w2_ws/install/examples_rclpy_minimal_subscriber:/home/saifa/Desktop/ros2_w2_ws/install/examples_rclpy_minimal_service:/home/saifa/Desktop/ros2_w2_ws/install/examples_rclpy_minimal_publisher:/home/saifa/Desktop/ros2_w2_ws/install/examples_rclpy_minimal_client:/home/saifa/Desktop/ros2_w2_ws/install/examples_rclpy_minimal_action_server:/home/saifa/Desktop/ros2_w2_ws/install/examples_rclpy_minimal_action_client:/home/saifa/Desktop/ros2_w2_ws/install/examples_rclpy_guard_conditions:/home/saifa/Desktop/ros2_w2_ws/install/examples_rclpy_executors:/opt/ros/humble /usr/bin/cmake --install /home/saifa/Desktop/Ros_exam/build/sun_interfaces
