[0.024s] Invoking command in '/home/saifa/Desktop/Ros_exam/build/sun_pkg': CMAKE_PREFIX_PATH=${CMAKE_PREFIX_PATH}:/home/saifa/Desktop/ros2_w2_ws/install/launch_testing_examples:/home/saifa/Desktop/ros2_w2_ws/install/examples_rclpy_pointcloud_publisher:/home/saifa/Desktop/ros2_w2_ws/install/examples_rclpy_minimal_subscriber:/home/saifa/Desktop/ros2_w2_ws/install/examples_rclpy_minimal_service:/home/saifa/Desktop/ros2_w2_ws/install/examples_rclpy_minimal_publisher:/home/saifa/Desktop/ros2_w2_ws/install/examples_rclpy_minimal_client:/home/saifa/Desktop/ros2_w2_ws/install/examples_rclpy_minimal_action_server:/home/saifa/Desktop/ros2_w2_ws/install/examples_rclpy_minimal_action_client:/home/saifa/Desktop/ros2_w2_ws/install/examples_rclpy_guard_conditions:/home/saifa/Desktop/ros2_w2_ws/install/examples_rclpy_executors:/opt/ros/humble /usr/bin/cmake --build /home/saifa/Desktop/Ros_exam/build/sun_pkg -- -j16 -l16
[0.079s] [100%] Built target cpp_node_test
[0.084s] [100%] Built target ament_cmake_python_copy_sun_pkg
[0.327s] running egg_info
[0.328s] writing sun_pkg.egg-info/PKG-INFO
[0.328s] writing dependency_links to sun_pkg.egg-info/dependency_links.txt
[0.329s] writing top-level names to sun_pkg.egg-info/top_level.txt
[0.330s] reading manifest file 'sun_pkg.egg-info/SOURCES.txt'
[0.331s] writing manifest file 'sun_pkg.egg-info/SOURCES.txt'
[0.363s] [100%] Built target ament_cmake_python_build_sun_pkg_egg
[0.376s] Invoked command in '/home/saifa/Desktop/Ros_exam/build/sun_pkg' returned '0': CMAKE_PREFIX_PATH=${CMAKE_PREFIX_PATH}:/home/saifa/Desktop/ros2_w2_ws/install/launch_testing_examples:/home/saifa/Desktop/ros2_w2_ws/install/examples_rclpy_pointcloud_publisher:/home/saifa/Desktop/ros2_w2_ws/install/examples_rclpy_minimal_subscriber:/home/saifa/Desktop/ros2_w2_ws/install/examples_rclpy_minimal_service:/home/saifa/Desktop/ros2_w2_ws/install/examples_rclpy_minimal_publisher:/home/saifa/Desktop/ros2_w2_ws/install/examples_rclpy_minimal_client:/home/saifa/Desktop/ros2_w2_ws/install/examples_rclpy_minimal_action_server:/home/saifa/Desktop/ros2_w2_ws/install/examples_rclpy_minimal_action_client:/home/saifa/Desktop/ros2_w2_ws/install/examples_rclpy_guard_conditions:/home/saifa/Desktop/ros2_w2_ws/install/examples_rclpy_executors:/opt/ros/humble /usr/bin/cmake --build /home/saifa/Desktop/Ros_exam/build/sun_pkg -- -j16 -l16
[0.414s] Invoking command in '/home/saifa/Desktop/Ros_exam/build/sun_pkg': CMAKE_PREFIX_PATH=${CMAKE_PREFIX_PATH}:/home/saifa/Desktop/ros2_w2_ws/install/launch_testing_examples:/home/saifa/Desktop/ros2_w2_ws/install/examples_rclpy_pointcloud_publisher:/home/saifa/Desktop/ros2_w2_ws/install/examples_rclpy_minimal_subscriber:/home/saifa/Desktop/ros2_w2_ws/install/examples_rclpy_minimal_service:/home/saifa/Desktop/ros2_w2_ws/install/examples_rclpy_minimal_publisher:/home/saifa/Desktop/ros2_w2_ws/install/examples_rclpy_minimal_client:/home/saifa/Desktop/ros2_w2_ws/install/examples_rclpy_minimal_action_server:/home/saifa/Desktop/ros2_w2_ws/install/examples_rclpy_minimal_action_client:/home/saifa/Desktop/ros2_w2_ws/install/examples_rclpy_guard_conditions:/home/saifa/Desktop/ros2_w2_ws/install/examples_rclpy_executors:/opt/ros/humble /usr/bin/cmake --install /home/saifa/Desktop/Ros_exam/build/sun_pkg
[0.422s] -- Install configuration: ""
[0.422s] -- Up-to-date: /home/saifa/Desktop/Ros_exam/install/sun_pkg/share/sun_pkg/environment/pythonpath.sh
[0.422s] -- Up-to-date: /home/saifa/Desktop/Ros_exam/install/sun_pkg/share/sun_pkg/environment/pythonpath.dsv
[0.422s] -- Up-to-date: /home/saifa/Desktop/Ros_exam/install/sun_pkg/local/lib/python3.10/dist-packages/sun_pkg-0.0.0-py3.10.egg-info
[0.422s] -- Installing: /home/saifa/Desktop/Ros_exam/install/sun_pkg/local/lib/python3.10/dist-packages/sun_pkg-0.0.0-py3.10.egg-info/top_level.txt
[0.422s] -- Installing: /home/saifa/Desktop/Ros_exam/install/sun_pkg/local/lib/python3.10/dist-packages/sun_pkg-0.0.0-py3.10.egg-info/SOURCES.txt
[0.422s] -- Installing: /home/saifa/Desktop/Ros_exam/install/sun_pkg/local/lib/python3.10/dist-packages/sun_pkg-0.0.0-py3.10.egg-info/dependency_links.txt
[0.423s] -- Installing: /home/saifa/Desktop/Ros_exam/install/sun_pkg/local/lib/python3.10/dist-packages/sun_pkg-0.0.0-py3.10.egg-info/PKG-INFO
[0.423s] -- Up-to-date: /home/saifa/Desktop/Ros_exam/install/sun_pkg/local/lib/python3.10/dist-packages/sun_pkg
[0.423s] -- Up-to-date: /home/saifa/Desktop/Ros_exam/install/sun_pkg/local/lib/python3.10/dist-packages/sun_pkg/__init__.py
[0.423s] -- Up-to-date: /home/saifa/Desktop/Ros_exam/install/sun_pkg/local/lib/python3.10/dist-packages/sun_pkg/dummy_module.py
[0.459s] Listing '/home/saifa/Desktop/Ros_exam/install/sun_pkg/local/lib/python3.10/dist-packages/sun_pkg'...
[0.466s] -- Up-to-date: /home/saifa/Desktop/Ros_exam/install/sun_pkg/lib/sun_pkg/dummy_script.py
[0.466s] -- Up-to-date: /home/saifa/Desktop/Ros_exam/install/sun_pkg/lib/sun_pkg/pizza_viapoint_script.py
[0.466s] -- Up-to-date: /home/saifa/Desktop/Ros_exam/install/sun_pkg/lib/sun_pkg/cpp_node_test
[0.466s] -- Up-to-date: /home/saifa/Desktop/Ros_exam/install/sun_pkg/share/sun_pkg
[0.466s] -- Up-to-date: /home/saifa/Desktop/Ros_exam/install/sun_pkg/share/ament_index/resource_index/package_run_dependencies/sun_pkg
[0.466s] -- Up-to-date: /home/saifa/Desktop/Ros_exam/install/sun_pkg/share/ament_index/resource_index/parent_prefix_path/sun_pkg
[0.466s] -- Up-to-date: /home/saifa/Desktop/Ros_exam/install/sun_pkg/share/sun_pkg/environment/ament_prefix_path.sh
[0.467s] -- Up-to-date: /home/saifa/Desktop/Ros_exam/install/sun_pkg/share/sun_pkg/environment/ament_prefix_path.dsv
[0.467s] -- Up-to-date: /home/saifa/Desktop/Ros_exam/install/sun_pkg/share/sun_pkg/environment/path.sh
[0.467s] -- Up-to-date: /home/saifa/Desktop/Ros_exam/install/sun_pkg/share/sun_pkg/environment/path.dsv
[0.467s] -- Up-to-date: /home/saifa/Desktop/Ros_exam/install/sun_pkg/share/sun_pkg/local_setup.bash
[0.467s] -- Up-to-date: /home/saifa/Desktop/Ros_exam/install/sun_pkg/share/sun_pkg/local_setup.sh
[0.467s] -- Up-to-date: /home/saifa/Desktop/Ros_exam/install/sun_pkg/share/sun_pkg/local_setup.zsh
[0.467s] -- Up-to-date: /home/saifa/Desktop/Ros_exam/install/sun_pkg/share/sun_pkg/local_setup.dsv
[0.467s] -- Installing: /home/saifa/Desktop/Ros_exam/install/sun_pkg/share/sun_pkg/package.dsv
[0.467s] -- Up-to-date: /home/saifa/Desktop/Ros_exam/install/sun_pkg/share/ament_index/resource_index/packages/sun_pkg
[0.468s] -- Up-to-date: /home/saifa/Desktop/Ros_exam/install/sun_pkg/share/sun_pkg/cmake/sun_pkgConfig.cmake
[0.468s] -- Up-to-date: /home/saifa/Desktop/Ros_exam/install/sun_pkg/share/sun_pkg/cmake/sun_pkgConfig-version.cmake
[0.468s] -- Up-to-date: /home/saifa/Desktop/Ros_exam/install/sun_pkg/share/sun_pkg/package.xml
[0.481s] Invoked command in '/home/saifa/Desktop/Ros_exam/build/sun_pkg' returned '0': CMAKE_PREFIX_PATH=${CMAKE_PREFIX_PATH}:/home/saifa/Desktop/ros2_w2_ws/install/launch_testing_examples:/home/saifa/Desktop/ros2_w2_ws/install/examples_rclpy_pointcloud_publisher:/home/saifa/Desktop/ros2_w2_ws/install/examples_rclpy_minimal_subscriber:/home/saifa/Desktop/ros2_w2_ws/install/examples_rclpy_minimal_service:/home/saifa/Desktop/ros2_w2_ws/install/examples_rclpy_minimal_publisher:/home/saifa/Desktop/ros2_w2_ws/install/examples_rclpy_minimal_client:/home/saifa/Desktop/ros2_w2_ws/install/examples_rclpy_minimal_action_server:/home/saifa/Desktop/ros2_w2_ws/install/examples_rclpy_minimal_action_client:/home/saifa/Desktop/ros2_w2_ws/install/examples_rclpy_guard_conditions:/home/saifa/Desktop/ros2_w2_ws/install/examples_rclpy_executors:/opt/ros/humble /usr/bin/cmake --install /home/saifa/Desktop/Ros_exam/build/sun_pkg
