[0.029s] Invoking command in '/home/saifa/Desktop/Ros_exam/build/saifa_pack': CMAKE_PREFIX_PATH=${CMAKE_PREFIX_PATH}:/home/saifa/Desktop/ros2_w2_ws/install/launch_testing_examples:/home/saifa/Desktop/ros2_w2_ws/install/examples_rclpy_pointcloud_publisher:/home/saifa/Desktop/ros2_w2_ws/install/examples_rclpy_minimal_subscriber:/home/saifa/Desktop/ros2_w2_ws/install/examples_rclpy_minimal_service:/home/saifa/Desktop/ros2_w2_ws/install/examples_rclpy_minimal_publisher:/home/saifa/Desktop/ros2_w2_ws/install/examples_rclpy_minimal_client:/home/saifa/Desktop/ros2_w2_ws/install/examples_rclpy_minimal_action_server:/home/saifa/Desktop/ros2_w2_ws/install/examples_rclpy_minimal_action_client:/home/saifa/Desktop/ros2_w2_ws/install/examples_rclpy_guard_conditions:/home/saifa/Desktop/ros2_w2_ws/install/examples_rclpy_executors:/opt/ros/humble /usr/bin/cmake --build /home/saifa/Desktop/Ros_exam/build/saifa_pack -- -j16 -l16
[0.078s] [100%] Built target cpp_node_test
[0.089s] [100%] Built target ament_cmake_python_copy_saifa_pack
[0.386s] running egg_info
[0.387s] writing saifa_pack.egg-info/PKG-INFO
[0.387s] writing dependency_links to saifa_pack.egg-info/dependency_links.txt
[0.387s] writing top-level names to saifa_pack.egg-info/top_level.txt
[0.389s] reading manifest file 'saifa_pack.egg-info/SOURCES.txt'
[0.391s] writing manifest file 'saifa_pack.egg-info/SOURCES.txt'
[0.430s] [100%] Built target ament_cmake_python_build_saifa_pack_egg
[0.445s] Invoked command in '/home/saifa/Desktop/Ros_exam/build/saifa_pack' returned '0': CMAKE_PREFIX_PATH=${CMAKE_PREFIX_PATH}:/home/saifa/Desktop/ros2_w2_ws/install/launch_testing_examples:/home/saifa/Desktop/ros2_w2_ws/install/examples_rclpy_pointcloud_publisher:/home/saifa/Desktop/ros2_w2_ws/install/examples_rclpy_minimal_subscriber:/home/saifa/Desktop/ros2_w2_ws/install/examples_rclpy_minimal_service:/home/saifa/Desktop/ros2_w2_ws/install/examples_rclpy_minimal_publisher:/home/saifa/Desktop/ros2_w2_ws/install/examples_rclpy_minimal_client:/home/saifa/Desktop/ros2_w2_ws/install/examples_rclpy_minimal_action_server:/home/saifa/Desktop/ros2_w2_ws/install/examples_rclpy_minimal_action_client:/home/saifa/Desktop/ros2_w2_ws/install/examples_rclpy_guard_conditions:/home/saifa/Desktop/ros2_w2_ws/install/examples_rclpy_executors:/opt/ros/humble /usr/bin/cmake --build /home/saifa/Desktop/Ros_exam/build/saifa_pack -- -j16 -l16
[0.479s] Invoking command in '/home/saifa/Desktop/Ros_exam/build/saifa_pack': CMAKE_PREFIX_PATH=${CMAKE_PREFIX_PATH}:/home/saifa/Desktop/ros2_w2_ws/install/launch_testing_examples:/home/saifa/Desktop/ros2_w2_ws/install/examples_rclpy_pointcloud_publisher:/home/saifa/Desktop/ros2_w2_ws/install/examples_rclpy_minimal_subscriber:/home/saifa/Desktop/ros2_w2_ws/install/examples_rclpy_minimal_service:/home/saifa/Desktop/ros2_w2_ws/install/examples_rclpy_minimal_publisher:/home/saifa/Desktop/ros2_w2_ws/install/examples_rclpy_minimal_client:/home/saifa/Desktop/ros2_w2_ws/install/examples_rclpy_minimal_action_server:/home/saifa/Desktop/ros2_w2_ws/install/examples_rclpy_minimal_action_client:/home/saifa/Desktop/ros2_w2_ws/install/examples_rclpy_guard_conditions:/home/saifa/Desktop/ros2_w2_ws/install/examples_rclpy_executors:/opt/ros/humble /usr/bin/cmake --install /home/saifa/Desktop/Ros_exam/build/saifa_pack
[0.490s] -- Install configuration: ""
[0.490s] -- Up-to-date: /home/saifa/Desktop/Ros_exam/install/saifa_pack/share/saifa_pack/environment/pythonpath.sh
[0.490s] -- Up-to-date: /home/saifa/Desktop/Ros_exam/install/saifa_pack/share/saifa_pack/environment/pythonpath.dsv
[0.490s] -- Up-to-date: /home/saifa/Desktop/Ros_exam/install/saifa_pack/local/lib/python3.10/dist-packages/saifa_pack-0.0.0-py3.10.egg-info
[0.490s] -- Installing: /home/saifa/Desktop/Ros_exam/install/saifa_pack/local/lib/python3.10/dist-packages/saifa_pack-0.0.0-py3.10.egg-info/top_level.txt
[0.490s] -- Installing: /home/saifa/Desktop/Ros_exam/install/saifa_pack/local/lib/python3.10/dist-packages/saifa_pack-0.0.0-py3.10.egg-info/SOURCES.txt
[0.491s] -- Installing: /home/saifa/Desktop/Ros_exam/install/saifa_pack/local/lib/python3.10/dist-packages/saifa_pack-0.0.0-py3.10.egg-info/dependency_links.txt
[0.491s] -- Installing: /home/saifa/Desktop/Ros_exam/install/saifa_pack/local/lib/python3.10/dist-packages/saifa_pack-0.0.0-py3.10.egg-info/PKG-INFO
[0.491s] -- Up-to-date: /home/saifa/Desktop/Ros_exam/install/saifa_pack/local/lib/python3.10/dist-packages/saifa_pack
[0.491s] -- Up-to-date: /home/saifa/Desktop/Ros_exam/install/saifa_pack/local/lib/python3.10/dist-packages/saifa_pack/__init__.py
[0.491s] -- Up-to-date: /home/saifa/Desktop/Ros_exam/install/saifa_pack/local/lib/python3.10/dist-packages/saifa_pack/dummy_module.py
[0.524s] Listing '/home/saifa/Desktop/Ros_exam/install/saifa_pack/local/lib/python3.10/dist-packages/saifa_pack'...
[0.530s] -- Up-to-date: /home/saifa/Desktop/Ros_exam/install/saifa_pack/lib/saifa_pack/dummy_script.py
[0.530s] -- Up-to-date: /home/saifa/Desktop/Ros_exam/install/saifa_pack/lib/saifa_pack/teleop_turtle.py
[0.530s] -- Up-to-date: /home/saifa/Desktop/Ros_exam/install/saifa_pack/lib/saifa_pack/teleop_controller.py
[0.530s] -- Up-to-date: /home/saifa/Desktop/Ros_exam/install/saifa_pack/lib/saifa_pack/cpp_node_test
[0.530s] -- Up-to-date: /home/saifa/Desktop/Ros_exam/install/saifa_pack/share/saifa_pack/launch
[0.530s] -- Up-to-date: /home/saifa/Desktop/Ros_exam/install/saifa_pack/share/saifa_pack/launch/turtle_1.launch.py
[0.531s] -- Up-to-date: /home/saifa/Desktop/Ros_exam/install/saifa_pack/share/ament_index/resource_index/package_run_dependencies/saifa_pack
[0.531s] -- Up-to-date: /home/saifa/Desktop/Ros_exam/install/saifa_pack/share/ament_index/resource_index/parent_prefix_path/saifa_pack
[0.531s] -- Up-to-date: /home/saifa/Desktop/Ros_exam/install/saifa_pack/share/saifa_pack/environment/ament_prefix_path.sh
[0.531s] -- Up-to-date: /home/saifa/Desktop/Ros_exam/install/saifa_pack/share/saifa_pack/environment/ament_prefix_path.dsv
[0.531s] -- Up-to-date: /home/saifa/Desktop/Ros_exam/install/saifa_pack/share/saifa_pack/environment/path.sh
[0.531s] -- Up-to-date: /home/saifa/Desktop/Ros_exam/install/saifa_pack/share/saifa_pack/environment/path.dsv
[0.531s] -- Up-to-date: /home/saifa/Desktop/Ros_exam/install/saifa_pack/share/saifa_pack/local_setup.bash
[0.531s] -- Up-to-date: /home/saifa/Desktop/Ros_exam/install/saifa_pack/share/saifa_pack/local_setup.sh
[0.531s] -- Up-to-date: /home/saifa/Desktop/Ros_exam/install/saifa_pack/share/saifa_pack/local_setup.zsh
[0.531s] -- Up-to-date: /home/saifa/Desktop/Ros_exam/install/saifa_pack/share/saifa_pack/local_setup.dsv
[0.532s] -- Installing: /home/saifa/Desktop/Ros_exam/install/saifa_pack/share/saifa_pack/package.dsv
[0.532s] -- Up-to-date: /home/saifa/Desktop/Ros_exam/install/saifa_pack/share/ament_index/resource_index/packages/saifa_pack
[0.532s] -- Up-to-date: /home/saifa/Desktop/Ros_exam/install/saifa_pack/share/saifa_pack/cmake/saifa_packConfig.cmake
[0.532s] -- Up-to-date: /home/saifa/Desktop/Ros_exam/install/saifa_pack/share/saifa_pack/cmake/saifa_packConfig-version.cmake
[0.533s] -- Up-to-date: /home/saifa/Desktop/Ros_exam/install/saifa_pack/share/saifa_pack/package.xml
[0.536s] Invoked command in '/home/saifa/Desktop/Ros_exam/build/saifa_pack' returned '0': CMAKE_PREFIX_PATH=${CMAKE_PREFIX_PATH}:/home/saifa/Desktop/ros2_w2_ws/install/launch_testing_examples:/home/saifa/Desktop/ros2_w2_ws/install/examples_rclpy_pointcloud_publisher:/home/saifa/Desktop/ros2_w2_ws/install/examples_rclpy_minimal_subscriber:/home/saifa/Desktop/ros2_w2_ws/install/examples_rclpy_minimal_service:/home/saifa/Desktop/ros2_w2_ws/install/examples_rclpy_minimal_publisher:/home/saifa/Desktop/ros2_w2_ws/install/examples_rclpy_minimal_client:/home/saifa/Desktop/ros2_w2_ws/install/examples_rclpy_minimal_action_server:/home/saifa/Desktop/ros2_w2_ws/install/examples_rclpy_minimal_action_client:/home/saifa/Desktop/ros2_w2_ws/install/examples_rclpy_guard_conditions:/home/saifa/Desktop/ros2_w2_ws/install/examples_rclpy_executors:/opt/ros/humble /usr/bin/cmake --install /home/saifa/Desktop/Ros_exam/build/saifa_pack
