[0.112s] DEBUG:colcon:Command line arguments: ['/usr/bin/colcon', 'build']
[0.112s] DEBUG:colcon:Parsed command line arguments: Namespace(log_base=None, log_level=None, verb_name='build', build_base='build', install_base='install', merge_install=False, symlink_install=False, test_result_base=None, continue_on_error=False, executor='parallel', parallel_workers=8, event_handlers=None, ignore_user_meta=False, metas=['./colcon.meta'], base_paths=['.'], packages_ignore=None, packages_ignore_regex=None, paths=None, packages_up_to=None, packages_up_to_regex=None, packages_above=None, packages_above_and_dependencies=None, packages_above_depth=None, packages_select_by_dep=None, packages_skip_by_dep=None, packages_skip_up_to=None, packages_select_build_failed=False, packages_skip_build_finished=False, packages_select_test_failures=False, packages_skip_test_passed=False, packages_select=None, packages_skip=None, packages_select_regex=None, packages_skip_regex=None, packages_start=None, packages_end=None, allow_overriding=[], cmake_args=None, cmake_target=None, cmake_target_skip_unavailable=False, cmake_clean_cache=False, cmake_clean_first=False, cmake_force_configure=False, ament_cmake_args=None, catkin_cmake_args=None, catkin_skip_building_tests=False, mixin_files=None, mixin=None, verb_parser=<colcon_mixin.mixin.mixin_argument.MixinArgumentDecorator object at 0x7caf9cf64d60>, verb_extension=<colcon_core.verb.build.BuildVerb object at 0x7caf9cf64880>, main=<bound method BuildVerb.main of <colcon_core.verb.build.BuildVerb object at 0x7caf9cf64880>>, mixin_verb=('build',))
[0.284s] Level 1:colcon.colcon_core.package_discovery:discover_packages(colcon_meta) check parameters
[0.284s] Level 1:colcon.colcon_core.package_discovery:discover_packages(recursive) check parameters
[0.284s] Level 1:colcon.colcon_core.package_discovery:discover_packages(ignore) check parameters
[0.284s] Level 1:colcon.colcon_core.package_discovery:discover_packages(path) check parameters
[0.284s] Level 1:colcon.colcon_core.package_discovery:discover_packages(colcon_meta) discover
[0.284s] Level 1:colcon.colcon_core.package_discovery:discover_packages(recursive) discover
[0.284s] INFO:colcon.colcon_core.package_discovery:Crawling recursively for packages in '/home/nakarin/RoboticsDevExam2'
[0.284s] Level 1:colcon.colcon_core.package_identification:_identify(.) by extensions ['ignore', 'ignore_ament_install']
[0.284s] Level 1:colcon.colcon_core.package_identification:_identify(.) by extension 'ignore'
[0.284s] Level 1:colcon.colcon_core.package_identification:_identify(.) by extension 'ignore_ament_install'
[0.284s] Level 1:colcon.colcon_core.package_identification:_identify(.) by extensions ['colcon_pkg']
[0.284s] Level 1:colcon.colcon_core.package_identification:_identify(.) by extension 'colcon_pkg'
[0.284s] Level 1:colcon.colcon_core.package_identification:_identify(.) by extensions ['colcon_meta']
[0.284s] Level 1:colcon.colcon_core.package_identification:_identify(.) by extension 'colcon_meta'
[0.285s] Level 1:colcon.colcon_core.package_identification:_identify(.) by extensions ['ros']
[0.285s] Level 1:colcon.colcon_core.package_identification:_identify(.) by extension 'ros'
[0.295s] Level 1:colcon.colcon_core.package_identification:_identify(.) by extensions ['cmake', 'python']
[0.321s] Level 1:colcon.colcon_core.package_identification:_identify(.) by extension 'cmake'
[0.321s] Level 1:colcon.colcon_core.package_identification:_identify(.) by extension 'python'
[0.321s] Level 1:colcon.colcon_core.package_identification:_identify(.) by extensions ['python_setup_py']
[0.321s] Level 1:colcon.colcon_core.package_identification:_identify(.) by extension 'python_setup_py'
[0.322s] Level 1:colcon.colcon_core.package_identification:_identify(build) by extensions ['ignore', 'ignore_ament_install']
[0.322s] Level 1:colcon.colcon_core.package_identification:_identify(build) by extension 'ignore'
[0.323s] Level 1:colcon.colcon_core.package_identification:_identify(build) ignored
[0.323s] Level 1:colcon.colcon_core.package_identification:_identify(install) by extensions ['ignore', 'ignore_ament_install']
[0.323s] Level 1:colcon.colcon_core.package_identification:_identify(install) by extension 'ignore'
[0.323s] Level 1:colcon.colcon_core.package_identification:_identify(install) ignored
[0.324s] Level 1:colcon.colcon_core.package_identification:_identify(log) by extensions ['ignore', 'ignore_ament_install']
[0.324s] Level 1:colcon.colcon_core.package_identification:_identify(log) by extension 'ignore'
[0.325s] Level 1:colcon.colcon_core.package_identification:_identify(log) ignored
[0.325s] Level 1:colcon.colcon_core.package_identification:_identify(src) by extensions ['ignore', 'ignore_ament_install']
[0.325s] Level 1:colcon.colcon_core.package_identification:_identify(src) by extension 'ignore'
[0.325s] Level 1:colcon.colcon_core.package_identification:_identify(src) by extension 'ignore_ament_install'
[0.326s] Level 1:colcon.colcon_core.package_identification:_identify(src) by extensions ['colcon_pkg']
[0.326s] Level 1:colcon.colcon_core.package_identification:_identify(src) by extension 'colcon_pkg'
[0.326s] Level 1:colcon.colcon_core.package_identification:_identify(src) by extensions ['colcon_meta']
[0.326s] Level 1:colcon.colcon_core.package_identification:_identify(src) by extension 'colcon_meta'
[0.326s] Level 1:colcon.colcon_core.package_identification:_identify(src) by extensions ['ros']
[0.326s] Level 1:colcon.colcon_core.package_identification:_identify(src) by extension 'ros'
[0.327s] Level 1:colcon.colcon_core.package_identification:_identify(src) by extensions ['cmake', 'python']
[0.327s] Level 1:colcon.colcon_core.package_identification:_identify(src) by extension 'cmake'
[0.327s] Level 1:colcon.colcon_core.package_identification:_identify(src) by extension 'python'
[0.327s] Level 1:colcon.colcon_core.package_identification:_identify(src) by extensions ['python_setup_py']
[0.327s] Level 1:colcon.colcon_core.package_identification:_identify(src) by extension 'python_setup_py'
[0.328s] Level 1:colcon.colcon_core.package_identification:_identify(src/controller_interfaces) by extensions ['ignore', 'ignore_ament_install']
[0.328s] Level 1:colcon.colcon_core.package_identification:_identify(src/controller_interfaces) by extension 'ignore'
[0.328s] Level 1:colcon.colcon_core.package_identification:_identify(src/controller_interfaces) by extension 'ignore_ament_install'
[0.328s] Level 1:colcon.colcon_core.package_identification:_identify(src/controller_interfaces) by extensions ['colcon_pkg']
[0.328s] Level 1:colcon.colcon_core.package_identification:_identify(src/controller_interfaces) by extension 'colcon_pkg'
[0.329s] Level 1:colcon.colcon_core.package_identification:_identify(src/controller_interfaces) by extensions ['colcon_meta']
[0.329s] Level 1:colcon.colcon_core.package_identification:_identify(src/controller_interfaces) by extension 'colcon_meta'
[0.329s] Level 1:colcon.colcon_core.package_identification:_identify(src/controller_interfaces) by extensions ['ros']
[0.329s] Level 1:colcon.colcon_core.package_identification:_identify(src/controller_interfaces) by extension 'ros'
[0.338s] DEBUG:colcon.colcon_core.package_identification:Package 'src/controller_interfaces' with type 'ros.ament_cmake' and name 'controller_interfaces'
[0.338s] Level 1:colcon.colcon_core.package_identification:_identify(src/pizza_pose) by extensions ['ignore', 'ignore_ament_install']
[0.339s] Level 1:colcon.colcon_core.package_identification:_identify(src/pizza_pose) by extension 'ignore'
[0.339s] Level 1:colcon.colcon_core.package_identification:_identify(src/pizza_pose) by extension 'ignore_ament_install'
[0.339s] Level 1:colcon.colcon_core.package_identification:_identify(src/pizza_pose) by extensions ['colcon_pkg']
[0.339s] Level 1:colcon.colcon_core.package_identification:_identify(src/pizza_pose) by extension 'colcon_pkg'
[0.339s] Level 1:colcon.colcon_core.package_identification:_identify(src/pizza_pose) by extensions ['colcon_meta']
[0.339s] Level 1:colcon.colcon_core.package_identification:_identify(src/pizza_pose) by extension 'colcon_meta'
[0.339s] Level 1:colcon.colcon_core.package_identification:_identify(src/pizza_pose) by extensions ['ros']
[0.340s] Level 1:colcon.colcon_core.package_identification:_identify(src/pizza_pose) by extension 'ros'
[0.340s] Level 1:colcon.colcon_core.package_identification:_identify(src/pizza_pose) by extensions ['cmake', 'python']
[0.340s] Level 1:colcon.colcon_core.package_identification:_identify(src/pizza_pose) by extension 'cmake'
[0.340s] Level 1:colcon.colcon_core.package_identification:_identify(src/pizza_pose) by extension 'python'
[0.340s] Level 1:colcon.colcon_core.package_identification:_identify(src/pizza_pose) by extensions ['python_setup_py']
[0.340s] Level 1:colcon.colcon_core.package_identification:_identify(src/pizza_pose) by extension 'python_setup_py'
[0.340s] Level 1:colcon.colcon_core.package_identification:_identify(src/saifa_pack) by extensions ['ignore', 'ignore_ament_install']
[0.341s] Level 1:colcon.colcon_core.package_identification:_identify(src/saifa_pack) by extension 'ignore'
[0.341s] Level 1:colcon.colcon_core.package_identification:_identify(src/saifa_pack) by extension 'ignore_ament_install'
[0.341s] Level 1:colcon.colcon_core.package_identification:_identify(src/saifa_pack) by extensions ['colcon_pkg']
[0.341s] Level 1:colcon.colcon_core.package_identification:_identify(src/saifa_pack) by extension 'colcon_pkg'
[0.341s] Level 1:colcon.colcon_core.package_identification:_identify(src/saifa_pack) by extensions ['colcon_meta']
[0.341s] Level 1:colcon.colcon_core.package_identification:_identify(src/saifa_pack) by extension 'colcon_meta'
[0.341s] Level 1:colcon.colcon_core.package_identification:_identify(src/saifa_pack) by extensions ['ros']
[0.342s] Level 1:colcon.colcon_core.package_identification:_identify(src/saifa_pack) by extension 'ros'
[0.343s] DEBUG:colcon.colcon_core.package_identification:Package 'src/saifa_pack' with type 'ros.ament_cmake' and name 'saifa_pack'
[0.343s] Level 1:colcon.colcon_core.package_identification:_identify(src/sun_interfaces) by extensions ['ignore', 'ignore_ament_install']
[0.343s] Level 1:colcon.colcon_core.package_identification:_identify(src/sun_interfaces) by extension 'ignore'
[0.344s] Level 1:colcon.colcon_core.package_identification:_identify(src/sun_interfaces) by extension 'ignore_ament_install'
[0.344s] Level 1:colcon.colcon_core.package_identification:_identify(src/sun_interfaces) by extensions ['colcon_pkg']
[0.344s] Level 1:colcon.colcon_core.package_identification:_identify(src/sun_interfaces) by extension 'colcon_pkg'
[0.344s] Level 1:colcon.colcon_core.package_identification:_identify(src/sun_interfaces) by extensions ['colcon_meta']
[0.344s] Level 1:colcon.colcon_core.package_identification:_identify(src/sun_interfaces) by extension 'colcon_meta'
[0.344s] Level 1:colcon.colcon_core.package_identification:_identify(src/sun_interfaces) by extensions ['ros']
[0.344s] Level 1:colcon.colcon_core.package_identification:_identify(src/sun_interfaces) by extension 'ros'
[0.345s] DEBUG:colcon.colcon_core.package_identification:Package 'src/sun_interfaces' with type 'ros.ament_cmake' and name 'sun_interfaces'
[0.345s] Level 1:colcon.colcon_core.package_identification:_identify(src/sun_pkg) by extensions ['ignore', 'ignore_ament_install']
[0.345s] Level 1:colcon.colcon_core.package_identification:_identify(src/sun_pkg) by extension 'ignore'
[0.346s] Level 1:colcon.colcon_core.package_identification:_identify(src/sun_pkg) by extension 'ignore_ament_install'
[0.346s] Level 1:colcon.colcon_core.package_identification:_identify(src/sun_pkg) by extensions ['colcon_pkg']
[0.346s] Level 1:colcon.colcon_core.package_identification:_identify(src/sun_pkg) by extension 'colcon_pkg'
[0.346s] Level 1:colcon.colcon_core.package_identification:_identify(src/sun_pkg) by extensions ['colcon_meta']
[0.346s] Level 1:colcon.colcon_core.package_identification:_identify(src/sun_pkg) by extension 'colcon_meta'
[0.346s] Level 1:colcon.colcon_core.package_identification:_identify(src/sun_pkg) by extensions ['ros']
[0.346s] Level 1:colcon.colcon_core.package_identification:_identify(src/sun_pkg) by extension 'ros'
[0.347s] DEBUG:colcon.colcon_core.package_identification:Package 'src/sun_pkg' with type 'ros.ament_cmake' and name 'sun_pkg'
[0.348s] Level 1:colcon.colcon_core.package_identification:_identify(src/turtlesim_plus) by extensions ['ignore', 'ignore_ament_install']
[0.348s] Level 1:colcon.colcon_core.package_identification:_identify(src/turtlesim_plus) by extension 'ignore'
[0.348s] Level 1:colcon.colcon_core.package_identification:_identify(src/turtlesim_plus) by extension 'ignore_ament_install'
[0.348s] Level 1:colcon.colcon_core.package_identification:_identify(src/turtlesim_plus) by extensions ['colcon_pkg']
[0.348s] Level 1:colcon.colcon_core.package_identification:_identify(src/turtlesim_plus) by extension 'colcon_pkg'
[0.348s] Level 1:colcon.colcon_core.package_identification:_identify(src/turtlesim_plus) by extensions ['colcon_meta']
[0.348s] Level 1:colcon.colcon_core.package_identification:_identify(src/turtlesim_plus) by extension 'colcon_meta'
[0.348s] Level 1:colcon.colcon_core.package_identification:_identify(src/turtlesim_plus) by extensions ['ros']
[0.348s] Level 1:colcon.colcon_core.package_identification:_identify(src/turtlesim_plus) by extension 'ros'
[0.348s] Level 1:colcon.colcon_core.package_identification:_identify(src/turtlesim_plus) by extensions ['cmake', 'python']
[0.348s] Level 1:colcon.colcon_core.package_identification:_identify(src/turtlesim_plus) by extension 'cmake'
[0.348s] Level 1:colcon.colcon_core.package_identification:_identify(src/turtlesim_plus) by extension 'python'
[0.348s] Level 1:colcon.colcon_core.package_identification:_identify(src/turtlesim_plus) by extensions ['python_setup_py']
[0.348s] Level 1:colcon.colcon_core.package_identification:_identify(src/turtlesim_plus) by extension 'python_setup_py'
[0.349s] Level 1:colcon.colcon_core.package_identification:_identify(src/turtlesim_plus/turtlesim_plus) by extensions ['ignore', 'ignore_ament_install']
[0.349s] Level 1:colcon.colcon_core.package_identification:_identify(src/turtlesim_plus/turtlesim_plus) by extension 'ignore'
[0.349s] Level 1:colcon.colcon_core.package_identification:_identify(src/turtlesim_plus/turtlesim_plus) by extension 'ignore_ament_install'
[0.349s] Level 1:colcon.colcon_core.package_identification:_identify(src/turtlesim_plus/turtlesim_plus) by extensions ['colcon_pkg']
[0.349s] Level 1:colcon.colcon_core.package_identification:_identify(src/turtlesim_plus/turtlesim_plus) by extension 'colcon_pkg'
[0.349s] Level 1:colcon.colcon_core.package_identification:_identify(src/turtlesim_plus/turtlesim_plus) by extensions ['colcon_meta']
[0.349s] Level 1:colcon.colcon_core.package_identification:_identify(src/turtlesim_plus/turtlesim_plus) by extension 'colcon_meta'
[0.349s] Level 1:colcon.colcon_core.package_identification:_identify(src/turtlesim_plus/turtlesim_plus) by extensions ['ros']
[0.349s] Level 1:colcon.colcon_core.package_identification:_identify(src/turtlesim_plus/turtlesim_plus) by extension 'ros'
[0.351s] DEBUG:colcon.colcon_core.package_identification:Package 'src/turtlesim_plus/turtlesim_plus' with type 'ros.ament_cmake' and name 'turtlesim_plus'
[0.351s] Level 1:colcon.colcon_core.package_identification:_identify(src/turtlesim_plus/turtlesim_plus_interfaces) by extensions ['ignore', 'ignore_ament_install']
[0.351s] Level 1:colcon.colcon_core.package_identification:_identify(src/turtlesim_plus/turtlesim_plus_interfaces) by extension 'ignore'
[0.351s] Level 1:colcon.colcon_core.package_identification:_identify(src/turtlesim_plus/turtlesim_plus_interfaces) by extension 'ignore_ament_install'
[0.351s] Level 1:colcon.colcon_core.package_identification:_identify(src/turtlesim_plus/turtlesim_plus_interfaces) by extensions ['colcon_pkg']
[0.352s] Level 1:colcon.colcon_core.package_identification:_identify(src/turtlesim_plus/turtlesim_plus_interfaces) by extension 'colcon_pkg'
[0.352s] Level 1:colcon.colcon_core.package_identification:_identify(src/turtlesim_plus/turtlesim_plus_interfaces) by extensions ['colcon_meta']
[0.352s] Level 1:colcon.colcon_core.package_identification:_identify(src/turtlesim_plus/turtlesim_plus_interfaces) by extension 'colcon_meta'
[0.352s] Level 1:colcon.colcon_core.package_identification:_identify(src/turtlesim_plus/turtlesim_plus_interfaces) by extensions ['ros']
[0.352s] Level 1:colcon.colcon_core.package_identification:_identify(src/turtlesim_plus/turtlesim_plus_interfaces) by extension 'ros'
[0.353s] DEBUG:colcon.colcon_core.package_identification:Package 'src/turtlesim_plus/turtlesim_plus_interfaces' with type 'ros.ament_cmake' and name 'turtlesim_plus_interfaces'
[0.353s] Level 1:colcon.colcon_core.package_discovery:discover_packages(recursive) using defaults
[0.353s] Level 1:colcon.colcon_core.package_discovery:discover_packages(ignore) discover
[0.353s] Level 1:colcon.colcon_core.package_discovery:discover_packages(ignore) using defaults
[0.353s] Level 1:colcon.colcon_core.package_discovery:discover_packages(path) discover
[0.353s] Level 1:colcon.colcon_core.package_discovery:discover_packages(path) using defaults
[0.385s] Level 1:colcon.colcon_core.package_discovery:discover_packages(prefix_path) check parameters
[0.386s] Level 1:colcon.colcon_core.package_discovery:discover_packages(prefix_path) discover
[0.388s] DEBUG:colcon.colcon_installed_package_information.package_discovery:Found 6 installed packages in /home/nakarin/RoboticsDevExam2/install
[0.390s] DEBUG:colcon.colcon_installed_package_information.package_discovery:Found 30 installed packages in /home/nakarin/RoboticsDev/install
[0.391s] DEBUG:colcon.colcon_installed_package_information.package_discovery:Found 294 installed packages in /opt/ros/humble
[0.393s] Level 1:colcon.colcon_core.package_discovery:discover_packages(prefix_path) using defaults
[0.435s] Level 5:colcon.colcon_core.verb:set package 'controller_interfaces' build argument 'cmake_args' from command line to 'None'
[0.435s] Level 5:colcon.colcon_core.verb:set package 'controller_interfaces' build argument 'cmake_target' from command line to 'None'
[0.435s] Level 5:colcon.colcon_core.verb:set package 'controller_interfaces' build argument 'cmake_target_skip_unavailable' from command line to 'False'
[0.435s] Level 5:colcon.colcon_core.verb:set package 'controller_interfaces' build argument 'cmake_clean_cache' from command line to 'False'
[0.435s] Level 5:colcon.colcon_core.verb:set package 'controller_interfaces' build argument 'cmake_clean_first' from command line to 'False'
[0.435s] Level 5:colcon.colcon_core.verb:set package 'controller_interfaces' build argument 'cmake_force_configure' from command line to 'False'
[0.435s] Level 5:colcon.colcon_core.verb:set package 'controller_interfaces' build argument 'ament_cmake_args' from command line to 'None'
[0.435s] Level 5:colcon.colcon_core.verb:set package 'controller_interfaces' build argument 'catkin_cmake_args' from command line to 'None'
[0.435s] Level 5:colcon.colcon_core.verb:set package 'controller_interfaces' build argument 'catkin_skip_building_tests' from command line to 'False'
[0.435s] DEBUG:colcon.colcon_core.verb:Building package 'controller_interfaces' with the following arguments: {'ament_cmake_args': None, 'build_base': '/home/nakarin/RoboticsDevExam2/build/controller_interfaces', 'catkin_cmake_args': None, 'catkin_skip_building_tests': False, 'cmake_args': None, 'cmake_clean_cache': False, 'cmake_clean_first': False, 'cmake_force_configure': False, 'cmake_target': None, 'cmake_target_skip_unavailable': False, 'install_base': '/home/nakarin/RoboticsDevExam2/install/controller_interfaces', 'merge_install': False, 'path': '/home/nakarin/RoboticsDevExam2/src/controller_interfaces', 'symlink_install': False, 'test_result_base': None}
[0.435s] Level 5:colcon.colcon_core.verb:set package 'saifa_pack' build argument 'cmake_args' from command line to 'None'
[0.435s] Level 5:colcon.colcon_core.verb:set package 'saifa_pack' build argument 'cmake_target' from command line to 'None'
[0.435s] Level 5:colcon.colcon_core.verb:set package 'saifa_pack' build argument 'cmake_target_skip_unavailable' from command line to 'False'
[0.435s] Level 5:colcon.colcon_core.verb:set package 'saifa_pack' build argument 'cmake_clean_cache' from command line to 'False'
[0.435s] Level 5:colcon.colcon_core.verb:set package 'saifa_pack' build argument 'cmake_clean_first' from command line to 'False'
[0.435s] Level 5:colcon.colcon_core.verb:set package 'saifa_pack' build argument 'cmake_force_configure' from command line to 'False'
[0.435s] Level 5:colcon.colcon_core.verb:set package 'saifa_pack' build argument 'ament_cmake_args' from command line to 'None'
[0.435s] Level 5:colcon.colcon_core.verb:set package 'saifa_pack' build argument 'catkin_cmake_args' from command line to 'None'
[0.435s] Level 5:colcon.colcon_core.verb:set package 'saifa_pack' build argument 'catkin_skip_building_tests' from command line to 'False'
[0.435s] DEBUG:colcon.colcon_core.verb:Building package 'saifa_pack' with the following arguments: {'ament_cmake_args': None, 'build_base': '/home/nakarin/RoboticsDevExam2/build/saifa_pack', 'catkin_cmake_args': None, 'catkin_skip_building_tests': False, 'cmake_args': None, 'cmake_clean_cache': False, 'cmake_clean_first': False, 'cmake_force_configure': False, 'cmake_target': None, 'cmake_target_skip_unavailable': False, 'install_base': '/home/nakarin/RoboticsDevExam2/install/saifa_pack', 'merge_install': False, 'path': '/home/nakarin/RoboticsDevExam2/src/saifa_pack', 'symlink_install': False, 'test_result_base': None}
[0.436s] Level 5:colcon.colcon_core.verb:set package 'sun_interfaces' build argument 'cmake_args' from command line to 'None'
[0.436s] Level 5:colcon.colcon_core.verb:set package 'sun_interfaces' build argument 'cmake_target' from command line to 'None'
[0.436s] Level 5:colcon.colcon_core.verb:set package 'sun_interfaces' build argument 'cmake_target_skip_unavailable' from command line to 'False'
[0.436s] Level 5:colcon.colcon_core.verb:set package 'sun_interfaces' build argument 'cmake_clean_cache' from command line to 'False'
[0.436s] Level 5:colcon.colcon_core.verb:set package 'sun_interfaces' build argument 'cmake_clean_first' from command line to 'False'
[0.436s] Level 5:colcon.colcon_core.verb:set package 'sun_interfaces' build argument 'cmake_force_configure' from command line to 'False'
[0.436s] Level 5:colcon.colcon_core.verb:set package 'sun_interfaces' build argument 'ament_cmake_args' from command line to 'None'
[0.436s] Level 5:colcon.colcon_core.verb:set package 'sun_interfaces' build argument 'catkin_cmake_args' from command line to 'None'
[0.436s] Level 5:colcon.colcon_core.verb:set package 'sun_interfaces' build argument 'catkin_skip_building_tests' from command line to 'False'
[0.436s] DEBUG:colcon.colcon_core.verb:Building package 'sun_interfaces' with the following arguments: {'ament_cmake_args': None, 'build_base': '/home/nakarin/RoboticsDevExam2/build/sun_interfaces', 'catkin_cmake_args': None, 'catkin_skip_building_tests': False, 'cmake_args': None, 'cmake_clean_cache': False, 'cmake_clean_first': False, 'cmake_force_configure': False, 'cmake_target': None, 'cmake_target_skip_unavailable': False, 'install_base': '/home/nakarin/RoboticsDevExam2/install/sun_interfaces', 'merge_install': False, 'path': '/home/nakarin/RoboticsDevExam2/src/sun_interfaces', 'symlink_install': False, 'test_result_base': None}
[0.436s] Level 5:colcon.colcon_core.verb:set package 'sun_pkg' build argument 'cmake_args' from command line to 'None'
[0.436s] Level 5:colcon.colcon_core.verb:set package 'sun_pkg' build argument 'cmake_target' from command line to 'None'
[0.436s] Level 5:colcon.colcon_core.verb:set package 'sun_pkg' build argument 'cmake_target_skip_unavailable' from command line to 'False'
[0.436s] Level 5:colcon.colcon_core.verb:set package 'sun_pkg' build argument 'cmake_clean_cache' from command line to 'False'
[0.436s] Level 5:colcon.colcon_core.verb:set package 'sun_pkg' build argument 'cmake_clean_first' from command line to 'False'
[0.436s] Level 5:colcon.colcon_core.verb:set package 'sun_pkg' build argument 'cmake_force_configure' from command line to 'False'
[0.436s] Level 5:colcon.colcon_core.verb:set package 'sun_pkg' build argument 'ament_cmake_args' from command line to 'None'
[0.437s] Level 5:colcon.colcon_core.verb:set package 'sun_pkg' build argument 'catkin_cmake_args' from command line to 'None'
[0.437s] Level 5:colcon.colcon_core.verb:set package 'sun_pkg' build argument 'catkin_skip_building_tests' from command line to 'False'
[0.437s] DEBUG:colcon.colcon_core.verb:Building package 'sun_pkg' with the following arguments: {'ament_cmake_args': None, 'build_base': '/home/nakarin/RoboticsDevExam2/build/sun_pkg', 'catkin_cmake_args': None, 'catkin_skip_building_tests': False, 'cmake_args': None, 'cmake_clean_cache': False, 'cmake_clean_first': False, 'cmake_force_configure': False, 'cmake_target': None, 'cmake_target_skip_unavailable': False, 'install_base': '/home/nakarin/RoboticsDevExam2/install/sun_pkg', 'merge_install': False, 'path': '/home/nakarin/RoboticsDevExam2/src/sun_pkg', 'symlink_install': False, 'test_result_base': None}
[0.437s] Level 5:colcon.colcon_core.verb:set package 'turtlesim_plus' build argument 'cmake_args' from command line to 'None'
[0.437s] Level 5:colcon.colcon_core.verb:set package 'turtlesim_plus' build argument 'cmake_target' from command line to 'None'
[0.437s] Level 5:colcon.colcon_core.verb:set package 'turtlesim_plus' build argument 'cmake_target_skip_unavailable' from command line to 'False'
[0.437s] Level 5:colcon.colcon_core.verb:set package 'turtlesim_plus' build argument 'cmake_clean_cache' from command line to 'False'
[0.437s] Level 5:colcon.colcon_core.verb:set package 'turtlesim_plus' build argument 'cmake_clean_first' from command line to 'False'
[0.437s] Level 5:colcon.colcon_core.verb:set package 'turtlesim_plus' build argument 'cmake_force_configure' from command line to 'False'
[0.437s] Level 5:colcon.colcon_core.verb:set package 'turtlesim_plus' build argument 'ament_cmake_args' from command line to 'None'
[0.437s] Level 5:colcon.colcon_core.verb:set package 'turtlesim_plus' build argument 'catkin_cmake_args' from command line to 'None'
[0.437s] Level 5:colcon.colcon_core.verb:set package 'turtlesim_plus' build argument 'catkin_skip_building_tests' from command line to 'False'
[0.437s] DEBUG:colcon.colcon_core.verb:Building package 'turtlesim_plus' with the following arguments: {'ament_cmake_args': None, 'build_base': '/home/nakarin/RoboticsDevExam2/build/turtlesim_plus', 'catkin_cmake_args': None, 'catkin_skip_building_tests': False, 'cmake_args': None, 'cmake_clean_cache': False, 'cmake_clean_first': False, 'cmake_force_configure': False, 'cmake_target': None, 'cmake_target_skip_unavailable': False, 'install_base': '/home/nakarin/RoboticsDevExam2/install/turtlesim_plus', 'merge_install': False, 'path': '/home/nakarin/RoboticsDevExam2/src/turtlesim_plus/turtlesim_plus', 'symlink_install': False, 'test_result_base': None}
[0.437s] Level 5:colcon.colcon_core.verb:set package 'turtlesim_plus_interfaces' build argument 'cmake_args' from command line to 'None'
[0.437s] Level 5:colcon.colcon_core.verb:set package 'turtlesim_plus_interfaces' build argument 'cmake_target' from command line to 'None'
[0.437s] Level 5:colcon.colcon_core.verb:set package 'turtlesim_plus_interfaces' build argument 'cmake_target_skip_unavailable' from command line to 'False'
[0.438s] Level 5:colcon.colcon_core.verb:set package 'turtlesim_plus_interfaces' build argument 'cmake_clean_cache' from command line to 'False'
[0.438s] Level 5:colcon.colcon_core.verb:set package 'turtlesim_plus_interfaces' build argument 'cmake_clean_first' from command line to 'False'
[0.438s] Level 5:colcon.colcon_core.verb:set package 'turtlesim_plus_interfaces' build argument 'cmake_force_configure' from command line to 'False'
[0.438s] Level 5:colcon.colcon_core.verb:set package 'turtlesim_plus_interfaces' build argument 'ament_cmake_args' from command line to 'None'
[0.438s] Level 5:colcon.colcon_core.verb:set package 'turtlesim_plus_interfaces' build argument 'catkin_cmake_args' from command line to 'None'
[0.438s] Level 5:colcon.colcon_core.verb:set package 'turtlesim_plus_interfaces' build argument 'catkin_skip_building_tests' from command line to 'False'
[0.438s] DEBUG:colcon.colcon_core.verb:Building package 'turtlesim_plus_interfaces' with the following arguments: {'ament_cmake_args': None, 'build_base': '/home/nakarin/RoboticsDevExam2/build/turtlesim_plus_interfaces', 'catkin_cmake_args': None, 'catkin_skip_building_tests': False, 'cmake_args': None, 'cmake_clean_cache': False, 'cmake_clean_first': False, 'cmake_force_configure': False, 'cmake_target': None, 'cmake_target_skip_unavailable': False, 'install_base': '/home/nakarin/RoboticsDevExam2/install/turtlesim_plus_interfaces', 'merge_install': False, 'path': '/home/nakarin/RoboticsDevExam2/src/turtlesim_plus/turtlesim_plus_interfaces', 'symlink_install': False, 'test_result_base': None}
[0.438s] INFO:colcon.colcon_core.executor:Executing jobs using 'parallel' executor
[0.439s] DEBUG:colcon.colcon_parallel_executor.executor.parallel:run_until_complete
[0.439s] INFO:colcon.colcon_ros.task.ament_cmake.build:Building ROS package in '/home/nakarin/RoboticsDevExam2/src/controller_interfaces' with build type 'ament_cmake'
[0.439s] INFO:colcon.colcon_cmake.task.cmake.build:Building CMake package in '/home/nakarin/RoboticsDevExam2/src/controller_interfaces'
[0.441s] INFO:colcon.colcon_core.plugin_system:Skipping extension 'colcon_core.shell.bat': Not used on non-Windows systems
[0.441s] INFO:colcon.colcon_core.shell:Skip shell extension 'powershell' for command environment: Not usable outside of PowerShell
[0.441s] DEBUG:colcon.colcon_core.shell:Skip shell extension 'dsv' for command environment
[0.446s] INFO:colcon.colcon_ros.task.ament_cmake.build:Building ROS package in '/home/nakarin/RoboticsDevExam2/src/saifa_pack' with build type 'ament_cmake'
[0.446s] INFO:colcon.colcon_cmake.task.cmake.build:Building CMake package in '/home/nakarin/RoboticsDevExam2/src/saifa_pack'
[0.447s] INFO:colcon.colcon_core.shell:Skip shell extension 'powershell' for command environment: Not usable outside of PowerShell
[0.447s] DEBUG:colcon.colcon_core.shell:Skip shell extension 'dsv' for command environment
[0.451s] INFO:colcon.colcon_ros.task.ament_cmake.build:Building ROS package in '/home/nakarin/RoboticsDevExam2/src/sun_interfaces' with build type 'ament_cmake'
[0.452s] INFO:colcon.colcon_cmake.task.cmake.build:Building CMake package in '/home/nakarin/RoboticsDevExam2/src/sun_interfaces'
[0.452s] INFO:colcon.colcon_core.shell:Skip shell extension 'powershell' for command environment: Not usable outside of PowerShell
[0.452s] DEBUG:colcon.colcon_core.shell:Skip shell extension 'dsv' for command environment
[0.457s] INFO:colcon.colcon_ros.task.ament_cmake.build:Building ROS package in '/home/nakarin/RoboticsDevExam2/src/sun_pkg' with build type 'ament_cmake'
[0.457s] INFO:colcon.colcon_cmake.task.cmake.build:Building CMake package in '/home/nakarin/RoboticsDevExam2/src/sun_pkg'
[0.457s] INFO:colcon.colcon_core.shell:Skip shell extension 'powershell' for command environment: Not usable outside of PowerShell
[0.457s] DEBUG:colcon.colcon_core.shell:Skip shell extension 'dsv' for command environment
[0.463s] INFO:colcon.colcon_ros.task.ament_cmake.build:Building ROS package in '/home/nakarin/RoboticsDevExam2/src/turtlesim_plus/turtlesim_plus' with build type 'ament_cmake'
[0.463s] INFO:colcon.colcon_cmake.task.cmake.build:Building CMake package in '/home/nakarin/RoboticsDevExam2/src/turtlesim_plus/turtlesim_plus'
[0.463s] INFO:colcon.colcon_core.shell:Skip shell extension 'powershell' for command environment: Not usable outside of PowerShell
[0.463s] DEBUG:colcon.colcon_core.shell:Skip shell extension 'dsv' for command environment
[0.468s] INFO:colcon.colcon_ros.task.ament_cmake.build:Building ROS package in '/home/nakarin/RoboticsDevExam2/src/turtlesim_plus/turtlesim_plus_interfaces' with build type 'ament_cmake'
[0.468s] INFO:colcon.colcon_cmake.task.cmake.build:Building CMake package in '/home/nakarin/RoboticsDevExam2/src/turtlesim_plus/turtlesim_plus_interfaces'
[0.468s] INFO:colcon.colcon_core.shell:Skip shell extension 'powershell' for command environment: Not usable outside of PowerShell
[0.468s] DEBUG:colcon.colcon_core.shell:Skip shell extension 'dsv' for command environment
[0.479s] DEBUG:colcon.colcon_core.event_handler.log_command:Invoking command in '/home/nakarin/RoboticsDevExam2/build/controller_interfaces': CMAKE_PREFIX_PATH=${CMAKE_PREFIX_PATH}:/home/nakarin/RoboticsDev/install/launch_testing_examples:/home/nakarin/RoboticsDev/install/examples_rclpy_pointcloud_publisher:/home/nakarin/RoboticsDev/install/examples_rclpy_minimal_subscriber:/home/nakarin/RoboticsDev/install/examples_rclpy_minimal_service:/home/nakarin/RoboticsDev/install/examples_rclpy_minimal_publisher:/home/nakarin/RoboticsDev/install/examples_rclpy_minimal_client:/home/nakarin/RoboticsDev/install/examples_rclpy_minimal_action_server:/home/nakarin/RoboticsDev/install/examples_rclpy_minimal_action_client:/home/nakarin/RoboticsDev/install/examples_rclpy_guard_conditions:/home/nakarin/RoboticsDev/install/examples_rclpy_executors:/opt/ros/humble /usr/bin/cmake --build /home/nakarin/RoboticsDevExam2/build/controller_interfaces -- -j8 -l8
[0.484s] DEBUG:colcon.colcon_core.event_handler.log_command:Invoking command in '/home/nakarin/RoboticsDevExam2/build/saifa_pack': CMAKE_PREFIX_PATH=${CMAKE_PREFIX_PATH}:/home/nakarin/RoboticsDev/install/launch_testing_examples:/home/nakarin/RoboticsDev/install/examples_rclpy_pointcloud_publisher:/home/nakarin/RoboticsDev/install/examples_rclpy_minimal_subscriber:/home/nakarin/RoboticsDev/install/examples_rclpy_minimal_service:/home/nakarin/RoboticsDev/install/examples_rclpy_minimal_publisher:/home/nakarin/RoboticsDev/install/examples_rclpy_minimal_client:/home/nakarin/RoboticsDev/install/examples_rclpy_minimal_action_server:/home/nakarin/RoboticsDev/install/examples_rclpy_minimal_action_client:/home/nakarin/RoboticsDev/install/examples_rclpy_guard_conditions:/home/nakarin/RoboticsDev/install/examples_rclpy_executors:/opt/ros/humble /usr/bin/cmake --build /home/nakarin/RoboticsDevExam2/build/saifa_pack -- -j8 -l8
[0.486s] DEBUG:colcon.colcon_core.event_handler.log_command:Invoking command in '/home/nakarin/RoboticsDevExam2/build/sun_interfaces': CMAKE_PREFIX_PATH=${CMAKE_PREFIX_PATH}:/home/nakarin/RoboticsDev/install/launch_testing_examples:/home/nakarin/RoboticsDev/install/examples_rclpy_pointcloud_publisher:/home/nakarin/RoboticsDev/install/examples_rclpy_minimal_subscriber:/home/nakarin/RoboticsDev/install/examples_rclpy_minimal_service:/home/nakarin/RoboticsDev/install/examples_rclpy_minimal_publisher:/home/nakarin/RoboticsDev/install/examples_rclpy_minimal_client:/home/nakarin/RoboticsDev/install/examples_rclpy_minimal_action_server:/home/nakarin/RoboticsDev/install/examples_rclpy_minimal_action_client:/home/nakarin/RoboticsDev/install/examples_rclpy_guard_conditions:/home/nakarin/RoboticsDev/install/examples_rclpy_executors:/opt/ros/humble /usr/bin/cmake --build /home/nakarin/RoboticsDevExam2/build/sun_interfaces -- -j8 -l8
[0.489s] DEBUG:colcon.colcon_core.event_handler.log_command:Invoking command in '/home/nakarin/RoboticsDevExam2/build/sun_pkg': CMAKE_PREFIX_PATH=${CMAKE_PREFIX_PATH}:/home/nakarin/RoboticsDev/install/launch_testing_examples:/home/nakarin/RoboticsDev/install/examples_rclpy_pointcloud_publisher:/home/nakarin/RoboticsDev/install/examples_rclpy_minimal_subscriber:/home/nakarin/RoboticsDev/install/examples_rclpy_minimal_service:/home/nakarin/RoboticsDev/install/examples_rclpy_minimal_publisher:/home/nakarin/RoboticsDev/install/examples_rclpy_minimal_client:/home/nakarin/RoboticsDev/install/examples_rclpy_minimal_action_server:/home/nakarin/RoboticsDev/install/examples_rclpy_minimal_action_client:/home/nakarin/RoboticsDev/install/examples_rclpy_guard_conditions:/home/nakarin/RoboticsDev/install/examples_rclpy_executors:/opt/ros/humble /usr/bin/cmake --build /home/nakarin/RoboticsDevExam2/build/sun_pkg -- -j8 -l8
[0.496s] DEBUG:colcon.colcon_core.event_handler.log_command:Invoking command in '/home/nakarin/RoboticsDevExam2/build/turtlesim_plus': CMAKE_PREFIX_PATH=${CMAKE_PREFIX_PATH}:/home/nakarin/RoboticsDev/install/launch_testing_examples:/home/nakarin/RoboticsDev/install/examples_rclpy_pointcloud_publisher:/home/nakarin/RoboticsDev/install/examples_rclpy_minimal_subscriber:/home/nakarin/RoboticsDev/install/examples_rclpy_minimal_service:/home/nakarin/RoboticsDev/install/examples_rclpy_minimal_publisher:/home/nakarin/RoboticsDev/install/examples_rclpy_minimal_client:/home/nakarin/RoboticsDev/install/examples_rclpy_minimal_action_server:/home/nakarin/RoboticsDev/install/examples_rclpy_minimal_action_client:/home/nakarin/RoboticsDev/install/examples_rclpy_guard_conditions:/home/nakarin/RoboticsDev/install/examples_rclpy_executors:/opt/ros/humble /usr/bin/cmake --build /home/nakarin/RoboticsDevExam2/build/turtlesim_plus -- -j8 -l8
[0.502s] DEBUG:colcon.colcon_core.event_handler.log_command:Invoking command in '/home/nakarin/RoboticsDevExam2/build/turtlesim_plus_interfaces': CMAKE_PREFIX_PATH=${CMAKE_PREFIX_PATH}:/home/nakarin/RoboticsDev/install/launch_testing_examples:/home/nakarin/RoboticsDev/install/examples_rclpy_pointcloud_publisher:/home/nakarin/RoboticsDev/install/examples_rclpy_minimal_subscriber:/home/nakarin/RoboticsDev/install/examples_rclpy_minimal_service:/home/nakarin/RoboticsDev/install/examples_rclpy_minimal_publisher:/home/nakarin/RoboticsDev/install/examples_rclpy_minimal_client:/home/nakarin/RoboticsDev/install/examples_rclpy_minimal_action_server:/home/nakarin/RoboticsDev/install/examples_rclpy_minimal_action_client:/home/nakarin/RoboticsDev/install/examples_rclpy_guard_conditions:/home/nakarin/RoboticsDev/install/examples_rclpy_executors:/opt/ros/humble /usr/bin/cmake --build /home/nakarin/RoboticsDevExam2/build/turtlesim_plus_interfaces -- -j8 -l8
[1.149s] DEBUG:colcon.colcon_core.event_handler.log_command:Invoked command in '/home/nakarin/RoboticsDevExam2/build/turtlesim_plus' returned '0': CMAKE_PREFIX_PATH=${CMAKE_PREFIX_PATH}:/home/nakarin/RoboticsDev/install/launch_testing_examples:/home/nakarin/RoboticsDev/install/examples_rclpy_pointcloud_publisher:/home/nakarin/RoboticsDev/install/examples_rclpy_minimal_subscriber:/home/nakarin/RoboticsDev/install/examples_rclpy_minimal_service:/home/nakarin/RoboticsDev/install/examples_rclpy_minimal_publisher:/home/nakarin/RoboticsDev/install/examples_rclpy_minimal_client:/home/nakarin/RoboticsDev/install/examples_rclpy_minimal_action_server:/home/nakarin/RoboticsDev/install/examples_rclpy_minimal_action_client:/home/nakarin/RoboticsDev/install/examples_rclpy_guard_conditions:/home/nakarin/RoboticsDev/install/examples_rclpy_executors:/opt/ros/humble /usr/bin/cmake --build /home/nakarin/RoboticsDevExam2/build/turtlesim_plus -- -j8 -l8
[1.177s] DEBUG:colcon.colcon_core.event_handler.log_command:Invoked command in '/home/nakarin/RoboticsDevExam2/build/turtlesim_plus_interfaces' returned '0': CMAKE_PREFIX_PATH=${CMAKE_PREFIX_PATH}:/home/nakarin/RoboticsDev/install/launch_testing_examples:/home/nakarin/RoboticsDev/install/examples_rclpy_pointcloud_publisher:/home/nakarin/RoboticsDev/install/examples_rclpy_minimal_subscriber:/home/nakarin/RoboticsDev/install/examples_rclpy_minimal_service:/home/nakarin/RoboticsDev/install/examples_rclpy_minimal_publisher:/home/nakarin/RoboticsDev/install/examples_rclpy_minimal_client:/home/nakarin/RoboticsDev/install/examples_rclpy_minimal_action_server:/home/nakarin/RoboticsDev/install/examples_rclpy_minimal_action_client:/home/nakarin/RoboticsDev/install/examples_rclpy_guard_conditions:/home/nakarin/RoboticsDev/install/examples_rclpy_executors:/opt/ros/humble /usr/bin/cmake --build /home/nakarin/RoboticsDevExam2/build/turtlesim_plus_interfaces -- -j8 -l8
[1.189s] DEBUG:colcon.colcon_core.event_handler.log_command:Invoking command in '/home/nakarin/RoboticsDevExam2/build/turtlesim_plus': CMAKE_PREFIX_PATH=${CMAKE_PREFIX_PATH}:/home/nakarin/RoboticsDev/install/launch_testing_examples:/home/nakarin/RoboticsDev/install/examples_rclpy_pointcloud_publisher:/home/nakarin/RoboticsDev/install/examples_rclpy_minimal_subscriber:/home/nakarin/RoboticsDev/install/examples_rclpy_minimal_service:/home/nakarin/RoboticsDev/install/examples_rclpy_minimal_publisher:/home/nakarin/RoboticsDev/install/examples_rclpy_minimal_client:/home/nakarin/RoboticsDev/install/examples_rclpy_minimal_action_server:/home/nakarin/RoboticsDev/install/examples_rclpy_minimal_action_client:/home/nakarin/RoboticsDev/install/examples_rclpy_guard_conditions:/home/nakarin/RoboticsDev/install/examples_rclpy_executors:/opt/ros/humble /usr/bin/cmake --install /home/nakarin/RoboticsDevExam2/build/turtlesim_plus
[1.225s] DEBUG:colcon.colcon_core.event_handler.log_command:Invoked command in '/home/nakarin/RoboticsDevExam2/build/saifa_pack' returned '0': CMAKE_PREFIX_PATH=${CMAKE_PREFIX_PATH}:/home/nakarin/RoboticsDev/install/launch_testing_examples:/home/nakarin/RoboticsDev/install/examples_rclpy_pointcloud_publisher:/home/nakarin/RoboticsDev/install/examples_rclpy_minimal_subscriber:/home/nakarin/RoboticsDev/install/examples_rclpy_minimal_service:/home/nakarin/RoboticsDev/install/examples_rclpy_minimal_publisher:/home/nakarin/RoboticsDev/install/examples_rclpy_minimal_client:/home/nakarin/RoboticsDev/install/examples_rclpy_minimal_action_server:/home/nakarin/RoboticsDev/install/examples_rclpy_minimal_action_client:/home/nakarin/RoboticsDev/install/examples_rclpy_guard_conditions:/home/nakarin/RoboticsDev/install/examples_rclpy_executors:/opt/ros/humble /usr/bin/cmake --build /home/nakarin/RoboticsDevExam2/build/saifa_pack -- -j8 -l8
[1.256s] DEBUG:colcon.colcon_core.event_handler.log_command:Invoked command in '/home/nakarin/RoboticsDevExam2/build/sun_pkg' returned '0': CMAKE_PREFIX_PATH=${CMAKE_PREFIX_PATH}:/home/nakarin/RoboticsDev/install/launch_testing_examples:/home/nakarin/RoboticsDev/install/examples_rclpy_pointcloud_publisher:/home/nakarin/RoboticsDev/install/examples_rclpy_minimal_subscriber:/home/nakarin/RoboticsDev/install/examples_rclpy_minimal_service:/home/nakarin/RoboticsDev/install/examples_rclpy_minimal_publisher:/home/nakarin/RoboticsDev/install/examples_rclpy_minimal_client:/home/nakarin/RoboticsDev/install/examples_rclpy_minimal_action_server:/home/nakarin/RoboticsDev/install/examples_rclpy_minimal_action_client:/home/nakarin/RoboticsDev/install/examples_rclpy_guard_conditions:/home/nakarin/RoboticsDev/install/examples_rclpy_executors:/opt/ros/humble /usr/bin/cmake --build /home/nakarin/RoboticsDevExam2/build/sun_pkg -- -j8 -l8
[1.262s] DEBUG:colcon.colcon_core.event_handler.log_command:Invoking command in '/home/nakarin/RoboticsDevExam2/build/saifa_pack': CMAKE_PREFIX_PATH=${CMAKE_PREFIX_PATH}:/home/nakarin/RoboticsDev/install/launch_testing_examples:/home/nakarin/RoboticsDev/install/examples_rclpy_pointcloud_publisher:/home/nakarin/RoboticsDev/install/examples_rclpy_minimal_subscriber:/home/nakarin/RoboticsDev/install/examples_rclpy_minimal_service:/home/nakarin/RoboticsDev/install/examples_rclpy_minimal_publisher:/home/nakarin/RoboticsDev/install/examples_rclpy_minimal_client:/home/nakarin/RoboticsDev/install/examples_rclpy_minimal_action_server:/home/nakarin/RoboticsDev/install/examples_rclpy_minimal_action_client:/home/nakarin/RoboticsDev/install/examples_rclpy_guard_conditions:/home/nakarin/RoboticsDev/install/examples_rclpy_executors:/opt/ros/humble /usr/bin/cmake --install /home/nakarin/RoboticsDevExam2/build/saifa_pack
[1.268s] Level 1:colcon.colcon_core.environment:create_environment_scripts_only(turtlesim_plus)
[1.270s] DEBUG:colcon.colcon_core.event_handler.log_command:Invoked command in '/home/nakarin/RoboticsDevExam2/build/turtlesim_plus' returned '0': CMAKE_PREFIX_PATH=${CMAKE_PREFIX_PATH}:/home/nakarin/RoboticsDev/install/launch_testing_examples:/home/nakarin/RoboticsDev/install/examples_rclpy_pointcloud_publisher:/home/nakarin/RoboticsDev/install/examples_rclpy_minimal_subscriber:/home/nakarin/RoboticsDev/install/examples_rclpy_minimal_service:/home/nakarin/RoboticsDev/install/examples_rclpy_minimal_publisher:/home/nakarin/RoboticsDev/install/examples_rclpy_minimal_client:/home/nakarin/RoboticsDev/install/examples_rclpy_minimal_action_server:/home/nakarin/RoboticsDev/install/examples_rclpy_minimal_action_client:/home/nakarin/RoboticsDev/install/examples_rclpy_guard_conditions:/home/nakarin/RoboticsDev/install/examples_rclpy_executors:/opt/ros/humble /usr/bin/cmake --install /home/nakarin/RoboticsDevExam2/build/turtlesim_plus
[1.273s] Level 1:colcon.colcon_core.environment:checking '/home/nakarin/RoboticsDevExam2/install/turtlesim_plus' for CMake module files
[1.274s] Level 1:colcon.colcon_core.environment:checking '/home/nakarin/RoboticsDevExam2/install/turtlesim_plus' for CMake config files
[1.276s] Level 1:colcon.colcon_core.shell:create_environment_hook('turtlesim_plus', 'cmake_prefix_path')
[1.276s] INFO:colcon.colcon_core.shell:Creating environment hook '/home/nakarin/RoboticsDevExam2/install/turtlesim_plus/share/turtlesim_plus/hook/cmake_prefix_path.ps1'
[1.277s] INFO:colcon.colcon_core.shell:Creating environment descriptor '/home/nakarin/RoboticsDevExam2/install/turtlesim_plus/share/turtlesim_plus/hook/cmake_prefix_path.dsv'
[1.278s] INFO:colcon.colcon_core.shell:Creating environment hook '/home/nakarin/RoboticsDevExam2/install/turtlesim_plus/share/turtlesim_plus/hook/cmake_prefix_path.sh'
[1.279s] Level 1:colcon.colcon_core.environment:checking '/home/nakarin/RoboticsDevExam2/install/turtlesim_plus/lib'
[1.280s] Level 1:colcon.colcon_core.environment:checking '/home/nakarin/RoboticsDevExam2/install/turtlesim_plus/bin'
[1.280s] Level 1:colcon.colcon_core.environment:checking '/home/nakarin/RoboticsDevExam2/install/turtlesim_plus/lib/pkgconfig/turtlesim_plus.pc'
[1.280s] Level 1:colcon.colcon_core.environment:checking '/home/nakarin/RoboticsDevExam2/install/turtlesim_plus/lib/python3.10/site-packages'
[1.280s] Level 1:colcon.colcon_core.environment:checking '/home/nakarin/RoboticsDevExam2/install/turtlesim_plus/bin'
[1.281s] INFO:colcon.colcon_core.shell:Creating package script '/home/nakarin/RoboticsDevExam2/install/turtlesim_plus/share/turtlesim_plus/package.ps1'
[1.282s] INFO:colcon.colcon_core.shell:Creating package descriptor '/home/nakarin/RoboticsDevExam2/install/turtlesim_plus/share/turtlesim_plus/package.dsv'
[1.283s] INFO:colcon.colcon_core.shell:Creating package script '/home/nakarin/RoboticsDevExam2/install/turtlesim_plus/share/turtlesim_plus/package.sh'
[1.284s] INFO:colcon.colcon_core.shell:Creating package script '/home/nakarin/RoboticsDevExam2/install/turtlesim_plus/share/turtlesim_plus/package.bash'
[1.285s] INFO:colcon.colcon_core.shell:Creating package script '/home/nakarin/RoboticsDevExam2/install/turtlesim_plus/share/turtlesim_plus/package.zsh'
[1.286s] Level 1:colcon.colcon_core.environment:create_file_with_runtime_dependencies(/home/nakarin/RoboticsDevExam2/install/turtlesim_plus/share/colcon-core/packages/turtlesim_plus)
[1.289s] DEBUG:colcon.colcon_core.event_handler.log_command:Invoked command in '/home/nakarin/RoboticsDevExam2/build/sun_interfaces' returned '0': CMAKE_PREFIX_PATH=${CMAKE_PREFIX_PATH}:/home/nakarin/RoboticsDev/install/launch_testing_examples:/home/nakarin/RoboticsDev/install/examples_rclpy_pointcloud_publisher:/home/nakarin/RoboticsDev/install/examples_rclpy_minimal_subscriber:/home/nakarin/RoboticsDev/install/examples_rclpy_minimal_service:/home/nakarin/RoboticsDev/install/examples_rclpy_minimal_publisher:/home/nakarin/RoboticsDev/install/examples_rclpy_minimal_client:/home/nakarin/RoboticsDev/install/examples_rclpy_minimal_action_server:/home/nakarin/RoboticsDev/install/examples_rclpy_minimal_action_client:/home/nakarin/RoboticsDev/install/examples_rclpy_guard_conditions:/home/nakarin/RoboticsDev/install/examples_rclpy_executors:/opt/ros/humble /usr/bin/cmake --build /home/nakarin/RoboticsDevExam2/build/sun_interfaces -- -j8 -l8
[1.293s] DEBUG:colcon.colcon_core.event_handler.log_command:Invoking command in '/home/nakarin/RoboticsDevExam2/build/sun_pkg': CMAKE_PREFIX_PATH=${CMAKE_PREFIX_PATH}:/home/nakarin/RoboticsDev/install/launch_testing_examples:/home/nakarin/RoboticsDev/install/examples_rclpy_pointcloud_publisher:/home/nakarin/RoboticsDev/install/examples_rclpy_minimal_subscriber:/home/nakarin/RoboticsDev/install/examples_rclpy_minimal_service:/home/nakarin/RoboticsDev/install/examples_rclpy_minimal_publisher:/home/nakarin/RoboticsDev/install/examples_rclpy_minimal_client:/home/nakarin/RoboticsDev/install/examples_rclpy_minimal_action_server:/home/nakarin/RoboticsDev/install/examples_rclpy_minimal_action_client:/home/nakarin/RoboticsDev/install/examples_rclpy_guard_conditions:/home/nakarin/RoboticsDev/install/examples_rclpy_executors:/opt/ros/humble /usr/bin/cmake --install /home/nakarin/RoboticsDevExam2/build/sun_pkg
[1.302s] DEBUG:colcon.colcon_core.event_handler.log_command:Invoked command in '/home/nakarin/RoboticsDevExam2/build/controller_interfaces' returned '0': CMAKE_PREFIX_PATH=${CMAKE_PREFIX_PATH}:/home/nakarin/RoboticsDev/install/launch_testing_examples:/home/nakarin/RoboticsDev/install/examples_rclpy_pointcloud_publisher:/home/nakarin/RoboticsDev/install/examples_rclpy_minimal_subscriber:/home/nakarin/RoboticsDev/install/examples_rclpy_minimal_service:/home/nakarin/RoboticsDev/install/examples_rclpy_minimal_publisher:/home/nakarin/RoboticsDev/install/examples_rclpy_minimal_client:/home/nakarin/RoboticsDev/install/examples_rclpy_minimal_action_server:/home/nakarin/RoboticsDev/install/examples_rclpy_minimal_action_client:/home/nakarin/RoboticsDev/install/examples_rclpy_guard_conditions:/home/nakarin/RoboticsDev/install/examples_rclpy_executors:/opt/ros/humble /usr/bin/cmake --build /home/nakarin/RoboticsDevExam2/build/controller_interfaces -- -j8 -l8
[1.320s] Level 1:colcon.colcon_core.environment:create_environment_scripts_only(turtlesim_plus)
[1.321s] Level 1:colcon.colcon_core.environment:checking '/home/nakarin/RoboticsDevExam2/install/turtlesim_plus' for CMake module files
[1.322s] Level 1:colcon.colcon_core.environment:checking '/home/nakarin/RoboticsDevExam2/install/turtlesim_plus' for CMake config files
[1.322s] Level 1:colcon.colcon_core.shell:create_environment_hook('turtlesim_plus', 'cmake_prefix_path')
[1.323s] INFO:colcon.colcon_core.shell:Creating environment hook '/home/nakarin/RoboticsDevExam2/install/turtlesim_plus/share/turtlesim_plus/hook/cmake_prefix_path.ps1'
[1.323s] INFO:colcon.colcon_core.shell:Creating environment descriptor '/home/nakarin/RoboticsDevExam2/install/turtlesim_plus/share/turtlesim_plus/hook/cmake_prefix_path.dsv'
[1.324s] INFO:colcon.colcon_core.shell:Creating environment hook '/home/nakarin/RoboticsDevExam2/install/turtlesim_plus/share/turtlesim_plus/hook/cmake_prefix_path.sh'
[1.324s] Level 1:colcon.colcon_core.environment:checking '/home/nakarin/RoboticsDevExam2/install/turtlesim_plus/lib'
[1.325s] Level 1:colcon.colcon_core.environment:checking '/home/nakarin/RoboticsDevExam2/install/turtlesim_plus/bin'
[1.325s] Level 1:colcon.colcon_core.environment:checking '/home/nakarin/RoboticsDevExam2/install/turtlesim_plus/lib/pkgconfig/turtlesim_plus.pc'
[1.325s] Level 1:colcon.colcon_core.environment:checking '/home/nakarin/RoboticsDevExam2/install/turtlesim_plus/lib/python3.10/site-packages'
[1.326s] Level 1:colcon.colcon_core.environment:checking '/home/nakarin/RoboticsDevExam2/install/turtlesim_plus/bin'
[1.326s] INFO:colcon.colcon_core.shell:Creating package script '/home/nakarin/RoboticsDevExam2/install/turtlesim_plus/share/turtlesim_plus/package.ps1'
[1.327s] INFO:colcon.colcon_core.shell:Creating package descriptor '/home/nakarin/RoboticsDevExam2/install/turtlesim_plus/share/turtlesim_plus/package.dsv'
[1.328s] INFO:colcon.colcon_core.shell:Creating package script '/home/nakarin/RoboticsDevExam2/install/turtlesim_plus/share/turtlesim_plus/package.sh'
[1.328s] INFO:colcon.colcon_core.shell:Creating package script '/home/nakarin/RoboticsDevExam2/install/turtlesim_plus/share/turtlesim_plus/package.bash'
[1.329s] INFO:colcon.colcon_core.shell:Creating package script '/home/nakarin/RoboticsDevExam2/install/turtlesim_plus/share/turtlesim_plus/package.zsh'
[1.330s] Level 1:colcon.colcon_core.environment:create_file_with_runtime_dependencies(/home/nakarin/RoboticsDevExam2/install/turtlesim_plus/share/colcon-core/packages/turtlesim_plus)
[1.334s] DEBUG:colcon.colcon_core.event_handler.log_command:Invoking command in '/home/nakarin/RoboticsDevExam2/build/turtlesim_plus_interfaces': CMAKE_PREFIX_PATH=${CMAKE_PREFIX_PATH}:/home/nakarin/RoboticsDev/install/launch_testing_examples:/home/nakarin/RoboticsDev/install/examples_rclpy_pointcloud_publisher:/home/nakarin/RoboticsDev/install/examples_rclpy_minimal_subscriber:/home/nakarin/RoboticsDev/install/examples_rclpy_minimal_service:/home/nakarin/RoboticsDev/install/examples_rclpy_minimal_publisher:/home/nakarin/RoboticsDev/install/examples_rclpy_minimal_client:/home/nakarin/RoboticsDev/install/examples_rclpy_minimal_action_server:/home/nakarin/RoboticsDev/install/examples_rclpy_minimal_action_client:/home/nakarin/RoboticsDev/install/examples_rclpy_guard_conditions:/home/nakarin/RoboticsDev/install/examples_rclpy_executors:/opt/ros/humble /usr/bin/cmake --install /home/nakarin/RoboticsDevExam2/build/turtlesim_plus_interfaces
[1.344s] Level 1:colcon.colcon_core.environment:create_environment_scripts_only(saifa_pack)
[1.344s] Level 1:colcon.colcon_core.environment:checking '/home/nakarin/RoboticsDevExam2/install/saifa_pack' for CMake module files
[1.349s] Level 1:colcon.colcon_core.environment:checking '/home/nakarin/RoboticsDevExam2/install/saifa_pack' for CMake config files
[1.351s] DEBUG:colcon.colcon_core.event_handler.log_command:Invoked command in '/home/nakarin/RoboticsDevExam2/build/saifa_pack' returned '0': CMAKE_PREFIX_PATH=${CMAKE_PREFIX_PATH}:/home/nakarin/RoboticsDev/install/launch_testing_examples:/home/nakarin/RoboticsDev/install/examples_rclpy_pointcloud_publisher:/home/nakarin/RoboticsDev/install/examples_rclpy_minimal_subscriber:/home/nakarin/RoboticsDev/install/examples_rclpy_minimal_service:/home/nakarin/RoboticsDev/install/examples_rclpy_minimal_publisher:/home/nakarin/RoboticsDev/install/examples_rclpy_minimal_client:/home/nakarin/RoboticsDev/install/examples_rclpy_minimal_action_server:/home/nakarin/RoboticsDev/install/examples_rclpy_minimal_action_client:/home/nakarin/RoboticsDev/install/examples_rclpy_guard_conditions:/home/nakarin/RoboticsDev/install/examples_rclpy_executors:/opt/ros/humble /usr/bin/cmake --install /home/nakarin/RoboticsDevExam2/build/saifa_pack
[1.360s] Level 1:colcon.colcon_core.shell:create_environment_hook('saifa_pack', 'cmake_prefix_path')
[1.361s] INFO:colcon.colcon_core.shell:Creating environment hook '/home/nakarin/RoboticsDevExam2/install/saifa_pack/share/saifa_pack/hook/cmake_prefix_path.ps1'
[1.364s] INFO:colcon.colcon_core.shell:Creating environment descriptor '/home/nakarin/RoboticsDevExam2/install/saifa_pack/share/saifa_pack/hook/cmake_prefix_path.dsv'
[1.366s] INFO:colcon.colcon_core.shell:Creating environment hook '/home/nakarin/RoboticsDevExam2/install/saifa_pack/share/saifa_pack/hook/cmake_prefix_path.sh'
[1.366s] Level 1:colcon.colcon_core.environment:checking '/home/nakarin/RoboticsDevExam2/install/saifa_pack/lib'
[1.366s] Level 1:colcon.colcon_core.environment:checking '/home/nakarin/RoboticsDevExam2/install/saifa_pack/bin'
[1.367s] Level 1:colcon.colcon_core.environment:checking '/home/nakarin/RoboticsDevExam2/install/saifa_pack/lib/pkgconfig/saifa_pack.pc'
[1.367s] Level 1:colcon.colcon_core.environment:checking '/home/nakarin/RoboticsDevExam2/install/saifa_pack/lib/python3.10/site-packages'
[1.367s] Level 1:colcon.colcon_core.environment:checking '/home/nakarin/RoboticsDevExam2/install/saifa_pack/bin'
[1.368s] INFO:colcon.colcon_core.shell:Creating package script '/home/nakarin/RoboticsDevExam2/install/saifa_pack/share/saifa_pack/package.ps1'
[1.368s] INFO:colcon.colcon_core.shell:Creating package descriptor '/home/nakarin/RoboticsDevExam2/install/saifa_pack/share/saifa_pack/package.dsv'
[1.369s] INFO:colcon.colcon_core.shell:Creating package script '/home/nakarin/RoboticsDevExam2/install/saifa_pack/share/saifa_pack/package.sh'
[1.370s] INFO:colcon.colcon_core.shell:Creating package script '/home/nakarin/RoboticsDevExam2/install/saifa_pack/share/saifa_pack/package.bash'
[1.373s] INFO:colcon.colcon_core.shell:Creating package script '/home/nakarin/RoboticsDevExam2/install/saifa_pack/share/saifa_pack/package.zsh'
[1.373s] Level 1:colcon.colcon_core.environment:create_file_with_runtime_dependencies(/home/nakarin/RoboticsDevExam2/install/saifa_pack/share/colcon-core/packages/saifa_pack)
[1.377s] DEBUG:colcon.colcon_core.event_handler.log_command:Invoking command in '/home/nakarin/RoboticsDevExam2/build/sun_interfaces': CMAKE_PREFIX_PATH=${CMAKE_PREFIX_PATH}:/home/nakarin/RoboticsDev/install/launch_testing_examples:/home/nakarin/RoboticsDev/install/examples_rclpy_pointcloud_publisher:/home/nakarin/RoboticsDev/install/examples_rclpy_minimal_subscriber:/home/nakarin/RoboticsDev/install/examples_rclpy_minimal_service:/home/nakarin/RoboticsDev/install/examples_rclpy_minimal_publisher:/home/nakarin/RoboticsDev/install/examples_rclpy_minimal_client:/home/nakarin/RoboticsDev/install/examples_rclpy_minimal_action_server:/home/nakarin/RoboticsDev/install/examples_rclpy_minimal_action_client:/home/nakarin/RoboticsDev/install/examples_rclpy_guard_conditions:/home/nakarin/RoboticsDev/install/examples_rclpy_executors:/opt/ros/humble /usr/bin/cmake --install /home/nakarin/RoboticsDevExam2/build/sun_interfaces
[1.378s] Level 1:colcon.colcon_core.environment:create_environment_scripts_only(sun_pkg)
[1.378s] Level 1:colcon.colcon_core.environment:checking '/home/nakarin/RoboticsDevExam2/install/sun_pkg' for CMake module files
[1.379s] DEBUG:colcon.colcon_core.event_handler.log_command:Invoked command in '/home/nakarin/RoboticsDevExam2/build/sun_pkg' returned '0': CMAKE_PREFIX_PATH=${CMAKE_PREFIX_PATH}:/home/nakarin/RoboticsDev/install/launch_testing_examples:/home/nakarin/RoboticsDev/install/examples_rclpy_pointcloud_publisher:/home/nakarin/RoboticsDev/install/examples_rclpy_minimal_subscriber:/home/nakarin/RoboticsDev/install/examples_rclpy_minimal_service:/home/nakarin/RoboticsDev/install/examples_rclpy_minimal_publisher:/home/nakarin/RoboticsDev/install/examples_rclpy_minimal_client:/home/nakarin/RoboticsDev/install/examples_rclpy_minimal_action_server:/home/nakarin/RoboticsDev/install/examples_rclpy_minimal_action_client:/home/nakarin/RoboticsDev/install/examples_rclpy_guard_conditions:/home/nakarin/RoboticsDev/install/examples_rclpy_executors:/opt/ros/humble /usr/bin/cmake --install /home/nakarin/RoboticsDevExam2/build/sun_pkg
[1.379s] Level 1:colcon.colcon_core.environment:checking '/home/nakarin/RoboticsDevExam2/install/sun_pkg' for CMake config files
[1.380s] Level 1:colcon.colcon_core.shell:create_environment_hook('sun_pkg', 'cmake_prefix_path')
[1.380s] INFO:colcon.colcon_core.shell:Creating environment hook '/home/nakarin/RoboticsDevExam2/install/sun_pkg/share/sun_pkg/hook/cmake_prefix_path.ps1'
[1.381s] INFO:colcon.colcon_core.shell:Creating environment descriptor '/home/nakarin/RoboticsDevExam2/install/sun_pkg/share/sun_pkg/hook/cmake_prefix_path.dsv'
[1.381s] INFO:colcon.colcon_core.shell:Creating environment hook '/home/nakarin/RoboticsDevExam2/install/sun_pkg/share/sun_pkg/hook/cmake_prefix_path.sh'
[1.382s] Level 1:colcon.colcon_core.environment:checking '/home/nakarin/RoboticsDevExam2/install/sun_pkg/lib'
[1.382s] Level 1:colcon.colcon_core.environment:checking '/home/nakarin/RoboticsDevExam2/install/sun_pkg/bin'
[1.382s] Level 1:colcon.colcon_core.environment:checking '/home/nakarin/RoboticsDevExam2/install/sun_pkg/lib/pkgconfig/sun_pkg.pc'
[1.383s] Level 1:colcon.colcon_core.environment:checking '/home/nakarin/RoboticsDevExam2/install/sun_pkg/lib/python3.10/site-packages'
[1.383s] Level 1:colcon.colcon_core.environment:checking '/home/nakarin/RoboticsDevExam2/install/sun_pkg/bin'
[1.384s] INFO:colcon.colcon_core.shell:Creating package script '/home/nakarin/RoboticsDevExam2/install/sun_pkg/share/sun_pkg/package.ps1'
[1.384s] INFO:colcon.colcon_core.shell:Creating package descriptor '/home/nakarin/RoboticsDevExam2/install/sun_pkg/share/sun_pkg/package.dsv'
[1.385s] INFO:colcon.colcon_core.shell:Creating package script '/home/nakarin/RoboticsDevExam2/install/sun_pkg/share/sun_pkg/package.sh'
[1.389s] INFO:colcon.colcon_core.shell:Creating package script '/home/nakarin/RoboticsDevExam2/install/sun_pkg/share/sun_pkg/package.bash'
[1.392s] INFO:colcon.colcon_core.shell:Creating package script '/home/nakarin/RoboticsDevExam2/install/sun_pkg/share/sun_pkg/package.zsh'
[1.394s] Level 1:colcon.colcon_core.environment:create_file_with_runtime_dependencies(/home/nakarin/RoboticsDevExam2/install/sun_pkg/share/colcon-core/packages/sun_pkg)
[1.398s] DEBUG:colcon.colcon_core.event_handler.log_command:Invoking command in '/home/nakarin/RoboticsDevExam2/build/controller_interfaces': CMAKE_PREFIX_PATH=${CMAKE_PREFIX_PATH}:/home/nakarin/RoboticsDev/install/launch_testing_examples:/home/nakarin/RoboticsDev/install/examples_rclpy_pointcloud_publisher:/home/nakarin/RoboticsDev/install/examples_rclpy_minimal_subscriber:/home/nakarin/RoboticsDev/install/examples_rclpy_minimal_service:/home/nakarin/RoboticsDev/install/examples_rclpy_minimal_publisher:/home/nakarin/RoboticsDev/install/examples_rclpy_minimal_client:/home/nakarin/RoboticsDev/install/examples_rclpy_minimal_action_server:/home/nakarin/RoboticsDev/install/examples_rclpy_minimal_action_client:/home/nakarin/RoboticsDev/install/examples_rclpy_guard_conditions:/home/nakarin/RoboticsDev/install/examples_rclpy_executors:/opt/ros/humble /usr/bin/cmake --install /home/nakarin/RoboticsDevExam2/build/controller_interfaces
[1.402s] Level 1:colcon.colcon_core.environment:create_environment_scripts_only(saifa_pack)
[1.403s] Level 1:colcon.colcon_core.environment:checking '/home/nakarin/RoboticsDevExam2/install/saifa_pack' for CMake module files
[1.403s] Level 1:colcon.colcon_core.environment:checking '/home/nakarin/RoboticsDevExam2/install/saifa_pack' for CMake config files
[1.404s] Level 1:colcon.colcon_core.shell:create_environment_hook('saifa_pack', 'cmake_prefix_path')
[1.404s] INFO:colcon.colcon_core.shell:Creating environment hook '/home/nakarin/RoboticsDevExam2/install/saifa_pack/share/saifa_pack/hook/cmake_prefix_path.ps1'
[1.405s] INFO:colcon.colcon_core.shell:Creating environment descriptor '/home/nakarin/RoboticsDevExam2/install/saifa_pack/share/saifa_pack/hook/cmake_prefix_path.dsv'
[1.405s] INFO:colcon.colcon_core.shell:Creating environment hook '/home/nakarin/RoboticsDevExam2/install/saifa_pack/share/saifa_pack/hook/cmake_prefix_path.sh'
[1.406s] Level 1:colcon.colcon_core.environment:checking '/home/nakarin/RoboticsDevExam2/install/saifa_pack/lib'
[1.406s] Level 1:colcon.colcon_core.environment:checking '/home/nakarin/RoboticsDevExam2/install/saifa_pack/bin'
[1.406s] Level 1:colcon.colcon_core.environment:checking '/home/nakarin/RoboticsDevExam2/install/saifa_pack/lib/pkgconfig/saifa_pack.pc'
[1.407s] Level 1:colcon.colcon_core.environment:checking '/home/nakarin/RoboticsDevExam2/install/saifa_pack/lib/python3.10/site-packages'
[1.407s] Level 1:colcon.colcon_core.environment:checking '/home/nakarin/RoboticsDevExam2/install/saifa_pack/bin'
[1.408s] INFO:colcon.colcon_core.shell:Creating package script '/home/nakarin/RoboticsDevExam2/install/saifa_pack/share/saifa_pack/package.ps1'
[1.410s] INFO:colcon.colcon_core.shell:Creating package descriptor '/home/nakarin/RoboticsDevExam2/install/saifa_pack/share/saifa_pack/package.dsv'
[1.413s] INFO:colcon.colcon_core.shell:Creating package script '/home/nakarin/RoboticsDevExam2/install/saifa_pack/share/saifa_pack/package.sh'
[1.420s] INFO:colcon.colcon_core.shell:Creating package script '/home/nakarin/RoboticsDevExam2/install/saifa_pack/share/saifa_pack/package.bash'
[1.423s] INFO:colcon.colcon_core.shell:Creating package script '/home/nakarin/RoboticsDevExam2/install/saifa_pack/share/saifa_pack/package.zsh'
[1.424s] Level 1:colcon.colcon_core.environment:create_file_with_runtime_dependencies(/home/nakarin/RoboticsDevExam2/install/saifa_pack/share/colcon-core/packages/saifa_pack)
[1.426s] Level 1:colcon.colcon_core.environment:create_environment_scripts_only(sun_pkg)
[1.426s] Level 1:colcon.colcon_core.environment:checking '/home/nakarin/RoboticsDevExam2/install/sun_pkg' for CMake module files
[1.431s] Level 1:colcon.colcon_core.environment:checking '/home/nakarin/RoboticsDevExam2/install/sun_pkg' for CMake config files
[1.431s] Level 1:colcon.colcon_core.shell:create_environment_hook('sun_pkg', 'cmake_prefix_path')
[1.431s] INFO:colcon.colcon_core.shell:Creating environment hook '/home/nakarin/RoboticsDevExam2/install/sun_pkg/share/sun_pkg/hook/cmake_prefix_path.ps1'
[1.432s] INFO:colcon.colcon_core.shell:Creating environment descriptor '/home/nakarin/RoboticsDevExam2/install/sun_pkg/share/sun_pkg/hook/cmake_prefix_path.dsv'
[1.432s] INFO:colcon.colcon_core.shell:Creating environment hook '/home/nakarin/RoboticsDevExam2/install/sun_pkg/share/sun_pkg/hook/cmake_prefix_path.sh'
[1.432s] Level 1:colcon.colcon_core.environment:checking '/home/nakarin/RoboticsDevExam2/install/sun_pkg/lib'
[1.432s] Level 1:colcon.colcon_core.environment:checking '/home/nakarin/RoboticsDevExam2/install/sun_pkg/bin'
[1.433s] Level 1:colcon.colcon_core.environment:checking '/home/nakarin/RoboticsDevExam2/install/sun_pkg/lib/pkgconfig/sun_pkg.pc'
[1.433s] Level 1:colcon.colcon_core.environment:checking '/home/nakarin/RoboticsDevExam2/install/sun_pkg/lib/python3.10/site-packages'
[1.433s] Level 1:colcon.colcon_core.environment:checking '/home/nakarin/RoboticsDevExam2/install/sun_pkg/bin'
[1.433s] INFO:colcon.colcon_core.shell:Creating package script '/home/nakarin/RoboticsDevExam2/install/sun_pkg/share/sun_pkg/package.ps1'
[1.434s] INFO:colcon.colcon_core.shell:Creating package descriptor '/home/nakarin/RoboticsDevExam2/install/sun_pkg/share/sun_pkg/package.dsv'
[1.434s] INFO:colcon.colcon_core.shell:Creating package script '/home/nakarin/RoboticsDevExam2/install/sun_pkg/share/sun_pkg/package.sh'
[1.434s] INFO:colcon.colcon_core.shell:Creating package script '/home/nakarin/RoboticsDevExam2/install/sun_pkg/share/sun_pkg/package.bash'
[1.435s] INFO:colcon.colcon_core.shell:Creating package script '/home/nakarin/RoboticsDevExam2/install/sun_pkg/share/sun_pkg/package.zsh'
[1.435s] Level 1:colcon.colcon_core.environment:create_file_with_runtime_dependencies(/home/nakarin/RoboticsDevExam2/install/sun_pkg/share/colcon-core/packages/sun_pkg)
[1.435s] Level 1:colcon.colcon_core.environment:create_environment_scripts_only(turtlesim_plus_interfaces)
[1.436s] Level 1:colcon.colcon_core.environment:checking '/home/nakarin/RoboticsDevExam2/install/turtlesim_plus_interfaces' for CMake module files
[1.437s] Level 1:colcon.colcon_core.environment:checking '/home/nakarin/RoboticsDevExam2/install/turtlesim_plus_interfaces' for CMake config files
[1.437s] DEBUG:colcon.colcon_core.event_handler.log_command:Invoked command in '/home/nakarin/RoboticsDevExam2/build/turtlesim_plus_interfaces' returned '0': CMAKE_PREFIX_PATH=${CMAKE_PREFIX_PATH}:/home/nakarin/RoboticsDev/install/launch_testing_examples:/home/nakarin/RoboticsDev/install/examples_rclpy_pointcloud_publisher:/home/nakarin/RoboticsDev/install/examples_rclpy_minimal_subscriber:/home/nakarin/RoboticsDev/install/examples_rclpy_minimal_service:/home/nakarin/RoboticsDev/install/examples_rclpy_minimal_publisher:/home/nakarin/RoboticsDev/install/examples_rclpy_minimal_client:/home/nakarin/RoboticsDev/install/examples_rclpy_minimal_action_server:/home/nakarin/RoboticsDev/install/examples_rclpy_minimal_action_client:/home/nakarin/RoboticsDev/install/examples_rclpy_guard_conditions:/home/nakarin/RoboticsDev/install/examples_rclpy_executors:/opt/ros/humble /usr/bin/cmake --install /home/nakarin/RoboticsDevExam2/build/turtlesim_plus_interfaces
[1.438s] Level 1:colcon.colcon_core.shell:create_environment_hook('turtlesim_plus_interfaces', 'cmake_prefix_path')
[1.438s] INFO:colcon.colcon_core.shell:Creating environment hook '/home/nakarin/RoboticsDevExam2/install/turtlesim_plus_interfaces/share/turtlesim_plus_interfaces/hook/cmake_prefix_path.ps1'
[1.438s] INFO:colcon.colcon_core.shell:Creating environment descriptor '/home/nakarin/RoboticsDevExam2/install/turtlesim_plus_interfaces/share/turtlesim_plus_interfaces/hook/cmake_prefix_path.dsv'
[1.439s] INFO:colcon.colcon_core.shell:Creating environment hook '/home/nakarin/RoboticsDevExam2/install/turtlesim_plus_interfaces/share/turtlesim_plus_interfaces/hook/cmake_prefix_path.sh'
[1.439s] Level 1:colcon.colcon_core.environment:checking '/home/nakarin/RoboticsDevExam2/install/turtlesim_plus_interfaces/lib'
[1.439s] Level 1:colcon.colcon_core.shell:create_environment_hook('turtlesim_plus_interfaces', 'ld_library_path_lib')
[1.440s] INFO:colcon.colcon_core.shell:Creating environment hook '/home/nakarin/RoboticsDevExam2/install/turtlesim_plus_interfaces/share/turtlesim_plus_interfaces/hook/ld_library_path_lib.ps1'
[1.440s] INFO:colcon.colcon_core.shell:Creating environment descriptor '/home/nakarin/RoboticsDevExam2/install/turtlesim_plus_interfaces/share/turtlesim_plus_interfaces/hook/ld_library_path_lib.dsv'
[1.440s] INFO:colcon.colcon_core.shell:Creating environment hook '/home/nakarin/RoboticsDevExam2/install/turtlesim_plus_interfaces/share/turtlesim_plus_interfaces/hook/ld_library_path_lib.sh'
[1.442s] Level 1:colcon.colcon_core.environment:checking '/home/nakarin/RoboticsDevExam2/install/turtlesim_plus_interfaces/bin'
[1.442s] Level 1:colcon.colcon_core.environment:checking '/home/nakarin/RoboticsDevExam2/install/turtlesim_plus_interfaces/lib/pkgconfig/turtlesim_plus_interfaces.pc'
[1.442s] Level 1:colcon.colcon_core.environment:checking '/home/nakarin/RoboticsDevExam2/install/turtlesim_plus_interfaces/lib/python3.10/site-packages'
[1.442s] Level 1:colcon.colcon_core.environment:checking '/home/nakarin/RoboticsDevExam2/install/turtlesim_plus_interfaces/bin'
[1.443s] INFO:colcon.colcon_core.shell:Creating package script '/home/nakarin/RoboticsDevExam2/install/turtlesim_plus_interfaces/share/turtlesim_plus_interfaces/package.ps1'
[1.444s] INFO:colcon.colcon_core.shell:Creating package descriptor '/home/nakarin/RoboticsDevExam2/install/turtlesim_plus_interfaces/share/turtlesim_plus_interfaces/package.dsv'
[1.445s] INFO:colcon.colcon_core.shell:Creating package script '/home/nakarin/RoboticsDevExam2/install/turtlesim_plus_interfaces/share/turtlesim_plus_interfaces/package.sh'
[1.446s] INFO:colcon.colcon_core.shell:Creating package script '/home/nakarin/RoboticsDevExam2/install/turtlesim_plus_interfaces/share/turtlesim_plus_interfaces/package.bash'
[1.448s] INFO:colcon.colcon_core.shell:Creating package script '/home/nakarin/RoboticsDevExam2/install/turtlesim_plus_interfaces/share/turtlesim_plus_interfaces/package.zsh'
[1.448s] Level 1:colcon.colcon_core.environment:create_file_with_runtime_dependencies(/home/nakarin/RoboticsDevExam2/install/turtlesim_plus_interfaces/share/colcon-core/packages/turtlesim_plus_interfaces)
[1.449s] Level 1:colcon.colcon_core.environment:create_environment_scripts_only(sun_interfaces)
[1.450s] Level 1:colcon.colcon_core.environment:checking '/home/nakarin/RoboticsDevExam2/install/sun_interfaces' for CMake module files
[1.450s] DEBUG:colcon.colcon_core.event_handler.log_command:Invoked command in '/home/nakarin/RoboticsDevExam2/build/sun_interfaces' returned '0': CMAKE_PREFIX_PATH=${CMAKE_PREFIX_PATH}:/home/nakarin/RoboticsDev/install/launch_testing_examples:/home/nakarin/RoboticsDev/install/examples_rclpy_pointcloud_publisher:/home/nakarin/RoboticsDev/install/examples_rclpy_minimal_subscriber:/home/nakarin/RoboticsDev/install/examples_rclpy_minimal_service:/home/nakarin/RoboticsDev/install/examples_rclpy_minimal_publisher:/home/nakarin/RoboticsDev/install/examples_rclpy_minimal_client:/home/nakarin/RoboticsDev/install/examples_rclpy_minimal_action_server:/home/nakarin/RoboticsDev/install/examples_rclpy_minimal_action_client:/home/nakarin/RoboticsDev/install/examples_rclpy_guard_conditions:/home/nakarin/RoboticsDev/install/examples_rclpy_executors:/opt/ros/humble /usr/bin/cmake --install /home/nakarin/RoboticsDevExam2/build/sun_interfaces
[1.451s] Level 1:colcon.colcon_core.environment:checking '/home/nakarin/RoboticsDevExam2/install/sun_interfaces' for CMake config files
[1.451s] Level 1:colcon.colcon_core.shell:create_environment_hook('sun_interfaces', 'cmake_prefix_path')
[1.451s] INFO:colcon.colcon_core.shell:Creating environment hook '/home/nakarin/RoboticsDevExam2/install/sun_interfaces/share/sun_interfaces/hook/cmake_prefix_path.ps1'
[1.451s] INFO:colcon.colcon_core.shell:Creating environment descriptor '/home/nakarin/RoboticsDevExam2/install/sun_interfaces/share/sun_interfaces/hook/cmake_prefix_path.dsv'
[1.452s] INFO:colcon.colcon_core.shell:Creating environment hook '/home/nakarin/RoboticsDevExam2/install/sun_interfaces/share/sun_interfaces/hook/cmake_prefix_path.sh'
[1.452s] Level 1:colcon.colcon_core.environment:checking '/home/nakarin/RoboticsDevExam2/install/sun_interfaces/lib'
[1.452s] Level 1:colcon.colcon_core.shell:create_environment_hook('sun_interfaces', 'ld_library_path_lib')
[1.452s] INFO:colcon.colcon_core.shell:Creating environment hook '/home/nakarin/RoboticsDevExam2/install/sun_interfaces/share/sun_interfaces/hook/ld_library_path_lib.ps1'
[1.453s] INFO:colcon.colcon_core.shell:Creating environment descriptor '/home/nakarin/RoboticsDevExam2/install/sun_interfaces/share/sun_interfaces/hook/ld_library_path_lib.dsv'
[1.453s] INFO:colcon.colcon_core.shell:Creating environment hook '/home/nakarin/RoboticsDevExam2/install/sun_interfaces/share/sun_interfaces/hook/ld_library_path_lib.sh'
[1.453s] Level 1:colcon.colcon_core.environment:checking '/home/nakarin/RoboticsDevExam2/install/sun_interfaces/bin'
[1.453s] Level 1:colcon.colcon_core.environment:checking '/home/nakarin/RoboticsDevExam2/install/sun_interfaces/lib/pkgconfig/sun_interfaces.pc'
[1.453s] Level 1:colcon.colcon_core.environment:checking '/home/nakarin/RoboticsDevExam2/install/sun_interfaces/lib/python3.10/site-packages'
[1.454s] Level 1:colcon.colcon_core.environment:checking '/home/nakarin/RoboticsDevExam2/install/sun_interfaces/bin'
[1.454s] INFO:colcon.colcon_core.shell:Creating package script '/home/nakarin/RoboticsDevExam2/install/sun_interfaces/share/sun_interfaces/package.ps1'
[1.454s] INFO:colcon.colcon_core.shell:Creating package descriptor '/home/nakarin/RoboticsDevExam2/install/sun_interfaces/share/sun_interfaces/package.dsv'
[1.455s] INFO:colcon.colcon_core.shell:Creating package script '/home/nakarin/RoboticsDevExam2/install/sun_interfaces/share/sun_interfaces/package.sh'
[1.455s] INFO:colcon.colcon_core.shell:Creating package script '/home/nakarin/RoboticsDevExam2/install/sun_interfaces/share/sun_interfaces/package.bash'
[1.455s] INFO:colcon.colcon_core.shell:Creating package script '/home/nakarin/RoboticsDevExam2/install/sun_interfaces/share/sun_interfaces/package.zsh'
[1.456s] Level 1:colcon.colcon_core.environment:create_file_with_runtime_dependencies(/home/nakarin/RoboticsDevExam2/install/sun_interfaces/share/colcon-core/packages/sun_interfaces)
[1.474s] Level 1:colcon.colcon_core.environment:create_environment_scripts_only(controller_interfaces)
[1.475s] Level 1:colcon.colcon_core.environment:checking '/home/nakarin/RoboticsDevExam2/install/controller_interfaces' for CMake module files
[1.475s] DEBUG:colcon.colcon_core.event_handler.log_command:Invoked command in '/home/nakarin/RoboticsDevExam2/build/controller_interfaces' returned '0': CMAKE_PREFIX_PATH=${CMAKE_PREFIX_PATH}:/home/nakarin/RoboticsDev/install/launch_testing_examples:/home/nakarin/RoboticsDev/install/examples_rclpy_pointcloud_publisher:/home/nakarin/RoboticsDev/install/examples_rclpy_minimal_subscriber:/home/nakarin/RoboticsDev/install/examples_rclpy_minimal_service:/home/nakarin/RoboticsDev/install/examples_rclpy_minimal_publisher:/home/nakarin/RoboticsDev/install/examples_rclpy_minimal_client:/home/nakarin/RoboticsDev/install/examples_rclpy_minimal_action_server:/home/nakarin/RoboticsDev/install/examples_rclpy_minimal_action_client:/home/nakarin/RoboticsDev/install/examples_rclpy_guard_conditions:/home/nakarin/RoboticsDev/install/examples_rclpy_executors:/opt/ros/humble /usr/bin/cmake --install /home/nakarin/RoboticsDevExam2/build/controller_interfaces
[1.476s] Level 1:colcon.colcon_core.environment:checking '/home/nakarin/RoboticsDevExam2/install/controller_interfaces' for CMake config files
[1.476s] Level 1:colcon.colcon_core.shell:create_environment_hook('controller_interfaces', 'cmake_prefix_path')
[1.476s] INFO:colcon.colcon_core.shell:Creating environment hook '/home/nakarin/RoboticsDevExam2/install/controller_interfaces/share/controller_interfaces/hook/cmake_prefix_path.ps1'
[1.477s] INFO:colcon.colcon_core.shell:Creating environment descriptor '/home/nakarin/RoboticsDevExam2/install/controller_interfaces/share/controller_interfaces/hook/cmake_prefix_path.dsv'
[1.477s] INFO:colcon.colcon_core.shell:Creating environment hook '/home/nakarin/RoboticsDevExam2/install/controller_interfaces/share/controller_interfaces/hook/cmake_prefix_path.sh'
[1.477s] Level 1:colcon.colcon_core.environment:checking '/home/nakarin/RoboticsDevExam2/install/controller_interfaces/lib'
[1.477s] Level 1:colcon.colcon_core.shell:create_environment_hook('controller_interfaces', 'ld_library_path_lib')
[1.478s] INFO:colcon.colcon_core.shell:Creating environment hook '/home/nakarin/RoboticsDevExam2/install/controller_interfaces/share/controller_interfaces/hook/ld_library_path_lib.ps1'
[1.478s] INFO:colcon.colcon_core.shell:Creating environment descriptor '/home/nakarin/RoboticsDevExam2/install/controller_interfaces/share/controller_interfaces/hook/ld_library_path_lib.dsv'
[1.478s] INFO:colcon.colcon_core.shell:Creating environment hook '/home/nakarin/RoboticsDevExam2/install/controller_interfaces/share/controller_interfaces/hook/ld_library_path_lib.sh'
[1.479s] Level 1:colcon.colcon_core.environment:checking '/home/nakarin/RoboticsDevExam2/install/controller_interfaces/bin'
[1.479s] Level 1:colcon.colcon_core.environment:checking '/home/nakarin/RoboticsDevExam2/install/controller_interfaces/lib/pkgconfig/controller_interfaces.pc'
[1.479s] Level 1:colcon.colcon_core.environment:checking '/home/nakarin/RoboticsDevExam2/install/controller_interfaces/lib/python3.10/site-packages'
[1.479s] Level 1:colcon.colcon_core.environment:checking '/home/nakarin/RoboticsDevExam2/install/controller_interfaces/bin'
[1.479s] INFO:colcon.colcon_core.shell:Creating package script '/home/nakarin/RoboticsDevExam2/install/controller_interfaces/share/controller_interfaces/package.ps1'
[1.480s] INFO:colcon.colcon_core.shell:Creating package descriptor '/home/nakarin/RoboticsDevExam2/install/controller_interfaces/share/controller_interfaces/package.dsv'
[1.480s] INFO:colcon.colcon_core.shell:Creating package script '/home/nakarin/RoboticsDevExam2/install/controller_interfaces/share/controller_interfaces/package.sh'
[1.480s] INFO:colcon.colcon_core.shell:Creating package script '/home/nakarin/RoboticsDevExam2/install/controller_interfaces/share/controller_interfaces/package.bash'
[1.481s] INFO:colcon.colcon_core.shell:Creating package script '/home/nakarin/RoboticsDevExam2/install/controller_interfaces/share/controller_interfaces/package.zsh'
[1.481s] Level 1:colcon.colcon_core.environment:create_file_with_runtime_dependencies(/home/nakarin/RoboticsDevExam2/install/controller_interfaces/share/colcon-core/packages/controller_interfaces)
[1.509s] Level 1:colcon.colcon_core.environment:create_environment_scripts_only(sun_interfaces)
[1.510s] Level 1:colcon.colcon_core.environment:checking '/home/nakarin/RoboticsDevExam2/install/sun_interfaces' for CMake module files
[1.510s] Level 1:colcon.colcon_core.environment:checking '/home/nakarin/RoboticsDevExam2/install/sun_interfaces' for CMake config files
[1.510s] Level 1:colcon.colcon_core.shell:create_environment_hook('sun_interfaces', 'cmake_prefix_path')
[1.510s] INFO:colcon.colcon_core.shell:Creating environment hook '/home/nakarin/RoboticsDevExam2/install/sun_interfaces/share/sun_interfaces/hook/cmake_prefix_path.ps1'
[1.511s] INFO:colcon.colcon_core.shell:Creating environment descriptor '/home/nakarin/RoboticsDevExam2/install/sun_interfaces/share/sun_interfaces/hook/cmake_prefix_path.dsv'
[1.511s] INFO:colcon.colcon_core.shell:Creating environment hook '/home/nakarin/RoboticsDevExam2/install/sun_interfaces/share/sun_interfaces/hook/cmake_prefix_path.sh'
[1.512s] Level 1:colcon.colcon_core.environment:checking '/home/nakarin/RoboticsDevExam2/install/sun_interfaces/lib'
[1.512s] Level 1:colcon.colcon_core.shell:create_environment_hook('sun_interfaces', 'ld_library_path_lib')
[1.512s] INFO:colcon.colcon_core.shell:Creating environment hook '/home/nakarin/RoboticsDevExam2/install/sun_interfaces/share/sun_interfaces/hook/ld_library_path_lib.ps1'
[1.512s] INFO:colcon.colcon_core.shell:Creating environment descriptor '/home/nakarin/RoboticsDevExam2/install/sun_interfaces/share/sun_interfaces/hook/ld_library_path_lib.dsv'
[1.512s] INFO:colcon.colcon_core.shell:Creating environment hook '/home/nakarin/RoboticsDevExam2/install/sun_interfaces/share/sun_interfaces/hook/ld_library_path_lib.sh'
[1.513s] Level 1:colcon.colcon_core.environment:checking '/home/nakarin/RoboticsDevExam2/install/sun_interfaces/bin'
[1.513s] Level 1:colcon.colcon_core.environment:checking '/home/nakarin/RoboticsDevExam2/install/sun_interfaces/lib/pkgconfig/sun_interfaces.pc'
[1.513s] Level 1:colcon.colcon_core.environment:checking '/home/nakarin/RoboticsDevExam2/install/sun_interfaces/lib/python3.10/site-packages'
[1.513s] Level 1:colcon.colcon_core.environment:checking '/home/nakarin/RoboticsDevExam2/install/sun_interfaces/bin'
[1.513s] INFO:colcon.colcon_core.shell:Creating package script '/home/nakarin/RoboticsDevExam2/install/sun_interfaces/share/sun_interfaces/package.ps1'
[1.514s] INFO:colcon.colcon_core.shell:Creating package descriptor '/home/nakarin/RoboticsDevExam2/install/sun_interfaces/share/sun_interfaces/package.dsv'
[1.514s] INFO:colcon.colcon_core.shell:Creating package script '/home/nakarin/RoboticsDevExam2/install/sun_interfaces/share/sun_interfaces/package.sh'
[1.515s] INFO:colcon.colcon_core.shell:Creating package script '/home/nakarin/RoboticsDevExam2/install/sun_interfaces/share/sun_interfaces/package.bash'
[1.515s] INFO:colcon.colcon_core.shell:Creating package script '/home/nakarin/RoboticsDevExam2/install/sun_interfaces/share/sun_interfaces/package.zsh'
[1.515s] Level 1:colcon.colcon_core.environment:create_file_with_runtime_dependencies(/home/nakarin/RoboticsDevExam2/install/sun_interfaces/share/colcon-core/packages/sun_interfaces)
[1.549s] Level 1:colcon.colcon_core.environment:create_environment_scripts_only(controller_interfaces)
[1.549s] Level 1:colcon.colcon_core.environment:checking '/home/nakarin/RoboticsDevExam2/install/controller_interfaces' for CMake module files
[1.550s] Level 1:colcon.colcon_core.environment:checking '/home/nakarin/RoboticsDevExam2/install/controller_interfaces' for CMake config files
[1.550s] Level 1:colcon.colcon_core.shell:create_environment_hook('controller_interfaces', 'cmake_prefix_path')
[1.551s] INFO:colcon.colcon_core.shell:Creating environment hook '/home/nakarin/RoboticsDevExam2/install/controller_interfaces/share/controller_interfaces/hook/cmake_prefix_path.ps1'
[1.551s] INFO:colcon.colcon_core.shell:Creating environment descriptor '/home/nakarin/RoboticsDevExam2/install/controller_interfaces/share/controller_interfaces/hook/cmake_prefix_path.dsv'
[1.551s] INFO:colcon.colcon_core.shell:Creating environment hook '/home/nakarin/RoboticsDevExam2/install/controller_interfaces/share/controller_interfaces/hook/cmake_prefix_path.sh'
[1.552s] Level 1:colcon.colcon_core.environment:checking '/home/nakarin/RoboticsDevExam2/install/controller_interfaces/lib'
[1.552s] Level 1:colcon.colcon_core.shell:create_environment_hook('controller_interfaces', 'ld_library_path_lib')
[1.552s] INFO:colcon.colcon_core.shell:Creating environment hook '/home/nakarin/RoboticsDevExam2/install/controller_interfaces/share/controller_interfaces/hook/ld_library_path_lib.ps1'
[1.552s] INFO:colcon.colcon_core.shell:Creating environment descriptor '/home/nakarin/RoboticsDevExam2/install/controller_interfaces/share/controller_interfaces/hook/ld_library_path_lib.dsv'
[1.553s] INFO:colcon.colcon_core.shell:Creating environment hook '/home/nakarin/RoboticsDevExam2/install/controller_interfaces/share/controller_interfaces/hook/ld_library_path_lib.sh'
[1.553s] Level 1:colcon.colcon_core.environment:checking '/home/nakarin/RoboticsDevExam2/install/controller_interfaces/bin'
[1.553s] Level 1:colcon.colcon_core.environment:checking '/home/nakarin/RoboticsDevExam2/install/controller_interfaces/lib/pkgconfig/controller_interfaces.pc'
[1.553s] Level 1:colcon.colcon_core.environment:checking '/home/nakarin/RoboticsDevExam2/install/controller_interfaces/lib/python3.10/site-packages'
[1.553s] Level 1:colcon.colcon_core.environment:checking '/home/nakarin/RoboticsDevExam2/install/controller_interfaces/bin'
[1.554s] INFO:colcon.colcon_core.shell:Creating package script '/home/nakarin/RoboticsDevExam2/install/controller_interfaces/share/controller_interfaces/package.ps1'
[1.554s] INFO:colcon.colcon_core.shell:Creating package descriptor '/home/nakarin/RoboticsDevExam2/install/controller_interfaces/share/controller_interfaces/package.dsv'
[1.555s] INFO:colcon.colcon_core.shell:Creating package script '/home/nakarin/RoboticsDevExam2/install/controller_interfaces/share/controller_interfaces/package.sh'
[1.555s] INFO:colcon.colcon_core.shell:Creating package script '/home/nakarin/RoboticsDevExam2/install/controller_interfaces/share/controller_interfaces/package.bash'
[1.556s] INFO:colcon.colcon_core.shell:Creating package script '/home/nakarin/RoboticsDevExam2/install/controller_interfaces/share/controller_interfaces/package.zsh'
[1.556s] Level 1:colcon.colcon_core.environment:create_file_with_runtime_dependencies(/home/nakarin/RoboticsDevExam2/install/controller_interfaces/share/colcon-core/packages/controller_interfaces)
[1.557s] Level 1:colcon.colcon_core.environment:create_environment_scripts_only(turtlesim_plus_interfaces)
[1.557s] Level 1:colcon.colcon_core.environment:checking '/home/nakarin/RoboticsDevExam2/install/turtlesim_plus_interfaces' for CMake module files
[1.558s] Level 1:colcon.colcon_core.environment:checking '/home/nakarin/RoboticsDevExam2/install/turtlesim_plus_interfaces' for CMake config files
[1.558s] Level 1:colcon.colcon_core.shell:create_environment_hook('turtlesim_plus_interfaces', 'cmake_prefix_path')
[1.558s] INFO:colcon.colcon_core.shell:Creating environment hook '/home/nakarin/RoboticsDevExam2/install/turtlesim_plus_interfaces/share/turtlesim_plus_interfaces/hook/cmake_prefix_path.ps1'
[1.559s] INFO:colcon.colcon_core.shell:Creating environment descriptor '/home/nakarin/RoboticsDevExam2/install/turtlesim_plus_interfaces/share/turtlesim_plus_interfaces/hook/cmake_prefix_path.dsv'
[1.559s] INFO:colcon.colcon_core.shell:Creating environment hook '/home/nakarin/RoboticsDevExam2/install/turtlesim_plus_interfaces/share/turtlesim_plus_interfaces/hook/cmake_prefix_path.sh'
[1.559s] Level 1:colcon.colcon_core.environment:checking '/home/nakarin/RoboticsDevExam2/install/turtlesim_plus_interfaces/lib'
[1.560s] Level 1:colcon.colcon_core.shell:create_environment_hook('turtlesim_plus_interfaces', 'ld_library_path_lib')
[1.560s] INFO:colcon.colcon_core.shell:Creating environment hook '/home/nakarin/RoboticsDevExam2/install/turtlesim_plus_interfaces/share/turtlesim_plus_interfaces/hook/ld_library_path_lib.ps1'
[1.560s] INFO:colcon.colcon_core.shell:Creating environment descriptor '/home/nakarin/RoboticsDevExam2/install/turtlesim_plus_interfaces/share/turtlesim_plus_interfaces/hook/ld_library_path_lib.dsv'
[1.560s] INFO:colcon.colcon_core.shell:Creating environment hook '/home/nakarin/RoboticsDevExam2/install/turtlesim_plus_interfaces/share/turtlesim_plus_interfaces/hook/ld_library_path_lib.sh'
[1.561s] Level 1:colcon.colcon_core.environment:checking '/home/nakarin/RoboticsDevExam2/install/turtlesim_plus_interfaces/bin'
[1.561s] Level 1:colcon.colcon_core.environment:checking '/home/nakarin/RoboticsDevExam2/install/turtlesim_plus_interfaces/lib/pkgconfig/turtlesim_plus_interfaces.pc'
[1.561s] Level 1:colcon.colcon_core.environment:checking '/home/nakarin/RoboticsDevExam2/install/turtlesim_plus_interfaces/lib/python3.10/site-packages'
[1.561s] Level 1:colcon.colcon_core.environment:checking '/home/nakarin/RoboticsDevExam2/install/turtlesim_plus_interfaces/bin'
[1.561s] INFO:colcon.colcon_core.shell:Creating package script '/home/nakarin/RoboticsDevExam2/install/turtlesim_plus_interfaces/share/turtlesim_plus_interfaces/package.ps1'
[1.562s] INFO:colcon.colcon_core.shell:Creating package descriptor '/home/nakarin/RoboticsDevExam2/install/turtlesim_plus_interfaces/share/turtlesim_plus_interfaces/package.dsv'
[1.562s] INFO:colcon.colcon_core.shell:Creating package script '/home/nakarin/RoboticsDevExam2/install/turtlesim_plus_interfaces/share/turtlesim_plus_interfaces/package.sh'
[1.563s] INFO:colcon.colcon_core.shell:Creating package script '/home/nakarin/RoboticsDevExam2/install/turtlesim_plus_interfaces/share/turtlesim_plus_interfaces/package.bash'
[1.563s] INFO:colcon.colcon_core.shell:Creating package script '/home/nakarin/RoboticsDevExam2/install/turtlesim_plus_interfaces/share/turtlesim_plus_interfaces/package.zsh'
[1.563s] Level 1:colcon.colcon_core.environment:create_file_with_runtime_dependencies(/home/nakarin/RoboticsDevExam2/install/turtlesim_plus_interfaces/share/colcon-core/packages/turtlesim_plus_interfaces)
[1.563s] DEBUG:colcon.colcon_parallel_executor.executor.parallel:closing loop
[1.564s] DEBUG:colcon.colcon_parallel_executor.executor.parallel:loop closed
[1.564s] DEBUG:colcon.colcon_parallel_executor.executor.parallel:run_until_complete finished with '0'
[1.564s] DEBUG:colcon.colcon_core.event_reactor:joining thread
[1.569s] INFO:colcon.colcon_core.plugin_system:Skipping extension 'colcon_notification.desktop_notification.terminal_notifier': Not used on non-Darwin systems
[1.569s] INFO:colcon.colcon_core.plugin_system:Skipping extension 'colcon_notification.desktop_notification.win32': Not used on non-Windows systems
[1.569s] INFO:colcon.colcon_notification.desktop_notification:Sending desktop notification using 'notify2'
[1.578s] DEBUG:colcon.colcon_core.event_reactor:joined thread
[1.579s] INFO:colcon.colcon_core.shell:Creating prefix script '/home/nakarin/RoboticsDevExam2/install/local_setup.ps1'
[1.580s] INFO:colcon.colcon_core.shell:Creating prefix util module '/home/nakarin/RoboticsDevExam2/install/_local_setup_util_ps1.py'
[1.581s] INFO:colcon.colcon_core.shell:Creating prefix chain script '/home/nakarin/RoboticsDevExam2/install/setup.ps1'
[1.583s] INFO:colcon.colcon_core.shell:Creating prefix script '/home/nakarin/RoboticsDevExam2/install/local_setup.sh'
[1.584s] INFO:colcon.colcon_core.shell:Creating prefix util module '/home/nakarin/RoboticsDevExam2/install/_local_setup_util_sh.py'
[1.584s] INFO:colcon.colcon_core.shell:Creating prefix chain script '/home/nakarin/RoboticsDevExam2/install/setup.sh'
[1.587s] INFO:colcon.colcon_core.shell:Creating prefix script '/home/nakarin/RoboticsDevExam2/install/local_setup.bash'
[1.588s] INFO:colcon.colcon_core.shell:Creating prefix chain script '/home/nakarin/RoboticsDevExam2/install/setup.bash'
[1.590s] INFO:colcon.colcon_core.shell:Creating prefix script '/home/nakarin/RoboticsDevExam2/install/local_setup.zsh'
[1.590s] INFO:colcon.colcon_core.shell:Creating prefix chain script '/home/nakarin/RoboticsDevExam2/install/setup.zsh'
