[0.035s] Invoking command in '/home/nakarin/RoboticsDevExam2/build/controller_interfaces': CMAKE_PREFIX_PATH=${CMAKE_PREFIX_PATH}:/home/nakarin/RoboticsDev/install/launch_testing_examples:/home/nakarin/RoboticsDev/install/examples_rclpy_pointcloud_publisher:/home/nakarin/RoboticsDev/install/examples_rclpy_minimal_subscriber:/home/nakarin/RoboticsDev/install/examples_rclpy_minimal_service:/home/nakarin/RoboticsDev/install/examples_rclpy_minimal_publisher:/home/nakarin/RoboticsDev/install/examples_rclpy_minimal_client:/home/nakarin/RoboticsDev/install/examples_rclpy_minimal_action_server:/home/nakarin/RoboticsDev/install/examples_rclpy_minimal_action_client:/home/nakarin/RoboticsDev/install/examples_rclpy_guard_conditions:/home/nakarin/RoboticsDev/install/examples_rclpy_executors:/opt/ros/humble /usr/bin/cmake /home/nakarin/RoboticsDevExam2/src/controller_interfaces -DCMAKE_INSTALL_PREFIX=/home/nakarin/RoboticsDevExam2/install/controller_interfaces
[0.101s] -- The C compiler identification is GNU 11.4.0
[0.176s] -- The CXX compiler identification is GNU 11.4.0
[0.187s] -- Detecting C compiler ABI info
[0.260s] -- Detecting C compiler ABI info - done
[0.275s] -- Check for working C compiler: /usr/bin/cc - skipped
[0.276s] -- Detecting C compile features
[0.276s] -- Detecting C compile features - done
[0.281s] -- Detecting CXX compiler ABI info
[0.378s] -- Detecting CXX compiler ABI info - done
[0.392s] -- Check for working CXX compiler: /usr/bin/c++ - skipped
[0.392s] -- Detecting CXX compile features
[0.392s] -- Detecting CXX compile features - done
[0.399s] -- Found ament_cmake: 1.3.10 (/opt/ros/humble/share/ament_cmake/cmake)
[0.664s] -- Found Python3: /usr/bin/python3 (found version "3.10.12") found components: Interpreter 
[0.880s] -- Found geometry_msgs: 4.2.4 (/opt/ros/humble/share/geometry_msgs/cmake)
[0.971s] -- Found rosidl_generator_c: 3.1.5 (/opt/ros/humble/share/rosidl_generator_c/cmake)
[0.987s] -- Found rosidl_adapter: 3.1.5 (/opt/ros/humble/share/rosidl_adapter/cmake)
[1.007s] -- Found rosidl_generator_cpp: 3.1.5 (/opt/ros/humble/share/rosidl_generator_cpp/cmake)
[1.038s] -- Using all available rosidl_typesupport_c: rosidl_typesupport_fastrtps_c;rosidl_typesupport_introspection_c
[1.079s] -- Using all available rosidl_typesupport_cpp: rosidl_typesupport_fastrtps_cpp;rosidl_typesupport_introspection_cpp
[1.163s] -- Found rosidl_default_generators: 1.2.0 (/opt/ros/humble/share/rosidl_default_generators/cmake)
[1.191s] -- Found ament_lint_auto: 0.12.11 (/opt/ros/humble/share/ament_lint_auto/cmake)
[1.802s] -- Found ament_cmake_ros: 0.10.0 (/opt/ros/humble/share/ament_cmake_ros/cmake)
[2.705s] -- Using all available rosidl_typesupport_c: rosidl_typesupport_fastrtps_c;rosidl_typesupport_introspection_c
[3.124s] -- Using all available rosidl_typesupport_cpp: rosidl_typesupport_fastrtps_cpp;rosidl_typesupport_introspection_cpp
[3.187s] -- Found PythonInterp: /usr/bin/python3 (found suitable version "3.10.12", minimum required is "3.6") 
[3.193s] -- Found python_cmake_module: 0.10.0 (/opt/ros/humble/share/python_cmake_module/cmake)
[3.254s] -- Found PythonLibs: /usr/lib/x86_64-linux-gnu/libpython3.10.so (found suitable version "3.10.12", minimum required is "3.5") 
[3.254s] -- Using PYTHON_EXECUTABLE: /usr/bin/python3
[3.254s] -- Using PYTHON_INCLUDE_DIRS: /usr/include/python3.10
[3.254s] -- Using PYTHON_LIBRARIES: /usr/lib/x86_64-linux-gnu/libpython3.10.so
[3.301s] -- Found PythonExtra: .so  
[3.494s] -- Added test 'lint_cmake' to check CMake code style
[3.495s] -- Added test 'xmllint' to check XML markup files
[3.506s] -- Configuring done
[3.559s] -- Generating done
[3.564s] -- Build files have been written to: /home/nakarin/RoboticsDevExam2/build/controller_interfaces
[3.584s] Invoked command in '/home/nakarin/RoboticsDevExam2/build/controller_interfaces' returned '0': CMAKE_PREFIX_PATH=${CMAKE_PREFIX_PATH}:/home/nakarin/RoboticsDev/install/launch_testing_examples:/home/nakarin/RoboticsDev/install/examples_rclpy_pointcloud_publisher:/home/nakarin/RoboticsDev/install/examples_rclpy_minimal_subscriber:/home/nakarin/RoboticsDev/install/examples_rclpy_minimal_service:/home/nakarin/RoboticsDev/install/examples_rclpy_minimal_publisher:/home/nakarin/RoboticsDev/install/examples_rclpy_minimal_client:/home/nakarin/RoboticsDev/install/examples_rclpy_minimal_action_server:/home/nakarin/RoboticsDev/install/examples_rclpy_minimal_action_client:/home/nakarin/RoboticsDev/install/examples_rclpy_guard_conditions:/home/nakarin/RoboticsDev/install/examples_rclpy_executors:/opt/ros/humble /usr/bin/cmake /home/nakarin/RoboticsDevExam2/src/controller_interfaces -DCMAKE_INSTALL_PREFIX=/home/nakarin/RoboticsDevExam2/install/controller_interfaces
[3.586s] Invoking command in '/home/nakarin/RoboticsDevExam2/build/controller_interfaces': CMAKE_PREFIX_PATH=${CMAKE_PREFIX_PATH}:/home/nakarin/RoboticsDev/install/launch_testing_examples:/home/nakarin/RoboticsDev/install/examples_rclpy_pointcloud_publisher:/home/nakarin/RoboticsDev/install/examples_rclpy_minimal_subscriber:/home/nakarin/RoboticsDev/install/examples_rclpy_minimal_service:/home/nakarin/RoboticsDev/install/examples_rclpy_minimal_publisher:/home/nakarin/RoboticsDev/install/examples_rclpy_minimal_client:/home/nakarin/RoboticsDev/install/examples_rclpy_minimal_action_server:/home/nakarin/RoboticsDev/install/examples_rclpy_minimal_action_client:/home/nakarin/RoboticsDev/install/examples_rclpy_guard_conditions:/home/nakarin/RoboticsDev/install/examples_rclpy_executors:/opt/ros/humble /usr/bin/cmake --build /home/nakarin/RoboticsDevExam2/build/controller_interfaces -- -j8 -l8
[3.670s] [  2%] [34m[1mGenerating C code for ROS interfaces[0m
[3.680s] [  5%] [34m[1mGenerating C++ code for ROS interfaces[0m
[3.717s] [  5%] Built target ament_cmake_python_copy_controller_interfaces
[4.731s] [  5%] Built target controller_interfaces__cpp
[4.772s] [  7%] [34m[1mGenerating C++ type support for eProsima Fast-RTPS[0m
[4.786s] running egg_info
[4.787s] creating controller_interfaces.egg-info
[4.788s] writing controller_interfaces.egg-info/PKG-INFO
[4.791s] [ 10%] [34m[1mGenerating C++ type support dispatch for ROS interfaces[0m
[4.791s] writing dependency_links to controller_interfaces.egg-info/dependency_links.txt
[4.791s] writing top-level names to controller_interfaces.egg-info/top_level.txt
[4.791s] writing manifest file 'controller_interfaces.egg-info/SOURCES.txt'
[4.797s] [ 12%] [34m[1mGenerating C++ introspection for ROS interfaces[0m
[4.800s] reading manifest file 'controller_interfaces.egg-info/SOURCES.txt'
[4.803s] writing manifest file 'controller_interfaces.egg-info/SOURCES.txt'
[4.919s] [ 12%] Built target ament_cmake_python_build_controller_interfaces_egg
[5.424s] [ 15%] [32mBuilding C object CMakeFiles/controller_interfaces__rosidl_generator_c.dir/rosidl_generator_c/controller_interfaces/srv/detail/set_target__functions.c.o[0m
[5.428s] [ 17%] [32mBuilding C object CMakeFiles/controller_interfaces__rosidl_generator_c.dir/rosidl_generator_c/controller_interfaces/srv/detail/set_param__functions.c.o[0m
[5.657s] [ 20%] [32m[1mLinking C shared library libcontroller_interfaces__rosidl_generator_c.so[0m
[5.690s] [ 23%] [32mBuilding CXX object CMakeFiles/controller_interfaces__rosidl_typesupport_cpp.dir/rosidl_typesupport_cpp/controller_interfaces/srv/set_target__type_support.cpp.o[0m
[5.699s] [ 25%] [32mBuilding CXX object CMakeFiles/controller_interfaces__rosidl_typesupport_cpp.dir/rosidl_typesupport_cpp/controller_interfaces/srv/set_param__type_support.cpp.o[0m
[5.818s] [ 25%] Built target controller_interfaces__rosidl_generator_c
[5.857s] [ 28%] [34m[1mGenerating C introspection for ROS interfaces[0m
[5.865s] [ 30%] [34m[1mGenerating C type support dispatch for ROS interfaces[0m
[5.866s] [ 33%] [34m[1mGenerating C type support for eProsima Fast-RTPS[0m
[6.177s] [ 35%] [32mBuilding CXX object CMakeFiles/controller_interfaces__rosidl_typesupport_fastrtps_cpp.dir/rosidl_typesupport_fastrtps_cpp/controller_interfaces/srv/detail/dds_fastrtps/set_param__type_support.cpp.o[0m
[6.198s] [ 38%] [32mBuilding CXX object CMakeFiles/controller_interfaces__rosidl_typesupport_fastrtps_cpp.dir/rosidl_typesupport_fastrtps_cpp/controller_interfaces/srv/detail/dds_fastrtps/set_target__type_support.cpp.o[0m
[6.272s] [ 41%] [32mBuilding CXX object CMakeFiles/controller_interfaces__rosidl_typesupport_introspection_cpp.dir/rosidl_typesupport_introspection_cpp/controller_interfaces/srv/detail/set_param__type_support.cpp.o[0m
[6.666s] [ 43%] [32mBuilding CXX object CMakeFiles/controller_interfaces__rosidl_typesupport_introspection_cpp.dir/rosidl_typesupport_introspection_cpp/controller_interfaces/srv/detail/set_target__type_support.cpp.o[0m
[6.825s] [ 46%] [32mBuilding CXX object CMakeFiles/controller_interfaces__rosidl_typesupport_fastrtps_c.dir/rosidl_typesupport_fastrtps_c/controller_interfaces/srv/detail/set_param__type_support_c.cpp.o[0m
[6.879s] [ 48%] [32m[1mLinking CXX shared library libcontroller_interfaces__rosidl_typesupport_cpp.so[0m
[7.079s] [ 48%] Built target controller_interfaces__rosidl_typesupport_cpp
[7.107s] [ 51%] [32mBuilding CXX object CMakeFiles/controller_interfaces__rosidl_typesupport_fastrtps_c.dir/rosidl_typesupport_fastrtps_c/controller_interfaces/srv/detail/set_target__type_support_c.cpp.o[0m
[7.229s] [ 53%] [32mBuilding CXX object CMakeFiles/controller_interfaces__rosidl_typesupport_c.dir/rosidl_typesupport_c/controller_interfaces/srv/set_param__type_support.cpp.o[0m
[7.378s] [ 56%] [32mBuilding CXX object CMakeFiles/controller_interfaces__rosidl_typesupport_c.dir/rosidl_typesupport_c/controller_interfaces/srv/set_target__type_support.cpp.o[0m
[7.497s] [ 58%] [32m[1mLinking CXX shared library libcontroller_interfaces__rosidl_typesupport_c.so[0m
[7.516s] [ 61%] [32mBuilding C object CMakeFiles/controller_interfaces__rosidl_typesupport_introspection_c.dir/rosidl_typesupport_introspection_c/controller_interfaces/srv/detail/set_param__type_support.c.o[0m
[7.546s] [ 64%] [32mBuilding C object CMakeFiles/controller_interfaces__rosidl_typesupport_introspection_c.dir/rosidl_typesupport_introspection_c/controller_interfaces/srv/detail/set_target__type_support.c.o[0m
[7.674s] [ 66%] [32m[1mLinking C shared library libcontroller_interfaces__rosidl_typesupport_introspection_c.so[0m
[7.695s] [ 66%] Built target controller_interfaces__rosidl_typesupport_c
[7.798s] [ 66%] Built target controller_interfaces__rosidl_typesupport_introspection_c
[8.001s] [ 69%] [32m[1mLinking CXX shared library libcontroller_interfaces__rosidl_typesupport_fastrtps_cpp.so[0m
[8.074s] [ 71%] [32m[1mLinking CXX shared library libcontroller_interfaces__rosidl_typesupport_fastrtps_c.so[0m
[8.292s] [ 71%] Built target controller_interfaces__rosidl_typesupport_fastrtps_cpp
[8.336s] [ 74%] [32m[1mLinking CXX shared library libcontroller_interfaces__rosidl_typesupport_introspection_cpp.so[0m
[8.372s] [ 74%] Built target controller_interfaces__rosidl_typesupport_fastrtps_c
[8.569s] [ 74%] Built target controller_interfaces__rosidl_typesupport_introspection_cpp
[8.603s] [ 74%] Built target controller_interfaces
[8.638s] [ 76%] [34m[1mGenerating Python code for ROS interfaces[0m
[9.475s] [ 76%] Built target controller_interfaces__py
[9.493s] [ 79%] [32mBuilding C object CMakeFiles/controller_interfaces__rosidl_generator_py.dir/rosidl_generator_py/controller_interfaces/srv/_set_param_s.c.o[0m
[9.494s] [ 82%] [32mBuilding C object CMakeFiles/controller_interfaces__rosidl_generator_py.dir/rosidl_generator_py/controller_interfaces/srv/_set_target_s.c.o[0m
[9.588s] [ 84%] [32m[1mLinking C shared library rosidl_generator_py/controller_interfaces/libcontroller_interfaces__rosidl_generator_py.so[0m
[9.623s] [ 84%] Built target controller_interfaces__rosidl_generator_py
[9.641s] [ 92%] [32mBuilding C object CMakeFiles/controller_interfaces__rosidl_typesupport_introspection_c__pyext.dir/rosidl_generator_py/controller_interfaces/_controller_interfaces_s.ep.rosidl_typesupport_introspection_c.c.o[0m
[9.641s] [ 92%] [32mBuilding C object CMakeFiles/controller_interfaces__rosidl_typesupport_c__pyext.dir/rosidl_generator_py/controller_interfaces/_controller_interfaces_s.ep.rosidl_typesupport_c.c.o[0m
[9.641s] [ 92%] [32mBuilding C object CMakeFiles/controller_interfaces__rosidl_typesupport_fastrtps_c__pyext.dir/rosidl_generator_py/controller_interfaces/_controller_interfaces_s.ep.rosidl_typesupport_fastrtps_c.c.o[0m
[9.751s] [100%] [32m[1mLinking C shared library rosidl_generator_py/controller_interfaces/controller_interfaces_s__rosidl_typesupport_introspection_c.cpython-310-x86_64-linux-gnu.so[0m
[9.751s] [100%] [32m[1mLinking C shared library rosidl_generator_py/controller_interfaces/controller_interfaces_s__rosidl_typesupport_c.cpython-310-x86_64-linux-gnu.so[0m
[9.751s] [100%] [32m[1mLinking C shared library rosidl_generator_py/controller_interfaces/controller_interfaces_s__rosidl_typesupport_fastrtps_c.cpython-310-x86_64-linux-gnu.so[0m
[9.792s] [100%] Built target controller_interfaces__rosidl_typesupport_fastrtps_c__pyext
[9.792s] [100%] Built target controller_interfaces__rosidl_typesupport_introspection_c__pyext
[9.792s] [100%] Built target controller_interfaces__rosidl_typesupport_c__pyext
[9.802s] Invoked command in '/home/nakarin/RoboticsDevExam2/build/controller_interfaces' returned '0': CMAKE_PREFIX_PATH=${CMAKE_PREFIX_PATH}:/home/nakarin/RoboticsDev/install/launch_testing_examples:/home/nakarin/RoboticsDev/install/examples_rclpy_pointcloud_publisher:/home/nakarin/RoboticsDev/install/examples_rclpy_minimal_subscriber:/home/nakarin/RoboticsDev/install/examples_rclpy_minimal_service:/home/nakarin/RoboticsDev/install/examples_rclpy_minimal_publisher:/home/nakarin/RoboticsDev/install/examples_rclpy_minimal_client:/home/nakarin/RoboticsDev/install/examples_rclpy_minimal_action_server:/home/nakarin/RoboticsDev/install/examples_rclpy_minimal_action_client:/home/nakarin/RoboticsDev/install/examples_rclpy_guard_conditions:/home/nakarin/RoboticsDev/install/examples_rclpy_executors:/opt/ros/humble /usr/bin/cmake --build /home/nakarin/RoboticsDevExam2/build/controller_interfaces -- -j8 -l8
[9.873s] Invoking command in '/home/nakarin/RoboticsDevExam2/build/controller_interfaces': CMAKE_PREFIX_PATH=${CMAKE_PREFIX_PATH}:/home/nakarin/RoboticsDev/install/launch_testing_examples:/home/nakarin/RoboticsDev/install/examples_rclpy_pointcloud_publisher:/home/nakarin/RoboticsDev/install/examples_rclpy_minimal_subscriber:/home/nakarin/RoboticsDev/install/examples_rclpy_minimal_service:/home/nakarin/RoboticsDev/install/examples_rclpy_minimal_publisher:/home/nakarin/RoboticsDev/install/examples_rclpy_minimal_client:/home/nakarin/RoboticsDev/install/examples_rclpy_minimal_action_server:/home/nakarin/RoboticsDev/install/examples_rclpy_minimal_action_client:/home/nakarin/RoboticsDev/install/examples_rclpy_guard_conditions:/home/nakarin/RoboticsDev/install/examples_rclpy_executors:/opt/ros/humble /usr/bin/cmake --install /home/nakarin/RoboticsDevExam2/build/controller_interfaces
[9.881s] -- Install configuration: ""
[9.882s] -- Installing: /home/nakarin/RoboticsDevExam2/install/controller_interfaces/share/ament_index/resource_index/rosidl_interfaces/controller_interfaces
[9.882s] -- Installing: /home/nakarin/RoboticsDevExam2/install/controller_interfaces/include/controller_interfaces/controller_interfaces
[9.882s] -- Installing: /home/nakarin/RoboticsDevExam2/install/controller_interfaces/include/controller_interfaces/controller_interfaces/msg
[9.882s] -- Installing: /home/nakarin/RoboticsDevExam2/install/controller_interfaces/include/controller_interfaces/controller_interfaces/msg/rosidl_generator_c__visibility_control.h
[9.882s] -- Installing: /home/nakarin/RoboticsDevExam2/install/controller_interfaces/include/controller_interfaces/controller_interfaces/srv
[9.882s] -- Installing: /home/nakarin/RoboticsDevExam2/install/controller_interfaces/include/controller_interfaces/controller_interfaces/srv/detail
[9.882s] -- Installing: /home/nakarin/RoboticsDevExam2/install/controller_interfaces/include/controller_interfaces/controller_interfaces/srv/detail/set_target__functions.c
[9.882s] -- Installing: /home/nakarin/RoboticsDevExam2/install/controller_interfaces/include/controller_interfaces/controller_interfaces/srv/detail/set_param__struct.h
[9.883s] -- Installing: /home/nakarin/RoboticsDevExam2/install/controller_interfaces/include/controller_interfaces/controller_interfaces/srv/detail/set_target__functions.h
[9.883s] -- Installing: /home/nakarin/RoboticsDevExam2/install/controller_interfaces/include/controller_interfaces/controller_interfaces/srv/detail/set_param__functions.c
[9.883s] -- Installing: /home/nakarin/RoboticsDevExam2/install/controller_interfaces/include/controller_interfaces/controller_interfaces/srv/detail/set_target__type_support.h
[9.883s] -- Installing: /home/nakarin/RoboticsDevExam2/install/controller_interfaces/include/controller_interfaces/controller_interfaces/srv/detail/set_target__struct.h
[9.883s] -- Installing: /home/nakarin/RoboticsDevExam2/install/controller_interfaces/include/controller_interfaces/controller_interfaces/srv/detail/set_param__type_support.h
[9.883s] -- Installing: /home/nakarin/RoboticsDevExam2/install/controller_interfaces/include/controller_interfaces/controller_interfaces/srv/detail/set_param__functions.h
[9.883s] -- Installing: /home/nakarin/RoboticsDevExam2/install/controller_interfaces/include/controller_interfaces/controller_interfaces/srv/set_param.h
[9.883s] -- Installing: /home/nakarin/RoboticsDevExam2/install/controller_interfaces/include/controller_interfaces/controller_interfaces/srv/set_target.h
[9.883s] -- Installing: /home/nakarin/RoboticsDevExam2/install/controller_interfaces/share/controller_interfaces/environment/library_path.sh
[9.883s] -- Installing: /home/nakarin/RoboticsDevExam2/install/controller_interfaces/share/controller_interfaces/environment/library_path.dsv
[9.883s] -- Installing: /home/nakarin/RoboticsDevExam2/install/controller_interfaces/lib/libcontroller_interfaces__rosidl_generator_c.so
[9.883s] -- Set runtime path of "/home/nakarin/RoboticsDevExam2/install/controller_interfaces/lib/libcontroller_interfaces__rosidl_generator_c.so" to ""
[9.883s] -- Up-to-date: /home/nakarin/RoboticsDevExam2/install/controller_interfaces/include/controller_interfaces/controller_interfaces
[9.884s] -- Up-to-date: /home/nakarin/RoboticsDevExam2/install/controller_interfaces/include/controller_interfaces/controller_interfaces/msg
[9.884s] -- Installing: /home/nakarin/RoboticsDevExam2/install/controller_interfaces/include/controller_interfaces/controller_interfaces/msg/rosidl_typesupport_fastrtps_c__visibility_control.h
[9.884s] -- Up-to-date: /home/nakarin/RoboticsDevExam2/install/controller_interfaces/include/controller_interfaces/controller_interfaces/srv
[9.884s] -- Up-to-date: /home/nakarin/RoboticsDevExam2/install/controller_interfaces/include/controller_interfaces/controller_interfaces/srv/detail
[9.884s] -- Installing: /home/nakarin/RoboticsDevExam2/install/controller_interfaces/include/controller_interfaces/controller_interfaces/srv/detail/set_param__rosidl_typesupport_fastrtps_c.h
[9.884s] -- Installing: /home/nakarin/RoboticsDevExam2/install/controller_interfaces/include/controller_interfaces/controller_interfaces/srv/detail/set_target__rosidl_typesupport_fastrtps_c.h
[9.884s] -- Installing: /home/nakarin/RoboticsDevExam2/install/controller_interfaces/lib/libcontroller_interfaces__rosidl_typesupport_fastrtps_c.so
[9.884s] -- Set runtime path of "/home/nakarin/RoboticsDevExam2/install/controller_interfaces/lib/libcontroller_interfaces__rosidl_typesupport_fastrtps_c.so" to ""
[9.884s] -- Up-to-date: /home/nakarin/RoboticsDevExam2/install/controller_interfaces/include/controller_interfaces/controller_interfaces
[9.884s] -- Up-to-date: /home/nakarin/RoboticsDevExam2/install/controller_interfaces/include/controller_interfaces/controller_interfaces/srv
[9.884s] -- Installing: /home/nakarin/RoboticsDevExam2/install/controller_interfaces/include/controller_interfaces/controller_interfaces/srv/set_target.hpp
[9.884s] -- Up-to-date: /home/nakarin/RoboticsDevExam2/install/controller_interfaces/include/controller_interfaces/controller_interfaces/srv/detail
[9.884s] -- Installing: /home/nakarin/RoboticsDevExam2/install/controller_interfaces/include/controller_interfaces/controller_interfaces/srv/detail/set_param__traits.hpp
[9.885s] -- Installing: /home/nakarin/RoboticsDevExam2/install/controller_interfaces/include/controller_interfaces/controller_interfaces/srv/detail/set_target__traits.hpp
[9.885s] -- Installing: /home/nakarin/RoboticsDevExam2/install/controller_interfaces/include/controller_interfaces/controller_interfaces/srv/detail/set_target__builder.hpp
[9.885s] -- Installing: /home/nakarin/RoboticsDevExam2/install/controller_interfaces/include/controller_interfaces/controller_interfaces/srv/detail/set_param__struct.hpp
[9.885s] -- Installing: /home/nakarin/RoboticsDevExam2/install/controller_interfaces/include/controller_interfaces/controller_interfaces/srv/detail/set_param__builder.hpp
[9.885s] -- Installing: /home/nakarin/RoboticsDevExam2/install/controller_interfaces/include/controller_interfaces/controller_interfaces/srv/detail/set_target__struct.hpp
[9.885s] -- Installing: /home/nakarin/RoboticsDevExam2/install/controller_interfaces/include/controller_interfaces/controller_interfaces/srv/set_param.hpp
[9.885s] -- Up-to-date: /home/nakarin/RoboticsDevExam2/install/controller_interfaces/include/controller_interfaces/controller_interfaces
[9.885s] -- Up-to-date: /home/nakarin/RoboticsDevExam2/install/controller_interfaces/include/controller_interfaces/controller_interfaces/msg
[9.885s] -- Installing: /home/nakarin/RoboticsDevExam2/install/controller_interfaces/include/controller_interfaces/controller_interfaces/msg/rosidl_typesupport_fastrtps_cpp__visibility_control.h
[9.885s] -- Up-to-date: /home/nakarin/RoboticsDevExam2/install/controller_interfaces/include/controller_interfaces/controller_interfaces/srv
[9.885s] -- Up-to-date: /home/nakarin/RoboticsDevExam2/install/controller_interfaces/include/controller_interfaces/controller_interfaces/srv/detail
[9.885s] -- Installing: /home/nakarin/RoboticsDevExam2/install/controller_interfaces/include/controller_interfaces/controller_interfaces/srv/detail/set_param__rosidl_typesupport_fastrtps_cpp.hpp
[9.885s] -- Installing: /home/nakarin/RoboticsDevExam2/install/controller_interfaces/include/controller_interfaces/controller_interfaces/srv/detail/dds_fastrtps
[9.886s] -- Installing: /home/nakarin/RoboticsDevExam2/install/controller_interfaces/include/controller_interfaces/controller_interfaces/srv/detail/set_target__rosidl_typesupport_fastrtps_cpp.hpp
[9.886s] -- Installing: /home/nakarin/RoboticsDevExam2/install/controller_interfaces/lib/libcontroller_interfaces__rosidl_typesupport_fastrtps_cpp.so
[9.886s] -- Set runtime path of "/home/nakarin/RoboticsDevExam2/install/controller_interfaces/lib/libcontroller_interfaces__rosidl_typesupport_fastrtps_cpp.so" to ""
[9.886s] -- Up-to-date: /home/nakarin/RoboticsDevExam2/install/controller_interfaces/include/controller_interfaces/controller_interfaces
[9.886s] -- Up-to-date: /home/nakarin/RoboticsDevExam2/install/controller_interfaces/include/controller_interfaces/controller_interfaces/msg
[9.886s] -- Installing: /home/nakarin/RoboticsDevExam2/install/controller_interfaces/include/controller_interfaces/controller_interfaces/msg/rosidl_typesupport_introspection_c__visibility_control.h
[9.886s] -- Up-to-date: /home/nakarin/RoboticsDevExam2/install/controller_interfaces/include/controller_interfaces/controller_interfaces/srv
[9.886s] -- Up-to-date: /home/nakarin/RoboticsDevExam2/install/controller_interfaces/include/controller_interfaces/controller_interfaces/srv/detail
[9.886s] -- Installing: /home/nakarin/RoboticsDevExam2/install/controller_interfaces/include/controller_interfaces/controller_interfaces/srv/detail/set_target__rosidl_typesupport_introspection_c.h
[9.886s] -- Installing: /home/nakarin/RoboticsDevExam2/install/controller_interfaces/include/controller_interfaces/controller_interfaces/srv/detail/set_param__rosidl_typesupport_introspection_c.h
[9.887s] -- Installing: /home/nakarin/RoboticsDevExam2/install/controller_interfaces/include/controller_interfaces/controller_interfaces/srv/detail/set_param__type_support.c
[9.887s] -- Installing: /home/nakarin/RoboticsDevExam2/install/controller_interfaces/include/controller_interfaces/controller_interfaces/srv/detail/set_target__type_support.c
[9.887s] -- Installing: /home/nakarin/RoboticsDevExam2/install/controller_interfaces/lib/libcontroller_interfaces__rosidl_typesupport_introspection_c.so
[9.887s] -- Set runtime path of "/home/nakarin/RoboticsDevExam2/install/controller_interfaces/lib/libcontroller_interfaces__rosidl_typesupport_introspection_c.so" to ""
[9.887s] -- Installing: /home/nakarin/RoboticsDevExam2/install/controller_interfaces/lib/libcontroller_interfaces__rosidl_typesupport_c.so
[9.887s] -- Set runtime path of "/home/nakarin/RoboticsDevExam2/install/controller_interfaces/lib/libcontroller_interfaces__rosidl_typesupport_c.so" to ""
[9.887s] -- Up-to-date: /home/nakarin/RoboticsDevExam2/install/controller_interfaces/include/controller_interfaces/controller_interfaces
[9.887s] -- Up-to-date: /home/nakarin/RoboticsDevExam2/install/controller_interfaces/include/controller_interfaces/controller_interfaces/srv
[9.887s] -- Up-to-date: /home/nakarin/RoboticsDevExam2/install/controller_interfaces/include/controller_interfaces/controller_interfaces/srv/detail
[9.887s] -- Installing: /home/nakarin/RoboticsDevExam2/install/controller_interfaces/include/controller_interfaces/controller_interfaces/srv/detail/set_param__type_support.cpp
[9.887s] -- Installing: /home/nakarin/RoboticsDevExam2/install/controller_interfaces/include/controller_interfaces/controller_interfaces/srv/detail/set_param__rosidl_typesupport_introspection_cpp.hpp
[9.887s] -- Installing: /home/nakarin/RoboticsDevExam2/install/controller_interfaces/include/controller_interfaces/controller_interfaces/srv/detail/set_target__type_support.cpp
[9.887s] -- Installing: /home/nakarin/RoboticsDevExam2/install/controller_interfaces/include/controller_interfaces/controller_interfaces/srv/detail/set_target__rosidl_typesupport_introspection_cpp.hpp
[9.887s] -- Installing: /home/nakarin/RoboticsDevExam2/install/controller_interfaces/lib/libcontroller_interfaces__rosidl_typesupport_introspection_cpp.so
[9.888s] -- Set runtime path of "/home/nakarin/RoboticsDevExam2/install/controller_interfaces/lib/libcontroller_interfaces__rosidl_typesupport_introspection_cpp.so" to ""
[9.888s] -- Installing: /home/nakarin/RoboticsDevExam2/install/controller_interfaces/lib/libcontroller_interfaces__rosidl_typesupport_cpp.so
[9.888s] -- Set runtime path of "/home/nakarin/RoboticsDevExam2/install/controller_interfaces/lib/libcontroller_interfaces__rosidl_typesupport_cpp.so" to ""
[9.888s] -- Installing: /home/nakarin/RoboticsDevExam2/install/controller_interfaces/share/controller_interfaces/environment/pythonpath.sh
[9.888s] -- Installing: /home/nakarin/RoboticsDevExam2/install/controller_interfaces/share/controller_interfaces/environment/pythonpath.dsv
[9.888s] -- Installing: /home/nakarin/RoboticsDevExam2/install/controller_interfaces/local/lib/python3.10/dist-packages/controller_interfaces-0.0.0-py3.10.egg-info
[9.888s] -- Installing: /home/nakarin/RoboticsDevExam2/install/controller_interfaces/local/lib/python3.10/dist-packages/controller_interfaces-0.0.0-py3.10.egg-info/dependency_links.txt
[9.888s] -- Installing: /home/nakarin/RoboticsDevExam2/install/controller_interfaces/local/lib/python3.10/dist-packages/controller_interfaces-0.0.0-py3.10.egg-info/SOURCES.txt
[9.888s] -- Installing: /home/nakarin/RoboticsDevExam2/install/controller_interfaces/local/lib/python3.10/dist-packages/controller_interfaces-0.0.0-py3.10.egg-info/PKG-INFO
[9.888s] -- Installing: /home/nakarin/RoboticsDevExam2/install/controller_interfaces/local/lib/python3.10/dist-packages/controller_interfaces-0.0.0-py3.10.egg-info/top_level.txt
[9.889s] -- Installing: /home/nakarin/RoboticsDevExam2/install/controller_interfaces/local/lib/python3.10/dist-packages/controller_interfaces
[9.889s] -- Installing: /home/nakarin/RoboticsDevExam2/install/controller_interfaces/local/lib/python3.10/dist-packages/controller_interfaces/_controller_interfaces_s.ep.rosidl_typesupport_fastrtps_c.c
[9.889s] -- Installing: /home/nakarin/RoboticsDevExam2/install/controller_interfaces/local/lib/python3.10/dist-packages/controller_interfaces/controller_interfaces_s__rosidl_typesupport_c.cpython-310-x86_64-linux-gnu.so
[9.889s] -- Installing: /home/nakarin/RoboticsDevExam2/install/controller_interfaces/local/lib/python3.10/dist-packages/controller_interfaces/_controller_interfaces_s.ep.rosidl_typesupport_c.c
[9.889s] -- Installing: /home/nakarin/RoboticsDevExam2/install/controller_interfaces/local/lib/python3.10/dist-packages/controller_interfaces/controller_interfaces_s__rosidl_typesupport_introspection_c.cpython-310-x86_64-linux-gnu.so
[9.889s] -- Installing: /home/nakarin/RoboticsDevExam2/install/controller_interfaces/local/lib/python3.10/dist-packages/controller_interfaces/libcontroller_interfaces__rosidl_generator_py.so
[9.889s] -- Installing: /home/nakarin/RoboticsDevExam2/install/controller_interfaces/local/lib/python3.10/dist-packages/controller_interfaces/__init__.py
[9.889s] -- Installing: /home/nakarin/RoboticsDevExam2/install/controller_interfaces/local/lib/python3.10/dist-packages/controller_interfaces/srv
[9.889s] -- Installing: /home/nakarin/RoboticsDevExam2/install/controller_interfaces/local/lib/python3.10/dist-packages/controller_interfaces/srv/_set_param.py
[9.889s] -- Installing: /home/nakarin/RoboticsDevExam2/install/controller_interfaces/local/lib/python3.10/dist-packages/controller_interfaces/srv/__init__.py
[9.889s] -- Installing: /home/nakarin/RoboticsDevExam2/install/controller_interfaces/local/lib/python3.10/dist-packages/controller_interfaces/srv/_set_target_s.c
[9.889s] -- Installing: /home/nakarin/RoboticsDevExam2/install/controller_interfaces/local/lib/python3.10/dist-packages/controller_interfaces/srv/_set_param_s.c
[9.890s] -- Installing: /home/nakarin/RoboticsDevExam2/install/controller_interfaces/local/lib/python3.10/dist-packages/controller_interfaces/srv/_set_target.py
[9.890s] -- Installing: /home/nakarin/RoboticsDevExam2/install/controller_interfaces/local/lib/python3.10/dist-packages/controller_interfaces/controller_interfaces_s__rosidl_typesupport_fastrtps_c.cpython-310-x86_64-linux-gnu.so
[9.890s] -- Installing: /home/nakarin/RoboticsDevExam2/install/controller_interfaces/local/lib/python3.10/dist-packages/controller_interfaces/_controller_interfaces_s.ep.rosidl_typesupport_introspection_c.c
[9.933s] Listing '/home/nakarin/RoboticsDevExam2/install/controller_interfaces/local/lib/python3.10/dist-packages/controller_interfaces'...
[9.933s] Compiling '/home/nakarin/RoboticsDevExam2/install/controller_interfaces/local/lib/python3.10/dist-packages/controller_interfaces/__init__.py'...
[9.933s] Listing '/home/nakarin/RoboticsDevExam2/install/controller_interfaces/local/lib/python3.10/dist-packages/controller_interfaces/srv'...
[9.933s] Compiling '/home/nakarin/RoboticsDevExam2/install/controller_interfaces/local/lib/python3.10/dist-packages/controller_interfaces/srv/__init__.py'...
[9.934s] Compiling '/home/nakarin/RoboticsDevExam2/install/controller_interfaces/local/lib/python3.10/dist-packages/controller_interfaces/srv/_set_param.py'...
[9.934s] Compiling '/home/nakarin/RoboticsDevExam2/install/controller_interfaces/local/lib/python3.10/dist-packages/controller_interfaces/srv/_set_target.py'...
[9.938s] -- Installing: /home/nakarin/RoboticsDevExam2/install/controller_interfaces/local/lib/python3.10/dist-packages/controller_interfaces/controller_interfaces_s__rosidl_typesupport_fastrtps_c.cpython-310-x86_64-linux-gnu.so
[9.938s] -- Set runtime path of "/home/nakarin/RoboticsDevExam2/install/controller_interfaces/local/lib/python3.10/dist-packages/controller_interfaces/controller_interfaces_s__rosidl_typesupport_fastrtps_c.cpython-310-x86_64-linux-gnu.so" to ""
[9.938s] -- Installing: /home/nakarin/RoboticsDevExam2/install/controller_interfaces/local/lib/python3.10/dist-packages/controller_interfaces/controller_interfaces_s__rosidl_typesupport_introspection_c.cpython-310-x86_64-linux-gnu.so
[9.938s] -- Set runtime path of "/home/nakarin/RoboticsDevExam2/install/controller_interfaces/local/lib/python3.10/dist-packages/controller_interfaces/controller_interfaces_s__rosidl_typesupport_introspection_c.cpython-310-x86_64-linux-gnu.so" to ""
[9.938s] -- Installing: /home/nakarin/RoboticsDevExam2/install/controller_interfaces/local/lib/python3.10/dist-packages/controller_interfaces/controller_interfaces_s__rosidl_typesupport_c.cpython-310-x86_64-linux-gnu.so
[9.939s] -- Set runtime path of "/home/nakarin/RoboticsDevExam2/install/controller_interfaces/local/lib/python3.10/dist-packages/controller_interfaces/controller_interfaces_s__rosidl_typesupport_c.cpython-310-x86_64-linux-gnu.so" to ""
[9.939s] -- Installing: /home/nakarin/RoboticsDevExam2/install/controller_interfaces/lib/libcontroller_interfaces__rosidl_generator_py.so
[9.939s] -- Set runtime path of "/home/nakarin/RoboticsDevExam2/install/controller_interfaces/lib/libcontroller_interfaces__rosidl_generator_py.so" to ""
[9.939s] -- Installing: /home/nakarin/RoboticsDevExam2/install/controller_interfaces/share/controller_interfaces/srv/SetParam.idl
[9.939s] -- Installing: /home/nakarin/RoboticsDevExam2/install/controller_interfaces/share/controller_interfaces/srv/SetTarget.idl
[9.939s] -- Installing: /home/nakarin/RoboticsDevExam2/install/controller_interfaces/share/controller_interfaces/srv/SetParam.srv
[9.939s] -- Installing: /home/nakarin/RoboticsDevExam2/install/controller_interfaces/share/controller_interfaces/srv/SetParam_Request.msg
[9.939s] -- Installing: /home/nakarin/RoboticsDevExam2/install/controller_interfaces/share/controller_interfaces/srv/SetParam_Response.msg
[9.940s] -- Installing: /home/nakarin/RoboticsDevExam2/install/controller_interfaces/share/controller_interfaces/srv/SetTarget.srv
[9.940s] -- Installing: /home/nakarin/RoboticsDevExam2/install/controller_interfaces/share/controller_interfaces/srv/SetTarget_Request.msg
[9.940s] -- Installing: /home/nakarin/RoboticsDevExam2/install/controller_interfaces/share/controller_interfaces/srv/SetTarget_Response.msg
[9.940s] -- Installing: /home/nakarin/RoboticsDevExam2/install/controller_interfaces/share/ament_index/resource_index/package_run_dependencies/controller_interfaces
[9.940s] -- Installing: /home/nakarin/RoboticsDevExam2/install/controller_interfaces/share/ament_index/resource_index/parent_prefix_path/controller_interfaces
[9.940s] -- Installing: /home/nakarin/RoboticsDevExam2/install/controller_interfaces/share/controller_interfaces/environment/ament_prefix_path.sh
[9.940s] -- Installing: /home/nakarin/RoboticsDevExam2/install/controller_interfaces/share/controller_interfaces/environment/ament_prefix_path.dsv
[9.940s] -- Installing: /home/nakarin/RoboticsDevExam2/install/controller_interfaces/share/controller_interfaces/environment/path.sh
[9.941s] -- Installing: /home/nakarin/RoboticsDevExam2/install/controller_interfaces/share/controller_interfaces/environment/path.dsv
[9.941s] -- Installing: /home/nakarin/RoboticsDevExam2/install/controller_interfaces/share/controller_interfaces/local_setup.bash
[9.941s] -- Installing: /home/nakarin/RoboticsDevExam2/install/controller_interfaces/share/controller_interfaces/local_setup.sh
[9.941s] -- Installing: /home/nakarin/RoboticsDevExam2/install/controller_interfaces/share/controller_interfaces/local_setup.zsh
[9.941s] -- Installing: /home/nakarin/RoboticsDevExam2/install/controller_interfaces/share/controller_interfaces/local_setup.dsv
[9.941s] -- Installing: /home/nakarin/RoboticsDevExam2/install/controller_interfaces/share/controller_interfaces/package.dsv
[9.941s] -- Installing: /home/nakarin/RoboticsDevExam2/install/controller_interfaces/share/ament_index/resource_index/packages/controller_interfaces
[9.941s] -- Installing: /home/nakarin/RoboticsDevExam2/install/controller_interfaces/share/controller_interfaces/cmake/export_controller_interfaces__rosidl_generator_cExport.cmake
[9.942s] -- Installing: /home/nakarin/RoboticsDevExam2/install/controller_interfaces/share/controller_interfaces/cmake/export_controller_interfaces__rosidl_generator_cExport-noconfig.cmake
[9.942s] -- Installing: /home/nakarin/RoboticsDevExam2/install/controller_interfaces/share/controller_interfaces/cmake/export_controller_interfaces__rosidl_typesupport_fastrtps_cExport.cmake
[9.942s] -- Installing: /home/nakarin/RoboticsDevExam2/install/controller_interfaces/share/controller_interfaces/cmake/export_controller_interfaces__rosidl_typesupport_fastrtps_cExport-noconfig.cmake
[9.942s] -- Installing: /home/nakarin/RoboticsDevExam2/install/controller_interfaces/share/controller_interfaces/cmake/export_controller_interfaces__rosidl_generator_cppExport.cmake
[9.942s] -- Installing: /home/nakarin/RoboticsDevExam2/install/controller_interfaces/share/controller_interfaces/cmake/export_controller_interfaces__rosidl_typesupport_fastrtps_cppExport.cmake
[9.942s] -- Installing: /home/nakarin/RoboticsDevExam2/install/controller_interfaces/share/controller_interfaces/cmake/export_controller_interfaces__rosidl_typesupport_fastrtps_cppExport-noconfig.cmake
[9.942s] -- Installing: /home/nakarin/RoboticsDevExam2/install/controller_interfaces/share/controller_interfaces/cmake/controller_interfaces__rosidl_typesupport_introspection_cExport.cmake
[9.942s] -- Installing: /home/nakarin/RoboticsDevExam2/install/controller_interfaces/share/controller_interfaces/cmake/controller_interfaces__rosidl_typesupport_introspection_cExport-noconfig.cmake
[9.943s] -- Installing: /home/nakarin/RoboticsDevExam2/install/controller_interfaces/share/controller_interfaces/cmake/controller_interfaces__rosidl_typesupport_cExport.cmake
[9.943s] -- Installing: /home/nakarin/RoboticsDevExam2/install/controller_interfaces/share/controller_interfaces/cmake/controller_interfaces__rosidl_typesupport_cExport-noconfig.cmake
[9.943s] -- Installing: /home/nakarin/RoboticsDevExam2/install/controller_interfaces/share/controller_interfaces/cmake/controller_interfaces__rosidl_typesupport_introspection_cppExport.cmake
[9.943s] -- Installing: /home/nakarin/RoboticsDevExam2/install/controller_interfaces/share/controller_interfaces/cmake/controller_interfaces__rosidl_typesupport_introspection_cppExport-noconfig.cmake
[9.943s] -- Installing: /home/nakarin/RoboticsDevExam2/install/controller_interfaces/share/controller_interfaces/cmake/controller_interfaces__rosidl_typesupport_cppExport.cmake
[9.943s] -- Installing: /home/nakarin/RoboticsDevExam2/install/controller_interfaces/share/controller_interfaces/cmake/controller_interfaces__rosidl_typesupport_cppExport-noconfig.cmake
[9.943s] -- Installing: /home/nakarin/RoboticsDevExam2/install/controller_interfaces/share/controller_interfaces/cmake/export_controller_interfaces__rosidl_generator_pyExport.cmake
[9.943s] -- Installing: /home/nakarin/RoboticsDevExam2/install/controller_interfaces/share/controller_interfaces/cmake/export_controller_interfaces__rosidl_generator_pyExport-noconfig.cmake
[9.944s] -- Installing: /home/nakarin/RoboticsDevExam2/install/controller_interfaces/share/controller_interfaces/cmake/rosidl_cmake-extras.cmake
[9.944s] -- Installing: /home/nakarin/RoboticsDevExam2/install/controller_interfaces/share/controller_interfaces/cmake/ament_cmake_export_dependencies-extras.cmake
[9.944s] -- Installing: /home/nakarin/RoboticsDevExam2/install/controller_interfaces/share/controller_interfaces/cmake/ament_cmake_export_include_directories-extras.cmake
[9.944s] -- Installing: /home/nakarin/RoboticsDevExam2/install/controller_interfaces/share/controller_interfaces/cmake/ament_cmake_export_libraries-extras.cmake
[9.944s] -- Installing: /home/nakarin/RoboticsDevExam2/install/controller_interfaces/share/controller_interfaces/cmake/ament_cmake_export_targets-extras.cmake
[9.944s] -- Installing: /home/nakarin/RoboticsDevExam2/install/controller_interfaces/share/controller_interfaces/cmake/rosidl_cmake_export_typesupport_targets-extras.cmake
[9.944s] -- Installing: /home/nakarin/RoboticsDevExam2/install/controller_interfaces/share/controller_interfaces/cmake/rosidl_cmake_export_typesupport_libraries-extras.cmake
[9.944s] -- Installing: /home/nakarin/RoboticsDevExam2/install/controller_interfaces/share/controller_interfaces/cmake/controller_interfacesConfig.cmake
[9.944s] -- Installing: /home/nakarin/RoboticsDevExam2/install/controller_interfaces/share/controller_interfaces/cmake/controller_interfacesConfig-version.cmake
[9.945s] -- Installing: /home/nakarin/RoboticsDevExam2/install/controller_interfaces/share/controller_interfaces/package.xml
[9.947s] Invoked command in '/home/nakarin/RoboticsDevExam2/build/controller_interfaces' returned '0': CMAKE_PREFIX_PATH=${CMAKE_PREFIX_PATH}:/home/nakarin/RoboticsDev/install/launch_testing_examples:/home/nakarin/RoboticsDev/install/examples_rclpy_pointcloud_publisher:/home/nakarin/RoboticsDev/install/examples_rclpy_minimal_subscriber:/home/nakarin/RoboticsDev/install/examples_rclpy_minimal_service:/home/nakarin/RoboticsDev/install/examples_rclpy_minimal_publisher:/home/nakarin/RoboticsDev/install/examples_rclpy_minimal_client:/home/nakarin/RoboticsDev/install/examples_rclpy_minimal_action_server:/home/nakarin/RoboticsDev/install/examples_rclpy_minimal_action_client:/home/nakarin/RoboticsDev/install/examples_rclpy_guard_conditions:/home/nakarin/RoboticsDev/install/examples_rclpy_executors:/opt/ros/humble /usr/bin/cmake --install /home/nakarin/RoboticsDevExam2/build/controller_interfaces
