[0.013s] Invoking command in '/home/saifa/Desktop/Ros_exam/build/turtlesim_plus': CMAKE_PREFIX_PATH=${CMAKE_PREFIX_PATH}:/home/saifa/Desktop/ros2_w2_ws/install/launch_testing_examples:/home/saifa/Desktop/ros2_w2_ws/install/examples_rclpy_pointcloud_publisher:/home/saifa/Desktop/ros2_w2_ws/install/examples_rclpy_minimal_subscriber:/home/saifa/Desktop/ros2_w2_ws/install/examples_rclpy_minimal_service:/home/saifa/Desktop/ros2_w2_ws/install/examples_rclpy_minimal_publisher:/home/saifa/Desktop/ros2_w2_ws/install/examples_rclpy_minimal_client:/home/saifa/Desktop/ros2_w2_ws/install/examples_rclpy_minimal_action_server:/home/saifa/Desktop/ros2_w2_ws/install/examples_rclpy_minimal_action_client:/home/saifa/Desktop/ros2_w2_ws/install/examples_rclpy_guard_conditions:/home/saifa/Desktop/ros2_w2_ws/install/examples_rclpy_executors:/opt/ros/humble /usr/bin/cmake --build /home/saifa/Desktop/Ros_exam/build/turtlesim_plus -- -j16 -l16
[0.035s] -- Found ament_cmake: 1.3.10 (/opt/ros/humble/share/ament_cmake/cmake)
[0.148s] -- Found rclcpp: 16.0.10 (/opt/ros/humble/share/rclcpp/cmake)
[0.172s] -- Found rosidl_generator_c: 3.1.5 (/opt/ros/humble/share/rosidl_generator_c/cmake)
[0.174s] -- Found rosidl_adapter: 3.1.5 (/opt/ros/humble/share/rosidl_adapter/cmake)
[0.178s] -- Found rosidl_generator_cpp: 3.1.5 (/opt/ros/humble/share/rosidl_generator_cpp/cmake)
[0.185s] -- Using all available rosidl_typesupport_c: rosidl_typesupport_fastrtps_c;rosidl_typesupport_introspection_c
[0.194s] -- Using all available rosidl_typesupport_cpp: rosidl_typesupport_fastrtps_cpp;rosidl_typesupport_introspection_cpp
[0.217s] -- Found rmw_implementation_cmake: 6.1.2 (/opt/ros/humble/share/rmw_implementation_cmake/cmake)
[0.218s] -- Found rmw_fastrtps_cpp: 6.2.7 (/opt/ros/humble/share/rmw_fastrtps_cpp/cmake)
[0.311s] -- Using RMW implementation 'rmw_fastrtps_cpp' as default
[0.344s] -- Found rclpy: 3.3.14 (/opt/ros/humble/share/rclpy/cmake)
[0.454s] -- Configuring done
[0.458s] -- Generating done
[0.459s] -- Build files have been written to: /home/saifa/Desktop/Ros_exam/build/turtlesim_plus
[0.503s] Built target ament_cmake_python_copy_turtlesim_plus
[0.690s] running egg_info
[0.691s] writing turtlesim_plus.egg-info/PKG-INFO
[0.691s] writing dependency_links to turtlesim_plus.egg-info/dependency_links.txt
[0.691s] writing top-level names to turtlesim_plus.egg-info/top_level.txt
[0.692s] reading manifest file 'turtlesim_plus.egg-info/SOURCES.txt'
[0.693s] writing manifest file 'turtlesim_plus.egg-info/SOURCES.txt'
[0.712s] Built target ament_cmake_python_build_turtlesim_plus_egg
[0.722s] Invoked command in '/home/saifa/Desktop/Ros_exam/build/turtlesim_plus' returned '0': CMAKE_PREFIX_PATH=${CMAKE_PREFIX_PATH}:/home/saifa/Desktop/ros2_w2_ws/install/launch_testing_examples:/home/saifa/Desktop/ros2_w2_ws/install/examples_rclpy_pointcloud_publisher:/home/saifa/Desktop/ros2_w2_ws/install/examples_rclpy_minimal_subscriber:/home/saifa/Desktop/ros2_w2_ws/install/examples_rclpy_minimal_service:/home/saifa/Desktop/ros2_w2_ws/install/examples_rclpy_minimal_publisher:/home/saifa/Desktop/ros2_w2_ws/install/examples_rclpy_minimal_client:/home/saifa/Desktop/ros2_w2_ws/install/examples_rclpy_minimal_action_server:/home/saifa/Desktop/ros2_w2_ws/install/examples_rclpy_minimal_action_client:/home/saifa/Desktop/ros2_w2_ws/install/examples_rclpy_guard_conditions:/home/saifa/Desktop/ros2_w2_ws/install/examples_rclpy_executors:/opt/ros/humble /usr/bin/cmake --build /home/saifa/Desktop/Ros_exam/build/turtlesim_plus -- -j16 -l16
[0.747s] Invoking command in '/home/saifa/Desktop/Ros_exam/build/turtlesim_plus': CMAKE_PREFIX_PATH=${CMAKE_PREFIX_PATH}:/home/saifa/Desktop/ros2_w2_ws/install/launch_testing_examples:/home/saifa/Desktop/ros2_w2_ws/install/examples_rclpy_pointcloud_publisher:/home/saifa/Desktop/ros2_w2_ws/install/examples_rclpy_minimal_subscriber:/home/saifa/Desktop/ros2_w2_ws/install/examples_rclpy_minimal_service:/home/saifa/Desktop/ros2_w2_ws/install/examples_rclpy_minimal_publisher:/home/saifa/Desktop/ros2_w2_ws/install/examples_rclpy_minimal_client:/home/saifa/Desktop/ros2_w2_ws/install/examples_rclpy_minimal_action_server:/home/saifa/Desktop/ros2_w2_ws/install/examples_rclpy_minimal_action_client:/home/saifa/Desktop/ros2_w2_ws/install/examples_rclpy_guard_conditions:/home/saifa/Desktop/ros2_w2_ws/install/examples_rclpy_executors:/opt/ros/humble /usr/bin/cmake --install /home/saifa/Desktop/Ros_exam/build/turtlesim_plus
[0.754s] -- Install configuration: ""
[0.754s] -- Up-to-date: /home/saifa/Desktop/Ros_exam/install/turtlesim_plus/share/turtlesim_plus/environment/pythonpath.sh
[0.754s] -- Installing: /home/saifa/Desktop/Ros_exam/install/turtlesim_plus/share/turtlesim_plus/environment/pythonpath.dsv
[0.754s] -- Up-to-date: /home/saifa/Desktop/Ros_exam/install/turtlesim_plus/local/lib/python3.10/dist-packages/turtlesim_plus-1.0.0-py3.10.egg-info
[0.754s] -- Installing: /home/saifa/Desktop/Ros_exam/install/turtlesim_plus/local/lib/python3.10/dist-packages/turtlesim_plus-1.0.0-py3.10.egg-info/top_level.txt
[0.754s] -- Installing: /home/saifa/Desktop/Ros_exam/install/turtlesim_plus/local/lib/python3.10/dist-packages/turtlesim_plus-1.0.0-py3.10.egg-info/SOURCES.txt
[0.754s] -- Installing: /home/saifa/Desktop/Ros_exam/install/turtlesim_plus/local/lib/python3.10/dist-packages/turtlesim_plus-1.0.0-py3.10.egg-info/dependency_links.txt
[0.754s] -- Installing: /home/saifa/Desktop/Ros_exam/install/turtlesim_plus/local/lib/python3.10/dist-packages/turtlesim_plus-1.0.0-py3.10.egg-info/PKG-INFO
[0.754s] -- Up-to-date: /home/saifa/Desktop/Ros_exam/install/turtlesim_plus/local/lib/python3.10/dist-packages/turtlesim_plus
[0.754s] -- Up-to-date: /home/saifa/Desktop/Ros_exam/install/turtlesim_plus/local/lib/python3.10/dist-packages/turtlesim_plus/__init__.py
[0.754s] -- Up-to-date: /home/saifa/Desktop/Ros_exam/install/turtlesim_plus/local/lib/python3.10/dist-packages/turtlesim_plus/image
[0.754s] -- Up-to-date: /home/saifa/Desktop/Ros_exam/install/turtlesim_plus/local/lib/python3.10/dist-packages/turtlesim_plus/image/map
[0.755s] -- Up-to-date: /home/saifa/Desktop/Ros_exam/install/turtlesim_plus/local/lib/python3.10/dist-packages/turtlesim_plus/image/map/map.png
[0.755s] -- Up-to-date: /home/saifa/Desktop/Ros_exam/install/turtlesim_plus/local/lib/python3.10/dist-packages/turtlesim_plus/image/turtle
[0.755s] -- Up-to-date: /home/saifa/Desktop/Ros_exam/install/turtlesim_plus/local/lib/python3.10/dist-packages/turtlesim_plus/image/turtle/bouncy.png
[0.755s] -- Up-to-date: /home/saifa/Desktop/Ros_exam/install/turtlesim_plus/local/lib/python3.10/dist-packages/turtlesim_plus/image/turtle/dashing.png
[0.755s] -- Up-to-date: /home/saifa/Desktop/Ros_exam/install/turtlesim_plus/local/lib/python3.10/dist-packages/turtlesim_plus/image/turtle/galactic.png
[0.755s] -- Up-to-date: /home/saifa/Desktop/Ros_exam/install/turtlesim_plus/local/lib/python3.10/dist-packages/turtlesim_plus/image/turtle/crystal.png
[0.755s] -- Up-to-date: /home/saifa/Desktop/Ros_exam/install/turtlesim_plus/local/lib/python3.10/dist-packages/turtlesim_plus/image/turtle/eloquent.png
[0.755s] -- Up-to-date: /home/saifa/Desktop/Ros_exam/install/turtlesim_plus/local/lib/python3.10/dist-packages/turtlesim_plus/image/turtle/otto.png
[0.755s] -- Up-to-date: /home/saifa/Desktop/Ros_exam/install/turtlesim_plus/local/lib/python3.10/dist-packages/turtlesim_plus/image/turtle/humble.png
[0.755s] -- Up-to-date: /home/saifa/Desktop/Ros_exam/install/turtlesim_plus/local/lib/python3.10/dist-packages/turtlesim_plus/image/turtle/foxy.png
[0.755s] -- Up-to-date: /home/saifa/Desktop/Ros_exam/install/turtlesim_plus/local/lib/python3.10/dist-packages/turtlesim_plus/image/turtle/ardent.png
[0.755s] -- Up-to-date: /home/saifa/Desktop/Ros_exam/install/turtlesim_plus/local/lib/python3.10/dist-packages/turtlesim_plus/image/turtle/rolling.png
[0.755s] -- Up-to-date: /home/saifa/Desktop/Ros_exam/install/turtlesim_plus/local/lib/python3.10/dist-packages/turtlesim_plus/image/object
[0.755s] -- Up-to-date: /home/saifa/Desktop/Ros_exam/install/turtlesim_plus/local/lib/python3.10/dist-packages/turtlesim_plus/image/object/parcel.png
[0.755s] -- Up-to-date: /home/saifa/Desktop/Ros_exam/install/turtlesim_plus/local/lib/python3.10/dist-packages/turtlesim_plus/image/object/pizza.png
[0.755s] -- Up-to-date: /home/saifa/Desktop/Ros_exam/install/turtlesim_plus/local/lib/python3.10/dist-packages/turtlesim_plus/ros2_plugins.py
[0.755s] -- Up-to-date: /home/saifa/Desktop/Ros_exam/install/turtlesim_plus/local/lib/python3.10/dist-packages/turtlesim_plus/entity.py
[0.784s] Listing '/home/saifa/Desktop/Ros_exam/install/turtlesim_plus/local/lib/python3.10/dist-packages/turtlesim_plus'...
[0.784s] Listing '/home/saifa/Desktop/Ros_exam/install/turtlesim_plus/local/lib/python3.10/dist-packages/turtlesim_plus/image'...
[0.784s] Listing '/home/saifa/Desktop/Ros_exam/install/turtlesim_plus/local/lib/python3.10/dist-packages/turtlesim_plus/image/map'...
[0.784s] Listing '/home/saifa/Desktop/Ros_exam/install/turtlesim_plus/local/lib/python3.10/dist-packages/turtlesim_plus/image/object'...
[0.784s] Listing '/home/saifa/Desktop/Ros_exam/install/turtlesim_plus/local/lib/python3.10/dist-packages/turtlesim_plus/image/turtle'...
[0.787s] -- Installing: /home/saifa/Desktop/Ros_exam/install/turtlesim_plus/lib/turtlesim_plus/turtlesim_plus_node2.py
[0.787s] -- Up-to-date: /home/saifa/Desktop/Ros_exam/install/turtlesim_plus/lib/turtlesim_plus/pizza_on_click.py
[0.787s] -- Up-to-date: /home/saifa/Desktop/Ros_exam/install/turtlesim_plus/share/turtlesim_plus
[0.787s] -- Up-to-date: /home/saifa/Desktop/Ros_exam/install/turtlesim_plus/share/ament_index/resource_index/package_run_dependencies/turtlesim_plus
[0.787s] -- Installing: /home/saifa/Desktop/Ros_exam/install/turtlesim_plus/share/ament_index/resource_index/parent_prefix_path/turtlesim_plus
[0.787s] -- Up-to-date: /home/saifa/Desktop/Ros_exam/install/turtlesim_plus/share/turtlesim_plus/environment/ament_prefix_path.sh
[0.787s] -- Installing: /home/saifa/Desktop/Ros_exam/install/turtlesim_plus/share/turtlesim_plus/environment/ament_prefix_path.dsv
[0.787s] -- Up-to-date: /home/saifa/Desktop/Ros_exam/install/turtlesim_plus/share/turtlesim_plus/environment/path.sh
[0.788s] -- Installing: /home/saifa/Desktop/Ros_exam/install/turtlesim_plus/share/turtlesim_plus/environment/path.dsv
[0.788s] -- Up-to-date: /home/saifa/Desktop/Ros_exam/install/turtlesim_plus/share/turtlesim_plus/local_setup.bash
[0.788s] -- Up-to-date: /home/saifa/Desktop/Ros_exam/install/turtlesim_plus/share/turtlesim_plus/local_setup.sh
[0.788s] -- Up-to-date: /home/saifa/Desktop/Ros_exam/install/turtlesim_plus/share/turtlesim_plus/local_setup.zsh
[0.788s] -- Installing: /home/saifa/Desktop/Ros_exam/install/turtlesim_plus/share/turtlesim_plus/local_setup.dsv
[0.788s] -- Installing: /home/saifa/Desktop/Ros_exam/install/turtlesim_plus/share/turtlesim_plus/package.dsv
[0.788s] -- Up-to-date: /home/saifa/Desktop/Ros_exam/install/turtlesim_plus/share/ament_index/resource_index/packages/turtlesim_plus
[0.788s] -- Up-to-date: /home/saifa/Desktop/Ros_exam/install/turtlesim_plus/share/turtlesim_plus/cmake/turtlesim_plusConfig.cmake
[0.788s] -- Up-to-date: /home/saifa/Desktop/Ros_exam/install/turtlesim_plus/share/turtlesim_plus/cmake/turtlesim_plusConfig-version.cmake
[0.788s] -- Up-to-date: /home/saifa/Desktop/Ros_exam/install/turtlesim_plus/share/turtlesim_plus/package.xml
[0.790s] Invoked command in '/home/saifa/Desktop/Ros_exam/build/turtlesim_plus' returned '0': CMAKE_PREFIX_PATH=${CMAKE_PREFIX_PATH}:/home/saifa/Desktop/ros2_w2_ws/install/launch_testing_examples:/home/saifa/Desktop/ros2_w2_ws/install/examples_rclpy_pointcloud_publisher:/home/saifa/Desktop/ros2_w2_ws/install/examples_rclpy_minimal_subscriber:/home/saifa/Desktop/ros2_w2_ws/install/examples_rclpy_minimal_service:/home/saifa/Desktop/ros2_w2_ws/install/examples_rclpy_minimal_publisher:/home/saifa/Desktop/ros2_w2_ws/install/examples_rclpy_minimal_client:/home/saifa/Desktop/ros2_w2_ws/install/examples_rclpy_minimal_action_server:/home/saifa/Desktop/ros2_w2_ws/install/examples_rclpy_minimal_action_client:/home/saifa/Desktop/ros2_w2_ws/install/examples_rclpy_guard_conditions:/home/saifa/Desktop/ros2_w2_ws/install/examples_rclpy_executors:/opt/ros/humble /usr/bin/cmake --install /home/saifa/Desktop/Ros_exam/build/turtlesim_plus
