[0.080s] DEBUG:colcon:Command line arguments: ['/usr/bin/colcon', 'build']
[0.080s] DEBUG:colcon:Parsed command line arguments: Namespace(log_base=None, log_level=None, verb_name='build', build_base='build', install_base='install', merge_install=False, symlink_install=False, test_result_base=None, continue_on_error=False, executor='parallel', parallel_workers=16, event_handlers=None, ignore_user_meta=False, metas=['./colcon.meta'], base_paths=['.'], packages_ignore=None, packages_ignore_regex=None, paths=None, packages_up_to=None, packages_up_to_regex=None, packages_above=None, packages_above_and_dependencies=None, packages_above_depth=None, packages_select_by_dep=None, packages_skip_by_dep=None, packages_skip_up_to=None, packages_select_build_failed=False, packages_skip_build_finished=False, packages_select_test_failures=False, packages_skip_test_passed=False, packages_select=None, packages_skip=None, packages_select_regex=None, packages_skip_regex=None, packages_start=None, packages_end=None, allow_overriding=[], cmake_args=None, cmake_target=None, cmake_target_skip_unavailable=False, cmake_clean_cache=False, cmake_clean_first=False, cmake_force_configure=False, ament_cmake_args=None, catkin_cmake_args=None, catkin_skip_building_tests=False, verb_parser=<colcon_defaults.argument_parser.defaults.DefaultArgumentsDecorator object at 0x7209ef132a40>, verb_extension=<colcon_core.verb.build.BuildVerb object at 0x7209ef1325f0>, main=<bound method BuildVerb.main of <colcon_core.verb.build.BuildVerb object at 0x7209ef1325f0>>)
[0.201s] Level 1:colcon.colcon_core.package_discovery:discover_packages(colcon_meta) check parameters
[0.201s] Level 1:colcon.colcon_core.package_discovery:discover_packages(recursive) check parameters
[0.201s] Level 1:colcon.colcon_core.package_discovery:discover_packages(ignore) check parameters
[0.201s] Level 1:colcon.colcon_core.package_discovery:discover_packages(path) check parameters
[0.201s] Level 1:colcon.colcon_core.package_discovery:discover_packages(colcon_meta) discover
[0.201s] Level 1:colcon.colcon_core.package_discovery:discover_packages(recursive) discover
[0.201s] INFO:colcon.colcon_core.package_discovery:Crawling recursively for packages in '/home/saifa/Desktop/Ros_exam'
[0.201s] Level 1:colcon.colcon_core.package_identification:_identify(.) by extensions ['ignore', 'ignore_ament_install']
[0.201s] Level 1:colcon.colcon_core.package_identification:_identify(.) by extension 'ignore'
[0.201s] Level 1:colcon.colcon_core.package_identification:_identify(.) by extension 'ignore_ament_install'
[0.201s] Level 1:colcon.colcon_core.package_identification:_identify(.) by extensions ['colcon_pkg']
[0.201s] Level 1:colcon.colcon_core.package_identification:_identify(.) by extension 'colcon_pkg'
[0.201s] Level 1:colcon.colcon_core.package_identification:_identify(.) by extensions ['colcon_meta']
[0.201s] Level 1:colcon.colcon_core.package_identification:_identify(.) by extension 'colcon_meta'
[0.201s] Level 1:colcon.colcon_core.package_identification:_identify(.) by extensions ['ros']
[0.201s] Level 1:colcon.colcon_core.package_identification:_identify(.) by extension 'ros'
[0.209s] Level 1:colcon.colcon_core.package_identification:_identify(.) by extensions ['cmake', 'python']
[0.209s] Level 1:colcon.colcon_core.package_identification:_identify(.) by extension 'cmake'
[0.209s] Level 1:colcon.colcon_core.package_identification:_identify(.) by extension 'python'
[0.209s] Level 1:colcon.colcon_core.package_identification:_identify(.) by extensions ['python_setup_py']
[0.209s] Level 1:colcon.colcon_core.package_identification:_identify(.) by extension 'python_setup_py'
[0.210s] Level 1:colcon.colcon_core.package_identification:_identify(build) by extensions ['ignore', 'ignore_ament_install']
[0.210s] Level 1:colcon.colcon_core.package_identification:_identify(build) by extension 'ignore'
[0.210s] Level 1:colcon.colcon_core.package_identification:_identify(build) ignored
[0.210s] Level 1:colcon.colcon_core.package_identification:_identify(install) by extensions ['ignore', 'ignore_ament_install']
[0.210s] Level 1:colcon.colcon_core.package_identification:_identify(install) by extension 'ignore'
[0.210s] Level 1:colcon.colcon_core.package_identification:_identify(install) ignored
[0.210s] Level 1:colcon.colcon_core.package_identification:_identify(log) by extensions ['ignore', 'ignore_ament_install']
[0.210s] Level 1:colcon.colcon_core.package_identification:_identify(log) by extension 'ignore'
[0.210s] Level 1:colcon.colcon_core.package_identification:_identify(log) ignored
[0.210s] Level 1:colcon.colcon_core.package_identification:_identify(src) by extensions ['ignore', 'ignore_ament_install']
[0.210s] Level 1:colcon.colcon_core.package_identification:_identify(src) by extension 'ignore'
[0.210s] Level 1:colcon.colcon_core.package_identification:_identify(src) by extension 'ignore_ament_install'
[0.210s] Level 1:colcon.colcon_core.package_identification:_identify(src) by extensions ['colcon_pkg']
[0.210s] Level 1:colcon.colcon_core.package_identification:_identify(src) by extension 'colcon_pkg'
[0.210s] Level 1:colcon.colcon_core.package_identification:_identify(src) by extensions ['colcon_meta']
[0.210s] Level 1:colcon.colcon_core.package_identification:_identify(src) by extension 'colcon_meta'
[0.210s] Level 1:colcon.colcon_core.package_identification:_identify(src) by extensions ['ros']
[0.210s] Level 1:colcon.colcon_core.package_identification:_identify(src) by extension 'ros'
[0.210s] Level 1:colcon.colcon_core.package_identification:_identify(src) by extensions ['cmake', 'python']
[0.210s] Level 1:colcon.colcon_core.package_identification:_identify(src) by extension 'cmake'
[0.210s] Level 1:colcon.colcon_core.package_identification:_identify(src) by extension 'python'
[0.211s] Level 1:colcon.colcon_core.package_identification:_identify(src) by extensions ['python_setup_py']
[0.211s] Level 1:colcon.colcon_core.package_identification:_identify(src) by extension 'python_setup_py'
[0.211s] Level 1:colcon.colcon_core.package_identification:_identify(src/controller_interfaces) by extensions ['ignore', 'ignore_ament_install']
[0.211s] Level 1:colcon.colcon_core.package_identification:_identify(src/controller_interfaces) by extension 'ignore'
[0.211s] Level 1:colcon.colcon_core.package_identification:_identify(src/controller_interfaces) by extension 'ignore_ament_install'
[0.211s] Level 1:colcon.colcon_core.package_identification:_identify(src/controller_interfaces) by extensions ['colcon_pkg']
[0.211s] Level 1:colcon.colcon_core.package_identification:_identify(src/controller_interfaces) by extension 'colcon_pkg'
[0.211s] Level 1:colcon.colcon_core.package_identification:_identify(src/controller_interfaces) by extensions ['colcon_meta']
[0.211s] Level 1:colcon.colcon_core.package_identification:_identify(src/controller_interfaces) by extension 'colcon_meta'
[0.211s] Level 1:colcon.colcon_core.package_identification:_identify(src/controller_interfaces) by extensions ['ros']
[0.211s] Level 1:colcon.colcon_core.package_identification:_identify(src/controller_interfaces) by extension 'ros'
[0.213s] DEBUG:colcon.colcon_core.package_identification:Package 'src/controller_interfaces' with type 'ros.ament_cmake' and name 'controller_interfaces'
[0.213s] Level 1:colcon.colcon_core.package_identification:_identify(src/pizza_pose) by extensions ['ignore', 'ignore_ament_install']
[0.213s] Level 1:colcon.colcon_core.package_identification:_identify(src/pizza_pose) by extension 'ignore'
[0.213s] Level 1:colcon.colcon_core.package_identification:_identify(src/pizza_pose) by extension 'ignore_ament_install'
[0.213s] Level 1:colcon.colcon_core.package_identification:_identify(src/pizza_pose) by extensions ['colcon_pkg']
[0.213s] Level 1:colcon.colcon_core.package_identification:_identify(src/pizza_pose) by extension 'colcon_pkg'
[0.213s] Level 1:colcon.colcon_core.package_identification:_identify(src/pizza_pose) by extensions ['colcon_meta']
[0.213s] Level 1:colcon.colcon_core.package_identification:_identify(src/pizza_pose) by extension 'colcon_meta'
[0.213s] Level 1:colcon.colcon_core.package_identification:_identify(src/pizza_pose) by extensions ['ros']
[0.213s] Level 1:colcon.colcon_core.package_identification:_identify(src/pizza_pose) by extension 'ros'
[0.213s] Level 1:colcon.colcon_core.package_identification:_identify(src/pizza_pose) by extensions ['cmake', 'python']
[0.213s] Level 1:colcon.colcon_core.package_identification:_identify(src/pizza_pose) by extension 'cmake'
[0.213s] Level 1:colcon.colcon_core.package_identification:_identify(src/pizza_pose) by extension 'python'
[0.213s] Level 1:colcon.colcon_core.package_identification:_identify(src/pizza_pose) by extensions ['python_setup_py']
[0.213s] Level 1:colcon.colcon_core.package_identification:_identify(src/pizza_pose) by extension 'python_setup_py'
[0.213s] Level 1:colcon.colcon_core.package_identification:_identify(src/saifa_pack) by extensions ['ignore', 'ignore_ament_install']
[0.213s] Level 1:colcon.colcon_core.package_identification:_identify(src/saifa_pack) by extension 'ignore'
[0.213s] Level 1:colcon.colcon_core.package_identification:_identify(src/saifa_pack) by extension 'ignore_ament_install'
[0.214s] Level 1:colcon.colcon_core.package_identification:_identify(src/saifa_pack) by extensions ['colcon_pkg']
[0.214s] Level 1:colcon.colcon_core.package_identification:_identify(src/saifa_pack) by extension 'colcon_pkg'
[0.214s] Level 1:colcon.colcon_core.package_identification:_identify(src/saifa_pack) by extensions ['colcon_meta']
[0.214s] Level 1:colcon.colcon_core.package_identification:_identify(src/saifa_pack) by extension 'colcon_meta'
[0.214s] Level 1:colcon.colcon_core.package_identification:_identify(src/saifa_pack) by extensions ['ros']
[0.214s] Level 1:colcon.colcon_core.package_identification:_identify(src/saifa_pack) by extension 'ros'
[0.214s] DEBUG:colcon.colcon_core.package_identification:Package 'src/saifa_pack' with type 'ros.ament_cmake' and name 'saifa_pack'
[0.214s] Level 1:colcon.colcon_core.package_identification:_identify(src/sun_interfaces) by extensions ['ignore', 'ignore_ament_install']
[0.214s] Level 1:colcon.colcon_core.package_identification:_identify(src/sun_interfaces) by extension 'ignore'
[0.214s] Level 1:colcon.colcon_core.package_identification:_identify(src/sun_interfaces) by extension 'ignore_ament_install'
[0.214s] Level 1:colcon.colcon_core.package_identification:_identify(src/sun_interfaces) by extensions ['colcon_pkg']
[0.214s] Level 1:colcon.colcon_core.package_identification:_identify(src/sun_interfaces) by extension 'colcon_pkg'
[0.215s] Level 1:colcon.colcon_core.package_identification:_identify(src/sun_interfaces) by extensions ['colcon_meta']
[0.215s] Level 1:colcon.colcon_core.package_identification:_identify(src/sun_interfaces) by extension 'colcon_meta'
[0.215s] Level 1:colcon.colcon_core.package_identification:_identify(src/sun_interfaces) by extensions ['ros']
[0.215s] Level 1:colcon.colcon_core.package_identification:_identify(src/sun_interfaces) by extension 'ros'
[0.215s] DEBUG:colcon.colcon_core.package_identification:Package 'src/sun_interfaces' with type 'ros.ament_cmake' and name 'sun_interfaces'
[0.215s] Level 1:colcon.colcon_core.package_identification:_identify(src/sun_pkg) by extensions ['ignore', 'ignore_ament_install']
[0.215s] Level 1:colcon.colcon_core.package_identification:_identify(src/sun_pkg) by extension 'ignore'
[0.215s] Level 1:colcon.colcon_core.package_identification:_identify(src/sun_pkg) by extension 'ignore_ament_install'
[0.215s] Level 1:colcon.colcon_core.package_identification:_identify(src/sun_pkg) by extensions ['colcon_pkg']
[0.215s] Level 1:colcon.colcon_core.package_identification:_identify(src/sun_pkg) by extension 'colcon_pkg'
[0.215s] Level 1:colcon.colcon_core.package_identification:_identify(src/sun_pkg) by extensions ['colcon_meta']
[0.215s] Level 1:colcon.colcon_core.package_identification:_identify(src/sun_pkg) by extension 'colcon_meta'
[0.215s] Level 1:colcon.colcon_core.package_identification:_identify(src/sun_pkg) by extensions ['ros']
[0.215s] Level 1:colcon.colcon_core.package_identification:_identify(src/sun_pkg) by extension 'ros'
[0.216s] DEBUG:colcon.colcon_core.package_identification:Package 'src/sun_pkg' with type 'ros.ament_cmake' and name 'sun_pkg'
[0.216s] Level 1:colcon.colcon_core.package_identification:_identify(src/turtlesim_plus) by extensions ['ignore', 'ignore_ament_install']
[0.216s] Level 1:colcon.colcon_core.package_identification:_identify(src/turtlesim_plus) by extension 'ignore'
[0.216s] Level 1:colcon.colcon_core.package_identification:_identify(src/turtlesim_plus) by extension 'ignore_ament_install'
[0.216s] Level 1:colcon.colcon_core.package_identification:_identify(src/turtlesim_plus) by extensions ['colcon_pkg']
[0.216s] Level 1:colcon.colcon_core.package_identification:_identify(src/turtlesim_plus) by extension 'colcon_pkg'
[0.216s] Level 1:colcon.colcon_core.package_identification:_identify(src/turtlesim_plus) by extensions ['colcon_meta']
[0.216s] Level 1:colcon.colcon_core.package_identification:_identify(src/turtlesim_plus) by extension 'colcon_meta'
[0.216s] Level 1:colcon.colcon_core.package_identification:_identify(src/turtlesim_plus) by extensions ['ros']
[0.216s] Level 1:colcon.colcon_core.package_identification:_identify(src/turtlesim_plus) by extension 'ros'
[0.216s] Level 1:colcon.colcon_core.package_identification:_identify(src/turtlesim_plus) by extensions ['cmake', 'python']
[0.216s] Level 1:colcon.colcon_core.package_identification:_identify(src/turtlesim_plus) by extension 'cmake'
[0.216s] Level 1:colcon.colcon_core.package_identification:_identify(src/turtlesim_plus) by extension 'python'
[0.216s] Level 1:colcon.colcon_core.package_identification:_identify(src/turtlesim_plus) by extensions ['python_setup_py']
[0.216s] Level 1:colcon.colcon_core.package_identification:_identify(src/turtlesim_plus) by extension 'python_setup_py'
[0.216s] Level 1:colcon.colcon_core.package_identification:_identify(src/turtlesim_plus/turtlesim_plus) by extensions ['ignore', 'ignore_ament_install']
[0.217s] Level 1:colcon.colcon_core.package_identification:_identify(src/turtlesim_plus/turtlesim_plus) by extension 'ignore'
[0.217s] Level 1:colcon.colcon_core.package_identification:_identify(src/turtlesim_plus/turtlesim_plus) by extension 'ignore_ament_install'
[0.217s] Level 1:colcon.colcon_core.package_identification:_identify(src/turtlesim_plus/turtlesim_plus) by extensions ['colcon_pkg']
[0.217s] Level 1:colcon.colcon_core.package_identification:_identify(src/turtlesim_plus/turtlesim_plus) by extension 'colcon_pkg'
[0.217s] Level 1:colcon.colcon_core.package_identification:_identify(src/turtlesim_plus/turtlesim_plus) by extensions ['colcon_meta']
[0.217s] Level 1:colcon.colcon_core.package_identification:_identify(src/turtlesim_plus/turtlesim_plus) by extension 'colcon_meta'
[0.217s] Level 1:colcon.colcon_core.package_identification:_identify(src/turtlesim_plus/turtlesim_plus) by extensions ['ros']
[0.217s] Level 1:colcon.colcon_core.package_identification:_identify(src/turtlesim_plus/turtlesim_plus) by extension 'ros'
[0.217s] DEBUG:colcon.colcon_core.package_identification:Package 'src/turtlesim_plus/turtlesim_plus' with type 'ros.ament_cmake' and name 'turtlesim_plus'
[0.218s] Level 1:colcon.colcon_core.package_identification:_identify(src/turtlesim_plus/turtlesim_plus_interfaces) by extensions ['ignore', 'ignore_ament_install']
[0.218s] Level 1:colcon.colcon_core.package_identification:_identify(src/turtlesim_plus/turtlesim_plus_interfaces) by extension 'ignore'
[0.218s] Level 1:colcon.colcon_core.package_identification:_identify(src/turtlesim_plus/turtlesim_plus_interfaces) by extension 'ignore_ament_install'
[0.218s] Level 1:colcon.colcon_core.package_identification:_identify(src/turtlesim_plus/turtlesim_plus_interfaces) by extensions ['colcon_pkg']
[0.218s] Level 1:colcon.colcon_core.package_identification:_identify(src/turtlesim_plus/turtlesim_plus_interfaces) by extension 'colcon_pkg'
[0.218s] Level 1:colcon.colcon_core.package_identification:_identify(src/turtlesim_plus/turtlesim_plus_interfaces) by extensions ['colcon_meta']
[0.218s] Level 1:colcon.colcon_core.package_identification:_identify(src/turtlesim_plus/turtlesim_plus_interfaces) by extension 'colcon_meta'
[0.218s] Level 1:colcon.colcon_core.package_identification:_identify(src/turtlesim_plus/turtlesim_plus_interfaces) by extensions ['ros']
[0.218s] Level 1:colcon.colcon_core.package_identification:_identify(src/turtlesim_plus/turtlesim_plus_interfaces) by extension 'ros'
[0.218s] DEBUG:colcon.colcon_core.package_identification:Package 'src/turtlesim_plus/turtlesim_plus_interfaces' with type 'ros.ament_cmake' and name 'turtlesim_plus_interfaces'
[0.218s] Level 1:colcon.colcon_core.package_discovery:discover_packages(recursive) using defaults
[0.218s] Level 1:colcon.colcon_core.package_discovery:discover_packages(ignore) discover
[0.218s] Level 1:colcon.colcon_core.package_discovery:discover_packages(ignore) using defaults
[0.218s] Level 1:colcon.colcon_core.package_discovery:discover_packages(path) discover
[0.218s] Level 1:colcon.colcon_core.package_discovery:discover_packages(path) using defaults
[0.234s] Level 1:colcon.colcon_core.package_discovery:discover_packages(prefix_path) check parameters
[0.234s] Level 1:colcon.colcon_core.package_discovery:discover_packages(prefix_path) discover
[0.236s] DEBUG:colcon.colcon_installed_package_information.package_discovery:Found 6 installed packages in /home/saifa/Desktop/Ros_exam/install
[0.236s] DEBUG:colcon.colcon_installed_package_information.package_discovery:Found 1 installed packages in /home/saifa/install
[0.237s] DEBUG:colcon.colcon_installed_package_information.package_discovery:Found 30 installed packages in /home/saifa/Desktop/ros2_w2_ws/install
[0.238s] DEBUG:colcon.colcon_installed_package_information.package_discovery:Found 271 installed packages in /opt/ros/humble
[0.240s] Level 1:colcon.colcon_core.package_discovery:discover_packages(prefix_path) using defaults
[0.275s] Level 5:colcon.colcon_core.verb:set package 'controller_interfaces' build argument 'cmake_args' from command line to 'None'
[0.275s] Level 5:colcon.colcon_core.verb:set package 'controller_interfaces' build argument 'cmake_target' from command line to 'None'
[0.275s] Level 5:colcon.colcon_core.verb:set package 'controller_interfaces' build argument 'cmake_target_skip_unavailable' from command line to 'False'
[0.275s] Level 5:colcon.colcon_core.verb:set package 'controller_interfaces' build argument 'cmake_clean_cache' from command line to 'False'
[0.275s] Level 5:colcon.colcon_core.verb:set package 'controller_interfaces' build argument 'cmake_clean_first' from command line to 'False'
[0.275s] Level 5:colcon.colcon_core.verb:set package 'controller_interfaces' build argument 'cmake_force_configure' from command line to 'False'
[0.275s] Level 5:colcon.colcon_core.verb:set package 'controller_interfaces' build argument 'ament_cmake_args' from command line to 'None'
[0.275s] Level 5:colcon.colcon_core.verb:set package 'controller_interfaces' build argument 'catkin_cmake_args' from command line to 'None'
[0.275s] Level 5:colcon.colcon_core.verb:set package 'controller_interfaces' build argument 'catkin_skip_building_tests' from command line to 'False'
[0.275s] DEBUG:colcon.colcon_core.verb:Building package 'controller_interfaces' with the following arguments: {'ament_cmake_args': None, 'build_base': '/home/saifa/Desktop/Ros_exam/build/controller_interfaces', 'catkin_cmake_args': None, 'catkin_skip_building_tests': False, 'cmake_args': None, 'cmake_clean_cache': False, 'cmake_clean_first': False, 'cmake_force_configure': False, 'cmake_target': None, 'cmake_target_skip_unavailable': False, 'install_base': '/home/saifa/Desktop/Ros_exam/install/controller_interfaces', 'merge_install': False, 'path': '/home/saifa/Desktop/Ros_exam/src/controller_interfaces', 'symlink_install': False, 'test_result_base': None}
[0.275s] Level 5:colcon.colcon_core.verb:set package 'saifa_pack' build argument 'cmake_args' from command line to 'None'
[0.275s] Level 5:colcon.colcon_core.verb:set package 'saifa_pack' build argument 'cmake_target' from command line to 'None'
[0.275s] Level 5:colcon.colcon_core.verb:set package 'saifa_pack' build argument 'cmake_target_skip_unavailable' from command line to 'False'
[0.276s] Level 5:colcon.colcon_core.verb:set package 'saifa_pack' build argument 'cmake_clean_cache' from command line to 'False'
[0.276s] Level 5:colcon.colcon_core.verb:set package 'saifa_pack' build argument 'cmake_clean_first' from command line to 'False'
[0.276s] Level 5:colcon.colcon_core.verb:set package 'saifa_pack' build argument 'cmake_force_configure' from command line to 'False'
[0.276s] Level 5:colcon.colcon_core.verb:set package 'saifa_pack' build argument 'ament_cmake_args' from command line to 'None'
[0.276s] Level 5:colcon.colcon_core.verb:set package 'saifa_pack' build argument 'catkin_cmake_args' from command line to 'None'
[0.276s] Level 5:colcon.colcon_core.verb:set package 'saifa_pack' build argument 'catkin_skip_building_tests' from command line to 'False'
[0.276s] DEBUG:colcon.colcon_core.verb:Building package 'saifa_pack' with the following arguments: {'ament_cmake_args': None, 'build_base': '/home/saifa/Desktop/Ros_exam/build/saifa_pack', 'catkin_cmake_args': None, 'catkin_skip_building_tests': False, 'cmake_args': None, 'cmake_clean_cache': False, 'cmake_clean_first': False, 'cmake_force_configure': False, 'cmake_target': None, 'cmake_target_skip_unavailable': False, 'install_base': '/home/saifa/Desktop/Ros_exam/install/saifa_pack', 'merge_install': False, 'path': '/home/saifa/Desktop/Ros_exam/src/saifa_pack', 'symlink_install': False, 'test_result_base': None}
[0.276s] Level 5:colcon.colcon_core.verb:set package 'sun_interfaces' build argument 'cmake_args' from command line to 'None'
[0.276s] Level 5:colcon.colcon_core.verb:set package 'sun_interfaces' build argument 'cmake_target' from command line to 'None'
[0.276s] Level 5:colcon.colcon_core.verb:set package 'sun_interfaces' build argument 'cmake_target_skip_unavailable' from command line to 'False'
[0.276s] Level 5:colcon.colcon_core.verb:set package 'sun_interfaces' build argument 'cmake_clean_cache' from command line to 'False'
[0.276s] Level 5:colcon.colcon_core.verb:set package 'sun_interfaces' build argument 'cmake_clean_first' from command line to 'False'
[0.276s] Level 5:colcon.colcon_core.verb:set package 'sun_interfaces' build argument 'cmake_force_configure' from command line to 'False'
[0.276s] Level 5:colcon.colcon_core.verb:set package 'sun_interfaces' build argument 'ament_cmake_args' from command line to 'None'
[0.276s] Level 5:colcon.colcon_core.verb:set package 'sun_interfaces' build argument 'catkin_cmake_args' from command line to 'None'
[0.276s] Level 5:colcon.colcon_core.verb:set package 'sun_interfaces' build argument 'catkin_skip_building_tests' from command line to 'False'
[0.276s] DEBUG:colcon.colcon_core.verb:Building package 'sun_interfaces' with the following arguments: {'ament_cmake_args': None, 'build_base': '/home/saifa/Desktop/Ros_exam/build/sun_interfaces', 'catkin_cmake_args': None, 'catkin_skip_building_tests': False, 'cmake_args': None, 'cmake_clean_cache': False, 'cmake_clean_first': False, 'cmake_force_configure': False, 'cmake_target': None, 'cmake_target_skip_unavailable': False, 'install_base': '/home/saifa/Desktop/Ros_exam/install/sun_interfaces', 'merge_install': False, 'path': '/home/saifa/Desktop/Ros_exam/src/sun_interfaces', 'symlink_install': False, 'test_result_base': None}
[0.276s] Level 5:colcon.colcon_core.verb:set package 'sun_pkg' build argument 'cmake_args' from command line to 'None'
[0.276s] Level 5:colcon.colcon_core.verb:set package 'sun_pkg' build argument 'cmake_target' from command line to 'None'
[0.276s] Level 5:colcon.colcon_core.verb:set package 'sun_pkg' build argument 'cmake_target_skip_unavailable' from command line to 'False'
[0.276s] Level 5:colcon.colcon_core.verb:set package 'sun_pkg' build argument 'cmake_clean_cache' from command line to 'False'
[0.276s] Level 5:colcon.colcon_core.verb:set package 'sun_pkg' build argument 'cmake_clean_first' from command line to 'False'
[0.276s] Level 5:colcon.colcon_core.verb:set package 'sun_pkg' build argument 'cmake_force_configure' from command line to 'False'
[0.276s] Level 5:colcon.colcon_core.verb:set package 'sun_pkg' build argument 'ament_cmake_args' from command line to 'None'
[0.276s] Level 5:colcon.colcon_core.verb:set package 'sun_pkg' build argument 'catkin_cmake_args' from command line to 'None'
[0.276s] Level 5:colcon.colcon_core.verb:set package 'sun_pkg' build argument 'catkin_skip_building_tests' from command line to 'False'
[0.277s] DEBUG:colcon.colcon_core.verb:Building package 'sun_pkg' with the following arguments: {'ament_cmake_args': None, 'build_base': '/home/saifa/Desktop/Ros_exam/build/sun_pkg', 'catkin_cmake_args': None, 'catkin_skip_building_tests': False, 'cmake_args': None, 'cmake_clean_cache': False, 'cmake_clean_first': False, 'cmake_force_configure': False, 'cmake_target': None, 'cmake_target_skip_unavailable': False, 'install_base': '/home/saifa/Desktop/Ros_exam/install/sun_pkg', 'merge_install': False, 'path': '/home/saifa/Desktop/Ros_exam/src/sun_pkg', 'symlink_install': False, 'test_result_base': None}
[0.277s] Level 5:colcon.colcon_core.verb:set package 'turtlesim_plus' build argument 'cmake_args' from command line to 'None'
[0.277s] Level 5:colcon.colcon_core.verb:set package 'turtlesim_plus' build argument 'cmake_target' from command line to 'None'
[0.277s] Level 5:colcon.colcon_core.verb:set package 'turtlesim_plus' build argument 'cmake_target_skip_unavailable' from command line to 'False'
[0.277s] Level 5:colcon.colcon_core.verb:set package 'turtlesim_plus' build argument 'cmake_clean_cache' from command line to 'False'
[0.277s] Level 5:colcon.colcon_core.verb:set package 'turtlesim_plus' build argument 'cmake_clean_first' from command line to 'False'
[0.277s] Level 5:colcon.colcon_core.verb:set package 'turtlesim_plus' build argument 'cmake_force_configure' from command line to 'False'
[0.277s] Level 5:colcon.colcon_core.verb:set package 'turtlesim_plus' build argument 'ament_cmake_args' from command line to 'None'
[0.277s] Level 5:colcon.colcon_core.verb:set package 'turtlesim_plus' build argument 'catkin_cmake_args' from command line to 'None'
[0.277s] Level 5:colcon.colcon_core.verb:set package 'turtlesim_plus' build argument 'catkin_skip_building_tests' from command line to 'False'
[0.277s] DEBUG:colcon.colcon_core.verb:Building package 'turtlesim_plus' with the following arguments: {'ament_cmake_args': None, 'build_base': '/home/saifa/Desktop/Ros_exam/build/turtlesim_plus', 'catkin_cmake_args': None, 'catkin_skip_building_tests': False, 'cmake_args': None, 'cmake_clean_cache': False, 'cmake_clean_first': False, 'cmake_force_configure': False, 'cmake_target': None, 'cmake_target_skip_unavailable': False, 'install_base': '/home/saifa/Desktop/Ros_exam/install/turtlesim_plus', 'merge_install': False, 'path': '/home/saifa/Desktop/Ros_exam/src/turtlesim_plus/turtlesim_plus', 'symlink_install': False, 'test_result_base': None}
[0.277s] Level 5:colcon.colcon_core.verb:set package 'turtlesim_plus_interfaces' build argument 'cmake_args' from command line to 'None'
[0.277s] Level 5:colcon.colcon_core.verb:set package 'turtlesim_plus_interfaces' build argument 'cmake_target' from command line to 'None'
[0.277s] Level 5:colcon.colcon_core.verb:set package 'turtlesim_plus_interfaces' build argument 'cmake_target_skip_unavailable' from command line to 'False'
[0.277s] Level 5:colcon.colcon_core.verb:set package 'turtlesim_plus_interfaces' build argument 'cmake_clean_cache' from command line to 'False'
[0.277s] Level 5:colcon.colcon_core.verb:set package 'turtlesim_plus_interfaces' build argument 'cmake_clean_first' from command line to 'False'
[0.277s] Level 5:colcon.colcon_core.verb:set package 'turtlesim_plus_interfaces' build argument 'cmake_force_configure' from command line to 'False'
[0.277s] Level 5:colcon.colcon_core.verb:set package 'turtlesim_plus_interfaces' build argument 'ament_cmake_args' from command line to 'None'
[0.277s] Level 5:colcon.colcon_core.verb:set package 'turtlesim_plus_interfaces' build argument 'catkin_cmake_args' from command line to 'None'
[0.277s] Level 5:colcon.colcon_core.verb:set package 'turtlesim_plus_interfaces' build argument 'catkin_skip_building_tests' from command line to 'False'
[0.277s] DEBUG:colcon.colcon_core.verb:Building package 'turtlesim_plus_interfaces' with the following arguments: {'ament_cmake_args': None, 'build_base': '/home/saifa/Desktop/Ros_exam/build/turtlesim_plus_interfaces', 'catkin_cmake_args': None, 'catkin_skip_building_tests': False, 'cmake_args': None, 'cmake_clean_cache': False, 'cmake_clean_first': False, 'cmake_force_configure': False, 'cmake_target': None, 'cmake_target_skip_unavailable': False, 'install_base': '/home/saifa/Desktop/Ros_exam/install/turtlesim_plus_interfaces', 'merge_install': False, 'path': '/home/saifa/Desktop/Ros_exam/src/turtlesim_plus/turtlesim_plus_interfaces', 'symlink_install': False, 'test_result_base': None}
[0.277s] INFO:colcon.colcon_core.executor:Executing jobs using 'parallel' executor
[0.278s] DEBUG:colcon.colcon_parallel_executor.executor.parallel:run_until_complete
[0.279s] INFO:colcon.colcon_ros.task.ament_cmake.build:Building ROS package in '/home/saifa/Desktop/Ros_exam/src/controller_interfaces' with build type 'ament_cmake'
[0.279s] INFO:colcon.colcon_cmake.task.cmake.build:Building CMake package in '/home/saifa/Desktop/Ros_exam/src/controller_interfaces'
[0.281s] INFO:colcon.colcon_core.plugin_system:Skipping extension 'colcon_core.shell.bat': Not used on non-Windows systems
[0.281s] INFO:colcon.colcon_core.shell:Skip shell extension 'powershell' for command environment: Not usable outside of PowerShell
[0.281s] DEBUG:colcon.colcon_core.shell:Skip shell extension 'dsv' for command environment
[0.285s] INFO:colcon.colcon_ros.task.ament_cmake.build:Building ROS package in '/home/saifa/Desktop/Ros_exam/src/saifa_pack' with build type 'ament_cmake'
[0.285s] INFO:colcon.colcon_cmake.task.cmake.build:Building CMake package in '/home/saifa/Desktop/Ros_exam/src/saifa_pack'
[0.286s] INFO:colcon.colcon_core.shell:Skip shell extension 'powershell' for command environment: Not usable outside of PowerShell
[0.286s] DEBUG:colcon.colcon_core.shell:Skip shell extension 'dsv' for command environment
[0.290s] INFO:colcon.colcon_ros.task.ament_cmake.build:Building ROS package in '/home/saifa/Desktop/Ros_exam/src/sun_interfaces' with build type 'ament_cmake'
[0.290s] INFO:colcon.colcon_cmake.task.cmake.build:Building CMake package in '/home/saifa/Desktop/Ros_exam/src/sun_interfaces'
[0.290s] INFO:colcon.colcon_core.shell:Skip shell extension 'powershell' for command environment: Not usable outside of PowerShell
[0.290s] DEBUG:colcon.colcon_core.shell:Skip shell extension 'dsv' for command environment
[0.295s] INFO:colcon.colcon_ros.task.ament_cmake.build:Building ROS package in '/home/saifa/Desktop/Ros_exam/src/sun_pkg' with build type 'ament_cmake'
[0.295s] INFO:colcon.colcon_cmake.task.cmake.build:Building CMake package in '/home/saifa/Desktop/Ros_exam/src/sun_pkg'
[0.295s] INFO:colcon.colcon_core.shell:Skip shell extension 'powershell' for command environment: Not usable outside of PowerShell
[0.295s] DEBUG:colcon.colcon_core.shell:Skip shell extension 'dsv' for command environment
[0.299s] INFO:colcon.colcon_ros.task.ament_cmake.build:Building ROS package in '/home/saifa/Desktop/Ros_exam/src/turtlesim_plus/turtlesim_plus' with build type 'ament_cmake'
[0.299s] INFO:colcon.colcon_cmake.task.cmake.build:Building CMake package in '/home/saifa/Desktop/Ros_exam/src/turtlesim_plus/turtlesim_plus'
[0.300s] INFO:colcon.colcon_core.shell:Skip shell extension 'powershell' for command environment: Not usable outside of PowerShell
[0.300s] DEBUG:colcon.colcon_core.shell:Skip shell extension 'dsv' for command environment
[0.304s] INFO:colcon.colcon_ros.task.ament_cmake.build:Building ROS package in '/home/saifa/Desktop/Ros_exam/src/turtlesim_plus/turtlesim_plus_interfaces' with build type 'ament_cmake'
[0.304s] INFO:colcon.colcon_cmake.task.cmake.build:Building CMake package in '/home/saifa/Desktop/Ros_exam/src/turtlesim_plus/turtlesim_plus_interfaces'
[0.304s] INFO:colcon.colcon_core.shell:Skip shell extension 'powershell' for command environment: Not usable outside of PowerShell
[0.304s] DEBUG:colcon.colcon_core.shell:Skip shell extension 'dsv' for command environment
[0.312s] DEBUG:colcon.colcon_core.event_handler.log_command:Invoking command in '/home/saifa/Desktop/Ros_exam/build/controller_interfaces': CMAKE_PREFIX_PATH=${CMAKE_PREFIX_PATH}:/home/saifa/Desktop/ros2_w2_ws/install/launch_testing_examples:/home/saifa/Desktop/ros2_w2_ws/install/examples_rclpy_pointcloud_publisher:/home/saifa/Desktop/ros2_w2_ws/install/examples_rclpy_minimal_subscriber:/home/saifa/Desktop/ros2_w2_ws/install/examples_rclpy_minimal_service:/home/saifa/Desktop/ros2_w2_ws/install/examples_rclpy_minimal_publisher:/home/saifa/Desktop/ros2_w2_ws/install/examples_rclpy_minimal_client:/home/saifa/Desktop/ros2_w2_ws/install/examples_rclpy_minimal_action_server:/home/saifa/Desktop/ros2_w2_ws/install/examples_rclpy_minimal_action_client:/home/saifa/Desktop/ros2_w2_ws/install/examples_rclpy_guard_conditions:/home/saifa/Desktop/ros2_w2_ws/install/examples_rclpy_executors:/opt/ros/humble /usr/bin/cmake --build /home/saifa/Desktop/Ros_exam/build/controller_interfaces -- -j16 -l16
[0.315s] DEBUG:colcon.colcon_core.event_handler.log_command:Invoking command in '/home/saifa/Desktop/Ros_exam/build/saifa_pack': CMAKE_PREFIX_PATH=${CMAKE_PREFIX_PATH}:/home/saifa/Desktop/ros2_w2_ws/install/launch_testing_examples:/home/saifa/Desktop/ros2_w2_ws/install/examples_rclpy_pointcloud_publisher:/home/saifa/Desktop/ros2_w2_ws/install/examples_rclpy_minimal_subscriber:/home/saifa/Desktop/ros2_w2_ws/install/examples_rclpy_minimal_service:/home/saifa/Desktop/ros2_w2_ws/install/examples_rclpy_minimal_publisher:/home/saifa/Desktop/ros2_w2_ws/install/examples_rclpy_minimal_client:/home/saifa/Desktop/ros2_w2_ws/install/examples_rclpy_minimal_action_server:/home/saifa/Desktop/ros2_w2_ws/install/examples_rclpy_minimal_action_client:/home/saifa/Desktop/ros2_w2_ws/install/examples_rclpy_guard_conditions:/home/saifa/Desktop/ros2_w2_ws/install/examples_rclpy_executors:/opt/ros/humble /usr/bin/cmake --build /home/saifa/Desktop/Ros_exam/build/saifa_pack -- -j16 -l16
[0.318s] DEBUG:colcon.colcon_core.event_handler.log_command:Invoking command in '/home/saifa/Desktop/Ros_exam/build/sun_interfaces': CMAKE_PREFIX_PATH=${CMAKE_PREFIX_PATH}:/home/saifa/Desktop/ros2_w2_ws/install/launch_testing_examples:/home/saifa/Desktop/ros2_w2_ws/install/examples_rclpy_pointcloud_publisher:/home/saifa/Desktop/ros2_w2_ws/install/examples_rclpy_minimal_subscriber:/home/saifa/Desktop/ros2_w2_ws/install/examples_rclpy_minimal_service:/home/saifa/Desktop/ros2_w2_ws/install/examples_rclpy_minimal_publisher:/home/saifa/Desktop/ros2_w2_ws/install/examples_rclpy_minimal_client:/home/saifa/Desktop/ros2_w2_ws/install/examples_rclpy_minimal_action_server:/home/saifa/Desktop/ros2_w2_ws/install/examples_rclpy_minimal_action_client:/home/saifa/Desktop/ros2_w2_ws/install/examples_rclpy_guard_conditions:/home/saifa/Desktop/ros2_w2_ws/install/examples_rclpy_executors:/opt/ros/humble /usr/bin/cmake --build /home/saifa/Desktop/Ros_exam/build/sun_interfaces -- -j16 -l16
[0.320s] DEBUG:colcon.colcon_core.event_handler.log_command:Invoking command in '/home/saifa/Desktop/Ros_exam/build/sun_pkg': CMAKE_PREFIX_PATH=${CMAKE_PREFIX_PATH}:/home/saifa/Desktop/ros2_w2_ws/install/launch_testing_examples:/home/saifa/Desktop/ros2_w2_ws/install/examples_rclpy_pointcloud_publisher:/home/saifa/Desktop/ros2_w2_ws/install/examples_rclpy_minimal_subscriber:/home/saifa/Desktop/ros2_w2_ws/install/examples_rclpy_minimal_service:/home/saifa/Desktop/ros2_w2_ws/install/examples_rclpy_minimal_publisher:/home/saifa/Desktop/ros2_w2_ws/install/examples_rclpy_minimal_client:/home/saifa/Desktop/ros2_w2_ws/install/examples_rclpy_minimal_action_server:/home/saifa/Desktop/ros2_w2_ws/install/examples_rclpy_minimal_action_client:/home/saifa/Desktop/ros2_w2_ws/install/examples_rclpy_guard_conditions:/home/saifa/Desktop/ros2_w2_ws/install/examples_rclpy_executors:/opt/ros/humble /usr/bin/cmake --build /home/saifa/Desktop/Ros_exam/build/sun_pkg -- -j16 -l16
[0.323s] DEBUG:colcon.colcon_core.event_handler.log_command:Invoking command in '/home/saifa/Desktop/Ros_exam/build/turtlesim_plus': CMAKE_PREFIX_PATH=${CMAKE_PREFIX_PATH}:/home/saifa/Desktop/ros2_w2_ws/install/launch_testing_examples:/home/saifa/Desktop/ros2_w2_ws/install/examples_rclpy_pointcloud_publisher:/home/saifa/Desktop/ros2_w2_ws/install/examples_rclpy_minimal_subscriber:/home/saifa/Desktop/ros2_w2_ws/install/examples_rclpy_minimal_service:/home/saifa/Desktop/ros2_w2_ws/install/examples_rclpy_minimal_publisher:/home/saifa/Desktop/ros2_w2_ws/install/examples_rclpy_minimal_client:/home/saifa/Desktop/ros2_w2_ws/install/examples_rclpy_minimal_action_server:/home/saifa/Desktop/ros2_w2_ws/install/examples_rclpy_minimal_action_client:/home/saifa/Desktop/ros2_w2_ws/install/examples_rclpy_guard_conditions:/home/saifa/Desktop/ros2_w2_ws/install/examples_rclpy_executors:/opt/ros/humble /usr/bin/cmake --build /home/saifa/Desktop/Ros_exam/build/turtlesim_plus -- -j16 -l16
[0.327s] DEBUG:colcon.colcon_core.event_handler.log_command:Invoking command in '/home/saifa/Desktop/Ros_exam/build/turtlesim_plus_interfaces': CMAKE_PREFIX_PATH=${CMAKE_PREFIX_PATH}:/home/saifa/Desktop/ros2_w2_ws/install/launch_testing_examples:/home/saifa/Desktop/ros2_w2_ws/install/examples_rclpy_pointcloud_publisher:/home/saifa/Desktop/ros2_w2_ws/install/examples_rclpy_minimal_subscriber:/home/saifa/Desktop/ros2_w2_ws/install/examples_rclpy_minimal_service:/home/saifa/Desktop/ros2_w2_ws/install/examples_rclpy_minimal_publisher:/home/saifa/Desktop/ros2_w2_ws/install/examples_rclpy_minimal_client:/home/saifa/Desktop/ros2_w2_ws/install/examples_rclpy_minimal_action_server:/home/saifa/Desktop/ros2_w2_ws/install/examples_rclpy_minimal_action_client:/home/saifa/Desktop/ros2_w2_ws/install/examples_rclpy_guard_conditions:/home/saifa/Desktop/ros2_w2_ws/install/examples_rclpy_executors:/opt/ros/humble /usr/bin/cmake --build /home/saifa/Desktop/Ros_exam/build/turtlesim_plus_interfaces -- -j16 -l16
[0.660s] DEBUG:colcon.colcon_core.event_handler.log_command:Invoked command in '/home/saifa/Desktop/Ros_exam/build/turtlesim_plus' returned '0': CMAKE_PREFIX_PATH=${CMAKE_PREFIX_PATH}:/home/saifa/Desktop/ros2_w2_ws/install/launch_testing_examples:/home/saifa/Desktop/ros2_w2_ws/install/examples_rclpy_pointcloud_publisher:/home/saifa/Desktop/ros2_w2_ws/install/examples_rclpy_minimal_subscriber:/home/saifa/Desktop/ros2_w2_ws/install/examples_rclpy_minimal_service:/home/saifa/Desktop/ros2_w2_ws/install/examples_rclpy_minimal_publisher:/home/saifa/Desktop/ros2_w2_ws/install/examples_rclpy_minimal_client:/home/saifa/Desktop/ros2_w2_ws/install/examples_rclpy_minimal_action_server:/home/saifa/Desktop/ros2_w2_ws/install/examples_rclpy_minimal_action_client:/home/saifa/Desktop/ros2_w2_ws/install/examples_rclpy_guard_conditions:/home/saifa/Desktop/ros2_w2_ws/install/examples_rclpy_executors:/opt/ros/humble /usr/bin/cmake --build /home/saifa/Desktop/Ros_exam/build/turtlesim_plus -- -j16 -l16
[0.675s] DEBUG:colcon.colcon_core.event_handler.log_command:Invoked command in '/home/saifa/Desktop/Ros_exam/build/saifa_pack' returned '0': CMAKE_PREFIX_PATH=${CMAKE_PREFIX_PATH}:/home/saifa/Desktop/ros2_w2_ws/install/launch_testing_examples:/home/saifa/Desktop/ros2_w2_ws/install/examples_rclpy_pointcloud_publisher:/home/saifa/Desktop/ros2_w2_ws/install/examples_rclpy_minimal_subscriber:/home/saifa/Desktop/ros2_w2_ws/install/examples_rclpy_minimal_service:/home/saifa/Desktop/ros2_w2_ws/install/examples_rclpy_minimal_publisher:/home/saifa/Desktop/ros2_w2_ws/install/examples_rclpy_minimal_client:/home/saifa/Desktop/ros2_w2_ws/install/examples_rclpy_minimal_action_server:/home/saifa/Desktop/ros2_w2_ws/install/examples_rclpy_minimal_action_client:/home/saifa/Desktop/ros2_w2_ws/install/examples_rclpy_guard_conditions:/home/saifa/Desktop/ros2_w2_ws/install/examples_rclpy_executors:/opt/ros/humble /usr/bin/cmake --build /home/saifa/Desktop/Ros_exam/build/saifa_pack -- -j16 -l16
[0.703s] DEBUG:colcon.colcon_core.event_handler.log_command:Invoking command in '/home/saifa/Desktop/Ros_exam/build/turtlesim_plus': CMAKE_PREFIX_PATH=${CMAKE_PREFIX_PATH}:/home/saifa/Desktop/ros2_w2_ws/install/launch_testing_examples:/home/saifa/Desktop/ros2_w2_ws/install/examples_rclpy_pointcloud_publisher:/home/saifa/Desktop/ros2_w2_ws/install/examples_rclpy_minimal_subscriber:/home/saifa/Desktop/ros2_w2_ws/install/examples_rclpy_minimal_service:/home/saifa/Desktop/ros2_w2_ws/install/examples_rclpy_minimal_publisher:/home/saifa/Desktop/ros2_w2_ws/install/examples_rclpy_minimal_client:/home/saifa/Desktop/ros2_w2_ws/install/examples_rclpy_minimal_action_server:/home/saifa/Desktop/ros2_w2_ws/install/examples_rclpy_minimal_action_client:/home/saifa/Desktop/ros2_w2_ws/install/examples_rclpy_guard_conditions:/home/saifa/Desktop/ros2_w2_ws/install/examples_rclpy_executors:/opt/ros/humble /usr/bin/cmake --install /home/saifa/Desktop/Ros_exam/build/turtlesim_plus
[0.710s] DEBUG:colcon.colcon_core.event_handler.log_command:Invoking command in '/home/saifa/Desktop/Ros_exam/build/saifa_pack': CMAKE_PREFIX_PATH=${CMAKE_PREFIX_PATH}:/home/saifa/Desktop/ros2_w2_ws/install/launch_testing_examples:/home/saifa/Desktop/ros2_w2_ws/install/examples_rclpy_pointcloud_publisher:/home/saifa/Desktop/ros2_w2_ws/install/examples_rclpy_minimal_subscriber:/home/saifa/Desktop/ros2_w2_ws/install/examples_rclpy_minimal_service:/home/saifa/Desktop/ros2_w2_ws/install/examples_rclpy_minimal_publisher:/home/saifa/Desktop/ros2_w2_ws/install/examples_rclpy_minimal_client:/home/saifa/Desktop/ros2_w2_ws/install/examples_rclpy_minimal_action_server:/home/saifa/Desktop/ros2_w2_ws/install/examples_rclpy_minimal_action_client:/home/saifa/Desktop/ros2_w2_ws/install/examples_rclpy_guard_conditions:/home/saifa/Desktop/ros2_w2_ws/install/examples_rclpy_executors:/opt/ros/humble /usr/bin/cmake --install /home/saifa/Desktop/Ros_exam/build/saifa_pack
[0.724s] DEBUG:colcon.colcon_core.event_handler.log_command:Invoked command in '/home/saifa/Desktop/Ros_exam/build/controller_interfaces' returned '0': CMAKE_PREFIX_PATH=${CMAKE_PREFIX_PATH}:/home/saifa/Desktop/ros2_w2_ws/install/launch_testing_examples:/home/saifa/Desktop/ros2_w2_ws/install/examples_rclpy_pointcloud_publisher:/home/saifa/Desktop/ros2_w2_ws/install/examples_rclpy_minimal_subscriber:/home/saifa/Desktop/ros2_w2_ws/install/examples_rclpy_minimal_service:/home/saifa/Desktop/ros2_w2_ws/install/examples_rclpy_minimal_publisher:/home/saifa/Desktop/ros2_w2_ws/install/examples_rclpy_minimal_client:/home/saifa/Desktop/ros2_w2_ws/install/examples_rclpy_minimal_action_server:/home/saifa/Desktop/ros2_w2_ws/install/examples_rclpy_minimal_action_client:/home/saifa/Desktop/ros2_w2_ws/install/examples_rclpy_guard_conditions:/home/saifa/Desktop/ros2_w2_ws/install/examples_rclpy_executors:/opt/ros/humble /usr/bin/cmake --build /home/saifa/Desktop/Ros_exam/build/controller_interfaces -- -j16 -l16
[0.740s] DEBUG:colcon.colcon_core.event_handler.log_command:Invoked command in '/home/saifa/Desktop/Ros_exam/build/sun_pkg' returned '0': CMAKE_PREFIX_PATH=${CMAKE_PREFIX_PATH}:/home/saifa/Desktop/ros2_w2_ws/install/launch_testing_examples:/home/saifa/Desktop/ros2_w2_ws/install/examples_rclpy_pointcloud_publisher:/home/saifa/Desktop/ros2_w2_ws/install/examples_rclpy_minimal_subscriber:/home/saifa/Desktop/ros2_w2_ws/install/examples_rclpy_minimal_service:/home/saifa/Desktop/ros2_w2_ws/install/examples_rclpy_minimal_publisher:/home/saifa/Desktop/ros2_w2_ws/install/examples_rclpy_minimal_client:/home/saifa/Desktop/ros2_w2_ws/install/examples_rclpy_minimal_action_server:/home/saifa/Desktop/ros2_w2_ws/install/examples_rclpy_minimal_action_client:/home/saifa/Desktop/ros2_w2_ws/install/examples_rclpy_guard_conditions:/home/saifa/Desktop/ros2_w2_ws/install/examples_rclpy_executors:/opt/ros/humble /usr/bin/cmake --build /home/saifa/Desktop/Ros_exam/build/sun_pkg -- -j16 -l16
[0.748s] DEBUG:colcon.colcon_core.event_handler.log_command:Invoked command in '/home/saifa/Desktop/Ros_exam/build/sun_interfaces' returned '0': CMAKE_PREFIX_PATH=${CMAKE_PREFIX_PATH}:/home/saifa/Desktop/ros2_w2_ws/install/launch_testing_examples:/home/saifa/Desktop/ros2_w2_ws/install/examples_rclpy_pointcloud_publisher:/home/saifa/Desktop/ros2_w2_ws/install/examples_rclpy_minimal_subscriber:/home/saifa/Desktop/ros2_w2_ws/install/examples_rclpy_minimal_service:/home/saifa/Desktop/ros2_w2_ws/install/examples_rclpy_minimal_publisher:/home/saifa/Desktop/ros2_w2_ws/install/examples_rclpy_minimal_client:/home/saifa/Desktop/ros2_w2_ws/install/examples_rclpy_minimal_action_server:/home/saifa/Desktop/ros2_w2_ws/install/examples_rclpy_minimal_action_client:/home/saifa/Desktop/ros2_w2_ws/install/examples_rclpy_guard_conditions:/home/saifa/Desktop/ros2_w2_ws/install/examples_rclpy_executors:/opt/ros/humble /usr/bin/cmake --build /home/saifa/Desktop/Ros_exam/build/sun_interfaces -- -j16 -l16
[0.750s] DEBUG:colcon.colcon_core.event_handler.log_command:Invoked command in '/home/saifa/Desktop/Ros_exam/build/turtlesim_plus_interfaces' returned '0': CMAKE_PREFIX_PATH=${CMAKE_PREFIX_PATH}:/home/saifa/Desktop/ros2_w2_ws/install/launch_testing_examples:/home/saifa/Desktop/ros2_w2_ws/install/examples_rclpy_pointcloud_publisher:/home/saifa/Desktop/ros2_w2_ws/install/examples_rclpy_minimal_subscriber:/home/saifa/Desktop/ros2_w2_ws/install/examples_rclpy_minimal_service:/home/saifa/Desktop/ros2_w2_ws/install/examples_rclpy_minimal_publisher:/home/saifa/Desktop/ros2_w2_ws/install/examples_rclpy_minimal_client:/home/saifa/Desktop/ros2_w2_ws/install/examples_rclpy_minimal_action_server:/home/saifa/Desktop/ros2_w2_ws/install/examples_rclpy_minimal_action_client:/home/saifa/Desktop/ros2_w2_ws/install/examples_rclpy_guard_conditions:/home/saifa/Desktop/ros2_w2_ws/install/examples_rclpy_executors:/opt/ros/humble /usr/bin/cmake --build /home/saifa/Desktop/Ros_exam/build/turtlesim_plus_interfaces -- -j16 -l16
[0.763s] Level 1:colcon.colcon_core.environment:create_environment_scripts_only(turtlesim_plus)
[0.765s] DEBUG:colcon.colcon_core.event_handler.log_command:Invoked command in '/home/saifa/Desktop/Ros_exam/build/turtlesim_plus' returned '0': CMAKE_PREFIX_PATH=${CMAKE_PREFIX_PATH}:/home/saifa/Desktop/ros2_w2_ws/install/launch_testing_examples:/home/saifa/Desktop/ros2_w2_ws/install/examples_rclpy_pointcloud_publisher:/home/saifa/Desktop/ros2_w2_ws/install/examples_rclpy_minimal_subscriber:/home/saifa/Desktop/ros2_w2_ws/install/examples_rclpy_minimal_service:/home/saifa/Desktop/ros2_w2_ws/install/examples_rclpy_minimal_publisher:/home/saifa/Desktop/ros2_w2_ws/install/examples_rclpy_minimal_client:/home/saifa/Desktop/ros2_w2_ws/install/examples_rclpy_minimal_action_server:/home/saifa/Desktop/ros2_w2_ws/install/examples_rclpy_minimal_action_client:/home/saifa/Desktop/ros2_w2_ws/install/examples_rclpy_guard_conditions:/home/saifa/Desktop/ros2_w2_ws/install/examples_rclpy_executors:/opt/ros/humble /usr/bin/cmake --install /home/saifa/Desktop/Ros_exam/build/turtlesim_plus
[0.768s] Level 1:colcon.colcon_core.environment:checking '/home/saifa/Desktop/Ros_exam/install/turtlesim_plus' for CMake module files
[0.768s] Level 1:colcon.colcon_core.environment:checking '/home/saifa/Desktop/Ros_exam/install/turtlesim_plus' for CMake config files
[0.768s] Level 1:colcon.colcon_core.shell:create_environment_hook('turtlesim_plus', 'cmake_prefix_path')
[0.769s] INFO:colcon.colcon_core.shell:Creating environment hook '/home/saifa/Desktop/Ros_exam/install/turtlesim_plus/share/turtlesim_plus/hook/cmake_prefix_path.ps1'
[0.769s] INFO:colcon.colcon_core.shell:Creating environment descriptor '/home/saifa/Desktop/Ros_exam/install/turtlesim_plus/share/turtlesim_plus/hook/cmake_prefix_path.dsv'
[0.769s] INFO:colcon.colcon_core.shell:Creating environment hook '/home/saifa/Desktop/Ros_exam/install/turtlesim_plus/share/turtlesim_plus/hook/cmake_prefix_path.sh'
[0.770s] Level 1:colcon.colcon_core.environment:checking '/home/saifa/Desktop/Ros_exam/install/turtlesim_plus/lib'
[0.770s] Level 1:colcon.colcon_core.environment:checking '/home/saifa/Desktop/Ros_exam/install/turtlesim_plus/bin'
[0.770s] Level 1:colcon.colcon_core.environment:checking '/home/saifa/Desktop/Ros_exam/install/turtlesim_plus/lib/pkgconfig/turtlesim_plus.pc'
[0.771s] Level 1:colcon.colcon_core.environment:checking '/home/saifa/Desktop/Ros_exam/install/turtlesim_plus/lib/python3.10/site-packages'
[0.771s] Level 1:colcon.colcon_core.environment:checking '/home/saifa/Desktop/Ros_exam/install/turtlesim_plus/bin'
[0.771s] INFO:colcon.colcon_core.shell:Creating package script '/home/saifa/Desktop/Ros_exam/install/turtlesim_plus/share/turtlesim_plus/package.ps1'
[0.772s] INFO:colcon.colcon_core.shell:Creating package descriptor '/home/saifa/Desktop/Ros_exam/install/turtlesim_plus/share/turtlesim_plus/package.dsv'
[0.772s] INFO:colcon.colcon_core.shell:Creating package script '/home/saifa/Desktop/Ros_exam/install/turtlesim_plus/share/turtlesim_plus/package.sh'
[0.773s] INFO:colcon.colcon_core.shell:Creating package script '/home/saifa/Desktop/Ros_exam/install/turtlesim_plus/share/turtlesim_plus/package.bash'
[0.774s] INFO:colcon.colcon_core.shell:Creating package script '/home/saifa/Desktop/Ros_exam/install/turtlesim_plus/share/turtlesim_plus/package.zsh'
[0.774s] Level 1:colcon.colcon_core.environment:create_file_with_runtime_dependencies(/home/saifa/Desktop/Ros_exam/install/turtlesim_plus/share/colcon-core/packages/turtlesim_plus)
[0.777s] Level 1:colcon.colcon_core.environment:create_environment_scripts_only(saifa_pack)
[0.778s] DEBUG:colcon.colcon_core.event_handler.log_command:Invoking command in '/home/saifa/Desktop/Ros_exam/build/sun_pkg': CMAKE_PREFIX_PATH=${CMAKE_PREFIX_PATH}:/home/saifa/Desktop/ros2_w2_ws/install/launch_testing_examples:/home/saifa/Desktop/ros2_w2_ws/install/examples_rclpy_pointcloud_publisher:/home/saifa/Desktop/ros2_w2_ws/install/examples_rclpy_minimal_subscriber:/home/saifa/Desktop/ros2_w2_ws/install/examples_rclpy_minimal_service:/home/saifa/Desktop/ros2_w2_ws/install/examples_rclpy_minimal_publisher:/home/saifa/Desktop/ros2_w2_ws/install/examples_rclpy_minimal_client:/home/saifa/Desktop/ros2_w2_ws/install/examples_rclpy_minimal_action_server:/home/saifa/Desktop/ros2_w2_ws/install/examples_rclpy_minimal_action_client:/home/saifa/Desktop/ros2_w2_ws/install/examples_rclpy_guard_conditions:/home/saifa/Desktop/ros2_w2_ws/install/examples_rclpy_executors:/opt/ros/humble /usr/bin/cmake --install /home/saifa/Desktop/Ros_exam/build/sun_pkg
[0.778s] Level 1:colcon.colcon_core.environment:checking '/home/saifa/Desktop/Ros_exam/install/saifa_pack' for CMake module files
[0.779s] DEBUG:colcon.colcon_core.event_handler.log_command:Invoked command in '/home/saifa/Desktop/Ros_exam/build/saifa_pack' returned '0': CMAKE_PREFIX_PATH=${CMAKE_PREFIX_PATH}:/home/saifa/Desktop/ros2_w2_ws/install/launch_testing_examples:/home/saifa/Desktop/ros2_w2_ws/install/examples_rclpy_pointcloud_publisher:/home/saifa/Desktop/ros2_w2_ws/install/examples_rclpy_minimal_subscriber:/home/saifa/Desktop/ros2_w2_ws/install/examples_rclpy_minimal_service:/home/saifa/Desktop/ros2_w2_ws/install/examples_rclpy_minimal_publisher:/home/saifa/Desktop/ros2_w2_ws/install/examples_rclpy_minimal_client:/home/saifa/Desktop/ros2_w2_ws/install/examples_rclpy_minimal_action_server:/home/saifa/Desktop/ros2_w2_ws/install/examples_rclpy_minimal_action_client:/home/saifa/Desktop/ros2_w2_ws/install/examples_rclpy_guard_conditions:/home/saifa/Desktop/ros2_w2_ws/install/examples_rclpy_executors:/opt/ros/humble /usr/bin/cmake --install /home/saifa/Desktop/Ros_exam/build/saifa_pack
[0.780s] Level 1:colcon.colcon_core.environment:checking '/home/saifa/Desktop/Ros_exam/install/saifa_pack' for CMake config files
[0.780s] Level 1:colcon.colcon_core.shell:create_environment_hook('saifa_pack', 'cmake_prefix_path')
[0.781s] INFO:colcon.colcon_core.shell:Creating environment hook '/home/saifa/Desktop/Ros_exam/install/saifa_pack/share/saifa_pack/hook/cmake_prefix_path.ps1'
[0.781s] INFO:colcon.colcon_core.shell:Creating environment descriptor '/home/saifa/Desktop/Ros_exam/install/saifa_pack/share/saifa_pack/hook/cmake_prefix_path.dsv'
[0.781s] INFO:colcon.colcon_core.shell:Creating environment hook '/home/saifa/Desktop/Ros_exam/install/saifa_pack/share/saifa_pack/hook/cmake_prefix_path.sh'
[0.782s] Level 1:colcon.colcon_core.environment:checking '/home/saifa/Desktop/Ros_exam/install/saifa_pack/lib'
[0.782s] Level 1:colcon.colcon_core.environment:checking '/home/saifa/Desktop/Ros_exam/install/saifa_pack/bin'
[0.782s] Level 1:colcon.colcon_core.environment:checking '/home/saifa/Desktop/Ros_exam/install/saifa_pack/lib/pkgconfig/saifa_pack.pc'
[0.783s] Level 1:colcon.colcon_core.environment:checking '/home/saifa/Desktop/Ros_exam/install/saifa_pack/lib/python3.10/site-packages'
[0.783s] Level 1:colcon.colcon_core.environment:checking '/home/saifa/Desktop/Ros_exam/install/saifa_pack/bin'
[0.783s] INFO:colcon.colcon_core.shell:Creating package script '/home/saifa/Desktop/Ros_exam/install/saifa_pack/share/saifa_pack/package.ps1'
[0.783s] INFO:colcon.colcon_core.shell:Creating package descriptor '/home/saifa/Desktop/Ros_exam/install/saifa_pack/share/saifa_pack/package.dsv'
[0.784s] INFO:colcon.colcon_core.shell:Creating package script '/home/saifa/Desktop/Ros_exam/install/saifa_pack/share/saifa_pack/package.sh'
[0.784s] INFO:colcon.colcon_core.shell:Creating package script '/home/saifa/Desktop/Ros_exam/install/saifa_pack/share/saifa_pack/package.bash'
[0.784s] INFO:colcon.colcon_core.shell:Creating package script '/home/saifa/Desktop/Ros_exam/install/saifa_pack/share/saifa_pack/package.zsh'
[0.785s] Level 1:colcon.colcon_core.environment:create_file_with_runtime_dependencies(/home/saifa/Desktop/Ros_exam/install/saifa_pack/share/colcon-core/packages/saifa_pack)
[0.804s] Level 1:colcon.colcon_core.environment:create_environment_scripts_only(turtlesim_plus)
[0.804s] Level 1:colcon.colcon_core.environment:checking '/home/saifa/Desktop/Ros_exam/install/turtlesim_plus' for CMake module files
[0.805s] Level 1:colcon.colcon_core.environment:checking '/home/saifa/Desktop/Ros_exam/install/turtlesim_plus' for CMake config files
[0.805s] Level 1:colcon.colcon_core.shell:create_environment_hook('turtlesim_plus', 'cmake_prefix_path')
[0.805s] INFO:colcon.colcon_core.shell:Creating environment hook '/home/saifa/Desktop/Ros_exam/install/turtlesim_plus/share/turtlesim_plus/hook/cmake_prefix_path.ps1'
[0.806s] INFO:colcon.colcon_core.shell:Creating environment descriptor '/home/saifa/Desktop/Ros_exam/install/turtlesim_plus/share/turtlesim_plus/hook/cmake_prefix_path.dsv'
[0.806s] INFO:colcon.colcon_core.shell:Creating environment hook '/home/saifa/Desktop/Ros_exam/install/turtlesim_plus/share/turtlesim_plus/hook/cmake_prefix_path.sh'
[0.806s] Level 1:colcon.colcon_core.environment:checking '/home/saifa/Desktop/Ros_exam/install/turtlesim_plus/lib'
[0.806s] Level 1:colcon.colcon_core.environment:checking '/home/saifa/Desktop/Ros_exam/install/turtlesim_plus/bin'
[0.806s] Level 1:colcon.colcon_core.environment:checking '/home/saifa/Desktop/Ros_exam/install/turtlesim_plus/lib/pkgconfig/turtlesim_plus.pc'
[0.807s] Level 1:colcon.colcon_core.environment:checking '/home/saifa/Desktop/Ros_exam/install/turtlesim_plus/lib/python3.10/site-packages'
[0.807s] Level 1:colcon.colcon_core.environment:checking '/home/saifa/Desktop/Ros_exam/install/turtlesim_plus/bin'
[0.807s] INFO:colcon.colcon_core.shell:Creating package script '/home/saifa/Desktop/Ros_exam/install/turtlesim_plus/share/turtlesim_plus/package.ps1'
[0.808s] INFO:colcon.colcon_core.shell:Creating package descriptor '/home/saifa/Desktop/Ros_exam/install/turtlesim_plus/share/turtlesim_plus/package.dsv'
[0.808s] INFO:colcon.colcon_core.shell:Creating package script '/home/saifa/Desktop/Ros_exam/install/turtlesim_plus/share/turtlesim_plus/package.sh'
[0.808s] INFO:colcon.colcon_core.shell:Creating package script '/home/saifa/Desktop/Ros_exam/install/turtlesim_plus/share/turtlesim_plus/package.bash'
[0.809s] INFO:colcon.colcon_core.shell:Creating package script '/home/saifa/Desktop/Ros_exam/install/turtlesim_plus/share/turtlesim_plus/package.zsh'
[0.809s] Level 1:colcon.colcon_core.environment:create_file_with_runtime_dependencies(/home/saifa/Desktop/Ros_exam/install/turtlesim_plus/share/colcon-core/packages/turtlesim_plus)
[0.817s] Level 1:colcon.colcon_core.environment:create_environment_scripts_only(saifa_pack)
[0.817s] Level 1:colcon.colcon_core.environment:checking '/home/saifa/Desktop/Ros_exam/install/saifa_pack' for CMake module files
[0.817s] Level 1:colcon.colcon_core.environment:checking '/home/saifa/Desktop/Ros_exam/install/saifa_pack' for CMake config files
[0.817s] Level 1:colcon.colcon_core.shell:create_environment_hook('saifa_pack', 'cmake_prefix_path')
[0.818s] INFO:colcon.colcon_core.shell:Creating environment hook '/home/saifa/Desktop/Ros_exam/install/saifa_pack/share/saifa_pack/hook/cmake_prefix_path.ps1'
[0.818s] INFO:colcon.colcon_core.shell:Creating environment descriptor '/home/saifa/Desktop/Ros_exam/install/saifa_pack/share/saifa_pack/hook/cmake_prefix_path.dsv'
[0.818s] INFO:colcon.colcon_core.shell:Creating environment hook '/home/saifa/Desktop/Ros_exam/install/saifa_pack/share/saifa_pack/hook/cmake_prefix_path.sh'
[0.819s] Level 1:colcon.colcon_core.environment:checking '/home/saifa/Desktop/Ros_exam/install/saifa_pack/lib'
[0.819s] Level 1:colcon.colcon_core.environment:checking '/home/saifa/Desktop/Ros_exam/install/saifa_pack/bin'
[0.819s] Level 1:colcon.colcon_core.environment:checking '/home/saifa/Desktop/Ros_exam/install/saifa_pack/lib/pkgconfig/saifa_pack.pc'
[0.819s] Level 1:colcon.colcon_core.environment:checking '/home/saifa/Desktop/Ros_exam/install/saifa_pack/lib/python3.10/site-packages'
[0.819s] Level 1:colcon.colcon_core.environment:checking '/home/saifa/Desktop/Ros_exam/install/saifa_pack/bin'
[0.819s] INFO:colcon.colcon_core.shell:Creating package script '/home/saifa/Desktop/Ros_exam/install/saifa_pack/share/saifa_pack/package.ps1'
[0.820s] INFO:colcon.colcon_core.shell:Creating package descriptor '/home/saifa/Desktop/Ros_exam/install/saifa_pack/share/saifa_pack/package.dsv'
[0.820s] INFO:colcon.colcon_core.shell:Creating package script '/home/saifa/Desktop/Ros_exam/install/saifa_pack/share/saifa_pack/package.sh'
[0.820s] INFO:colcon.colcon_core.shell:Creating package script '/home/saifa/Desktop/Ros_exam/install/saifa_pack/share/saifa_pack/package.bash'
[0.821s] INFO:colcon.colcon_core.shell:Creating package script '/home/saifa/Desktop/Ros_exam/install/saifa_pack/share/saifa_pack/package.zsh'
[0.821s] Level 1:colcon.colcon_core.environment:create_file_with_runtime_dependencies(/home/saifa/Desktop/Ros_exam/install/saifa_pack/share/colcon-core/packages/saifa_pack)
[0.823s] DEBUG:colcon.colcon_core.event_handler.log_command:Invoking command in '/home/saifa/Desktop/Ros_exam/build/controller_interfaces': CMAKE_PREFIX_PATH=${CMAKE_PREFIX_PATH}:/home/saifa/Desktop/ros2_w2_ws/install/launch_testing_examples:/home/saifa/Desktop/ros2_w2_ws/install/examples_rclpy_pointcloud_publisher:/home/saifa/Desktop/ros2_w2_ws/install/examples_rclpy_minimal_subscriber:/home/saifa/Desktop/ros2_w2_ws/install/examples_rclpy_minimal_service:/home/saifa/Desktop/ros2_w2_ws/install/examples_rclpy_minimal_publisher:/home/saifa/Desktop/ros2_w2_ws/install/examples_rclpy_minimal_client:/home/saifa/Desktop/ros2_w2_ws/install/examples_rclpy_minimal_action_server:/home/saifa/Desktop/ros2_w2_ws/install/examples_rclpy_minimal_action_client:/home/saifa/Desktop/ros2_w2_ws/install/examples_rclpy_guard_conditions:/home/saifa/Desktop/ros2_w2_ws/install/examples_rclpy_executors:/opt/ros/humble /usr/bin/cmake --install /home/saifa/Desktop/Ros_exam/build/controller_interfaces
[0.824s] DEBUG:colcon.colcon_core.event_handler.log_command:Invoking command in '/home/saifa/Desktop/Ros_exam/build/sun_interfaces': CMAKE_PREFIX_PATH=${CMAKE_PREFIX_PATH}:/home/saifa/Desktop/ros2_w2_ws/install/launch_testing_examples:/home/saifa/Desktop/ros2_w2_ws/install/examples_rclpy_pointcloud_publisher:/home/saifa/Desktop/ros2_w2_ws/install/examples_rclpy_minimal_subscriber:/home/saifa/Desktop/ros2_w2_ws/install/examples_rclpy_minimal_service:/home/saifa/Desktop/ros2_w2_ws/install/examples_rclpy_minimal_publisher:/home/saifa/Desktop/ros2_w2_ws/install/examples_rclpy_minimal_client:/home/saifa/Desktop/ros2_w2_ws/install/examples_rclpy_minimal_action_server:/home/saifa/Desktop/ros2_w2_ws/install/examples_rclpy_minimal_action_client:/home/saifa/Desktop/ros2_w2_ws/install/examples_rclpy_guard_conditions:/home/saifa/Desktop/ros2_w2_ws/install/examples_rclpy_executors:/opt/ros/humble /usr/bin/cmake --install /home/saifa/Desktop/Ros_exam/build/sun_interfaces
[0.830s] Level 1:colcon.colcon_core.environment:create_environment_scripts_only(sun_pkg)
[0.830s] DEBUG:colcon.colcon_core.event_handler.log_command:Invoked command in '/home/saifa/Desktop/Ros_exam/build/sun_pkg' returned '0': CMAKE_PREFIX_PATH=${CMAKE_PREFIX_PATH}:/home/saifa/Desktop/ros2_w2_ws/install/launch_testing_examples:/home/saifa/Desktop/ros2_w2_ws/install/examples_rclpy_pointcloud_publisher:/home/saifa/Desktop/ros2_w2_ws/install/examples_rclpy_minimal_subscriber:/home/saifa/Desktop/ros2_w2_ws/install/examples_rclpy_minimal_service:/home/saifa/Desktop/ros2_w2_ws/install/examples_rclpy_minimal_publisher:/home/saifa/Desktop/ros2_w2_ws/install/examples_rclpy_minimal_client:/home/saifa/Desktop/ros2_w2_ws/install/examples_rclpy_minimal_action_server:/home/saifa/Desktop/ros2_w2_ws/install/examples_rclpy_minimal_action_client:/home/saifa/Desktop/ros2_w2_ws/install/examples_rclpy_guard_conditions:/home/saifa/Desktop/ros2_w2_ws/install/examples_rclpy_executors:/opt/ros/humble /usr/bin/cmake --install /home/saifa/Desktop/Ros_exam/build/sun_pkg
[0.831s] Level 1:colcon.colcon_core.environment:checking '/home/saifa/Desktop/Ros_exam/install/sun_pkg' for CMake module files
[0.836s] Level 1:colcon.colcon_core.environment:checking '/home/saifa/Desktop/Ros_exam/install/sun_pkg' for CMake config files
[0.839s] Level 1:colcon.colcon_core.shell:create_environment_hook('sun_pkg', 'cmake_prefix_path')
[0.840s] INFO:colcon.colcon_core.shell:Creating environment hook '/home/saifa/Desktop/Ros_exam/install/sun_pkg/share/sun_pkg/hook/cmake_prefix_path.ps1'
[0.841s] INFO:colcon.colcon_core.shell:Creating environment descriptor '/home/saifa/Desktop/Ros_exam/install/sun_pkg/share/sun_pkg/hook/cmake_prefix_path.dsv'
[0.843s] INFO:colcon.colcon_core.shell:Creating environment hook '/home/saifa/Desktop/Ros_exam/install/sun_pkg/share/sun_pkg/hook/cmake_prefix_path.sh'
[0.843s] Level 1:colcon.colcon_core.environment:checking '/home/saifa/Desktop/Ros_exam/install/sun_pkg/lib'
[0.844s] Level 1:colcon.colcon_core.environment:checking '/home/saifa/Desktop/Ros_exam/install/sun_pkg/bin'
[0.844s] Level 1:colcon.colcon_core.environment:checking '/home/saifa/Desktop/Ros_exam/install/sun_pkg/lib/pkgconfig/sun_pkg.pc'
[0.844s] Level 1:colcon.colcon_core.environment:checking '/home/saifa/Desktop/Ros_exam/install/sun_pkg/lib/python3.10/site-packages'
[0.844s] Level 1:colcon.colcon_core.environment:checking '/home/saifa/Desktop/Ros_exam/install/sun_pkg/bin'
[0.844s] INFO:colcon.colcon_core.shell:Creating package script '/home/saifa/Desktop/Ros_exam/install/sun_pkg/share/sun_pkg/package.ps1'
[0.846s] INFO:colcon.colcon_core.shell:Creating package descriptor '/home/saifa/Desktop/Ros_exam/install/sun_pkg/share/sun_pkg/package.dsv'
[0.846s] INFO:colcon.colcon_core.shell:Creating package script '/home/saifa/Desktop/Ros_exam/install/sun_pkg/share/sun_pkg/package.sh'
[0.846s] INFO:colcon.colcon_core.shell:Creating package script '/home/saifa/Desktop/Ros_exam/install/sun_pkg/share/sun_pkg/package.bash'
[0.846s] INFO:colcon.colcon_core.shell:Creating package script '/home/saifa/Desktop/Ros_exam/install/sun_pkg/share/sun_pkg/package.zsh'
[0.847s] Level 1:colcon.colcon_core.environment:create_file_with_runtime_dependencies(/home/saifa/Desktop/Ros_exam/install/sun_pkg/share/colcon-core/packages/sun_pkg)
[0.876s] Level 1:colcon.colcon_core.environment:create_environment_scripts_only(sun_pkg)
[0.877s] Level 1:colcon.colcon_core.environment:checking '/home/saifa/Desktop/Ros_exam/install/sun_pkg' for CMake module files
[0.881s] Level 1:colcon.colcon_core.environment:checking '/home/saifa/Desktop/Ros_exam/install/sun_pkg' for CMake config files
[0.881s] Level 1:colcon.colcon_core.shell:create_environment_hook('sun_pkg', 'cmake_prefix_path')
[0.882s] INFO:colcon.colcon_core.shell:Creating environment hook '/home/saifa/Desktop/Ros_exam/install/sun_pkg/share/sun_pkg/hook/cmake_prefix_path.ps1'
[0.882s] INFO:colcon.colcon_core.shell:Creating environment descriptor '/home/saifa/Desktop/Ros_exam/install/sun_pkg/share/sun_pkg/hook/cmake_prefix_path.dsv'
[0.882s] INFO:colcon.colcon_core.shell:Creating environment hook '/home/saifa/Desktop/Ros_exam/install/sun_pkg/share/sun_pkg/hook/cmake_prefix_path.sh'
[0.883s] Level 1:colcon.colcon_core.environment:checking '/home/saifa/Desktop/Ros_exam/install/sun_pkg/lib'
[0.883s] Level 1:colcon.colcon_core.environment:checking '/home/saifa/Desktop/Ros_exam/install/sun_pkg/bin'
[0.883s] Level 1:colcon.colcon_core.environment:checking '/home/saifa/Desktop/Ros_exam/install/sun_pkg/lib/pkgconfig/sun_pkg.pc'
[0.883s] Level 1:colcon.colcon_core.environment:checking '/home/saifa/Desktop/Ros_exam/install/sun_pkg/lib/python3.10/site-packages'
[0.883s] Level 1:colcon.colcon_core.environment:checking '/home/saifa/Desktop/Ros_exam/install/sun_pkg/bin'
[0.883s] INFO:colcon.colcon_core.shell:Creating package script '/home/saifa/Desktop/Ros_exam/install/sun_pkg/share/sun_pkg/package.ps1'
[0.884s] INFO:colcon.colcon_core.shell:Creating package descriptor '/home/saifa/Desktop/Ros_exam/install/sun_pkg/share/sun_pkg/package.dsv'
[0.884s] INFO:colcon.colcon_core.shell:Creating package script '/home/saifa/Desktop/Ros_exam/install/sun_pkg/share/sun_pkg/package.sh'
[0.884s] INFO:colcon.colcon_core.shell:Creating package script '/home/saifa/Desktop/Ros_exam/install/sun_pkg/share/sun_pkg/package.bash'
[0.884s] INFO:colcon.colcon_core.shell:Creating package script '/home/saifa/Desktop/Ros_exam/install/sun_pkg/share/sun_pkg/package.zsh'
[0.885s] Level 1:colcon.colcon_core.environment:create_file_with_runtime_dependencies(/home/saifa/Desktop/Ros_exam/install/sun_pkg/share/colcon-core/packages/sun_pkg)
[0.886s] Level 1:colcon.colcon_core.environment:create_environment_scripts_only(controller_interfaces)
[0.886s] Level 1:colcon.colcon_core.environment:checking '/home/saifa/Desktop/Ros_exam/install/controller_interfaces' for CMake module files
[0.886s] DEBUG:colcon.colcon_core.event_handler.log_command:Invoked command in '/home/saifa/Desktop/Ros_exam/build/controller_interfaces' returned '0': CMAKE_PREFIX_PATH=${CMAKE_PREFIX_PATH}:/home/saifa/Desktop/ros2_w2_ws/install/launch_testing_examples:/home/saifa/Desktop/ros2_w2_ws/install/examples_rclpy_pointcloud_publisher:/home/saifa/Desktop/ros2_w2_ws/install/examples_rclpy_minimal_subscriber:/home/saifa/Desktop/ros2_w2_ws/install/examples_rclpy_minimal_service:/home/saifa/Desktop/ros2_w2_ws/install/examples_rclpy_minimal_publisher:/home/saifa/Desktop/ros2_w2_ws/install/examples_rclpy_minimal_client:/home/saifa/Desktop/ros2_w2_ws/install/examples_rclpy_minimal_action_server:/home/saifa/Desktop/ros2_w2_ws/install/examples_rclpy_minimal_action_client:/home/saifa/Desktop/ros2_w2_ws/install/examples_rclpy_guard_conditions:/home/saifa/Desktop/ros2_w2_ws/install/examples_rclpy_executors:/opt/ros/humble /usr/bin/cmake --install /home/saifa/Desktop/Ros_exam/build/controller_interfaces
[0.887s] Level 1:colcon.colcon_core.environment:checking '/home/saifa/Desktop/Ros_exam/install/controller_interfaces' for CMake config files
[0.887s] Level 1:colcon.colcon_core.shell:create_environment_hook('controller_interfaces', 'cmake_prefix_path')
[0.887s] INFO:colcon.colcon_core.shell:Creating environment hook '/home/saifa/Desktop/Ros_exam/install/controller_interfaces/share/controller_interfaces/hook/cmake_prefix_path.ps1'
[0.887s] INFO:colcon.colcon_core.shell:Creating environment descriptor '/home/saifa/Desktop/Ros_exam/install/controller_interfaces/share/controller_interfaces/hook/cmake_prefix_path.dsv'
[0.888s] INFO:colcon.colcon_core.shell:Creating environment hook '/home/saifa/Desktop/Ros_exam/install/controller_interfaces/share/controller_interfaces/hook/cmake_prefix_path.sh'
[0.888s] Level 1:colcon.colcon_core.environment:checking '/home/saifa/Desktop/Ros_exam/install/controller_interfaces/lib'
[0.888s] Level 1:colcon.colcon_core.shell:create_environment_hook('controller_interfaces', 'ld_library_path_lib')
[0.888s] INFO:colcon.colcon_core.shell:Creating environment hook '/home/saifa/Desktop/Ros_exam/install/controller_interfaces/share/controller_interfaces/hook/ld_library_path_lib.ps1'
[0.889s] INFO:colcon.colcon_core.shell:Creating environment descriptor '/home/saifa/Desktop/Ros_exam/install/controller_interfaces/share/controller_interfaces/hook/ld_library_path_lib.dsv'
[0.889s] INFO:colcon.colcon_core.shell:Creating environment hook '/home/saifa/Desktop/Ros_exam/install/controller_interfaces/share/controller_interfaces/hook/ld_library_path_lib.sh'
[0.889s] Level 1:colcon.colcon_core.environment:checking '/home/saifa/Desktop/Ros_exam/install/controller_interfaces/bin'
[0.889s] Level 1:colcon.colcon_core.environment:checking '/home/saifa/Desktop/Ros_exam/install/controller_interfaces/lib/pkgconfig/controller_interfaces.pc'
[0.889s] Level 1:colcon.colcon_core.environment:checking '/home/saifa/Desktop/Ros_exam/install/controller_interfaces/lib/python3.10/site-packages'
[0.889s] Level 1:colcon.colcon_core.environment:checking '/home/saifa/Desktop/Ros_exam/install/controller_interfaces/bin'
[0.890s] INFO:colcon.colcon_core.shell:Creating package script '/home/saifa/Desktop/Ros_exam/install/controller_interfaces/share/controller_interfaces/package.ps1'
[0.890s] INFO:colcon.colcon_core.shell:Creating package descriptor '/home/saifa/Desktop/Ros_exam/install/controller_interfaces/share/controller_interfaces/package.dsv'
[0.890s] INFO:colcon.colcon_core.shell:Creating package script '/home/saifa/Desktop/Ros_exam/install/controller_interfaces/share/controller_interfaces/package.sh'
[0.890s] INFO:colcon.colcon_core.shell:Creating package script '/home/saifa/Desktop/Ros_exam/install/controller_interfaces/share/controller_interfaces/package.bash'
[0.891s] INFO:colcon.colcon_core.shell:Creating package script '/home/saifa/Desktop/Ros_exam/install/controller_interfaces/share/controller_interfaces/package.zsh'
[0.891s] Level 1:colcon.colcon_core.environment:create_file_with_runtime_dependencies(/home/saifa/Desktop/Ros_exam/install/controller_interfaces/share/colcon-core/packages/controller_interfaces)
[0.892s] Level 1:colcon.colcon_core.environment:create_environment_scripts_only(sun_interfaces)
[0.892s] Level 1:colcon.colcon_core.environment:checking '/home/saifa/Desktop/Ros_exam/install/sun_interfaces' for CMake module files
[0.892s] DEBUG:colcon.colcon_core.event_handler.log_command:Invoked command in '/home/saifa/Desktop/Ros_exam/build/sun_interfaces' returned '0': CMAKE_PREFIX_PATH=${CMAKE_PREFIX_PATH}:/home/saifa/Desktop/ros2_w2_ws/install/launch_testing_examples:/home/saifa/Desktop/ros2_w2_ws/install/examples_rclpy_pointcloud_publisher:/home/saifa/Desktop/ros2_w2_ws/install/examples_rclpy_minimal_subscriber:/home/saifa/Desktop/ros2_w2_ws/install/examples_rclpy_minimal_service:/home/saifa/Desktop/ros2_w2_ws/install/examples_rclpy_minimal_publisher:/home/saifa/Desktop/ros2_w2_ws/install/examples_rclpy_minimal_client:/home/saifa/Desktop/ros2_w2_ws/install/examples_rclpy_minimal_action_server:/home/saifa/Desktop/ros2_w2_ws/install/examples_rclpy_minimal_action_client:/home/saifa/Desktop/ros2_w2_ws/install/examples_rclpy_guard_conditions:/home/saifa/Desktop/ros2_w2_ws/install/examples_rclpy_executors:/opt/ros/humble /usr/bin/cmake --install /home/saifa/Desktop/Ros_exam/build/sun_interfaces
[0.893s] Level 1:colcon.colcon_core.environment:checking '/home/saifa/Desktop/Ros_exam/install/sun_interfaces' for CMake config files
[0.893s] Level 1:colcon.colcon_core.shell:create_environment_hook('sun_interfaces', 'cmake_prefix_path')
[0.893s] INFO:colcon.colcon_core.shell:Creating environment hook '/home/saifa/Desktop/Ros_exam/install/sun_interfaces/share/sun_interfaces/hook/cmake_prefix_path.ps1'
[0.893s] INFO:colcon.colcon_core.shell:Creating environment descriptor '/home/saifa/Desktop/Ros_exam/install/sun_interfaces/share/sun_interfaces/hook/cmake_prefix_path.dsv'
[0.894s] INFO:colcon.colcon_core.shell:Creating environment hook '/home/saifa/Desktop/Ros_exam/install/sun_interfaces/share/sun_interfaces/hook/cmake_prefix_path.sh'
[0.894s] Level 1:colcon.colcon_core.environment:checking '/home/saifa/Desktop/Ros_exam/install/sun_interfaces/lib'
[0.894s] Level 1:colcon.colcon_core.shell:create_environment_hook('sun_interfaces', 'ld_library_path_lib')
[0.894s] INFO:colcon.colcon_core.shell:Creating environment hook '/home/saifa/Desktop/Ros_exam/install/sun_interfaces/share/sun_interfaces/hook/ld_library_path_lib.ps1'
[0.894s] INFO:colcon.colcon_core.shell:Creating environment descriptor '/home/saifa/Desktop/Ros_exam/install/sun_interfaces/share/sun_interfaces/hook/ld_library_path_lib.dsv'
[0.895s] INFO:colcon.colcon_core.shell:Creating environment hook '/home/saifa/Desktop/Ros_exam/install/sun_interfaces/share/sun_interfaces/hook/ld_library_path_lib.sh'
[0.895s] Level 1:colcon.colcon_core.environment:checking '/home/saifa/Desktop/Ros_exam/install/sun_interfaces/bin'
[0.895s] Level 1:colcon.colcon_core.environment:checking '/home/saifa/Desktop/Ros_exam/install/sun_interfaces/lib/pkgconfig/sun_interfaces.pc'
[0.895s] Level 1:colcon.colcon_core.environment:checking '/home/saifa/Desktop/Ros_exam/install/sun_interfaces/lib/python3.10/site-packages'
[0.895s] Level 1:colcon.colcon_core.environment:checking '/home/saifa/Desktop/Ros_exam/install/sun_interfaces/bin'
[0.895s] INFO:colcon.colcon_core.shell:Creating package script '/home/saifa/Desktop/Ros_exam/install/sun_interfaces/share/sun_interfaces/package.ps1'
[0.896s] INFO:colcon.colcon_core.shell:Creating package descriptor '/home/saifa/Desktop/Ros_exam/install/sun_interfaces/share/sun_interfaces/package.dsv'
[0.896s] INFO:colcon.colcon_core.shell:Creating package script '/home/saifa/Desktop/Ros_exam/install/sun_interfaces/share/sun_interfaces/package.sh'
[0.896s] INFO:colcon.colcon_core.shell:Creating package script '/home/saifa/Desktop/Ros_exam/install/sun_interfaces/share/sun_interfaces/package.bash'
[0.897s] INFO:colcon.colcon_core.shell:Creating package script '/home/saifa/Desktop/Ros_exam/install/sun_interfaces/share/sun_interfaces/package.zsh'
[0.897s] Level 1:colcon.colcon_core.environment:create_file_with_runtime_dependencies(/home/saifa/Desktop/Ros_exam/install/sun_interfaces/share/colcon-core/packages/sun_interfaces)
[0.900s] DEBUG:colcon.colcon_core.event_handler.log_command:Invoking command in '/home/saifa/Desktop/Ros_exam/build/turtlesim_plus_interfaces': CMAKE_PREFIX_PATH=${CMAKE_PREFIX_PATH}:/home/saifa/Desktop/ros2_w2_ws/install/launch_testing_examples:/home/saifa/Desktop/ros2_w2_ws/install/examples_rclpy_pointcloud_publisher:/home/saifa/Desktop/ros2_w2_ws/install/examples_rclpy_minimal_subscriber:/home/saifa/Desktop/ros2_w2_ws/install/examples_rclpy_minimal_service:/home/saifa/Desktop/ros2_w2_ws/install/examples_rclpy_minimal_publisher:/home/saifa/Desktop/ros2_w2_ws/install/examples_rclpy_minimal_client:/home/saifa/Desktop/ros2_w2_ws/install/examples_rclpy_minimal_action_server:/home/saifa/Desktop/ros2_w2_ws/install/examples_rclpy_minimal_action_client:/home/saifa/Desktop/ros2_w2_ws/install/examples_rclpy_guard_conditions:/home/saifa/Desktop/ros2_w2_ws/install/examples_rclpy_executors:/opt/ros/humble /usr/bin/cmake --install /home/saifa/Desktop/Ros_exam/build/turtlesim_plus_interfaces
[0.953s] Level 1:colcon.colcon_core.environment:create_environment_scripts_only(turtlesim_plus_interfaces)
[0.954s] Level 1:colcon.colcon_core.environment:checking '/home/saifa/Desktop/Ros_exam/install/turtlesim_plus_interfaces' for CMake module files
[0.954s] DEBUG:colcon.colcon_core.event_handler.log_command:Invoked command in '/home/saifa/Desktop/Ros_exam/build/turtlesim_plus_interfaces' returned '0': CMAKE_PREFIX_PATH=${CMAKE_PREFIX_PATH}:/home/saifa/Desktop/ros2_w2_ws/install/launch_testing_examples:/home/saifa/Desktop/ros2_w2_ws/install/examples_rclpy_pointcloud_publisher:/home/saifa/Desktop/ros2_w2_ws/install/examples_rclpy_minimal_subscriber:/home/saifa/Desktop/ros2_w2_ws/install/examples_rclpy_minimal_service:/home/saifa/Desktop/ros2_w2_ws/install/examples_rclpy_minimal_publisher:/home/saifa/Desktop/ros2_w2_ws/install/examples_rclpy_minimal_client:/home/saifa/Desktop/ros2_w2_ws/install/examples_rclpy_minimal_action_server:/home/saifa/Desktop/ros2_w2_ws/install/examples_rclpy_minimal_action_client:/home/saifa/Desktop/ros2_w2_ws/install/examples_rclpy_guard_conditions:/home/saifa/Desktop/ros2_w2_ws/install/examples_rclpy_executors:/opt/ros/humble /usr/bin/cmake --install /home/saifa/Desktop/Ros_exam/build/turtlesim_plus_interfaces
[0.955s] Level 1:colcon.colcon_core.environment:checking '/home/saifa/Desktop/Ros_exam/install/turtlesim_plus_interfaces' for CMake config files
[0.955s] Level 1:colcon.colcon_core.shell:create_environment_hook('turtlesim_plus_interfaces', 'cmake_prefix_path')
[0.955s] INFO:colcon.colcon_core.shell:Creating environment hook '/home/saifa/Desktop/Ros_exam/install/turtlesim_plus_interfaces/share/turtlesim_plus_interfaces/hook/cmake_prefix_path.ps1'
[0.955s] INFO:colcon.colcon_core.shell:Creating environment descriptor '/home/saifa/Desktop/Ros_exam/install/turtlesim_plus_interfaces/share/turtlesim_plus_interfaces/hook/cmake_prefix_path.dsv'
[0.956s] INFO:colcon.colcon_core.shell:Creating environment hook '/home/saifa/Desktop/Ros_exam/install/turtlesim_plus_interfaces/share/turtlesim_plus_interfaces/hook/cmake_prefix_path.sh'
[0.956s] Level 1:colcon.colcon_core.environment:checking '/home/saifa/Desktop/Ros_exam/install/turtlesim_plus_interfaces/lib'
[0.956s] Level 1:colcon.colcon_core.shell:create_environment_hook('turtlesim_plus_interfaces', 'ld_library_path_lib')
[0.956s] INFO:colcon.colcon_core.shell:Creating environment hook '/home/saifa/Desktop/Ros_exam/install/turtlesim_plus_interfaces/share/turtlesim_plus_interfaces/hook/ld_library_path_lib.ps1'
[0.957s] INFO:colcon.colcon_core.shell:Creating environment descriptor '/home/saifa/Desktop/Ros_exam/install/turtlesim_plus_interfaces/share/turtlesim_plus_interfaces/hook/ld_library_path_lib.dsv'
[0.957s] INFO:colcon.colcon_core.shell:Creating environment hook '/home/saifa/Desktop/Ros_exam/install/turtlesim_plus_interfaces/share/turtlesim_plus_interfaces/hook/ld_library_path_lib.sh'
[0.957s] Level 1:colcon.colcon_core.environment:checking '/home/saifa/Desktop/Ros_exam/install/turtlesim_plus_interfaces/bin'
[0.957s] Level 1:colcon.colcon_core.environment:checking '/home/saifa/Desktop/Ros_exam/install/turtlesim_plus_interfaces/lib/pkgconfig/turtlesim_plus_interfaces.pc'
[0.957s] Level 1:colcon.colcon_core.environment:checking '/home/saifa/Desktop/Ros_exam/install/turtlesim_plus_interfaces/lib/python3.10/site-packages'
[0.958s] Level 1:colcon.colcon_core.environment:checking '/home/saifa/Desktop/Ros_exam/install/turtlesim_plus_interfaces/bin'
[0.958s] INFO:colcon.colcon_core.shell:Creating package script '/home/saifa/Desktop/Ros_exam/install/turtlesim_plus_interfaces/share/turtlesim_plus_interfaces/package.ps1'
[0.958s] INFO:colcon.colcon_core.shell:Creating package descriptor '/home/saifa/Desktop/Ros_exam/install/turtlesim_plus_interfaces/share/turtlesim_plus_interfaces/package.dsv'
[0.958s] INFO:colcon.colcon_core.shell:Creating package script '/home/saifa/Desktop/Ros_exam/install/turtlesim_plus_interfaces/share/turtlesim_plus_interfaces/package.sh'
[0.959s] INFO:colcon.colcon_core.shell:Creating package script '/home/saifa/Desktop/Ros_exam/install/turtlesim_plus_interfaces/share/turtlesim_plus_interfaces/package.bash'
[0.959s] INFO:colcon.colcon_core.shell:Creating package script '/home/saifa/Desktop/Ros_exam/install/turtlesim_plus_interfaces/share/turtlesim_plus_interfaces/package.zsh'
[0.959s] Level 1:colcon.colcon_core.environment:create_file_with_runtime_dependencies(/home/saifa/Desktop/Ros_exam/install/turtlesim_plus_interfaces/share/colcon-core/packages/turtlesim_plus_interfaces)
[0.964s] Level 1:colcon.colcon_core.environment:create_environment_scripts_only(sun_interfaces)
[0.964s] Level 1:colcon.colcon_core.environment:checking '/home/saifa/Desktop/Ros_exam/install/sun_interfaces' for CMake module files
[0.964s] Level 1:colcon.colcon_core.environment:checking '/home/saifa/Desktop/Ros_exam/install/sun_interfaces' for CMake config files
[0.964s] Level 1:colcon.colcon_core.shell:create_environment_hook('sun_interfaces', 'cmake_prefix_path')
[0.965s] INFO:colcon.colcon_core.shell:Creating environment hook '/home/saifa/Desktop/Ros_exam/install/sun_interfaces/share/sun_interfaces/hook/cmake_prefix_path.ps1'
[0.965s] INFO:colcon.colcon_core.shell:Creating environment descriptor '/home/saifa/Desktop/Ros_exam/install/sun_interfaces/share/sun_interfaces/hook/cmake_prefix_path.dsv'
[0.965s] INFO:colcon.colcon_core.shell:Creating environment hook '/home/saifa/Desktop/Ros_exam/install/sun_interfaces/share/sun_interfaces/hook/cmake_prefix_path.sh'
[0.966s] Level 1:colcon.colcon_core.environment:checking '/home/saifa/Desktop/Ros_exam/install/sun_interfaces/lib'
[0.966s] Level 1:colcon.colcon_core.shell:create_environment_hook('sun_interfaces', 'ld_library_path_lib')
[0.966s] INFO:colcon.colcon_core.shell:Creating environment hook '/home/saifa/Desktop/Ros_exam/install/sun_interfaces/share/sun_interfaces/hook/ld_library_path_lib.ps1'
[0.966s] INFO:colcon.colcon_core.shell:Creating environment descriptor '/home/saifa/Desktop/Ros_exam/install/sun_interfaces/share/sun_interfaces/hook/ld_library_path_lib.dsv'
[0.966s] INFO:colcon.colcon_core.shell:Creating environment hook '/home/saifa/Desktop/Ros_exam/install/sun_interfaces/share/sun_interfaces/hook/ld_library_path_lib.sh'
[0.966s] Level 1:colcon.colcon_core.environment:checking '/home/saifa/Desktop/Ros_exam/install/sun_interfaces/bin'
[0.967s] Level 1:colcon.colcon_core.environment:checking '/home/saifa/Desktop/Ros_exam/install/sun_interfaces/lib/pkgconfig/sun_interfaces.pc'
[0.967s] Level 1:colcon.colcon_core.environment:checking '/home/saifa/Desktop/Ros_exam/install/sun_interfaces/lib/python3.10/site-packages'
[0.967s] Level 1:colcon.colcon_core.environment:checking '/home/saifa/Desktop/Ros_exam/install/sun_interfaces/bin'
[0.967s] INFO:colcon.colcon_core.shell:Creating package script '/home/saifa/Desktop/Ros_exam/install/sun_interfaces/share/sun_interfaces/package.ps1'
[0.968s] INFO:colcon.colcon_core.shell:Creating package descriptor '/home/saifa/Desktop/Ros_exam/install/sun_interfaces/share/sun_interfaces/package.dsv'
[0.968s] INFO:colcon.colcon_core.shell:Creating package script '/home/saifa/Desktop/Ros_exam/install/sun_interfaces/share/sun_interfaces/package.sh'
[0.968s] INFO:colcon.colcon_core.shell:Creating package script '/home/saifa/Desktop/Ros_exam/install/sun_interfaces/share/sun_interfaces/package.bash'
[0.969s] INFO:colcon.colcon_core.shell:Creating package script '/home/saifa/Desktop/Ros_exam/install/sun_interfaces/share/sun_interfaces/package.zsh'
[0.969s] Level 1:colcon.colcon_core.environment:create_file_with_runtime_dependencies(/home/saifa/Desktop/Ros_exam/install/sun_interfaces/share/colcon-core/packages/sun_interfaces)
[0.980s] Level 1:colcon.colcon_core.environment:create_environment_scripts_only(controller_interfaces)
[0.980s] Level 1:colcon.colcon_core.environment:checking '/home/saifa/Desktop/Ros_exam/install/controller_interfaces' for CMake module files
[0.981s] Level 1:colcon.colcon_core.environment:checking '/home/saifa/Desktop/Ros_exam/install/controller_interfaces' for CMake config files
[0.981s] Level 1:colcon.colcon_core.shell:create_environment_hook('controller_interfaces', 'cmake_prefix_path')
[0.982s] INFO:colcon.colcon_core.shell:Creating environment hook '/home/saifa/Desktop/Ros_exam/install/controller_interfaces/share/controller_interfaces/hook/cmake_prefix_path.ps1'
[0.982s] INFO:colcon.colcon_core.shell:Creating environment descriptor '/home/saifa/Desktop/Ros_exam/install/controller_interfaces/share/controller_interfaces/hook/cmake_prefix_path.dsv'
[0.982s] INFO:colcon.colcon_core.shell:Creating environment hook '/home/saifa/Desktop/Ros_exam/install/controller_interfaces/share/controller_interfaces/hook/cmake_prefix_path.sh'
[0.982s] Level 1:colcon.colcon_core.environment:checking '/home/saifa/Desktop/Ros_exam/install/controller_interfaces/lib'
[0.983s] Level 1:colcon.colcon_core.shell:create_environment_hook('controller_interfaces', 'ld_library_path_lib')
[0.983s] INFO:colcon.colcon_core.shell:Creating environment hook '/home/saifa/Desktop/Ros_exam/install/controller_interfaces/share/controller_interfaces/hook/ld_library_path_lib.ps1'
[0.983s] INFO:colcon.colcon_core.shell:Creating environment descriptor '/home/saifa/Desktop/Ros_exam/install/controller_interfaces/share/controller_interfaces/hook/ld_library_path_lib.dsv'
[0.983s] INFO:colcon.colcon_core.shell:Creating environment hook '/home/saifa/Desktop/Ros_exam/install/controller_interfaces/share/controller_interfaces/hook/ld_library_path_lib.sh'
[0.983s] Level 1:colcon.colcon_core.environment:checking '/home/saifa/Desktop/Ros_exam/install/controller_interfaces/bin'
[0.983s] Level 1:colcon.colcon_core.environment:checking '/home/saifa/Desktop/Ros_exam/install/controller_interfaces/lib/pkgconfig/controller_interfaces.pc'
[0.984s] Level 1:colcon.colcon_core.environment:checking '/home/saifa/Desktop/Ros_exam/install/controller_interfaces/lib/python3.10/site-packages'
[0.984s] Level 1:colcon.colcon_core.environment:checking '/home/saifa/Desktop/Ros_exam/install/controller_interfaces/bin'
[0.984s] INFO:colcon.colcon_core.shell:Creating package script '/home/saifa/Desktop/Ros_exam/install/controller_interfaces/share/controller_interfaces/package.ps1'
[0.984s] INFO:colcon.colcon_core.shell:Creating package descriptor '/home/saifa/Desktop/Ros_exam/install/controller_interfaces/share/controller_interfaces/package.dsv'
[0.985s] INFO:colcon.colcon_core.shell:Creating package script '/home/saifa/Desktop/Ros_exam/install/controller_interfaces/share/controller_interfaces/package.sh'
[0.985s] INFO:colcon.colcon_core.shell:Creating package script '/home/saifa/Desktop/Ros_exam/install/controller_interfaces/share/controller_interfaces/package.bash'
[0.985s] INFO:colcon.colcon_core.shell:Creating package script '/home/saifa/Desktop/Ros_exam/install/controller_interfaces/share/controller_interfaces/package.zsh'
[0.986s] Level 1:colcon.colcon_core.environment:create_file_with_runtime_dependencies(/home/saifa/Desktop/Ros_exam/install/controller_interfaces/share/colcon-core/packages/controller_interfaces)
[1.097s] Level 1:colcon.colcon_core.environment:create_environment_scripts_only(turtlesim_plus_interfaces)
[1.098s] Level 1:colcon.colcon_core.environment:checking '/home/saifa/Desktop/Ros_exam/install/turtlesim_plus_interfaces' for CMake module files
[1.098s] Level 1:colcon.colcon_core.environment:checking '/home/saifa/Desktop/Ros_exam/install/turtlesim_plus_interfaces' for CMake config files
[1.098s] Level 1:colcon.colcon_core.shell:create_environment_hook('turtlesim_plus_interfaces', 'cmake_prefix_path')
[1.098s] INFO:colcon.colcon_core.shell:Creating environment hook '/home/saifa/Desktop/Ros_exam/install/turtlesim_plus_interfaces/share/turtlesim_plus_interfaces/hook/cmake_prefix_path.ps1'
[1.099s] INFO:colcon.colcon_core.shell:Creating environment descriptor '/home/saifa/Desktop/Ros_exam/install/turtlesim_plus_interfaces/share/turtlesim_plus_interfaces/hook/cmake_prefix_path.dsv'
[1.099s] INFO:colcon.colcon_core.shell:Creating environment hook '/home/saifa/Desktop/Ros_exam/install/turtlesim_plus_interfaces/share/turtlesim_plus_interfaces/hook/cmake_prefix_path.sh'
[1.099s] Level 1:colcon.colcon_core.environment:checking '/home/saifa/Desktop/Ros_exam/install/turtlesim_plus_interfaces/lib'
[1.099s] Level 1:colcon.colcon_core.shell:create_environment_hook('turtlesim_plus_interfaces', 'ld_library_path_lib')
[1.100s] INFO:colcon.colcon_core.shell:Creating environment hook '/home/saifa/Desktop/Ros_exam/install/turtlesim_plus_interfaces/share/turtlesim_plus_interfaces/hook/ld_library_path_lib.ps1'
[1.100s] INFO:colcon.colcon_core.shell:Creating environment descriptor '/home/saifa/Desktop/Ros_exam/install/turtlesim_plus_interfaces/share/turtlesim_plus_interfaces/hook/ld_library_path_lib.dsv'
[1.100s] INFO:colcon.colcon_core.shell:Creating environment hook '/home/saifa/Desktop/Ros_exam/install/turtlesim_plus_interfaces/share/turtlesim_plus_interfaces/hook/ld_library_path_lib.sh'
[1.100s] Level 1:colcon.colcon_core.environment:checking '/home/saifa/Desktop/Ros_exam/install/turtlesim_plus_interfaces/bin'
[1.100s] Level 1:colcon.colcon_core.environment:checking '/home/saifa/Desktop/Ros_exam/install/turtlesim_plus_interfaces/lib/pkgconfig/turtlesim_plus_interfaces.pc'
[1.101s] Level 1:colcon.colcon_core.environment:checking '/home/saifa/Desktop/Ros_exam/install/turtlesim_plus_interfaces/lib/python3.10/site-packages'
[1.101s] Level 1:colcon.colcon_core.environment:checking '/home/saifa/Desktop/Ros_exam/install/turtlesim_plus_interfaces/bin'
[1.101s] INFO:colcon.colcon_core.shell:Creating package script '/home/saifa/Desktop/Ros_exam/install/turtlesim_plus_interfaces/share/turtlesim_plus_interfaces/package.ps1'
[1.101s] INFO:colcon.colcon_core.shell:Creating package descriptor '/home/saifa/Desktop/Ros_exam/install/turtlesim_plus_interfaces/share/turtlesim_plus_interfaces/package.dsv'
[1.102s] INFO:colcon.colcon_core.shell:Creating package script '/home/saifa/Desktop/Ros_exam/install/turtlesim_plus_interfaces/share/turtlesim_plus_interfaces/package.sh'
[1.102s] INFO:colcon.colcon_core.shell:Creating package script '/home/saifa/Desktop/Ros_exam/install/turtlesim_plus_interfaces/share/turtlesim_plus_interfaces/package.bash'
[1.102s] INFO:colcon.colcon_core.shell:Creating package script '/home/saifa/Desktop/Ros_exam/install/turtlesim_plus_interfaces/share/turtlesim_plus_interfaces/package.zsh'
[1.102s] Level 1:colcon.colcon_core.environment:create_file_with_runtime_dependencies(/home/saifa/Desktop/Ros_exam/install/turtlesim_plus_interfaces/share/colcon-core/packages/turtlesim_plus_interfaces)
[1.103s] DEBUG:colcon.colcon_parallel_executor.executor.parallel:closing loop
[1.103s] DEBUG:colcon.colcon_parallel_executor.executor.parallel:loop closed
[1.103s] DEBUG:colcon.colcon_parallel_executor.executor.parallel:run_until_complete finished with '0'
[1.103s] DEBUG:colcon.colcon_core.event_reactor:joining thread
[1.107s] INFO:colcon.colcon_core.plugin_system:Skipping extension 'colcon_notification.desktop_notification.terminal_notifier': Not used on non-Darwin systems
[1.108s] INFO:colcon.colcon_core.plugin_system:Skipping extension 'colcon_notification.desktop_notification.win32': Not used on non-Windows systems
[1.108s] INFO:colcon.colcon_notification.desktop_notification:Sending desktop notification using 'notify2'
[1.116s] DEBUG:colcon.colcon_core.event_reactor:joined thread
[1.116s] INFO:colcon.colcon_core.shell:Creating prefix script '/home/saifa/Desktop/Ros_exam/install/local_setup.ps1'
[1.117s] INFO:colcon.colcon_core.shell:Creating prefix util module '/home/saifa/Desktop/Ros_exam/install/_local_setup_util_ps1.py'
[1.118s] INFO:colcon.colcon_core.shell:Creating prefix chain script '/home/saifa/Desktop/Ros_exam/install/setup.ps1'
[1.119s] INFO:colcon.colcon_core.shell:Creating prefix script '/home/saifa/Desktop/Ros_exam/install/local_setup.sh'
[1.120s] INFO:colcon.colcon_core.shell:Creating prefix util module '/home/saifa/Desktop/Ros_exam/install/_local_setup_util_sh.py'
[1.120s] INFO:colcon.colcon_core.shell:Creating prefix chain script '/home/saifa/Desktop/Ros_exam/install/setup.sh'
[1.122s] INFO:colcon.colcon_core.shell:Creating prefix script '/home/saifa/Desktop/Ros_exam/install/local_setup.bash'
[1.122s] INFO:colcon.colcon_core.shell:Creating prefix chain script '/home/saifa/Desktop/Ros_exam/install/setup.bash'
[1.124s] INFO:colcon.colcon_core.shell:Creating prefix script '/home/saifa/Desktop/Ros_exam/install/local_setup.zsh'
[1.124s] INFO:colcon.colcon_core.shell:Creating prefix chain script '/home/saifa/Desktop/Ros_exam/install/setup.zsh'
