[0.118s] DEBUG:colcon:Command line arguments: ['/usr/bin/colcon', 'build']
[0.118s] DEBUG:colcon:Parsed command line arguments: Namespace(log_base=None, log_level=None, verb_name='build', build_base='build', install_base='install', merge_install=False, symlink_install=False, test_result_base=None, continue_on_error=False, executor='parallel', parallel_workers=8, event_handlers=None, ignore_user_meta=False, metas=['./colcon.meta'], base_paths=['.'], packages_ignore=None, packages_ignore_regex=None, paths=None, packages_up_to=None, packages_up_to_regex=None, packages_above=None, packages_above_and_dependencies=None, packages_above_depth=None, packages_select_by_dep=None, packages_skip_by_dep=None, packages_skip_up_to=None, packages_select_build_failed=False, packages_skip_build_finished=False, packages_select_test_failures=False, packages_skip_test_passed=False, packages_select=None, packages_skip=None, packages_select_regex=None, packages_skip_regex=None, packages_start=None, packages_end=None, allow_overriding=[], cmake_args=None, cmake_target=None, cmake_target_skip_unavailable=False, cmake_clean_cache=False, cmake_clean_first=False, cmake_force_configure=False, ament_cmake_args=None, catkin_cmake_args=None, catkin_skip_building_tests=False, mixin_files=None, mixin=None, verb_parser=<colcon_mixin.mixin.mixin_argument.MixinArgumentDecorator object at 0x73a093155150>, verb_extension=<colcon_core.verb.build.BuildVerb object at 0x73a093154c70>, main=<bound method BuildVerb.main of <colcon_core.verb.build.BuildVerb object at 0x73a093154c70>>, mixin_verb=('build',))
[0.290s] Level 1:colcon.colcon_core.package_discovery:discover_packages(colcon_meta) check parameters
[0.290s] Level 1:colcon.colcon_core.package_discovery:discover_packages(recursive) check parameters
[0.290s] Level 1:colcon.colcon_core.package_discovery:discover_packages(ignore) check parameters
[0.290s] Level 1:colcon.colcon_core.package_discovery:discover_packages(path) check parameters
[0.290s] Level 1:colcon.colcon_core.package_discovery:discover_packages(colcon_meta) discover
[0.290s] Level 1:colcon.colcon_core.package_discovery:discover_packages(recursive) discover
[0.290s] INFO:colcon.colcon_core.package_discovery:Crawling recursively for packages in '/home/nakarin/RoboticsDevExam2'
[0.291s] Level 1:colcon.colcon_core.package_identification:_identify(.) by extensions ['ignore', 'ignore_ament_install']
[0.291s] Level 1:colcon.colcon_core.package_identification:_identify(.) by extension 'ignore'
[0.291s] Level 1:colcon.colcon_core.package_identification:_identify(.) by extension 'ignore_ament_install'
[0.291s] Level 1:colcon.colcon_core.package_identification:_identify(.) by extensions ['colcon_pkg']
[0.291s] Level 1:colcon.colcon_core.package_identification:_identify(.) by extension 'colcon_pkg'
[0.291s] Level 1:colcon.colcon_core.package_identification:_identify(.) by extensions ['colcon_meta']
[0.291s] Level 1:colcon.colcon_core.package_identification:_identify(.) by extension 'colcon_meta'
[0.291s] Level 1:colcon.colcon_core.package_identification:_identify(.) by extensions ['ros']
[0.291s] Level 1:colcon.colcon_core.package_identification:_identify(.) by extension 'ros'
[0.302s] Level 1:colcon.colcon_core.package_identification:_identify(.) by extensions ['cmake', 'python']
[0.302s] Level 1:colcon.colcon_core.package_identification:_identify(.) by extension 'cmake'
[0.302s] Level 1:colcon.colcon_core.package_identification:_identify(.) by extension 'python'
[0.302s] Level 1:colcon.colcon_core.package_identification:_identify(.) by extensions ['python_setup_py']
[0.302s] Level 1:colcon.colcon_core.package_identification:_identify(.) by extension 'python_setup_py'
[0.302s] Level 1:colcon.colcon_core.package_identification:_identify(build) by extensions ['ignore', 'ignore_ament_install']
[0.302s] Level 1:colcon.colcon_core.package_identification:_identify(build) by extension 'ignore'
[0.302s] Level 1:colcon.colcon_core.package_identification:_identify(build) ignored
[0.302s] Level 1:colcon.colcon_core.package_identification:_identify(install) by extensions ['ignore', 'ignore_ament_install']
[0.303s] Level 1:colcon.colcon_core.package_identification:_identify(install) by extension 'ignore'
[0.303s] Level 1:colcon.colcon_core.package_identification:_identify(install) ignored
[0.303s] Level 1:colcon.colcon_core.package_identification:_identify(log) by extensions ['ignore', 'ignore_ament_install']
[0.303s] Level 1:colcon.colcon_core.package_identification:_identify(log) by extension 'ignore'
[0.303s] Level 1:colcon.colcon_core.package_identification:_identify(log) ignored
[0.303s] Level 1:colcon.colcon_core.package_identification:_identify(src) by extensions ['ignore', 'ignore_ament_install']
[0.303s] Level 1:colcon.colcon_core.package_identification:_identify(src) by extension 'ignore'
[0.303s] Level 1:colcon.colcon_core.package_identification:_identify(src) by extension 'ignore_ament_install'
[0.303s] Level 1:colcon.colcon_core.package_identification:_identify(src) by extensions ['colcon_pkg']
[0.303s] Level 1:colcon.colcon_core.package_identification:_identify(src) by extension 'colcon_pkg'
[0.303s] Level 1:colcon.colcon_core.package_identification:_identify(src) by extensions ['colcon_meta']
[0.303s] Level 1:colcon.colcon_core.package_identification:_identify(src) by extension 'colcon_meta'
[0.303s] Level 1:colcon.colcon_core.package_identification:_identify(src) by extensions ['ros']
[0.303s] Level 1:colcon.colcon_core.package_identification:_identify(src) by extension 'ros'
[0.303s] Level 1:colcon.colcon_core.package_identification:_identify(src) by extensions ['cmake', 'python']
[0.303s] Level 1:colcon.colcon_core.package_identification:_identify(src) by extension 'cmake'
[0.303s] Level 1:colcon.colcon_core.package_identification:_identify(src) by extension 'python'
[0.303s] Level 1:colcon.colcon_core.package_identification:_identify(src) by extensions ['python_setup_py']
[0.303s] Level 1:colcon.colcon_core.package_identification:_identify(src) by extension 'python_setup_py'
[0.304s] Level 1:colcon.colcon_core.package_identification:_identify(src/pizza_pose) by extensions ['ignore', 'ignore_ament_install']
[0.304s] Level 1:colcon.colcon_core.package_identification:_identify(src/pizza_pose) by extension 'ignore'
[0.304s] Level 1:colcon.colcon_core.package_identification:_identify(src/pizza_pose) by extension 'ignore_ament_install'
[0.304s] Level 1:colcon.colcon_core.package_identification:_identify(src/pizza_pose) by extensions ['colcon_pkg']
[0.304s] Level 1:colcon.colcon_core.package_identification:_identify(src/pizza_pose) by extension 'colcon_pkg'
[0.304s] Level 1:colcon.colcon_core.package_identification:_identify(src/pizza_pose) by extensions ['colcon_meta']
[0.304s] Level 1:colcon.colcon_core.package_identification:_identify(src/pizza_pose) by extension 'colcon_meta'
[0.304s] Level 1:colcon.colcon_core.package_identification:_identify(src/pizza_pose) by extensions ['ros']
[0.304s] Level 1:colcon.colcon_core.package_identification:_identify(src/pizza_pose) by extension 'ros'
[0.304s] Level 1:colcon.colcon_core.package_identification:_identify(src/pizza_pose) by extensions ['cmake', 'python']
[0.304s] Level 1:colcon.colcon_core.package_identification:_identify(src/pizza_pose) by extension 'cmake'
[0.304s] Level 1:colcon.colcon_core.package_identification:_identify(src/pizza_pose) by extension 'python'
[0.304s] Level 1:colcon.colcon_core.package_identification:_identify(src/pizza_pose) by extensions ['python_setup_py']
[0.304s] Level 1:colcon.colcon_core.package_identification:_identify(src/pizza_pose) by extension 'python_setup_py'
[0.304s] Level 1:colcon.colcon_core.package_identification:_identify(src/saifa_pack) by extensions ['ignore', 'ignore_ament_install']
[0.304s] Level 1:colcon.colcon_core.package_identification:_identify(src/saifa_pack) by extension 'ignore'
[0.304s] Level 1:colcon.colcon_core.package_identification:_identify(src/saifa_pack) by extension 'ignore_ament_install'
[0.304s] Level 1:colcon.colcon_core.package_identification:_identify(src/saifa_pack) by extensions ['colcon_pkg']
[0.304s] Level 1:colcon.colcon_core.package_identification:_identify(src/saifa_pack) by extension 'colcon_pkg'
[0.304s] Level 1:colcon.colcon_core.package_identification:_identify(src/saifa_pack) by extensions ['colcon_meta']
[0.304s] Level 1:colcon.colcon_core.package_identification:_identify(src/saifa_pack) by extension 'colcon_meta'
[0.305s] Level 1:colcon.colcon_core.package_identification:_identify(src/saifa_pack) by extensions ['ros']
[0.305s] Level 1:colcon.colcon_core.package_identification:_identify(src/saifa_pack) by extension 'ros'
[0.307s] DEBUG:colcon.colcon_core.package_identification:Package 'src/saifa_pack' with type 'ros.ament_cmake' and name 'saifa_pack'
[0.307s] Level 1:colcon.colcon_core.package_identification:_identify(src/sun_interfaces) by extensions ['ignore', 'ignore_ament_install']
[0.307s] Level 1:colcon.colcon_core.package_identification:_identify(src/sun_interfaces) by extension 'ignore'
[0.307s] Level 1:colcon.colcon_core.package_identification:_identify(src/sun_interfaces) by extension 'ignore_ament_install'
[0.307s] Level 1:colcon.colcon_core.package_identification:_identify(src/sun_interfaces) by extensions ['colcon_pkg']
[0.307s] Level 1:colcon.colcon_core.package_identification:_identify(src/sun_interfaces) by extension 'colcon_pkg'
[0.307s] Level 1:colcon.colcon_core.package_identification:_identify(src/sun_interfaces) by extensions ['colcon_meta']
[0.307s] Level 1:colcon.colcon_core.package_identification:_identify(src/sun_interfaces) by extension 'colcon_meta'
[0.307s] Level 1:colcon.colcon_core.package_identification:_identify(src/sun_interfaces) by extensions ['ros']
[0.307s] Level 1:colcon.colcon_core.package_identification:_identify(src/sun_interfaces) by extension 'ros'
[0.308s] DEBUG:colcon.colcon_core.package_identification:Package 'src/sun_interfaces' with type 'ros.ament_cmake' and name 'sun_interfaces'
[0.308s] Level 1:colcon.colcon_core.package_identification:_identify(src/sun_pkg) by extensions ['ignore', 'ignore_ament_install']
[0.308s] Level 1:colcon.colcon_core.package_identification:_identify(src/sun_pkg) by extension 'ignore'
[0.308s] Level 1:colcon.colcon_core.package_identification:_identify(src/sun_pkg) by extension 'ignore_ament_install'
[0.308s] Level 1:colcon.colcon_core.package_identification:_identify(src/sun_pkg) by extensions ['colcon_pkg']
[0.308s] Level 1:colcon.colcon_core.package_identification:_identify(src/sun_pkg) by extension 'colcon_pkg'
[0.308s] Level 1:colcon.colcon_core.package_identification:_identify(src/sun_pkg) by extensions ['colcon_meta']
[0.308s] Level 1:colcon.colcon_core.package_identification:_identify(src/sun_pkg) by extension 'colcon_meta'
[0.308s] Level 1:colcon.colcon_core.package_identification:_identify(src/sun_pkg) by extensions ['ros']
[0.308s] Level 1:colcon.colcon_core.package_identification:_identify(src/sun_pkg) by extension 'ros'
[0.309s] DEBUG:colcon.colcon_core.package_identification:Package 'src/sun_pkg' with type 'ros.ament_cmake' and name 'sun_pkg'
[0.309s] Level 1:colcon.colcon_core.package_identification:_identify(src/turtlesim_plus) by extensions ['ignore', 'ignore_ament_install']
[0.309s] Level 1:colcon.colcon_core.package_identification:_identify(src/turtlesim_plus) by extension 'ignore'
[0.309s] Level 1:colcon.colcon_core.package_identification:_identify(src/turtlesim_plus) by extension 'ignore_ament_install'
[0.309s] Level 1:colcon.colcon_core.package_identification:_identify(src/turtlesim_plus) by extensions ['colcon_pkg']
[0.309s] Level 1:colcon.colcon_core.package_identification:_identify(src/turtlesim_plus) by extension 'colcon_pkg'
[0.309s] Level 1:colcon.colcon_core.package_identification:_identify(src/turtlesim_plus) by extensions ['colcon_meta']
[0.309s] Level 1:colcon.colcon_core.package_identification:_identify(src/turtlesim_plus) by extension 'colcon_meta'
[0.310s] Level 1:colcon.colcon_core.package_identification:_identify(src/turtlesim_plus) by extensions ['ros']
[0.310s] Level 1:colcon.colcon_core.package_identification:_identify(src/turtlesim_plus) by extension 'ros'
[0.310s] Level 1:colcon.colcon_core.package_identification:_identify(src/turtlesim_plus) by extensions ['cmake', 'python']
[0.310s] Level 1:colcon.colcon_core.package_identification:_identify(src/turtlesim_plus) by extension 'cmake'
[0.310s] Level 1:colcon.colcon_core.package_identification:_identify(src/turtlesim_plus) by extension 'python'
[0.310s] Level 1:colcon.colcon_core.package_identification:_identify(src/turtlesim_plus) by extensions ['python_setup_py']
[0.310s] Level 1:colcon.colcon_core.package_identification:_identify(src/turtlesim_plus) by extension 'python_setup_py'
[0.310s] Level 1:colcon.colcon_core.package_identification:_identify(src/turtlesim_plus/turtlesim_plus) by extensions ['ignore', 'ignore_ament_install']
[0.310s] Level 1:colcon.colcon_core.package_identification:_identify(src/turtlesim_plus/turtlesim_plus) by extension 'ignore'
[0.310s] Level 1:colcon.colcon_core.package_identification:_identify(src/turtlesim_plus/turtlesim_plus) by extension 'ignore_ament_install'
[0.310s] Level 1:colcon.colcon_core.package_identification:_identify(src/turtlesim_plus/turtlesim_plus) by extensions ['colcon_pkg']
[0.310s] Level 1:colcon.colcon_core.package_identification:_identify(src/turtlesim_plus/turtlesim_plus) by extension 'colcon_pkg'
[0.310s] Level 1:colcon.colcon_core.package_identification:_identify(src/turtlesim_plus/turtlesim_plus) by extensions ['colcon_meta']
[0.310s] Level 1:colcon.colcon_core.package_identification:_identify(src/turtlesim_plus/turtlesim_plus) by extension 'colcon_meta'
[0.310s] Level 1:colcon.colcon_core.package_identification:_identify(src/turtlesim_plus/turtlesim_plus) by extensions ['ros']
[0.310s] Level 1:colcon.colcon_core.package_identification:_identify(src/turtlesim_plus/turtlesim_plus) by extension 'ros'
[0.311s] DEBUG:colcon.colcon_core.package_identification:Package 'src/turtlesim_plus/turtlesim_plus' with type 'ros.ament_cmake' and name 'turtlesim_plus'
[0.311s] Level 1:colcon.colcon_core.package_identification:_identify(src/turtlesim_plus/turtlesim_plus_interfaces) by extensions ['ignore', 'ignore_ament_install']
[0.311s] Level 1:colcon.colcon_core.package_identification:_identify(src/turtlesim_plus/turtlesim_plus_interfaces) by extension 'ignore'
[0.311s] Level 1:colcon.colcon_core.package_identification:_identify(src/turtlesim_plus/turtlesim_plus_interfaces) by extension 'ignore_ament_install'
[0.312s] Level 1:colcon.colcon_core.package_identification:_identify(src/turtlesim_plus/turtlesim_plus_interfaces) by extensions ['colcon_pkg']
[0.312s] Level 1:colcon.colcon_core.package_identification:_identify(src/turtlesim_plus/turtlesim_plus_interfaces) by extension 'colcon_pkg'
[0.312s] Level 1:colcon.colcon_core.package_identification:_identify(src/turtlesim_plus/turtlesim_plus_interfaces) by extensions ['colcon_meta']
[0.312s] Level 1:colcon.colcon_core.package_identification:_identify(src/turtlesim_plus/turtlesim_plus_interfaces) by extension 'colcon_meta'
[0.312s] Level 1:colcon.colcon_core.package_identification:_identify(src/turtlesim_plus/turtlesim_plus_interfaces) by extensions ['ros']
[0.312s] Level 1:colcon.colcon_core.package_identification:_identify(src/turtlesim_plus/turtlesim_plus_interfaces) by extension 'ros'
[0.312s] DEBUG:colcon.colcon_core.package_identification:Package 'src/turtlesim_plus/turtlesim_plus_interfaces' with type 'ros.ament_cmake' and name 'turtlesim_plus_interfaces'
[0.312s] Level 1:colcon.colcon_core.package_discovery:discover_packages(recursive) using defaults
[0.312s] Level 1:colcon.colcon_core.package_discovery:discover_packages(ignore) discover
[0.312s] Level 1:colcon.colcon_core.package_discovery:discover_packages(ignore) using defaults
[0.312s] Level 1:colcon.colcon_core.package_discovery:discover_packages(path) discover
[0.312s] Level 1:colcon.colcon_core.package_discovery:discover_packages(path) using defaults
[0.344s] Level 1:colcon.colcon_core.package_discovery:discover_packages(prefix_path) check parameters
[0.344s] Level 1:colcon.colcon_core.package_discovery:discover_packages(prefix_path) discover
[0.345s] WARNING:colcon.colcon_core.prefix_path.colcon:The path '/home/nakarin/install' in the environment variable COLCON_PREFIX_PATH doesn't exist
[0.345s] WARNING:colcon.colcon_core.prefix_path.colcon:The path '/home/nakarin/RoboticsDevExam1/install' in the environment variable COLCON_PREFIX_PATH doesn't exist
[0.345s] WARNING:colcon.colcon_ros.prefix_path.ament:The path '/home/nakarin/RoboticsDevExam1/install/sun_pkg' in the environment variable AMENT_PREFIX_PATH doesn't exist
[0.345s] WARNING:colcon.colcon_ros.prefix_path.ament:The path '/home/nakarin/RoboticsDevExam1/install/sun_interfaces' in the environment variable AMENT_PREFIX_PATH doesn't exist
[0.346s] WARNING:colcon.colcon_ros.prefix_path.catkin:The path '/home/nakarin/RoboticsDevExam1/install/sun_pkg' in the environment variable CMAKE_PREFIX_PATH doesn't exist
[0.346s] WARNING:colcon.colcon_ros.prefix_path.catkin:The path '/home/nakarin/RoboticsDevExam1/install/sun_interfaces' in the environment variable CMAKE_PREFIX_PATH doesn't exist
[0.347s] DEBUG:colcon.colcon_installed_package_information.package_discovery:Found 5 installed packages in /home/nakarin/RoboticsDevExam2/install
[0.348s] DEBUG:colcon.colcon_installed_package_information.package_discovery:Found 30 installed packages in /home/nakarin/RoboticsDev/install
[0.350s] DEBUG:colcon.colcon_installed_package_information.package_discovery:Found 294 installed packages in /opt/ros/humble
[0.352s] Level 1:colcon.colcon_core.package_discovery:discover_packages(prefix_path) using defaults
[0.395s] Level 5:colcon.colcon_core.verb:set package 'saifa_pack' build argument 'cmake_args' from command line to 'None'
[0.395s] Level 5:colcon.colcon_core.verb:set package 'saifa_pack' build argument 'cmake_target' from command line to 'None'
[0.395s] Level 5:colcon.colcon_core.verb:set package 'saifa_pack' build argument 'cmake_target_skip_unavailable' from command line to 'False'
[0.395s] Level 5:colcon.colcon_core.verb:set package 'saifa_pack' build argument 'cmake_clean_cache' from command line to 'False'
[0.395s] Level 5:colcon.colcon_core.verb:set package 'saifa_pack' build argument 'cmake_clean_first' from command line to 'False'
[0.395s] Level 5:colcon.colcon_core.verb:set package 'saifa_pack' build argument 'cmake_force_configure' from command line to 'False'
[0.395s] Level 5:colcon.colcon_core.verb:set package 'saifa_pack' build argument 'ament_cmake_args' from command line to 'None'
[0.395s] Level 5:colcon.colcon_core.verb:set package 'saifa_pack' build argument 'catkin_cmake_args' from command line to 'None'
[0.395s] Level 5:colcon.colcon_core.verb:set package 'saifa_pack' build argument 'catkin_skip_building_tests' from command line to 'False'
[0.395s] DEBUG:colcon.colcon_core.verb:Building package 'saifa_pack' with the following arguments: {'ament_cmake_args': None, 'build_base': '/home/nakarin/RoboticsDevExam2/build/saifa_pack', 'catkin_cmake_args': None, 'catkin_skip_building_tests': False, 'cmake_args': None, 'cmake_clean_cache': False, 'cmake_clean_first': False, 'cmake_force_configure': False, 'cmake_target': None, 'cmake_target_skip_unavailable': False, 'install_base': '/home/nakarin/RoboticsDevExam2/install/saifa_pack', 'merge_install': False, 'path': '/home/nakarin/RoboticsDevExam2/src/saifa_pack', 'symlink_install': False, 'test_result_base': None}
[0.396s] Level 5:colcon.colcon_core.verb:set package 'sun_interfaces' build argument 'cmake_args' from command line to 'None'
[0.396s] Level 5:colcon.colcon_core.verb:set package 'sun_interfaces' build argument 'cmake_target' from command line to 'None'
[0.396s] Level 5:colcon.colcon_core.verb:set package 'sun_interfaces' build argument 'cmake_target_skip_unavailable' from command line to 'False'
[0.396s] Level 5:colcon.colcon_core.verb:set package 'sun_interfaces' build argument 'cmake_clean_cache' from command line to 'False'
[0.396s] Level 5:colcon.colcon_core.verb:set package 'sun_interfaces' build argument 'cmake_clean_first' from command line to 'False'
[0.396s] Level 5:colcon.colcon_core.verb:set package 'sun_interfaces' build argument 'cmake_force_configure' from command line to 'False'
[0.396s] Level 5:colcon.colcon_core.verb:set package 'sun_interfaces' build argument 'ament_cmake_args' from command line to 'None'
[0.396s] Level 5:colcon.colcon_core.verb:set package 'sun_interfaces' build argument 'catkin_cmake_args' from command line to 'None'
[0.396s] Level 5:colcon.colcon_core.verb:set package 'sun_interfaces' build argument 'catkin_skip_building_tests' from command line to 'False'
[0.396s] DEBUG:colcon.colcon_core.verb:Building package 'sun_interfaces' with the following arguments: {'ament_cmake_args': None, 'build_base': '/home/nakarin/RoboticsDevExam2/build/sun_interfaces', 'catkin_cmake_args': None, 'catkin_skip_building_tests': False, 'cmake_args': None, 'cmake_clean_cache': False, 'cmake_clean_first': False, 'cmake_force_configure': False, 'cmake_target': None, 'cmake_target_skip_unavailable': False, 'install_base': '/home/nakarin/RoboticsDevExam2/install/sun_interfaces', 'merge_install': False, 'path': '/home/nakarin/RoboticsDevExam2/src/sun_interfaces', 'symlink_install': False, 'test_result_base': None}
[0.396s] Level 5:colcon.colcon_core.verb:set package 'sun_pkg' build argument 'cmake_args' from command line to 'None'
[0.396s] Level 5:colcon.colcon_core.verb:set package 'sun_pkg' build argument 'cmake_target' from command line to 'None'
[0.396s] Level 5:colcon.colcon_core.verb:set package 'sun_pkg' build argument 'cmake_target_skip_unavailable' from command line to 'False'
[0.396s] Level 5:colcon.colcon_core.verb:set package 'sun_pkg' build argument 'cmake_clean_cache' from command line to 'False'
[0.397s] Level 5:colcon.colcon_core.verb:set package 'sun_pkg' build argument 'cmake_clean_first' from command line to 'False'
[0.397s] Level 5:colcon.colcon_core.verb:set package 'sun_pkg' build argument 'cmake_force_configure' from command line to 'False'
[0.397s] Level 5:colcon.colcon_core.verb:set package 'sun_pkg' build argument 'ament_cmake_args' from command line to 'None'
[0.397s] Level 5:colcon.colcon_core.verb:set package 'sun_pkg' build argument 'catkin_cmake_args' from command line to 'None'
[0.397s] Level 5:colcon.colcon_core.verb:set package 'sun_pkg' build argument 'catkin_skip_building_tests' from command line to 'False'
[0.397s] DEBUG:colcon.colcon_core.verb:Building package 'sun_pkg' with the following arguments: {'ament_cmake_args': None, 'build_base': '/home/nakarin/RoboticsDevExam2/build/sun_pkg', 'catkin_cmake_args': None, 'catkin_skip_building_tests': False, 'cmake_args': None, 'cmake_clean_cache': False, 'cmake_clean_first': False, 'cmake_force_configure': False, 'cmake_target': None, 'cmake_target_skip_unavailable': False, 'install_base': '/home/nakarin/RoboticsDevExam2/install/sun_pkg', 'merge_install': False, 'path': '/home/nakarin/RoboticsDevExam2/src/sun_pkg', 'symlink_install': False, 'test_result_base': None}
[0.397s] Level 5:colcon.colcon_core.verb:set package 'turtlesim_plus' build argument 'cmake_args' from command line to 'None'
[0.397s] Level 5:colcon.colcon_core.verb:set package 'turtlesim_plus' build argument 'cmake_target' from command line to 'None'
[0.397s] Level 5:colcon.colcon_core.verb:set package 'turtlesim_plus' build argument 'cmake_target_skip_unavailable' from command line to 'False'
[0.397s] Level 5:colcon.colcon_core.verb:set package 'turtlesim_plus' build argument 'cmake_clean_cache' from command line to 'False'
[0.397s] Level 5:colcon.colcon_core.verb:set package 'turtlesim_plus' build argument 'cmake_clean_first' from command line to 'False'
[0.397s] Level 5:colcon.colcon_core.verb:set package 'turtlesim_plus' build argument 'cmake_force_configure' from command line to 'False'
[0.397s] Level 5:colcon.colcon_core.verb:set package 'turtlesim_plus' build argument 'ament_cmake_args' from command line to 'None'
[0.397s] Level 5:colcon.colcon_core.verb:set package 'turtlesim_plus' build argument 'catkin_cmake_args' from command line to 'None'
[0.397s] Level 5:colcon.colcon_core.verb:set package 'turtlesim_plus' build argument 'catkin_skip_building_tests' from command line to 'False'
[0.397s] DEBUG:colcon.colcon_core.verb:Building package 'turtlesim_plus' with the following arguments: {'ament_cmake_args': None, 'build_base': '/home/nakarin/RoboticsDevExam2/build/turtlesim_plus', 'catkin_cmake_args': None, 'catkin_skip_building_tests': False, 'cmake_args': None, 'cmake_clean_cache': False, 'cmake_clean_first': False, 'cmake_force_configure': False, 'cmake_target': None, 'cmake_target_skip_unavailable': False, 'install_base': '/home/nakarin/RoboticsDevExam2/install/turtlesim_plus', 'merge_install': False, 'path': '/home/nakarin/RoboticsDevExam2/src/turtlesim_plus/turtlesim_plus', 'symlink_install': False, 'test_result_base': None}
[0.398s] Level 5:colcon.colcon_core.verb:set package 'turtlesim_plus_interfaces' build argument 'cmake_args' from command line to 'None'
[0.398s] Level 5:colcon.colcon_core.verb:set package 'turtlesim_plus_interfaces' build argument 'cmake_target' from command line to 'None'
[0.398s] Level 5:colcon.colcon_core.verb:set package 'turtlesim_plus_interfaces' build argument 'cmake_target_skip_unavailable' from command line to 'False'
[0.398s] Level 5:colcon.colcon_core.verb:set package 'turtlesim_plus_interfaces' build argument 'cmake_clean_cache' from command line to 'False'
[0.398s] Level 5:colcon.colcon_core.verb:set package 'turtlesim_plus_interfaces' build argument 'cmake_clean_first' from command line to 'False'
[0.398s] Level 5:colcon.colcon_core.verb:set package 'turtlesim_plus_interfaces' build argument 'cmake_force_configure' from command line to 'False'
[0.398s] Level 5:colcon.colcon_core.verb:set package 'turtlesim_plus_interfaces' build argument 'ament_cmake_args' from command line to 'None'
[0.398s] Level 5:colcon.colcon_core.verb:set package 'turtlesim_plus_interfaces' build argument 'catkin_cmake_args' from command line to 'None'
[0.398s] Level 5:colcon.colcon_core.verb:set package 'turtlesim_plus_interfaces' build argument 'catkin_skip_building_tests' from command line to 'False'
[0.398s] DEBUG:colcon.colcon_core.verb:Building package 'turtlesim_plus_interfaces' with the following arguments: {'ament_cmake_args': None, 'build_base': '/home/nakarin/RoboticsDevExam2/build/turtlesim_plus_interfaces', 'catkin_cmake_args': None, 'catkin_skip_building_tests': False, 'cmake_args': None, 'cmake_clean_cache': False, 'cmake_clean_first': False, 'cmake_force_configure': False, 'cmake_target': None, 'cmake_target_skip_unavailable': False, 'install_base': '/home/nakarin/RoboticsDevExam2/install/turtlesim_plus_interfaces', 'merge_install': False, 'path': '/home/nakarin/RoboticsDevExam2/src/turtlesim_plus/turtlesim_plus_interfaces', 'symlink_install': False, 'test_result_base': None}
[0.398s] INFO:colcon.colcon_core.executor:Executing jobs using 'parallel' executor
[0.399s] DEBUG:colcon.colcon_parallel_executor.executor.parallel:run_until_complete
[0.399s] INFO:colcon.colcon_ros.task.ament_cmake.build:Building ROS package in '/home/nakarin/RoboticsDevExam2/src/saifa_pack' with build type 'ament_cmake'
[0.399s] INFO:colcon.colcon_cmake.task.cmake.build:Building CMake package in '/home/nakarin/RoboticsDevExam2/src/saifa_pack'
[0.401s] INFO:colcon.colcon_core.plugin_system:Skipping extension 'colcon_core.shell.bat': Not used on non-Windows systems
[0.402s] INFO:colcon.colcon_core.shell:Skip shell extension 'powershell' for command environment: Not usable outside of PowerShell
[0.402s] DEBUG:colcon.colcon_core.shell:Skip shell extension 'dsv' for command environment
[0.407s] INFO:colcon.colcon_ros.task.ament_cmake.build:Building ROS package in '/home/nakarin/RoboticsDevExam2/src/sun_interfaces' with build type 'ament_cmake'
[0.407s] INFO:colcon.colcon_cmake.task.cmake.build:Building CMake package in '/home/nakarin/RoboticsDevExam2/src/sun_interfaces'
[0.407s] INFO:colcon.colcon_core.shell:Skip shell extension 'powershell' for command environment: Not usable outside of PowerShell
[0.407s] DEBUG:colcon.colcon_core.shell:Skip shell extension 'dsv' for command environment
[0.412s] INFO:colcon.colcon_ros.task.ament_cmake.build:Building ROS package in '/home/nakarin/RoboticsDevExam2/src/sun_pkg' with build type 'ament_cmake'
[0.412s] INFO:colcon.colcon_cmake.task.cmake.build:Building CMake package in '/home/nakarin/RoboticsDevExam2/src/sun_pkg'
[0.413s] INFO:colcon.colcon_core.shell:Skip shell extension 'powershell' for command environment: Not usable outside of PowerShell
[0.413s] DEBUG:colcon.colcon_core.shell:Skip shell extension 'dsv' for command environment
[0.418s] INFO:colcon.colcon_ros.task.ament_cmake.build:Building ROS package in '/home/nakarin/RoboticsDevExam2/src/turtlesim_plus/turtlesim_plus' with build type 'ament_cmake'
[0.418s] INFO:colcon.colcon_cmake.task.cmake.build:Building CMake package in '/home/nakarin/RoboticsDevExam2/src/turtlesim_plus/turtlesim_plus'
[0.418s] INFO:colcon.colcon_core.shell:Skip shell extension 'powershell' for command environment: Not usable outside of PowerShell
[0.418s] DEBUG:colcon.colcon_core.shell:Skip shell extension 'dsv' for command environment
[0.423s] INFO:colcon.colcon_ros.task.ament_cmake.build:Building ROS package in '/home/nakarin/RoboticsDevExam2/src/turtlesim_plus/turtlesim_plus_interfaces' with build type 'ament_cmake'
[0.423s] INFO:colcon.colcon_cmake.task.cmake.build:Building CMake package in '/home/nakarin/RoboticsDevExam2/src/turtlesim_plus/turtlesim_plus_interfaces'
[0.423s] INFO:colcon.colcon_core.shell:Skip shell extension 'powershell' for command environment: Not usable outside of PowerShell
[0.423s] DEBUG:colcon.colcon_core.shell:Skip shell extension 'dsv' for command environment
[0.432s] DEBUG:colcon.colcon_core.event_handler.log_command:Invoking command in '/home/nakarin/RoboticsDevExam2/build/saifa_pack': CMAKE_PREFIX_PATH=${CMAKE_PREFIX_PATH}:/home/nakarin/RoboticsDev/install/launch_testing_examples:/home/nakarin/RoboticsDev/install/examples_rclpy_pointcloud_publisher:/home/nakarin/RoboticsDev/install/examples_rclpy_minimal_subscriber:/home/nakarin/RoboticsDev/install/examples_rclpy_minimal_service:/home/nakarin/RoboticsDev/install/examples_rclpy_minimal_publisher:/home/nakarin/RoboticsDev/install/examples_rclpy_minimal_client:/home/nakarin/RoboticsDev/install/examples_rclpy_minimal_action_server:/home/nakarin/RoboticsDev/install/examples_rclpy_minimal_action_client:/home/nakarin/RoboticsDev/install/examples_rclpy_guard_conditions:/home/nakarin/RoboticsDev/install/examples_rclpy_executors:/opt/ros/humble /usr/bin/cmake --build /home/nakarin/RoboticsDevExam2/build/saifa_pack -- -j8 -l8
[0.437s] DEBUG:colcon.colcon_core.event_handler.log_command:Invoking command in '/home/nakarin/RoboticsDevExam2/build/sun_interfaces': CMAKE_PREFIX_PATH=${CMAKE_PREFIX_PATH}:/home/nakarin/RoboticsDev/install/launch_testing_examples:/home/nakarin/RoboticsDev/install/examples_rclpy_pointcloud_publisher:/home/nakarin/RoboticsDev/install/examples_rclpy_minimal_subscriber:/home/nakarin/RoboticsDev/install/examples_rclpy_minimal_service:/home/nakarin/RoboticsDev/install/examples_rclpy_minimal_publisher:/home/nakarin/RoboticsDev/install/examples_rclpy_minimal_client:/home/nakarin/RoboticsDev/install/examples_rclpy_minimal_action_server:/home/nakarin/RoboticsDev/install/examples_rclpy_minimal_action_client:/home/nakarin/RoboticsDev/install/examples_rclpy_guard_conditions:/home/nakarin/RoboticsDev/install/examples_rclpy_executors:/opt/ros/humble /usr/bin/cmake --build /home/nakarin/RoboticsDevExam2/build/sun_interfaces -- -j8 -l8
[0.439s] DEBUG:colcon.colcon_core.event_handler.log_command:Invoking command in '/home/nakarin/RoboticsDevExam2/build/sun_pkg': CMAKE_PREFIX_PATH=${CMAKE_PREFIX_PATH}:/home/nakarin/RoboticsDev/install/launch_testing_examples:/home/nakarin/RoboticsDev/install/examples_rclpy_pointcloud_publisher:/home/nakarin/RoboticsDev/install/examples_rclpy_minimal_subscriber:/home/nakarin/RoboticsDev/install/examples_rclpy_minimal_service:/home/nakarin/RoboticsDev/install/examples_rclpy_minimal_publisher:/home/nakarin/RoboticsDev/install/examples_rclpy_minimal_client:/home/nakarin/RoboticsDev/install/examples_rclpy_minimal_action_server:/home/nakarin/RoboticsDev/install/examples_rclpy_minimal_action_client:/home/nakarin/RoboticsDev/install/examples_rclpy_guard_conditions:/home/nakarin/RoboticsDev/install/examples_rclpy_executors:/opt/ros/humble /usr/bin/cmake --build /home/nakarin/RoboticsDevExam2/build/sun_pkg -- -j8 -l8
[0.444s] DEBUG:colcon.colcon_core.event_handler.log_command:Invoking command in '/home/nakarin/RoboticsDevExam2/build/turtlesim_plus': CMAKE_PREFIX_PATH=${CMAKE_PREFIX_PATH}:/home/nakarin/RoboticsDev/install/launch_testing_examples:/home/nakarin/RoboticsDev/install/examples_rclpy_pointcloud_publisher:/home/nakarin/RoboticsDev/install/examples_rclpy_minimal_subscriber:/home/nakarin/RoboticsDev/install/examples_rclpy_minimal_service:/home/nakarin/RoboticsDev/install/examples_rclpy_minimal_publisher:/home/nakarin/RoboticsDev/install/examples_rclpy_minimal_client:/home/nakarin/RoboticsDev/install/examples_rclpy_minimal_action_server:/home/nakarin/RoboticsDev/install/examples_rclpy_minimal_action_client:/home/nakarin/RoboticsDev/install/examples_rclpy_guard_conditions:/home/nakarin/RoboticsDev/install/examples_rclpy_executors:/opt/ros/humble /usr/bin/cmake --build /home/nakarin/RoboticsDevExam2/build/turtlesim_plus -- -j8 -l8
[0.449s] DEBUG:colcon.colcon_core.event_handler.log_command:Invoking command in '/home/nakarin/RoboticsDevExam2/build/turtlesim_plus_interfaces': CMAKE_PREFIX_PATH=${CMAKE_PREFIX_PATH}:/home/nakarin/RoboticsDev/install/launch_testing_examples:/home/nakarin/RoboticsDev/install/examples_rclpy_pointcloud_publisher:/home/nakarin/RoboticsDev/install/examples_rclpy_minimal_subscriber:/home/nakarin/RoboticsDev/install/examples_rclpy_minimal_service:/home/nakarin/RoboticsDev/install/examples_rclpy_minimal_publisher:/home/nakarin/RoboticsDev/install/examples_rclpy_minimal_client:/home/nakarin/RoboticsDev/install/examples_rclpy_minimal_action_server:/home/nakarin/RoboticsDev/install/examples_rclpy_minimal_action_client:/home/nakarin/RoboticsDev/install/examples_rclpy_guard_conditions:/home/nakarin/RoboticsDev/install/examples_rclpy_executors:/opt/ros/humble /usr/bin/cmake --build /home/nakarin/RoboticsDevExam2/build/turtlesim_plus_interfaces -- -j8 -l8
[0.845s] DEBUG:colcon.colcon_core.event_handler.log_command:Invoked command in '/home/nakarin/RoboticsDevExam2/build/sun_pkg' returned '0': CMAKE_PREFIX_PATH=${CMAKE_PREFIX_PATH}:/home/nakarin/RoboticsDev/install/launch_testing_examples:/home/nakarin/RoboticsDev/install/examples_rclpy_pointcloud_publisher:/home/nakarin/RoboticsDev/install/examples_rclpy_minimal_subscriber:/home/nakarin/RoboticsDev/install/examples_rclpy_minimal_service:/home/nakarin/RoboticsDev/install/examples_rclpy_minimal_publisher:/home/nakarin/RoboticsDev/install/examples_rclpy_minimal_client:/home/nakarin/RoboticsDev/install/examples_rclpy_minimal_action_server:/home/nakarin/RoboticsDev/install/examples_rclpy_minimal_action_client:/home/nakarin/RoboticsDev/install/examples_rclpy_guard_conditions:/home/nakarin/RoboticsDev/install/examples_rclpy_executors:/opt/ros/humble /usr/bin/cmake --build /home/nakarin/RoboticsDevExam2/build/sun_pkg -- -j8 -l8
[0.883s] DEBUG:colcon.colcon_core.event_handler.log_command:Invoking command in '/home/nakarin/RoboticsDevExam2/build/sun_pkg': CMAKE_PREFIX_PATH=${CMAKE_PREFIX_PATH}:/home/nakarin/RoboticsDev/install/launch_testing_examples:/home/nakarin/RoboticsDev/install/examples_rclpy_pointcloud_publisher:/home/nakarin/RoboticsDev/install/examples_rclpy_minimal_subscriber:/home/nakarin/RoboticsDev/install/examples_rclpy_minimal_service:/home/nakarin/RoboticsDev/install/examples_rclpy_minimal_publisher:/home/nakarin/RoboticsDev/install/examples_rclpy_minimal_client:/home/nakarin/RoboticsDev/install/examples_rclpy_minimal_action_server:/home/nakarin/RoboticsDev/install/examples_rclpy_minimal_action_client:/home/nakarin/RoboticsDev/install/examples_rclpy_guard_conditions:/home/nakarin/RoboticsDev/install/examples_rclpy_executors:/opt/ros/humble /usr/bin/cmake --install /home/nakarin/RoboticsDevExam2/build/sun_pkg
[0.942s] Level 1:colcon.colcon_core.environment:create_environment_scripts_only(sun_pkg)
[0.943s] DEBUG:colcon.colcon_core.event_handler.log_command:Invoked command in '/home/nakarin/RoboticsDevExam2/build/sun_pkg' returned '0': CMAKE_PREFIX_PATH=${CMAKE_PREFIX_PATH}:/home/nakarin/RoboticsDev/install/launch_testing_examples:/home/nakarin/RoboticsDev/install/examples_rclpy_pointcloud_publisher:/home/nakarin/RoboticsDev/install/examples_rclpy_minimal_subscriber:/home/nakarin/RoboticsDev/install/examples_rclpy_minimal_service:/home/nakarin/RoboticsDev/install/examples_rclpy_minimal_publisher:/home/nakarin/RoboticsDev/install/examples_rclpy_minimal_client:/home/nakarin/RoboticsDev/install/examples_rclpy_minimal_action_server:/home/nakarin/RoboticsDev/install/examples_rclpy_minimal_action_client:/home/nakarin/RoboticsDev/install/examples_rclpy_guard_conditions:/home/nakarin/RoboticsDev/install/examples_rclpy_executors:/opt/ros/humble /usr/bin/cmake --install /home/nakarin/RoboticsDevExam2/build/sun_pkg
[0.945s] Level 1:colcon.colcon_core.environment:checking '/home/nakarin/RoboticsDevExam2/install/sun_pkg' for CMake module files
[0.946s] Level 1:colcon.colcon_core.environment:checking '/home/nakarin/RoboticsDevExam2/install/sun_pkg' for CMake config files
[0.946s] Level 1:colcon.colcon_core.shell:create_environment_hook('sun_pkg', 'cmake_prefix_path')
[0.946s] INFO:colcon.colcon_core.shell:Creating environment hook '/home/nakarin/RoboticsDevExam2/install/sun_pkg/share/sun_pkg/hook/cmake_prefix_path.ps1'
[0.947s] INFO:colcon.colcon_core.shell:Creating environment descriptor '/home/nakarin/RoboticsDevExam2/install/sun_pkg/share/sun_pkg/hook/cmake_prefix_path.dsv'
[0.947s] INFO:colcon.colcon_core.shell:Creating environment hook '/home/nakarin/RoboticsDevExam2/install/sun_pkg/share/sun_pkg/hook/cmake_prefix_path.sh'
[0.948s] Level 1:colcon.colcon_core.environment:checking '/home/nakarin/RoboticsDevExam2/install/sun_pkg/lib'
[0.948s] Level 1:colcon.colcon_core.environment:checking '/home/nakarin/RoboticsDevExam2/install/sun_pkg/bin'
[0.948s] Level 1:colcon.colcon_core.environment:checking '/home/nakarin/RoboticsDevExam2/install/sun_pkg/lib/pkgconfig/sun_pkg.pc'
[0.948s] Level 1:colcon.colcon_core.environment:checking '/home/nakarin/RoboticsDevExam2/install/sun_pkg/lib/python3.10/site-packages'
[0.949s] Level 1:colcon.colcon_core.environment:checking '/home/nakarin/RoboticsDevExam2/install/sun_pkg/bin'
[0.949s] INFO:colcon.colcon_core.shell:Creating package script '/home/nakarin/RoboticsDevExam2/install/sun_pkg/share/sun_pkg/package.ps1'
[0.950s] INFO:colcon.colcon_core.shell:Creating package descriptor '/home/nakarin/RoboticsDevExam2/install/sun_pkg/share/sun_pkg/package.dsv'
[0.950s] INFO:colcon.colcon_core.shell:Creating package script '/home/nakarin/RoboticsDevExam2/install/sun_pkg/share/sun_pkg/package.sh'
[0.951s] INFO:colcon.colcon_core.shell:Creating package script '/home/nakarin/RoboticsDevExam2/install/sun_pkg/share/sun_pkg/package.bash'
[0.952s] INFO:colcon.colcon_core.shell:Creating package script '/home/nakarin/RoboticsDevExam2/install/sun_pkg/share/sun_pkg/package.zsh'
[0.952s] Level 1:colcon.colcon_core.environment:create_file_with_runtime_dependencies(/home/nakarin/RoboticsDevExam2/install/sun_pkg/share/colcon-core/packages/sun_pkg)
[0.978s] Level 1:colcon.colcon_core.environment:create_environment_scripts_only(sun_pkg)
[0.979s] Level 1:colcon.colcon_core.environment:checking '/home/nakarin/RoboticsDevExam2/install/sun_pkg' for CMake module files
[0.980s] Level 1:colcon.colcon_core.environment:checking '/home/nakarin/RoboticsDevExam2/install/sun_pkg' for CMake config files
[0.980s] Level 1:colcon.colcon_core.shell:create_environment_hook('sun_pkg', 'cmake_prefix_path')
[0.980s] INFO:colcon.colcon_core.shell:Creating environment hook '/home/nakarin/RoboticsDevExam2/install/sun_pkg/share/sun_pkg/hook/cmake_prefix_path.ps1'
[0.981s] INFO:colcon.colcon_core.shell:Creating environment descriptor '/home/nakarin/RoboticsDevExam2/install/sun_pkg/share/sun_pkg/hook/cmake_prefix_path.dsv'
[0.981s] INFO:colcon.colcon_core.shell:Creating environment hook '/home/nakarin/RoboticsDevExam2/install/sun_pkg/share/sun_pkg/hook/cmake_prefix_path.sh'
[0.982s] Level 1:colcon.colcon_core.environment:checking '/home/nakarin/RoboticsDevExam2/install/sun_pkg/lib'
[0.982s] Level 1:colcon.colcon_core.environment:checking '/home/nakarin/RoboticsDevExam2/install/sun_pkg/bin'
[0.982s] Level 1:colcon.colcon_core.environment:checking '/home/nakarin/RoboticsDevExam2/install/sun_pkg/lib/pkgconfig/sun_pkg.pc'
[0.983s] Level 1:colcon.colcon_core.environment:checking '/home/nakarin/RoboticsDevExam2/install/sun_pkg/lib/python3.10/site-packages'
[0.983s] Level 1:colcon.colcon_core.environment:checking '/home/nakarin/RoboticsDevExam2/install/sun_pkg/bin'
[0.984s] INFO:colcon.colcon_core.shell:Creating package script '/home/nakarin/RoboticsDevExam2/install/sun_pkg/share/sun_pkg/package.ps1'
[0.984s] INFO:colcon.colcon_core.shell:Creating package descriptor '/home/nakarin/RoboticsDevExam2/install/sun_pkg/share/sun_pkg/package.dsv'
[0.985s] INFO:colcon.colcon_core.shell:Creating package script '/home/nakarin/RoboticsDevExam2/install/sun_pkg/share/sun_pkg/package.sh'
[0.986s] INFO:colcon.colcon_core.shell:Creating package script '/home/nakarin/RoboticsDevExam2/install/sun_pkg/share/sun_pkg/package.bash'
[0.986s] INFO:colcon.colcon_core.shell:Creating package script '/home/nakarin/RoboticsDevExam2/install/sun_pkg/share/sun_pkg/package.zsh'
[0.987s] Level 1:colcon.colcon_core.environment:create_file_with_runtime_dependencies(/home/nakarin/RoboticsDevExam2/install/sun_pkg/share/colcon-core/packages/sun_pkg)
[1.570s] DEBUG:colcon.colcon_core.event_handler.log_command:Invoked command in '/home/nakarin/RoboticsDevExam2/build/saifa_pack' returned '0': CMAKE_PREFIX_PATH=${CMAKE_PREFIX_PATH}:/home/nakarin/RoboticsDev/install/launch_testing_examples:/home/nakarin/RoboticsDev/install/examples_rclpy_pointcloud_publisher:/home/nakarin/RoboticsDev/install/examples_rclpy_minimal_subscriber:/home/nakarin/RoboticsDev/install/examples_rclpy_minimal_service:/home/nakarin/RoboticsDev/install/examples_rclpy_minimal_publisher:/home/nakarin/RoboticsDev/install/examples_rclpy_minimal_client:/home/nakarin/RoboticsDev/install/examples_rclpy_minimal_action_server:/home/nakarin/RoboticsDev/install/examples_rclpy_minimal_action_client:/home/nakarin/RoboticsDev/install/examples_rclpy_guard_conditions:/home/nakarin/RoboticsDev/install/examples_rclpy_executors:/opt/ros/humble /usr/bin/cmake --build /home/nakarin/RoboticsDevExam2/build/saifa_pack -- -j8 -l8
[1.599s] DEBUG:colcon.colcon_core.event_handler.log_command:Invoking command in '/home/nakarin/RoboticsDevExam2/build/saifa_pack': CMAKE_PREFIX_PATH=${CMAKE_PREFIX_PATH}:/home/nakarin/RoboticsDev/install/launch_testing_examples:/home/nakarin/RoboticsDev/install/examples_rclpy_pointcloud_publisher:/home/nakarin/RoboticsDev/install/examples_rclpy_minimal_subscriber:/home/nakarin/RoboticsDev/install/examples_rclpy_minimal_service:/home/nakarin/RoboticsDev/install/examples_rclpy_minimal_publisher:/home/nakarin/RoboticsDev/install/examples_rclpy_minimal_client:/home/nakarin/RoboticsDev/install/examples_rclpy_minimal_action_server:/home/nakarin/RoboticsDev/install/examples_rclpy_minimal_action_client:/home/nakarin/RoboticsDev/install/examples_rclpy_guard_conditions:/home/nakarin/RoboticsDev/install/examples_rclpy_executors:/opt/ros/humble /usr/bin/cmake --install /home/nakarin/RoboticsDevExam2/build/saifa_pack
[1.659s] Level 1:colcon.colcon_core.environment:create_environment_scripts_only(saifa_pack)
[1.659s] Level 1:colcon.colcon_core.environment:checking '/home/nakarin/RoboticsDevExam2/install/saifa_pack' for CMake module files
[1.660s] DEBUG:colcon.colcon_core.event_handler.log_command:Invoked command in '/home/nakarin/RoboticsDevExam2/build/saifa_pack' returned '0': CMAKE_PREFIX_PATH=${CMAKE_PREFIX_PATH}:/home/nakarin/RoboticsDev/install/launch_testing_examples:/home/nakarin/RoboticsDev/install/examples_rclpy_pointcloud_publisher:/home/nakarin/RoboticsDev/install/examples_rclpy_minimal_subscriber:/home/nakarin/RoboticsDev/install/examples_rclpy_minimal_service:/home/nakarin/RoboticsDev/install/examples_rclpy_minimal_publisher:/home/nakarin/RoboticsDev/install/examples_rclpy_minimal_client:/home/nakarin/RoboticsDev/install/examples_rclpy_minimal_action_server:/home/nakarin/RoboticsDev/install/examples_rclpy_minimal_action_client:/home/nakarin/RoboticsDev/install/examples_rclpy_guard_conditions:/home/nakarin/RoboticsDev/install/examples_rclpy_executors:/opt/ros/humble /usr/bin/cmake --install /home/nakarin/RoboticsDevExam2/build/saifa_pack
[1.660s] Level 1:colcon.colcon_core.environment:checking '/home/nakarin/RoboticsDevExam2/install/saifa_pack' for CMake config files
[1.660s] Level 1:colcon.colcon_core.shell:create_environment_hook('saifa_pack', 'cmake_prefix_path')
[1.661s] INFO:colcon.colcon_core.shell:Creating environment hook '/home/nakarin/RoboticsDevExam2/install/saifa_pack/share/saifa_pack/hook/cmake_prefix_path.ps1'
[1.661s] INFO:colcon.colcon_core.shell:Creating environment descriptor '/home/nakarin/RoboticsDevExam2/install/saifa_pack/share/saifa_pack/hook/cmake_prefix_path.dsv'
[1.661s] INFO:colcon.colcon_core.shell:Creating environment hook '/home/nakarin/RoboticsDevExam2/install/saifa_pack/share/saifa_pack/hook/cmake_prefix_path.sh'
[1.662s] Level 1:colcon.colcon_core.environment:checking '/home/nakarin/RoboticsDevExam2/install/saifa_pack/lib'
[1.662s] Level 1:colcon.colcon_core.environment:checking '/home/nakarin/RoboticsDevExam2/install/saifa_pack/bin'
[1.662s] Level 1:colcon.colcon_core.environment:checking '/home/nakarin/RoboticsDevExam2/install/saifa_pack/lib/pkgconfig/saifa_pack.pc'
[1.662s] Level 1:colcon.colcon_core.environment:checking '/home/nakarin/RoboticsDevExam2/install/saifa_pack/lib/python3.10/site-packages'
[1.662s] Level 1:colcon.colcon_core.environment:checking '/home/nakarin/RoboticsDevExam2/install/saifa_pack/bin'
[1.663s] INFO:colcon.colcon_core.shell:Creating package script '/home/nakarin/RoboticsDevExam2/install/saifa_pack/share/saifa_pack/package.ps1'
[1.663s] INFO:colcon.colcon_core.shell:Creating package descriptor '/home/nakarin/RoboticsDevExam2/install/saifa_pack/share/saifa_pack/package.dsv'
[1.663s] INFO:colcon.colcon_core.shell:Creating package script '/home/nakarin/RoboticsDevExam2/install/saifa_pack/share/saifa_pack/package.sh'
[1.664s] INFO:colcon.colcon_core.shell:Creating package script '/home/nakarin/RoboticsDevExam2/install/saifa_pack/share/saifa_pack/package.bash'
[1.664s] INFO:colcon.colcon_core.shell:Creating package script '/home/nakarin/RoboticsDevExam2/install/saifa_pack/share/saifa_pack/package.zsh'
[1.664s] Level 1:colcon.colcon_core.environment:create_file_with_runtime_dependencies(/home/nakarin/RoboticsDevExam2/install/saifa_pack/share/colcon-core/packages/saifa_pack)
[1.678s] DEBUG:colcon.colcon_core.event_handler.log_command:Invoked command in '/home/nakarin/RoboticsDevExam2/build/turtlesim_plus' returned '0': CMAKE_PREFIX_PATH=${CMAKE_PREFIX_PATH}:/home/nakarin/RoboticsDev/install/launch_testing_examples:/home/nakarin/RoboticsDev/install/examples_rclpy_pointcloud_publisher:/home/nakarin/RoboticsDev/install/examples_rclpy_minimal_subscriber:/home/nakarin/RoboticsDev/install/examples_rclpy_minimal_service:/home/nakarin/RoboticsDev/install/examples_rclpy_minimal_publisher:/home/nakarin/RoboticsDev/install/examples_rclpy_minimal_client:/home/nakarin/RoboticsDev/install/examples_rclpy_minimal_action_server:/home/nakarin/RoboticsDev/install/examples_rclpy_minimal_action_client:/home/nakarin/RoboticsDev/install/examples_rclpy_guard_conditions:/home/nakarin/RoboticsDev/install/examples_rclpy_executors:/opt/ros/humble /usr/bin/cmake --build /home/nakarin/RoboticsDevExam2/build/turtlesim_plus -- -j8 -l8
[1.690s] Level 1:colcon.colcon_core.environment:create_environment_scripts_only(saifa_pack)
[1.690s] Level 1:colcon.colcon_core.environment:checking '/home/nakarin/RoboticsDevExam2/install/saifa_pack' for CMake module files
[1.691s] Level 1:colcon.colcon_core.environment:checking '/home/nakarin/RoboticsDevExam2/install/saifa_pack' for CMake config files
[1.691s] Level 1:colcon.colcon_core.shell:create_environment_hook('saifa_pack', 'cmake_prefix_path')
[1.692s] INFO:colcon.colcon_core.shell:Creating environment hook '/home/nakarin/RoboticsDevExam2/install/saifa_pack/share/saifa_pack/hook/cmake_prefix_path.ps1'
[1.692s] INFO:colcon.colcon_core.shell:Creating environment descriptor '/home/nakarin/RoboticsDevExam2/install/saifa_pack/share/saifa_pack/hook/cmake_prefix_path.dsv'
[1.693s] INFO:colcon.colcon_core.shell:Creating environment hook '/home/nakarin/RoboticsDevExam2/install/saifa_pack/share/saifa_pack/hook/cmake_prefix_path.sh'
[1.693s] Level 1:colcon.colcon_core.environment:checking '/home/nakarin/RoboticsDevExam2/install/saifa_pack/lib'
[1.693s] Level 1:colcon.colcon_core.environment:checking '/home/nakarin/RoboticsDevExam2/install/saifa_pack/bin'
[1.693s] Level 1:colcon.colcon_core.environment:checking '/home/nakarin/RoboticsDevExam2/install/saifa_pack/lib/pkgconfig/saifa_pack.pc'
[1.694s] Level 1:colcon.colcon_core.environment:checking '/home/nakarin/RoboticsDevExam2/install/saifa_pack/lib/python3.10/site-packages'
[1.694s] Level 1:colcon.colcon_core.environment:checking '/home/nakarin/RoboticsDevExam2/install/saifa_pack/bin'
[1.695s] INFO:colcon.colcon_core.shell:Creating package script '/home/nakarin/RoboticsDevExam2/install/saifa_pack/share/saifa_pack/package.ps1'
[1.695s] INFO:colcon.colcon_core.shell:Creating package descriptor '/home/nakarin/RoboticsDevExam2/install/saifa_pack/share/saifa_pack/package.dsv'
[1.696s] INFO:colcon.colcon_core.shell:Creating package script '/home/nakarin/RoboticsDevExam2/install/saifa_pack/share/saifa_pack/package.sh'
[1.696s] INFO:colcon.colcon_core.shell:Creating package script '/home/nakarin/RoboticsDevExam2/install/saifa_pack/share/saifa_pack/package.bash'
[1.697s] INFO:colcon.colcon_core.shell:Creating package script '/home/nakarin/RoboticsDevExam2/install/saifa_pack/share/saifa_pack/package.zsh'
[1.697s] Level 1:colcon.colcon_core.environment:create_file_with_runtime_dependencies(/home/nakarin/RoboticsDevExam2/install/saifa_pack/share/colcon-core/packages/saifa_pack)
[1.701s] DEBUG:colcon.colcon_core.event_handler.log_command:Invoking command in '/home/nakarin/RoboticsDevExam2/build/turtlesim_plus': CMAKE_PREFIX_PATH=${CMAKE_PREFIX_PATH}:/home/nakarin/RoboticsDev/install/launch_testing_examples:/home/nakarin/RoboticsDev/install/examples_rclpy_pointcloud_publisher:/home/nakarin/RoboticsDev/install/examples_rclpy_minimal_subscriber:/home/nakarin/RoboticsDev/install/examples_rclpy_minimal_service:/home/nakarin/RoboticsDev/install/examples_rclpy_minimal_publisher:/home/nakarin/RoboticsDev/install/examples_rclpy_minimal_client:/home/nakarin/RoboticsDev/install/examples_rclpy_minimal_action_server:/home/nakarin/RoboticsDev/install/examples_rclpy_minimal_action_client:/home/nakarin/RoboticsDev/install/examples_rclpy_guard_conditions:/home/nakarin/RoboticsDev/install/examples_rclpy_executors:/opt/ros/humble /usr/bin/cmake --install /home/nakarin/RoboticsDevExam2/build/turtlesim_plus
[1.756s] Level 1:colcon.colcon_core.environment:create_environment_scripts_only(turtlesim_plus)
[1.756s] DEBUG:colcon.colcon_core.event_handler.log_command:Invoked command in '/home/nakarin/RoboticsDevExam2/build/turtlesim_plus' returned '0': CMAKE_PREFIX_PATH=${CMAKE_PREFIX_PATH}:/home/nakarin/RoboticsDev/install/launch_testing_examples:/home/nakarin/RoboticsDev/install/examples_rclpy_pointcloud_publisher:/home/nakarin/RoboticsDev/install/examples_rclpy_minimal_subscriber:/home/nakarin/RoboticsDev/install/examples_rclpy_minimal_service:/home/nakarin/RoboticsDev/install/examples_rclpy_minimal_publisher:/home/nakarin/RoboticsDev/install/examples_rclpy_minimal_client:/home/nakarin/RoboticsDev/install/examples_rclpy_minimal_action_server:/home/nakarin/RoboticsDev/install/examples_rclpy_minimal_action_client:/home/nakarin/RoboticsDev/install/examples_rclpy_guard_conditions:/home/nakarin/RoboticsDev/install/examples_rclpy_executors:/opt/ros/humble /usr/bin/cmake --install /home/nakarin/RoboticsDevExam2/build/turtlesim_plus
[1.757s] Level 1:colcon.colcon_core.environment:checking '/home/nakarin/RoboticsDevExam2/install/turtlesim_plus' for CMake module files
[1.758s] Level 1:colcon.colcon_core.environment:checking '/home/nakarin/RoboticsDevExam2/install/turtlesim_plus' for CMake config files
[1.758s] Level 1:colcon.colcon_core.shell:create_environment_hook('turtlesim_plus', 'cmake_prefix_path')
[1.758s] INFO:colcon.colcon_core.shell:Creating environment hook '/home/nakarin/RoboticsDevExam2/install/turtlesim_plus/share/turtlesim_plus/hook/cmake_prefix_path.ps1'
[1.759s] INFO:colcon.colcon_core.shell:Creating environment descriptor '/home/nakarin/RoboticsDevExam2/install/turtlesim_plus/share/turtlesim_plus/hook/cmake_prefix_path.dsv'
[1.759s] INFO:colcon.colcon_core.shell:Creating environment hook '/home/nakarin/RoboticsDevExam2/install/turtlesim_plus/share/turtlesim_plus/hook/cmake_prefix_path.sh'
[1.760s] Level 1:colcon.colcon_core.environment:checking '/home/nakarin/RoboticsDevExam2/install/turtlesim_plus/lib'
[1.760s] Level 1:colcon.colcon_core.environment:checking '/home/nakarin/RoboticsDevExam2/install/turtlesim_plus/bin'
[1.760s] Level 1:colcon.colcon_core.environment:checking '/home/nakarin/RoboticsDevExam2/install/turtlesim_plus/lib/pkgconfig/turtlesim_plus.pc'
[1.760s] Level 1:colcon.colcon_core.environment:checking '/home/nakarin/RoboticsDevExam2/install/turtlesim_plus/lib/python3.10/site-packages'
[1.761s] Level 1:colcon.colcon_core.environment:checking '/home/nakarin/RoboticsDevExam2/install/turtlesim_plus/bin'
[1.761s] INFO:colcon.colcon_core.shell:Creating package script '/home/nakarin/RoboticsDevExam2/install/turtlesim_plus/share/turtlesim_plus/package.ps1'
[1.762s] INFO:colcon.colcon_core.shell:Creating package descriptor '/home/nakarin/RoboticsDevExam2/install/turtlesim_plus/share/turtlesim_plus/package.dsv'
[1.762s] INFO:colcon.colcon_core.shell:Creating package script '/home/nakarin/RoboticsDevExam2/install/turtlesim_plus/share/turtlesim_plus/package.sh'
[1.763s] INFO:colcon.colcon_core.shell:Creating package script '/home/nakarin/RoboticsDevExam2/install/turtlesim_plus/share/turtlesim_plus/package.bash'
[1.763s] INFO:colcon.colcon_core.shell:Creating package script '/home/nakarin/RoboticsDevExam2/install/turtlesim_plus/share/turtlesim_plus/package.zsh'
[1.763s] Level 1:colcon.colcon_core.environment:create_file_with_runtime_dependencies(/home/nakarin/RoboticsDevExam2/install/turtlesim_plus/share/colcon-core/packages/turtlesim_plus)
[1.784s] Level 1:colcon.colcon_core.environment:create_environment_scripts_only(turtlesim_plus)
[1.785s] Level 1:colcon.colcon_core.environment:checking '/home/nakarin/RoboticsDevExam2/install/turtlesim_plus' for CMake module files
[1.785s] Level 1:colcon.colcon_core.environment:checking '/home/nakarin/RoboticsDevExam2/install/turtlesim_plus' for CMake config files
[1.785s] Level 1:colcon.colcon_core.shell:create_environment_hook('turtlesim_plus', 'cmake_prefix_path')
[1.786s] INFO:colcon.colcon_core.shell:Creating environment hook '/home/nakarin/RoboticsDevExam2/install/turtlesim_plus/share/turtlesim_plus/hook/cmake_prefix_path.ps1'
[1.786s] INFO:colcon.colcon_core.shell:Creating environment descriptor '/home/nakarin/RoboticsDevExam2/install/turtlesim_plus/share/turtlesim_plus/hook/cmake_prefix_path.dsv'
[1.786s] INFO:colcon.colcon_core.shell:Creating environment hook '/home/nakarin/RoboticsDevExam2/install/turtlesim_plus/share/turtlesim_plus/hook/cmake_prefix_path.sh'
[1.787s] Level 1:colcon.colcon_core.environment:checking '/home/nakarin/RoboticsDevExam2/install/turtlesim_plus/lib'
[1.787s] Level 1:colcon.colcon_core.environment:checking '/home/nakarin/RoboticsDevExam2/install/turtlesim_plus/bin'
[1.787s] Level 1:colcon.colcon_core.environment:checking '/home/nakarin/RoboticsDevExam2/install/turtlesim_plus/lib/pkgconfig/turtlesim_plus.pc'
[1.787s] Level 1:colcon.colcon_core.environment:checking '/home/nakarin/RoboticsDevExam2/install/turtlesim_plus/lib/python3.10/site-packages'
[1.787s] Level 1:colcon.colcon_core.environment:checking '/home/nakarin/RoboticsDevExam2/install/turtlesim_plus/bin'
[1.787s] INFO:colcon.colcon_core.shell:Creating package script '/home/nakarin/RoboticsDevExam2/install/turtlesim_plus/share/turtlesim_plus/package.ps1'
[1.788s] INFO:colcon.colcon_core.shell:Creating package descriptor '/home/nakarin/RoboticsDevExam2/install/turtlesim_plus/share/turtlesim_plus/package.dsv'
[1.788s] INFO:colcon.colcon_core.shell:Creating package script '/home/nakarin/RoboticsDevExam2/install/turtlesim_plus/share/turtlesim_plus/package.sh'
[1.789s] INFO:colcon.colcon_core.shell:Creating package script '/home/nakarin/RoboticsDevExam2/install/turtlesim_plus/share/turtlesim_plus/package.bash'
[1.789s] INFO:colcon.colcon_core.shell:Creating package script '/home/nakarin/RoboticsDevExam2/install/turtlesim_plus/share/turtlesim_plus/package.zsh'
[1.789s] Level 1:colcon.colcon_core.environment:create_file_with_runtime_dependencies(/home/nakarin/RoboticsDevExam2/install/turtlesim_plus/share/colcon-core/packages/turtlesim_plus)
[2.353s] DEBUG:colcon.colcon_core.event_handler.log_command:Invoked command in '/home/nakarin/RoboticsDevExam2/build/sun_interfaces' returned '0': CMAKE_PREFIX_PATH=${CMAKE_PREFIX_PATH}:/home/nakarin/RoboticsDev/install/launch_testing_examples:/home/nakarin/RoboticsDev/install/examples_rclpy_pointcloud_publisher:/home/nakarin/RoboticsDev/install/examples_rclpy_minimal_subscriber:/home/nakarin/RoboticsDev/install/examples_rclpy_minimal_service:/home/nakarin/RoboticsDev/install/examples_rclpy_minimal_publisher:/home/nakarin/RoboticsDev/install/examples_rclpy_minimal_client:/home/nakarin/RoboticsDev/install/examples_rclpy_minimal_action_server:/home/nakarin/RoboticsDev/install/examples_rclpy_minimal_action_client:/home/nakarin/RoboticsDev/install/examples_rclpy_guard_conditions:/home/nakarin/RoboticsDev/install/examples_rclpy_executors:/opt/ros/humble /usr/bin/cmake --build /home/nakarin/RoboticsDevExam2/build/sun_interfaces -- -j8 -l8
[2.590s] DEBUG:colcon.colcon_core.event_handler.log_command:Invoking command in '/home/nakarin/RoboticsDevExam2/build/sun_interfaces': CMAKE_PREFIX_PATH=${CMAKE_PREFIX_PATH}:/home/nakarin/RoboticsDev/install/launch_testing_examples:/home/nakarin/RoboticsDev/install/examples_rclpy_pointcloud_publisher:/home/nakarin/RoboticsDev/install/examples_rclpy_minimal_subscriber:/home/nakarin/RoboticsDev/install/examples_rclpy_minimal_service:/home/nakarin/RoboticsDev/install/examples_rclpy_minimal_publisher:/home/nakarin/RoboticsDev/install/examples_rclpy_minimal_client:/home/nakarin/RoboticsDev/install/examples_rclpy_minimal_action_server:/home/nakarin/RoboticsDev/install/examples_rclpy_minimal_action_client:/home/nakarin/RoboticsDev/install/examples_rclpy_guard_conditions:/home/nakarin/RoboticsDev/install/examples_rclpy_executors:/opt/ros/humble /usr/bin/cmake --install /home/nakarin/RoboticsDevExam2/build/sun_interfaces
[2.742s] Level 1:colcon.colcon_core.environment:create_environment_scripts_only(sun_interfaces)
[2.742s] Level 1:colcon.colcon_core.environment:checking '/home/nakarin/RoboticsDevExam2/install/sun_interfaces' for CMake module files
[2.743s] Level 1:colcon.colcon_core.environment:checking '/home/nakarin/RoboticsDevExam2/install/sun_interfaces' for CMake config files
[2.744s] Level 1:colcon.colcon_core.shell:create_environment_hook('sun_interfaces', 'cmake_prefix_path')
[2.744s] INFO:colcon.colcon_core.shell:Creating environment hook '/home/nakarin/RoboticsDevExam2/install/sun_interfaces/share/sun_interfaces/hook/cmake_prefix_path.ps1'
[2.745s] INFO:colcon.colcon_core.shell:Creating environment descriptor '/home/nakarin/RoboticsDevExam2/install/sun_interfaces/share/sun_interfaces/hook/cmake_prefix_path.dsv'
[2.747s] DEBUG:colcon.colcon_core.event_handler.log_command:Invoked command in '/home/nakarin/RoboticsDevExam2/build/sun_interfaces' returned '0': CMAKE_PREFIX_PATH=${CMAKE_PREFIX_PATH}:/home/nakarin/RoboticsDev/install/launch_testing_examples:/home/nakarin/RoboticsDev/install/examples_rclpy_pointcloud_publisher:/home/nakarin/RoboticsDev/install/examples_rclpy_minimal_subscriber:/home/nakarin/RoboticsDev/install/examples_rclpy_minimal_service:/home/nakarin/RoboticsDev/install/examples_rclpy_minimal_publisher:/home/nakarin/RoboticsDev/install/examples_rclpy_minimal_client:/home/nakarin/RoboticsDev/install/examples_rclpy_minimal_action_server:/home/nakarin/RoboticsDev/install/examples_rclpy_minimal_action_client:/home/nakarin/RoboticsDev/install/examples_rclpy_guard_conditions:/home/nakarin/RoboticsDev/install/examples_rclpy_executors:/opt/ros/humble /usr/bin/cmake --install /home/nakarin/RoboticsDevExam2/build/sun_interfaces
[2.748s] INFO:colcon.colcon_core.shell:Creating environment hook '/home/nakarin/RoboticsDevExam2/install/sun_interfaces/share/sun_interfaces/hook/cmake_prefix_path.sh'
[2.751s] Level 1:colcon.colcon_core.environment:checking '/home/nakarin/RoboticsDevExam2/install/sun_interfaces/lib'
[2.751s] Level 1:colcon.colcon_core.shell:create_environment_hook('sun_interfaces', 'ld_library_path_lib')
[2.752s] INFO:colcon.colcon_core.shell:Creating environment hook '/home/nakarin/RoboticsDevExam2/install/sun_interfaces/share/sun_interfaces/hook/ld_library_path_lib.ps1'
[2.752s] INFO:colcon.colcon_core.shell:Creating environment descriptor '/home/nakarin/RoboticsDevExam2/install/sun_interfaces/share/sun_interfaces/hook/ld_library_path_lib.dsv'
[2.754s] INFO:colcon.colcon_core.shell:Creating environment hook '/home/nakarin/RoboticsDevExam2/install/sun_interfaces/share/sun_interfaces/hook/ld_library_path_lib.sh'
[2.757s] Level 1:colcon.colcon_core.environment:checking '/home/nakarin/RoboticsDevExam2/install/sun_interfaces/bin'
[2.757s] Level 1:colcon.colcon_core.environment:checking '/home/nakarin/RoboticsDevExam2/install/sun_interfaces/lib/pkgconfig/sun_interfaces.pc'
[2.758s] Level 1:colcon.colcon_core.environment:checking '/home/nakarin/RoboticsDevExam2/install/sun_interfaces/lib/python3.10/site-packages'
[2.758s] Level 1:colcon.colcon_core.environment:checking '/home/nakarin/RoboticsDevExam2/install/sun_interfaces/bin'
[2.759s] INFO:colcon.colcon_core.shell:Creating package script '/home/nakarin/RoboticsDevExam2/install/sun_interfaces/share/sun_interfaces/package.ps1'
[2.763s] INFO:colcon.colcon_core.shell:Creating package descriptor '/home/nakarin/RoboticsDevExam2/install/sun_interfaces/share/sun_interfaces/package.dsv'
[2.764s] INFO:colcon.colcon_core.shell:Creating package script '/home/nakarin/RoboticsDevExam2/install/sun_interfaces/share/sun_interfaces/package.sh'
[2.765s] INFO:colcon.colcon_core.shell:Creating package script '/home/nakarin/RoboticsDevExam2/install/sun_interfaces/share/sun_interfaces/package.bash'
[2.765s] INFO:colcon.colcon_core.shell:Creating package script '/home/nakarin/RoboticsDevExam2/install/sun_interfaces/share/sun_interfaces/package.zsh'
[2.766s] Level 1:colcon.colcon_core.environment:create_file_with_runtime_dependencies(/home/nakarin/RoboticsDevExam2/install/sun_interfaces/share/colcon-core/packages/sun_interfaces)
[2.945s] Level 1:colcon.colcon_core.environment:create_environment_scripts_only(sun_interfaces)
[2.945s] Level 1:colcon.colcon_core.environment:checking '/home/nakarin/RoboticsDevExam2/install/sun_interfaces' for CMake module files
[2.951s] Level 1:colcon.colcon_core.environment:checking '/home/nakarin/RoboticsDevExam2/install/sun_interfaces' for CMake config files
[2.951s] Level 1:colcon.colcon_core.shell:create_environment_hook('sun_interfaces', 'cmake_prefix_path')
[2.952s] INFO:colcon.colcon_core.shell:Creating environment hook '/home/nakarin/RoboticsDevExam2/install/sun_interfaces/share/sun_interfaces/hook/cmake_prefix_path.ps1'
[2.953s] INFO:colcon.colcon_core.shell:Creating environment descriptor '/home/nakarin/RoboticsDevExam2/install/sun_interfaces/share/sun_interfaces/hook/cmake_prefix_path.dsv'
[2.953s] INFO:colcon.colcon_core.shell:Creating environment hook '/home/nakarin/RoboticsDevExam2/install/sun_interfaces/share/sun_interfaces/hook/cmake_prefix_path.sh'
[2.954s] Level 1:colcon.colcon_core.environment:checking '/home/nakarin/RoboticsDevExam2/install/sun_interfaces/lib'
[2.954s] Level 1:colcon.colcon_core.shell:create_environment_hook('sun_interfaces', 'ld_library_path_lib')
[2.958s] INFO:colcon.colcon_core.shell:Creating environment hook '/home/nakarin/RoboticsDevExam2/install/sun_interfaces/share/sun_interfaces/hook/ld_library_path_lib.ps1'
[2.959s] INFO:colcon.colcon_core.shell:Creating environment descriptor '/home/nakarin/RoboticsDevExam2/install/sun_interfaces/share/sun_interfaces/hook/ld_library_path_lib.dsv'
[2.959s] INFO:colcon.colcon_core.shell:Creating environment hook '/home/nakarin/RoboticsDevExam2/install/sun_interfaces/share/sun_interfaces/hook/ld_library_path_lib.sh'
[2.960s] Level 1:colcon.colcon_core.environment:checking '/home/nakarin/RoboticsDevExam2/install/sun_interfaces/bin'
[2.960s] Level 1:colcon.colcon_core.environment:checking '/home/nakarin/RoboticsDevExam2/install/sun_interfaces/lib/pkgconfig/sun_interfaces.pc'
[2.961s] Level 1:colcon.colcon_core.environment:checking '/home/nakarin/RoboticsDevExam2/install/sun_interfaces/lib/python3.10/site-packages'
[2.964s] Level 1:colcon.colcon_core.environment:checking '/home/nakarin/RoboticsDevExam2/install/sun_interfaces/bin'
[2.965s] INFO:colcon.colcon_core.shell:Creating package script '/home/nakarin/RoboticsDevExam2/install/sun_interfaces/share/sun_interfaces/package.ps1'
[2.966s] INFO:colcon.colcon_core.shell:Creating package descriptor '/home/nakarin/RoboticsDevExam2/install/sun_interfaces/share/sun_interfaces/package.dsv'
[2.967s] INFO:colcon.colcon_core.shell:Creating package script '/home/nakarin/RoboticsDevExam2/install/sun_interfaces/share/sun_interfaces/package.sh'
[2.968s] INFO:colcon.colcon_core.shell:Creating package script '/home/nakarin/RoboticsDevExam2/install/sun_interfaces/share/sun_interfaces/package.bash'
[2.973s] INFO:colcon.colcon_core.shell:Creating package script '/home/nakarin/RoboticsDevExam2/install/sun_interfaces/share/sun_interfaces/package.zsh'
[2.973s] Level 1:colcon.colcon_core.environment:create_file_with_runtime_dependencies(/home/nakarin/RoboticsDevExam2/install/sun_interfaces/share/colcon-core/packages/sun_interfaces)
[4.282s] DEBUG:colcon.colcon_core.event_handler.log_command:Invoked command in '/home/nakarin/RoboticsDevExam2/build/turtlesim_plus_interfaces' returned '0': CMAKE_PREFIX_PATH=${CMAKE_PREFIX_PATH}:/home/nakarin/RoboticsDev/install/launch_testing_examples:/home/nakarin/RoboticsDev/install/examples_rclpy_pointcloud_publisher:/home/nakarin/RoboticsDev/install/examples_rclpy_minimal_subscriber:/home/nakarin/RoboticsDev/install/examples_rclpy_minimal_service:/home/nakarin/RoboticsDev/install/examples_rclpy_minimal_publisher:/home/nakarin/RoboticsDev/install/examples_rclpy_minimal_client:/home/nakarin/RoboticsDev/install/examples_rclpy_minimal_action_server:/home/nakarin/RoboticsDev/install/examples_rclpy_minimal_action_client:/home/nakarin/RoboticsDev/install/examples_rclpy_guard_conditions:/home/nakarin/RoboticsDev/install/examples_rclpy_executors:/opt/ros/humble /usr/bin/cmake --build /home/nakarin/RoboticsDevExam2/build/turtlesim_plus_interfaces -- -j8 -l8
[4.382s] DEBUG:colcon.colcon_core.event_handler.log_command:Invoking command in '/home/nakarin/RoboticsDevExam2/build/turtlesim_plus_interfaces': CMAKE_PREFIX_PATH=${CMAKE_PREFIX_PATH}:/home/nakarin/RoboticsDev/install/launch_testing_examples:/home/nakarin/RoboticsDev/install/examples_rclpy_pointcloud_publisher:/home/nakarin/RoboticsDev/install/examples_rclpy_minimal_subscriber:/home/nakarin/RoboticsDev/install/examples_rclpy_minimal_service:/home/nakarin/RoboticsDev/install/examples_rclpy_minimal_publisher:/home/nakarin/RoboticsDev/install/examples_rclpy_minimal_client:/home/nakarin/RoboticsDev/install/examples_rclpy_minimal_action_server:/home/nakarin/RoboticsDev/install/examples_rclpy_minimal_action_client:/home/nakarin/RoboticsDev/install/examples_rclpy_guard_conditions:/home/nakarin/RoboticsDev/install/examples_rclpy_executors:/opt/ros/humble /usr/bin/cmake --install /home/nakarin/RoboticsDevExam2/build/turtlesim_plus_interfaces
[4.443s] Level 1:colcon.colcon_core.environment:create_environment_scripts_only(turtlesim_plus_interfaces)
[4.443s] Level 1:colcon.colcon_core.environment:checking '/home/nakarin/RoboticsDevExam2/install/turtlesim_plus_interfaces' for CMake module files
[4.444s] DEBUG:colcon.colcon_core.event_handler.log_command:Invoked command in '/home/nakarin/RoboticsDevExam2/build/turtlesim_plus_interfaces' returned '0': CMAKE_PREFIX_PATH=${CMAKE_PREFIX_PATH}:/home/nakarin/RoboticsDev/install/launch_testing_examples:/home/nakarin/RoboticsDev/install/examples_rclpy_pointcloud_publisher:/home/nakarin/RoboticsDev/install/examples_rclpy_minimal_subscriber:/home/nakarin/RoboticsDev/install/examples_rclpy_minimal_service:/home/nakarin/RoboticsDev/install/examples_rclpy_minimal_publisher:/home/nakarin/RoboticsDev/install/examples_rclpy_minimal_client:/home/nakarin/RoboticsDev/install/examples_rclpy_minimal_action_server:/home/nakarin/RoboticsDev/install/examples_rclpy_minimal_action_client:/home/nakarin/RoboticsDev/install/examples_rclpy_guard_conditions:/home/nakarin/RoboticsDev/install/examples_rclpy_executors:/opt/ros/humble /usr/bin/cmake --install /home/nakarin/RoboticsDevExam2/build/turtlesim_plus_interfaces
[4.444s] Level 1:colcon.colcon_core.environment:checking '/home/nakarin/RoboticsDevExam2/install/turtlesim_plus_interfaces' for CMake config files
[4.444s] Level 1:colcon.colcon_core.shell:create_environment_hook('turtlesim_plus_interfaces', 'cmake_prefix_path')
[4.445s] INFO:colcon.colcon_core.shell:Creating environment hook '/home/nakarin/RoboticsDevExam2/install/turtlesim_plus_interfaces/share/turtlesim_plus_interfaces/hook/cmake_prefix_path.ps1'
[4.445s] INFO:colcon.colcon_core.shell:Creating environment descriptor '/home/nakarin/RoboticsDevExam2/install/turtlesim_plus_interfaces/share/turtlesim_plus_interfaces/hook/cmake_prefix_path.dsv'
[4.445s] INFO:colcon.colcon_core.shell:Creating environment hook '/home/nakarin/RoboticsDevExam2/install/turtlesim_plus_interfaces/share/turtlesim_plus_interfaces/hook/cmake_prefix_path.sh'
[4.446s] Level 1:colcon.colcon_core.environment:checking '/home/nakarin/RoboticsDevExam2/install/turtlesim_plus_interfaces/lib'
[4.446s] Level 1:colcon.colcon_core.shell:create_environment_hook('turtlesim_plus_interfaces', 'ld_library_path_lib')
[4.446s] INFO:colcon.colcon_core.shell:Creating environment hook '/home/nakarin/RoboticsDevExam2/install/turtlesim_plus_interfaces/share/turtlesim_plus_interfaces/hook/ld_library_path_lib.ps1'
[4.446s] INFO:colcon.colcon_core.shell:Creating environment descriptor '/home/nakarin/RoboticsDevExam2/install/turtlesim_plus_interfaces/share/turtlesim_plus_interfaces/hook/ld_library_path_lib.dsv'
[4.446s] INFO:colcon.colcon_core.shell:Creating environment hook '/home/nakarin/RoboticsDevExam2/install/turtlesim_plus_interfaces/share/turtlesim_plus_interfaces/hook/ld_library_path_lib.sh'
[4.447s] Level 1:colcon.colcon_core.environment:checking '/home/nakarin/RoboticsDevExam2/install/turtlesim_plus_interfaces/bin'
[4.447s] Level 1:colcon.colcon_core.environment:checking '/home/nakarin/RoboticsDevExam2/install/turtlesim_plus_interfaces/lib/pkgconfig/turtlesim_plus_interfaces.pc'
[4.447s] Level 1:colcon.colcon_core.environment:checking '/home/nakarin/RoboticsDevExam2/install/turtlesim_plus_interfaces/lib/python3.10/site-packages'
[4.447s] Level 1:colcon.colcon_core.environment:checking '/home/nakarin/RoboticsDevExam2/install/turtlesim_plus_interfaces/bin'
[4.447s] INFO:colcon.colcon_core.shell:Creating package script '/home/nakarin/RoboticsDevExam2/install/turtlesim_plus_interfaces/share/turtlesim_plus_interfaces/package.ps1'
[4.448s] INFO:colcon.colcon_core.shell:Creating package descriptor '/home/nakarin/RoboticsDevExam2/install/turtlesim_plus_interfaces/share/turtlesim_plus_interfaces/package.dsv'
[4.448s] INFO:colcon.colcon_core.shell:Creating package script '/home/nakarin/RoboticsDevExam2/install/turtlesim_plus_interfaces/share/turtlesim_plus_interfaces/package.sh'
[4.449s] INFO:colcon.colcon_core.shell:Creating package script '/home/nakarin/RoboticsDevExam2/install/turtlesim_plus_interfaces/share/turtlesim_plus_interfaces/package.bash'
[4.449s] INFO:colcon.colcon_core.shell:Creating package script '/home/nakarin/RoboticsDevExam2/install/turtlesim_plus_interfaces/share/turtlesim_plus_interfaces/package.zsh'
[4.449s] Level 1:colcon.colcon_core.environment:create_file_with_runtime_dependencies(/home/nakarin/RoboticsDevExam2/install/turtlesim_plus_interfaces/share/colcon-core/packages/turtlesim_plus_interfaces)
[4.551s] Level 1:colcon.colcon_core.environment:create_environment_scripts_only(turtlesim_plus_interfaces)
[4.551s] Level 1:colcon.colcon_core.environment:checking '/home/nakarin/RoboticsDevExam2/install/turtlesim_plus_interfaces' for CMake module files
[4.551s] Level 1:colcon.colcon_core.environment:checking '/home/nakarin/RoboticsDevExam2/install/turtlesim_plus_interfaces' for CMake config files
[4.552s] Level 1:colcon.colcon_core.shell:create_environment_hook('turtlesim_plus_interfaces', 'cmake_prefix_path')
[4.552s] INFO:colcon.colcon_core.shell:Creating environment hook '/home/nakarin/RoboticsDevExam2/install/turtlesim_plus_interfaces/share/turtlesim_plus_interfaces/hook/cmake_prefix_path.ps1'
[4.552s] INFO:colcon.colcon_core.shell:Creating environment descriptor '/home/nakarin/RoboticsDevExam2/install/turtlesim_plus_interfaces/share/turtlesim_plus_interfaces/hook/cmake_prefix_path.dsv'
[4.553s] INFO:colcon.colcon_core.shell:Creating environment hook '/home/nakarin/RoboticsDevExam2/install/turtlesim_plus_interfaces/share/turtlesim_plus_interfaces/hook/cmake_prefix_path.sh'
[4.553s] Level 1:colcon.colcon_core.environment:checking '/home/nakarin/RoboticsDevExam2/install/turtlesim_plus_interfaces/lib'
[4.553s] Level 1:colcon.colcon_core.shell:create_environment_hook('turtlesim_plus_interfaces', 'ld_library_path_lib')
[4.553s] INFO:colcon.colcon_core.shell:Creating environment hook '/home/nakarin/RoboticsDevExam2/install/turtlesim_plus_interfaces/share/turtlesim_plus_interfaces/hook/ld_library_path_lib.ps1'
[4.554s] INFO:colcon.colcon_core.shell:Creating environment descriptor '/home/nakarin/RoboticsDevExam2/install/turtlesim_plus_interfaces/share/turtlesim_plus_interfaces/hook/ld_library_path_lib.dsv'
[4.554s] INFO:colcon.colcon_core.shell:Creating environment hook '/home/nakarin/RoboticsDevExam2/install/turtlesim_plus_interfaces/share/turtlesim_plus_interfaces/hook/ld_library_path_lib.sh'
[4.554s] Level 1:colcon.colcon_core.environment:checking '/home/nakarin/RoboticsDevExam2/install/turtlesim_plus_interfaces/bin'
[4.554s] Level 1:colcon.colcon_core.environment:checking '/home/nakarin/RoboticsDevExam2/install/turtlesim_plus_interfaces/lib/pkgconfig/turtlesim_plus_interfaces.pc'
[4.554s] Level 1:colcon.colcon_core.environment:checking '/home/nakarin/RoboticsDevExam2/install/turtlesim_plus_interfaces/lib/python3.10/site-packages'
[4.555s] Level 1:colcon.colcon_core.environment:checking '/home/nakarin/RoboticsDevExam2/install/turtlesim_plus_interfaces/bin'
[4.555s] INFO:colcon.colcon_core.shell:Creating package script '/home/nakarin/RoboticsDevExam2/install/turtlesim_plus_interfaces/share/turtlesim_plus_interfaces/package.ps1'
[4.555s] INFO:colcon.colcon_core.shell:Creating package descriptor '/home/nakarin/RoboticsDevExam2/install/turtlesim_plus_interfaces/share/turtlesim_plus_interfaces/package.dsv'
[4.556s] INFO:colcon.colcon_core.shell:Creating package script '/home/nakarin/RoboticsDevExam2/install/turtlesim_plus_interfaces/share/turtlesim_plus_interfaces/package.sh'
[4.556s] INFO:colcon.colcon_core.shell:Creating package script '/home/nakarin/RoboticsDevExam2/install/turtlesim_plus_interfaces/share/turtlesim_plus_interfaces/package.bash'
[4.557s] INFO:colcon.colcon_core.shell:Creating package script '/home/nakarin/RoboticsDevExam2/install/turtlesim_plus_interfaces/share/turtlesim_plus_interfaces/package.zsh'
[4.557s] Level 1:colcon.colcon_core.environment:create_file_with_runtime_dependencies(/home/nakarin/RoboticsDevExam2/install/turtlesim_plus_interfaces/share/colcon-core/packages/turtlesim_plus_interfaces)
[4.557s] DEBUG:colcon.colcon_parallel_executor.executor.parallel:closing loop
[4.557s] DEBUG:colcon.colcon_parallel_executor.executor.parallel:loop closed
[4.557s] DEBUG:colcon.colcon_parallel_executor.executor.parallel:run_until_complete finished with '0'
[4.557s] DEBUG:colcon.colcon_core.event_reactor:joining thread
[4.563s] INFO:colcon.colcon_core.plugin_system:Skipping extension 'colcon_notification.desktop_notification.terminal_notifier': Not used on non-Darwin systems
[4.563s] INFO:colcon.colcon_core.plugin_system:Skipping extension 'colcon_notification.desktop_notification.win32': Not used on non-Windows systems
[4.563s] INFO:colcon.colcon_notification.desktop_notification:Sending desktop notification using 'notify2'
[4.574s] DEBUG:colcon.colcon_core.event_reactor:joined thread
[4.574s] INFO:colcon.colcon_core.shell:Creating prefix script '/home/nakarin/RoboticsDevExam2/install/local_setup.ps1'
[4.575s] INFO:colcon.colcon_core.shell:Creating prefix util module '/home/nakarin/RoboticsDevExam2/install/_local_setup_util_ps1.py'
[4.576s] INFO:colcon.colcon_core.shell:Creating prefix chain script '/home/nakarin/RoboticsDevExam2/install/setup.ps1'
[4.579s] INFO:colcon.colcon_core.shell:Creating prefix script '/home/nakarin/RoboticsDevExam2/install/local_setup.sh'
[4.579s] INFO:colcon.colcon_core.shell:Creating prefix util module '/home/nakarin/RoboticsDevExam2/install/_local_setup_util_sh.py'
[4.580s] INFO:colcon.colcon_core.shell:Creating prefix chain script '/home/nakarin/RoboticsDevExam2/install/setup.sh'
[4.583s] INFO:colcon.colcon_core.shell:Creating prefix script '/home/nakarin/RoboticsDevExam2/install/local_setup.bash'
[4.583s] INFO:colcon.colcon_core.shell:Creating prefix chain script '/home/nakarin/RoboticsDevExam2/install/setup.bash'
[4.585s] INFO:colcon.colcon_core.shell:Creating prefix script '/home/nakarin/RoboticsDevExam2/install/local_setup.zsh'
[4.586s] INFO:colcon.colcon_core.shell:Creating prefix chain script '/home/nakarin/RoboticsDevExam2/install/setup.zsh'
