[0.118s] DEBUG:colcon:Command line arguments: ['/usr/bin/colcon', 'build']
[0.118s] DEBUG:colcon:Parsed command line arguments: Namespace(log_base=None, log_level=None, verb_name='build', build_base='build', install_base='install', merge_install=False, symlink_install=False, test_result_base=None, continue_on_error=False, executor='parallel', parallel_workers=8, event_handlers=None, ignore_user_meta=False, metas=['./colcon.meta'], base_paths=['.'], packages_ignore=None, packages_ignore_regex=None, paths=None, packages_up_to=None, packages_up_to_regex=None, packages_above=None, packages_above_and_dependencies=None, packages_above_depth=None, packages_select_by_dep=None, packages_skip_by_dep=None, packages_skip_up_to=None, packages_select_build_failed=False, packages_skip_build_finished=False, packages_select_test_failures=False, packages_skip_test_passed=False, packages_select=None, packages_skip=None, packages_select_regex=None, packages_skip_regex=None, packages_start=None, packages_end=None, allow_overriding=[], cmake_args=None, cmake_target=None, cmake_target_skip_unavailable=False, cmake_clean_cache=False, cmake_clean_first=False, cmake_force_configure=False, ament_cmake_args=None, catkin_cmake_args=None, catkin_skip_building_tests=False, mixin_files=None, mixin=None, verb_parser=<colcon_mixin.mixin.mixin_argument.MixinArgumentDecorator object at 0x71692d554a90>, verb_extension=<colcon_core.verb.build.BuildVerb object at 0x71692d5545b0>, main=<bound method BuildVerb.main of <colcon_core.verb.build.BuildVerb object at 0x71692d5545b0>>, mixin_verb=('build',))
[0.292s] Level 1:colcon.colcon_core.package_discovery:discover_packages(colcon_meta) check parameters
[0.292s] Level 1:colcon.colcon_core.package_discovery:discover_packages(recursive) check parameters
[0.292s] Level 1:colcon.colcon_core.package_discovery:discover_packages(ignore) check parameters
[0.292s] Level 1:colcon.colcon_core.package_discovery:discover_packages(path) check parameters
[0.292s] Level 1:colcon.colcon_core.package_discovery:discover_packages(colcon_meta) discover
[0.292s] Level 1:colcon.colcon_core.package_discovery:discover_packages(recursive) discover
[0.292s] INFO:colcon.colcon_core.package_discovery:Crawling recursively for packages in '/home/nakarin/RoboticsDevExam2'
[0.292s] Level 1:colcon.colcon_core.package_identification:_identify(.) by extensions ['ignore', 'ignore_ament_install']
[0.292s] Level 1:colcon.colcon_core.package_identification:_identify(.) by extension 'ignore'
[0.292s] Level 1:colcon.colcon_core.package_identification:_identify(.) by extension 'ignore_ament_install'
[0.292s] Level 1:colcon.colcon_core.package_identification:_identify(.) by extensions ['colcon_pkg']
[0.292s] Level 1:colcon.colcon_core.package_identification:_identify(.) by extension 'colcon_pkg'
[0.292s] Level 1:colcon.colcon_core.package_identification:_identify(.) by extensions ['colcon_meta']
[0.292s] Level 1:colcon.colcon_core.package_identification:_identify(.) by extension 'colcon_meta'
[0.292s] Level 1:colcon.colcon_core.package_identification:_identify(.) by extensions ['ros']
[0.292s] Level 1:colcon.colcon_core.package_identification:_identify(.) by extension 'ros'
[0.303s] Level 1:colcon.colcon_core.package_identification:_identify(.) by extensions ['cmake', 'python']
[0.303s] Level 1:colcon.colcon_core.package_identification:_identify(.) by extension 'cmake'
[0.303s] Level 1:colcon.colcon_core.package_identification:_identify(.) by extension 'python'
[0.303s] Level 1:colcon.colcon_core.package_identification:_identify(.) by extensions ['python_setup_py']
[0.303s] Level 1:colcon.colcon_core.package_identification:_identify(.) by extension 'python_setup_py'
[0.303s] Level 1:colcon.colcon_core.package_identification:_identify(build) by extensions ['ignore', 'ignore_ament_install']
[0.303s] Level 1:colcon.colcon_core.package_identification:_identify(build) by extension 'ignore'
[0.303s] Level 1:colcon.colcon_core.package_identification:_identify(build) ignored
[0.304s] Level 1:colcon.colcon_core.package_identification:_identify(install) by extensions ['ignore', 'ignore_ament_install']
[0.304s] Level 1:colcon.colcon_core.package_identification:_identify(install) by extension 'ignore'
[0.304s] Level 1:colcon.colcon_core.package_identification:_identify(install) ignored
[0.304s] Level 1:colcon.colcon_core.package_identification:_identify(log) by extensions ['ignore', 'ignore_ament_install']
[0.304s] Level 1:colcon.colcon_core.package_identification:_identify(log) by extension 'ignore'
[0.304s] Level 1:colcon.colcon_core.package_identification:_identify(log) ignored
[0.304s] Level 1:colcon.colcon_core.package_identification:_identify(src) by extensions ['ignore', 'ignore_ament_install']
[0.304s] Level 1:colcon.colcon_core.package_identification:_identify(src) by extension 'ignore'
[0.304s] Level 1:colcon.colcon_core.package_identification:_identify(src) by extension 'ignore_ament_install'
[0.304s] Level 1:colcon.colcon_core.package_identification:_identify(src) by extensions ['colcon_pkg']
[0.304s] Level 1:colcon.colcon_core.package_identification:_identify(src) by extension 'colcon_pkg'
[0.304s] Level 1:colcon.colcon_core.package_identification:_identify(src) by extensions ['colcon_meta']
[0.304s] Level 1:colcon.colcon_core.package_identification:_identify(src) by extension 'colcon_meta'
[0.304s] Level 1:colcon.colcon_core.package_identification:_identify(src) by extensions ['ros']
[0.304s] Level 1:colcon.colcon_core.package_identification:_identify(src) by extension 'ros'
[0.305s] Level 1:colcon.colcon_core.package_identification:_identify(src) by extensions ['cmake', 'python']
[0.305s] Level 1:colcon.colcon_core.package_identification:_identify(src) by extension 'cmake'
[0.305s] Level 1:colcon.colcon_core.package_identification:_identify(src) by extension 'python'
[0.305s] Level 1:colcon.colcon_core.package_identification:_identify(src) by extensions ['python_setup_py']
[0.305s] Level 1:colcon.colcon_core.package_identification:_identify(src) by extension 'python_setup_py'
[0.305s] Level 1:colcon.colcon_core.package_identification:_identify(src/pizza_pose) by extensions ['ignore', 'ignore_ament_install']
[0.305s] Level 1:colcon.colcon_core.package_identification:_identify(src/pizza_pose) by extension 'ignore'
[0.305s] Level 1:colcon.colcon_core.package_identification:_identify(src/pizza_pose) by extension 'ignore_ament_install'
[0.305s] Level 1:colcon.colcon_core.package_identification:_identify(src/pizza_pose) by extensions ['colcon_pkg']
[0.305s] Level 1:colcon.colcon_core.package_identification:_identify(src/pizza_pose) by extension 'colcon_pkg'
[0.305s] Level 1:colcon.colcon_core.package_identification:_identify(src/pizza_pose) by extensions ['colcon_meta']
[0.305s] Level 1:colcon.colcon_core.package_identification:_identify(src/pizza_pose) by extension 'colcon_meta'
[0.305s] Level 1:colcon.colcon_core.package_identification:_identify(src/pizza_pose) by extensions ['ros']
[0.305s] Level 1:colcon.colcon_core.package_identification:_identify(src/pizza_pose) by extension 'ros'
[0.305s] Level 1:colcon.colcon_core.package_identification:_identify(src/pizza_pose) by extensions ['cmake', 'python']
[0.305s] Level 1:colcon.colcon_core.package_identification:_identify(src/pizza_pose) by extension 'cmake'
[0.305s] Level 1:colcon.colcon_core.package_identification:_identify(src/pizza_pose) by extension 'python'
[0.305s] Level 1:colcon.colcon_core.package_identification:_identify(src/pizza_pose) by extensions ['python_setup_py']
[0.305s] Level 1:colcon.colcon_core.package_identification:_identify(src/pizza_pose) by extension 'python_setup_py'
[0.305s] Level 1:colcon.colcon_core.package_identification:_identify(src/saifa_pack) by extensions ['ignore', 'ignore_ament_install']
[0.305s] Level 1:colcon.colcon_core.package_identification:_identify(src/saifa_pack) by extension 'ignore'
[0.306s] Level 1:colcon.colcon_core.package_identification:_identify(src/saifa_pack) by extension 'ignore_ament_install'
[0.306s] Level 1:colcon.colcon_core.package_identification:_identify(src/saifa_pack) by extensions ['colcon_pkg']
[0.306s] Level 1:colcon.colcon_core.package_identification:_identify(src/saifa_pack) by extension 'colcon_pkg'
[0.306s] Level 1:colcon.colcon_core.package_identification:_identify(src/saifa_pack) by extensions ['colcon_meta']
[0.306s] Level 1:colcon.colcon_core.package_identification:_identify(src/saifa_pack) by extension 'colcon_meta'
[0.306s] Level 1:colcon.colcon_core.package_identification:_identify(src/saifa_pack) by extensions ['ros']
[0.306s] Level 1:colcon.colcon_core.package_identification:_identify(src/saifa_pack) by extension 'ros'
[0.308s] DEBUG:colcon.colcon_core.package_identification:Package 'src/saifa_pack' with type 'ros.ament_cmake' and name 'saifa_pack'
[0.308s] Level 1:colcon.colcon_core.package_identification:_identify(src/sun_interfaces) by extensions ['ignore', 'ignore_ament_install']
[0.308s] Level 1:colcon.colcon_core.package_identification:_identify(src/sun_interfaces) by extension 'ignore'
[0.308s] Level 1:colcon.colcon_core.package_identification:_identify(src/sun_interfaces) by extension 'ignore_ament_install'
[0.309s] Level 1:colcon.colcon_core.package_identification:_identify(src/sun_interfaces) by extensions ['colcon_pkg']
[0.309s] Level 1:colcon.colcon_core.package_identification:_identify(src/sun_interfaces) by extension 'colcon_pkg'
[0.309s] Level 1:colcon.colcon_core.package_identification:_identify(src/sun_interfaces) by extensions ['colcon_meta']
[0.309s] Level 1:colcon.colcon_core.package_identification:_identify(src/sun_interfaces) by extension 'colcon_meta'
[0.309s] Level 1:colcon.colcon_core.package_identification:_identify(src/sun_interfaces) by extensions ['ros']
[0.309s] Level 1:colcon.colcon_core.package_identification:_identify(src/sun_interfaces) by extension 'ros'
[0.309s] DEBUG:colcon.colcon_core.package_identification:Package 'src/sun_interfaces' with type 'ros.ament_cmake' and name 'sun_interfaces'
[0.309s] Level 1:colcon.colcon_core.package_identification:_identify(src/sun_pkg) by extensions ['ignore', 'ignore_ament_install']
[0.309s] Level 1:colcon.colcon_core.package_identification:_identify(src/sun_pkg) by extension 'ignore'
[0.309s] Level 1:colcon.colcon_core.package_identification:_identify(src/sun_pkg) by extension 'ignore_ament_install'
[0.310s] Level 1:colcon.colcon_core.package_identification:_identify(src/sun_pkg) by extensions ['colcon_pkg']
[0.310s] Level 1:colcon.colcon_core.package_identification:_identify(src/sun_pkg) by extension 'colcon_pkg'
[0.310s] Level 1:colcon.colcon_core.package_identification:_identify(src/sun_pkg) by extensions ['colcon_meta']
[0.310s] Level 1:colcon.colcon_core.package_identification:_identify(src/sun_pkg) by extension 'colcon_meta'
[0.310s] Level 1:colcon.colcon_core.package_identification:_identify(src/sun_pkg) by extensions ['ros']
[0.310s] Level 1:colcon.colcon_core.package_identification:_identify(src/sun_pkg) by extension 'ros'
[0.310s] DEBUG:colcon.colcon_core.package_identification:Package 'src/sun_pkg' with type 'ros.ament_cmake' and name 'sun_pkg'
[0.310s] Level 1:colcon.colcon_core.package_identification:_identify(src/turtlesim_plus) by extensions ['ignore', 'ignore_ament_install']
[0.311s] Level 1:colcon.colcon_core.package_identification:_identify(src/turtlesim_plus) by extension 'ignore'
[0.311s] Level 1:colcon.colcon_core.package_identification:_identify(src/turtlesim_plus) by extension 'ignore_ament_install'
[0.311s] Level 1:colcon.colcon_core.package_identification:_identify(src/turtlesim_plus) by extensions ['colcon_pkg']
[0.311s] Level 1:colcon.colcon_core.package_identification:_identify(src/turtlesim_plus) by extension 'colcon_pkg'
[0.311s] Level 1:colcon.colcon_core.package_identification:_identify(src/turtlesim_plus) by extensions ['colcon_meta']
[0.311s] Level 1:colcon.colcon_core.package_identification:_identify(src/turtlesim_plus) by extension 'colcon_meta'
[0.311s] Level 1:colcon.colcon_core.package_identification:_identify(src/turtlesim_plus) by extensions ['ros']
[0.311s] Level 1:colcon.colcon_core.package_identification:_identify(src/turtlesim_plus) by extension 'ros'
[0.311s] Level 1:colcon.colcon_core.package_identification:_identify(src/turtlesim_plus) by extensions ['cmake', 'python']
[0.311s] Level 1:colcon.colcon_core.package_identification:_identify(src/turtlesim_plus) by extension 'cmake'
[0.311s] Level 1:colcon.colcon_core.package_identification:_identify(src/turtlesim_plus) by extension 'python'
[0.311s] Level 1:colcon.colcon_core.package_identification:_identify(src/turtlesim_plus) by extensions ['python_setup_py']
[0.311s] Level 1:colcon.colcon_core.package_identification:_identify(src/turtlesim_plus) by extension 'python_setup_py'
[0.311s] Level 1:colcon.colcon_core.package_identification:_identify(src/turtlesim_plus/turtlesim_plus) by extensions ['ignore', 'ignore_ament_install']
[0.311s] Level 1:colcon.colcon_core.package_identification:_identify(src/turtlesim_plus/turtlesim_plus) by extension 'ignore'
[0.311s] Level 1:colcon.colcon_core.package_identification:_identify(src/turtlesim_plus/turtlesim_plus) by extension 'ignore_ament_install'
[0.311s] Level 1:colcon.colcon_core.package_identification:_identify(src/turtlesim_plus/turtlesim_plus) by extensions ['colcon_pkg']
[0.311s] Level 1:colcon.colcon_core.package_identification:_identify(src/turtlesim_plus/turtlesim_plus) by extension 'colcon_pkg'
[0.311s] Level 1:colcon.colcon_core.package_identification:_identify(src/turtlesim_plus/turtlesim_plus) by extensions ['colcon_meta']
[0.311s] Level 1:colcon.colcon_core.package_identification:_identify(src/turtlesim_plus/turtlesim_plus) by extension 'colcon_meta'
[0.311s] Level 1:colcon.colcon_core.package_identification:_identify(src/turtlesim_plus/turtlesim_plus) by extensions ['ros']
[0.312s] Level 1:colcon.colcon_core.package_identification:_identify(src/turtlesim_plus/turtlesim_plus) by extension 'ros'
[0.313s] DEBUG:colcon.colcon_core.package_identification:Package 'src/turtlesim_plus/turtlesim_plus' with type 'ros.ament_cmake' and name 'turtlesim_plus'
[0.313s] Level 1:colcon.colcon_core.package_identification:_identify(src/turtlesim_plus/turtlesim_plus_interfaces) by extensions ['ignore', 'ignore_ament_install']
[0.313s] Level 1:colcon.colcon_core.package_identification:_identify(src/turtlesim_plus/turtlesim_plus_interfaces) by extension 'ignore'
[0.313s] Level 1:colcon.colcon_core.package_identification:_identify(src/turtlesim_plus/turtlesim_plus_interfaces) by extension 'ignore_ament_install'
[0.313s] Level 1:colcon.colcon_core.package_identification:_identify(src/turtlesim_plus/turtlesim_plus_interfaces) by extensions ['colcon_pkg']
[0.313s] Level 1:colcon.colcon_core.package_identification:_identify(src/turtlesim_plus/turtlesim_plus_interfaces) by extension 'colcon_pkg'
[0.313s] Level 1:colcon.colcon_core.package_identification:_identify(src/turtlesim_plus/turtlesim_plus_interfaces) by extensions ['colcon_meta']
[0.313s] Level 1:colcon.colcon_core.package_identification:_identify(src/turtlesim_plus/turtlesim_plus_interfaces) by extension 'colcon_meta'
[0.313s] Level 1:colcon.colcon_core.package_identification:_identify(src/turtlesim_plus/turtlesim_plus_interfaces) by extensions ['ros']
[0.313s] Level 1:colcon.colcon_core.package_identification:_identify(src/turtlesim_plus/turtlesim_plus_interfaces) by extension 'ros'
[0.313s] DEBUG:colcon.colcon_core.package_identification:Package 'src/turtlesim_plus/turtlesim_plus_interfaces' with type 'ros.ament_cmake' and name 'turtlesim_plus_interfaces'
[0.314s] Level 1:colcon.colcon_core.package_discovery:discover_packages(recursive) using defaults
[0.314s] Level 1:colcon.colcon_core.package_discovery:discover_packages(ignore) discover
[0.314s] Level 1:colcon.colcon_core.package_discovery:discover_packages(ignore) using defaults
[0.314s] Level 1:colcon.colcon_core.package_discovery:discover_packages(path) discover
[0.314s] Level 1:colcon.colcon_core.package_discovery:discover_packages(path) using defaults
[0.345s] Level 1:colcon.colcon_core.package_discovery:discover_packages(prefix_path) check parameters
[0.345s] Level 1:colcon.colcon_core.package_discovery:discover_packages(prefix_path) discover
[0.348s] DEBUG:colcon.colcon_installed_package_information.package_discovery:Found 5 installed packages in /home/nakarin/RoboticsDevExam2/install
[0.350s] DEBUG:colcon.colcon_installed_package_information.package_discovery:Found 30 installed packages in /home/nakarin/RoboticsDev/install
[0.351s] DEBUG:colcon.colcon_installed_package_information.package_discovery:Found 294 installed packages in /opt/ros/humble
[0.354s] Level 1:colcon.colcon_core.package_discovery:discover_packages(prefix_path) using defaults
[0.398s] Level 5:colcon.colcon_core.verb:set package 'saifa_pack' build argument 'cmake_args' from command line to 'None'
[0.398s] Level 5:colcon.colcon_core.verb:set package 'saifa_pack' build argument 'cmake_target' from command line to 'None'
[0.398s] Level 5:colcon.colcon_core.verb:set package 'saifa_pack' build argument 'cmake_target_skip_unavailable' from command line to 'False'
[0.398s] Level 5:colcon.colcon_core.verb:set package 'saifa_pack' build argument 'cmake_clean_cache' from command line to 'False'
[0.398s] Level 5:colcon.colcon_core.verb:set package 'saifa_pack' build argument 'cmake_clean_first' from command line to 'False'
[0.398s] Level 5:colcon.colcon_core.verb:set package 'saifa_pack' build argument 'cmake_force_configure' from command line to 'False'
[0.398s] Level 5:colcon.colcon_core.verb:set package 'saifa_pack' build argument 'ament_cmake_args' from command line to 'None'
[0.398s] Level 5:colcon.colcon_core.verb:set package 'saifa_pack' build argument 'catkin_cmake_args' from command line to 'None'
[0.398s] Level 5:colcon.colcon_core.verb:set package 'saifa_pack' build argument 'catkin_skip_building_tests' from command line to 'False'
[0.398s] DEBUG:colcon.colcon_core.verb:Building package 'saifa_pack' with the following arguments: {'ament_cmake_args': None, 'build_base': '/home/nakarin/RoboticsDevExam2/build/saifa_pack', 'catkin_cmake_args': None, 'catkin_skip_building_tests': False, 'cmake_args': None, 'cmake_clean_cache': False, 'cmake_clean_first': False, 'cmake_force_configure': False, 'cmake_target': None, 'cmake_target_skip_unavailable': False, 'install_base': '/home/nakarin/RoboticsDevExam2/install/saifa_pack', 'merge_install': False, 'path': '/home/nakarin/RoboticsDevExam2/src/saifa_pack', 'symlink_install': False, 'test_result_base': None}
[0.399s] Level 5:colcon.colcon_core.verb:set package 'sun_interfaces' build argument 'cmake_args' from command line to 'None'
[0.399s] Level 5:colcon.colcon_core.verb:set package 'sun_interfaces' build argument 'cmake_target' from command line to 'None'
[0.399s] Level 5:colcon.colcon_core.verb:set package 'sun_interfaces' build argument 'cmake_target_skip_unavailable' from command line to 'False'
[0.399s] Level 5:colcon.colcon_core.verb:set package 'sun_interfaces' build argument 'cmake_clean_cache' from command line to 'False'
[0.399s] Level 5:colcon.colcon_core.verb:set package 'sun_interfaces' build argument 'cmake_clean_first' from command line to 'False'
[0.399s] Level 5:colcon.colcon_core.verb:set package 'sun_interfaces' build argument 'cmake_force_configure' from command line to 'False'
[0.399s] Level 5:colcon.colcon_core.verb:set package 'sun_interfaces' build argument 'ament_cmake_args' from command line to 'None'
[0.399s] Level 5:colcon.colcon_core.verb:set package 'sun_interfaces' build argument 'catkin_cmake_args' from command line to 'None'
[0.399s] Level 5:colcon.colcon_core.verb:set package 'sun_interfaces' build argument 'catkin_skip_building_tests' from command line to 'False'
[0.399s] DEBUG:colcon.colcon_core.verb:Building package 'sun_interfaces' with the following arguments: {'ament_cmake_args': None, 'build_base': '/home/nakarin/RoboticsDevExam2/build/sun_interfaces', 'catkin_cmake_args': None, 'catkin_skip_building_tests': False, 'cmake_args': None, 'cmake_clean_cache': False, 'cmake_clean_first': False, 'cmake_force_configure': False, 'cmake_target': None, 'cmake_target_skip_unavailable': False, 'install_base': '/home/nakarin/RoboticsDevExam2/install/sun_interfaces', 'merge_install': False, 'path': '/home/nakarin/RoboticsDevExam2/src/sun_interfaces', 'symlink_install': False, 'test_result_base': None}
[0.399s] Level 5:colcon.colcon_core.verb:set package 'sun_pkg' build argument 'cmake_args' from command line to 'None'
[0.399s] Level 5:colcon.colcon_core.verb:set package 'sun_pkg' build argument 'cmake_target' from command line to 'None'
[0.399s] Level 5:colcon.colcon_core.verb:set package 'sun_pkg' build argument 'cmake_target_skip_unavailable' from command line to 'False'
[0.399s] Level 5:colcon.colcon_core.verb:set package 'sun_pkg' build argument 'cmake_clean_cache' from command line to 'False'
[0.399s] Level 5:colcon.colcon_core.verb:set package 'sun_pkg' build argument 'cmake_clean_first' from command line to 'False'
[0.399s] Level 5:colcon.colcon_core.verb:set package 'sun_pkg' build argument 'cmake_force_configure' from command line to 'False'
[0.400s] Level 5:colcon.colcon_core.verb:set package 'sun_pkg' build argument 'ament_cmake_args' from command line to 'None'
[0.400s] Level 5:colcon.colcon_core.verb:set package 'sun_pkg' build argument 'catkin_cmake_args' from command line to 'None'
[0.400s] Level 5:colcon.colcon_core.verb:set package 'sun_pkg' build argument 'catkin_skip_building_tests' from command line to 'False'
[0.400s] DEBUG:colcon.colcon_core.verb:Building package 'sun_pkg' with the following arguments: {'ament_cmake_args': None, 'build_base': '/home/nakarin/RoboticsDevExam2/build/sun_pkg', 'catkin_cmake_args': None, 'catkin_skip_building_tests': False, 'cmake_args': None, 'cmake_clean_cache': False, 'cmake_clean_first': False, 'cmake_force_configure': False, 'cmake_target': None, 'cmake_target_skip_unavailable': False, 'install_base': '/home/nakarin/RoboticsDevExam2/install/sun_pkg', 'merge_install': False, 'path': '/home/nakarin/RoboticsDevExam2/src/sun_pkg', 'symlink_install': False, 'test_result_base': None}
[0.400s] Level 5:colcon.colcon_core.verb:set package 'turtlesim_plus' build argument 'cmake_args' from command line to 'None'
[0.400s] Level 5:colcon.colcon_core.verb:set package 'turtlesim_plus' build argument 'cmake_target' from command line to 'None'
[0.400s] Level 5:colcon.colcon_core.verb:set package 'turtlesim_plus' build argument 'cmake_target_skip_unavailable' from command line to 'False'
[0.400s] Level 5:colcon.colcon_core.verb:set package 'turtlesim_plus' build argument 'cmake_clean_cache' from command line to 'False'
[0.400s] Level 5:colcon.colcon_core.verb:set package 'turtlesim_plus' build argument 'cmake_clean_first' from command line to 'False'
[0.400s] Level 5:colcon.colcon_core.verb:set package 'turtlesim_plus' build argument 'cmake_force_configure' from command line to 'False'
[0.400s] Level 5:colcon.colcon_core.verb:set package 'turtlesim_plus' build argument 'ament_cmake_args' from command line to 'None'
[0.400s] Level 5:colcon.colcon_core.verb:set package 'turtlesim_plus' build argument 'catkin_cmake_args' from command line to 'None'
[0.400s] Level 5:colcon.colcon_core.verb:set package 'turtlesim_plus' build argument 'catkin_skip_building_tests' from command line to 'False'
[0.400s] DEBUG:colcon.colcon_core.verb:Building package 'turtlesim_plus' with the following arguments: {'ament_cmake_args': None, 'build_base': '/home/nakarin/RoboticsDevExam2/build/turtlesim_plus', 'catkin_cmake_args': None, 'catkin_skip_building_tests': False, 'cmake_args': None, 'cmake_clean_cache': False, 'cmake_clean_first': False, 'cmake_force_configure': False, 'cmake_target': None, 'cmake_target_skip_unavailable': False, 'install_base': '/home/nakarin/RoboticsDevExam2/install/turtlesim_plus', 'merge_install': False, 'path': '/home/nakarin/RoboticsDevExam2/src/turtlesim_plus/turtlesim_plus', 'symlink_install': False, 'test_result_base': None}
[0.401s] Level 5:colcon.colcon_core.verb:set package 'turtlesim_plus_interfaces' build argument 'cmake_args' from command line to 'None'
[0.401s] Level 5:colcon.colcon_core.verb:set package 'turtlesim_plus_interfaces' build argument 'cmake_target' from command line to 'None'
[0.401s] Level 5:colcon.colcon_core.verb:set package 'turtlesim_plus_interfaces' build argument 'cmake_target_skip_unavailable' from command line to 'False'
[0.401s] Level 5:colcon.colcon_core.verb:set package 'turtlesim_plus_interfaces' build argument 'cmake_clean_cache' from command line to 'False'
[0.401s] Level 5:colcon.colcon_core.verb:set package 'turtlesim_plus_interfaces' build argument 'cmake_clean_first' from command line to 'False'
[0.401s] Level 5:colcon.colcon_core.verb:set package 'turtlesim_plus_interfaces' build argument 'cmake_force_configure' from command line to 'False'
[0.401s] Level 5:colcon.colcon_core.verb:set package 'turtlesim_plus_interfaces' build argument 'ament_cmake_args' from command line to 'None'
[0.401s] Level 5:colcon.colcon_core.verb:set package 'turtlesim_plus_interfaces' build argument 'catkin_cmake_args' from command line to 'None'
[0.401s] Level 5:colcon.colcon_core.verb:set package 'turtlesim_plus_interfaces' build argument 'catkin_skip_building_tests' from command line to 'False'
[0.401s] DEBUG:colcon.colcon_core.verb:Building package 'turtlesim_plus_interfaces' with the following arguments: {'ament_cmake_args': None, 'build_base': '/home/nakarin/RoboticsDevExam2/build/turtlesim_plus_interfaces', 'catkin_cmake_args': None, 'catkin_skip_building_tests': False, 'cmake_args': None, 'cmake_clean_cache': False, 'cmake_clean_first': False, 'cmake_force_configure': False, 'cmake_target': None, 'cmake_target_skip_unavailable': False, 'install_base': '/home/nakarin/RoboticsDevExam2/install/turtlesim_plus_interfaces', 'merge_install': False, 'path': '/home/nakarin/RoboticsDevExam2/src/turtlesim_plus/turtlesim_plus_interfaces', 'symlink_install': False, 'test_result_base': None}
[0.401s] INFO:colcon.colcon_core.executor:Executing jobs using 'parallel' executor
[0.402s] DEBUG:colcon.colcon_parallel_executor.executor.parallel:run_until_complete
[0.402s] INFO:colcon.colcon_ros.task.ament_cmake.build:Building ROS package in '/home/nakarin/RoboticsDevExam2/src/saifa_pack' with build type 'ament_cmake'
[0.402s] INFO:colcon.colcon_cmake.task.cmake.build:Building CMake package in '/home/nakarin/RoboticsDevExam2/src/saifa_pack'
[0.404s] INFO:colcon.colcon_core.plugin_system:Skipping extension 'colcon_core.shell.bat': Not used on non-Windows systems
[0.405s] INFO:colcon.colcon_core.shell:Skip shell extension 'powershell' for command environment: Not usable outside of PowerShell
[0.405s] DEBUG:colcon.colcon_core.shell:Skip shell extension 'dsv' for command environment
[0.410s] INFO:colcon.colcon_ros.task.ament_cmake.build:Building ROS package in '/home/nakarin/RoboticsDevExam2/src/sun_interfaces' with build type 'ament_cmake'
[0.410s] INFO:colcon.colcon_cmake.task.cmake.build:Building CMake package in '/home/nakarin/RoboticsDevExam2/src/sun_interfaces'
[0.410s] INFO:colcon.colcon_core.shell:Skip shell extension 'powershell' for command environment: Not usable outside of PowerShell
[0.410s] DEBUG:colcon.colcon_core.shell:Skip shell extension 'dsv' for command environment
[0.415s] INFO:colcon.colcon_ros.task.ament_cmake.build:Building ROS package in '/home/nakarin/RoboticsDevExam2/src/sun_pkg' with build type 'ament_cmake'
[0.416s] INFO:colcon.colcon_cmake.task.cmake.build:Building CMake package in '/home/nakarin/RoboticsDevExam2/src/sun_pkg'
[0.416s] INFO:colcon.colcon_core.shell:Skip shell extension 'powershell' for command environment: Not usable outside of PowerShell
[0.416s] DEBUG:colcon.colcon_core.shell:Skip shell extension 'dsv' for command environment
[0.421s] INFO:colcon.colcon_ros.task.ament_cmake.build:Building ROS package in '/home/nakarin/RoboticsDevExam2/src/turtlesim_plus/turtlesim_plus' with build type 'ament_cmake'
[0.421s] INFO:colcon.colcon_cmake.task.cmake.build:Building CMake package in '/home/nakarin/RoboticsDevExam2/src/turtlesim_plus/turtlesim_plus'
[0.421s] INFO:colcon.colcon_core.shell:Skip shell extension 'powershell' for command environment: Not usable outside of PowerShell
[0.421s] DEBUG:colcon.colcon_core.shell:Skip shell extension 'dsv' for command environment
[0.426s] INFO:colcon.colcon_ros.task.ament_cmake.build:Building ROS package in '/home/nakarin/RoboticsDevExam2/src/turtlesim_plus/turtlesim_plus_interfaces' with build type 'ament_cmake'
[0.426s] INFO:colcon.colcon_cmake.task.cmake.build:Building CMake package in '/home/nakarin/RoboticsDevExam2/src/turtlesim_plus/turtlesim_plus_interfaces'
[0.426s] INFO:colcon.colcon_core.shell:Skip shell extension 'powershell' for command environment: Not usable outside of PowerShell
[0.427s] DEBUG:colcon.colcon_core.shell:Skip shell extension 'dsv' for command environment
[0.436s] DEBUG:colcon.colcon_core.event_handler.log_command:Invoking command in '/home/nakarin/RoboticsDevExam2/build/saifa_pack': CMAKE_PREFIX_PATH=${CMAKE_PREFIX_PATH}:/home/nakarin/RoboticsDev/install/launch_testing_examples:/home/nakarin/RoboticsDev/install/examples_rclpy_pointcloud_publisher:/home/nakarin/RoboticsDev/install/examples_rclpy_minimal_subscriber:/home/nakarin/RoboticsDev/install/examples_rclpy_minimal_service:/home/nakarin/RoboticsDev/install/examples_rclpy_minimal_publisher:/home/nakarin/RoboticsDev/install/examples_rclpy_minimal_client:/home/nakarin/RoboticsDev/install/examples_rclpy_minimal_action_server:/home/nakarin/RoboticsDev/install/examples_rclpy_minimal_action_client:/home/nakarin/RoboticsDev/install/examples_rclpy_guard_conditions:/home/nakarin/RoboticsDev/install/examples_rclpy_executors:/opt/ros/humble /usr/bin/cmake --build /home/nakarin/RoboticsDevExam2/build/saifa_pack -- -j8 -l8
[0.441s] DEBUG:colcon.colcon_core.event_handler.log_command:Invoking command in '/home/nakarin/RoboticsDevExam2/build/sun_interfaces': CMAKE_PREFIX_PATH=${CMAKE_PREFIX_PATH}:/home/nakarin/RoboticsDev/install/launch_testing_examples:/home/nakarin/RoboticsDev/install/examples_rclpy_pointcloud_publisher:/home/nakarin/RoboticsDev/install/examples_rclpy_minimal_subscriber:/home/nakarin/RoboticsDev/install/examples_rclpy_minimal_service:/home/nakarin/RoboticsDev/install/examples_rclpy_minimal_publisher:/home/nakarin/RoboticsDev/install/examples_rclpy_minimal_client:/home/nakarin/RoboticsDev/install/examples_rclpy_minimal_action_server:/home/nakarin/RoboticsDev/install/examples_rclpy_minimal_action_client:/home/nakarin/RoboticsDev/install/examples_rclpy_guard_conditions:/home/nakarin/RoboticsDev/install/examples_rclpy_executors:/opt/ros/humble /usr/bin/cmake --build /home/nakarin/RoboticsDevExam2/build/sun_interfaces -- -j8 -l8
[0.443s] DEBUG:colcon.colcon_core.event_handler.log_command:Invoking command in '/home/nakarin/RoboticsDevExam2/build/sun_pkg': CMAKE_PREFIX_PATH=${CMAKE_PREFIX_PATH}:/home/nakarin/RoboticsDev/install/launch_testing_examples:/home/nakarin/RoboticsDev/install/examples_rclpy_pointcloud_publisher:/home/nakarin/RoboticsDev/install/examples_rclpy_minimal_subscriber:/home/nakarin/RoboticsDev/install/examples_rclpy_minimal_service:/home/nakarin/RoboticsDev/install/examples_rclpy_minimal_publisher:/home/nakarin/RoboticsDev/install/examples_rclpy_minimal_client:/home/nakarin/RoboticsDev/install/examples_rclpy_minimal_action_server:/home/nakarin/RoboticsDev/install/examples_rclpy_minimal_action_client:/home/nakarin/RoboticsDev/install/examples_rclpy_guard_conditions:/home/nakarin/RoboticsDev/install/examples_rclpy_executors:/opt/ros/humble /usr/bin/cmake --build /home/nakarin/RoboticsDevExam2/build/sun_pkg -- -j8 -l8
[0.446s] DEBUG:colcon.colcon_core.event_handler.log_command:Invoking command in '/home/nakarin/RoboticsDevExam2/build/turtlesim_plus': CMAKE_PREFIX_PATH=${CMAKE_PREFIX_PATH}:/home/nakarin/RoboticsDev/install/launch_testing_examples:/home/nakarin/RoboticsDev/install/examples_rclpy_pointcloud_publisher:/home/nakarin/RoboticsDev/install/examples_rclpy_minimal_subscriber:/home/nakarin/RoboticsDev/install/examples_rclpy_minimal_service:/home/nakarin/RoboticsDev/install/examples_rclpy_minimal_publisher:/home/nakarin/RoboticsDev/install/examples_rclpy_minimal_client:/home/nakarin/RoboticsDev/install/examples_rclpy_minimal_action_server:/home/nakarin/RoboticsDev/install/examples_rclpy_minimal_action_client:/home/nakarin/RoboticsDev/install/examples_rclpy_guard_conditions:/home/nakarin/RoboticsDev/install/examples_rclpy_executors:/opt/ros/humble /usr/bin/cmake --build /home/nakarin/RoboticsDevExam2/build/turtlesim_plus -- -j8 -l8
[0.453s] DEBUG:colcon.colcon_core.event_handler.log_command:Invoking command in '/home/nakarin/RoboticsDevExam2/build/turtlesim_plus_interfaces': CMAKE_PREFIX_PATH=${CMAKE_PREFIX_PATH}:/home/nakarin/RoboticsDev/install/launch_testing_examples:/home/nakarin/RoboticsDev/install/examples_rclpy_pointcloud_publisher:/home/nakarin/RoboticsDev/install/examples_rclpy_minimal_subscriber:/home/nakarin/RoboticsDev/install/examples_rclpy_minimal_service:/home/nakarin/RoboticsDev/install/examples_rclpy_minimal_publisher:/home/nakarin/RoboticsDev/install/examples_rclpy_minimal_client:/home/nakarin/RoboticsDev/install/examples_rclpy_minimal_action_server:/home/nakarin/RoboticsDev/install/examples_rclpy_minimal_action_client:/home/nakarin/RoboticsDev/install/examples_rclpy_guard_conditions:/home/nakarin/RoboticsDev/install/examples_rclpy_executors:/opt/ros/humble /usr/bin/cmake --build /home/nakarin/RoboticsDevExam2/build/turtlesim_plus_interfaces -- -j8 -l8
[0.974s] DEBUG:colcon.colcon_core.event_handler.log_command:Invoked command in '/home/nakarin/RoboticsDevExam2/build/turtlesim_plus' returned '0': CMAKE_PREFIX_PATH=${CMAKE_PREFIX_PATH}:/home/nakarin/RoboticsDev/install/launch_testing_examples:/home/nakarin/RoboticsDev/install/examples_rclpy_pointcloud_publisher:/home/nakarin/RoboticsDev/install/examples_rclpy_minimal_subscriber:/home/nakarin/RoboticsDev/install/examples_rclpy_minimal_service:/home/nakarin/RoboticsDev/install/examples_rclpy_minimal_publisher:/home/nakarin/RoboticsDev/install/examples_rclpy_minimal_client:/home/nakarin/RoboticsDev/install/examples_rclpy_minimal_action_server:/home/nakarin/RoboticsDev/install/examples_rclpy_minimal_action_client:/home/nakarin/RoboticsDev/install/examples_rclpy_guard_conditions:/home/nakarin/RoboticsDev/install/examples_rclpy_executors:/opt/ros/humble /usr/bin/cmake --build /home/nakarin/RoboticsDevExam2/build/turtlesim_plus -- -j8 -l8
[1.016s] DEBUG:colcon.colcon_core.event_handler.log_command:Invoking command in '/home/nakarin/RoboticsDevExam2/build/turtlesim_plus': CMAKE_PREFIX_PATH=${CMAKE_PREFIX_PATH}:/home/nakarin/RoboticsDev/install/launch_testing_examples:/home/nakarin/RoboticsDev/install/examples_rclpy_pointcloud_publisher:/home/nakarin/RoboticsDev/install/examples_rclpy_minimal_subscriber:/home/nakarin/RoboticsDev/install/examples_rclpy_minimal_service:/home/nakarin/RoboticsDev/install/examples_rclpy_minimal_publisher:/home/nakarin/RoboticsDev/install/examples_rclpy_minimal_client:/home/nakarin/RoboticsDev/install/examples_rclpy_minimal_action_server:/home/nakarin/RoboticsDev/install/examples_rclpy_minimal_action_client:/home/nakarin/RoboticsDev/install/examples_rclpy_guard_conditions:/home/nakarin/RoboticsDev/install/examples_rclpy_executors:/opt/ros/humble /usr/bin/cmake --install /home/nakarin/RoboticsDevExam2/build/turtlesim_plus
[1.017s] DEBUG:colcon.colcon_core.event_handler.log_command:Invoked command in '/home/nakarin/RoboticsDevExam2/build/turtlesim_plus_interfaces' returned '0': CMAKE_PREFIX_PATH=${CMAKE_PREFIX_PATH}:/home/nakarin/RoboticsDev/install/launch_testing_examples:/home/nakarin/RoboticsDev/install/examples_rclpy_pointcloud_publisher:/home/nakarin/RoboticsDev/install/examples_rclpy_minimal_subscriber:/home/nakarin/RoboticsDev/install/examples_rclpy_minimal_service:/home/nakarin/RoboticsDev/install/examples_rclpy_minimal_publisher:/home/nakarin/RoboticsDev/install/examples_rclpy_minimal_client:/home/nakarin/RoboticsDev/install/examples_rclpy_minimal_action_server:/home/nakarin/RoboticsDev/install/examples_rclpy_minimal_action_client:/home/nakarin/RoboticsDev/install/examples_rclpy_guard_conditions:/home/nakarin/RoboticsDev/install/examples_rclpy_executors:/opt/ros/humble /usr/bin/cmake --build /home/nakarin/RoboticsDevExam2/build/turtlesim_plus_interfaces -- -j8 -l8
[1.021s] DEBUG:colcon.colcon_core.event_handler.log_command:Invoked command in '/home/nakarin/RoboticsDevExam2/build/sun_interfaces' returned '0': CMAKE_PREFIX_PATH=${CMAKE_PREFIX_PATH}:/home/nakarin/RoboticsDev/install/launch_testing_examples:/home/nakarin/RoboticsDev/install/examples_rclpy_pointcloud_publisher:/home/nakarin/RoboticsDev/install/examples_rclpy_minimal_subscriber:/home/nakarin/RoboticsDev/install/examples_rclpy_minimal_service:/home/nakarin/RoboticsDev/install/examples_rclpy_minimal_publisher:/home/nakarin/RoboticsDev/install/examples_rclpy_minimal_client:/home/nakarin/RoboticsDev/install/examples_rclpy_minimal_action_server:/home/nakarin/RoboticsDev/install/examples_rclpy_minimal_action_client:/home/nakarin/RoboticsDev/install/examples_rclpy_guard_conditions:/home/nakarin/RoboticsDev/install/examples_rclpy_executors:/opt/ros/humble /usr/bin/cmake --build /home/nakarin/RoboticsDevExam2/build/sun_interfaces -- -j8 -l8
[1.086s] DEBUG:colcon.colcon_core.event_handler.log_command:Invoking command in '/home/nakarin/RoboticsDevExam2/build/sun_interfaces': CMAKE_PREFIX_PATH=${CMAKE_PREFIX_PATH}:/home/nakarin/RoboticsDev/install/launch_testing_examples:/home/nakarin/RoboticsDev/install/examples_rclpy_pointcloud_publisher:/home/nakarin/RoboticsDev/install/examples_rclpy_minimal_subscriber:/home/nakarin/RoboticsDev/install/examples_rclpy_minimal_service:/home/nakarin/RoboticsDev/install/examples_rclpy_minimal_publisher:/home/nakarin/RoboticsDev/install/examples_rclpy_minimal_client:/home/nakarin/RoboticsDev/install/examples_rclpy_minimal_action_server:/home/nakarin/RoboticsDev/install/examples_rclpy_minimal_action_client:/home/nakarin/RoboticsDev/install/examples_rclpy_guard_conditions:/home/nakarin/RoboticsDev/install/examples_rclpy_executors:/opt/ros/humble /usr/bin/cmake --install /home/nakarin/RoboticsDevExam2/build/sun_interfaces
[1.090s] Level 1:colcon.colcon_core.environment:create_environment_scripts_only(turtlesim_plus)
[1.090s] DEBUG:colcon.colcon_core.event_handler.log_command:Invoked command in '/home/nakarin/RoboticsDevExam2/build/turtlesim_plus' returned '0': CMAKE_PREFIX_PATH=${CMAKE_PREFIX_PATH}:/home/nakarin/RoboticsDev/install/launch_testing_examples:/home/nakarin/RoboticsDev/install/examples_rclpy_pointcloud_publisher:/home/nakarin/RoboticsDev/install/examples_rclpy_minimal_subscriber:/home/nakarin/RoboticsDev/install/examples_rclpy_minimal_service:/home/nakarin/RoboticsDev/install/examples_rclpy_minimal_publisher:/home/nakarin/RoboticsDev/install/examples_rclpy_minimal_client:/home/nakarin/RoboticsDev/install/examples_rclpy_minimal_action_server:/home/nakarin/RoboticsDev/install/examples_rclpy_minimal_action_client:/home/nakarin/RoboticsDev/install/examples_rclpy_guard_conditions:/home/nakarin/RoboticsDev/install/examples_rclpy_executors:/opt/ros/humble /usr/bin/cmake --install /home/nakarin/RoboticsDevExam2/build/turtlesim_plus
[1.095s] Level 1:colcon.colcon_core.environment:checking '/home/nakarin/RoboticsDevExam2/install/turtlesim_plus' for CMake module files
[1.099s] Level 1:colcon.colcon_core.environment:checking '/home/nakarin/RoboticsDevExam2/install/turtlesim_plus' for CMake config files
[1.105s] Level 1:colcon.colcon_core.shell:create_environment_hook('turtlesim_plus', 'cmake_prefix_path')
[1.105s] INFO:colcon.colcon_core.shell:Creating environment hook '/home/nakarin/RoboticsDevExam2/install/turtlesim_plus/share/turtlesim_plus/hook/cmake_prefix_path.ps1'
[1.106s] INFO:colcon.colcon_core.shell:Creating environment descriptor '/home/nakarin/RoboticsDevExam2/install/turtlesim_plus/share/turtlesim_plus/hook/cmake_prefix_path.dsv'
[1.106s] INFO:colcon.colcon_core.shell:Creating environment hook '/home/nakarin/RoboticsDevExam2/install/turtlesim_plus/share/turtlesim_plus/hook/cmake_prefix_path.sh'
[1.107s] Level 1:colcon.colcon_core.environment:checking '/home/nakarin/RoboticsDevExam2/install/turtlesim_plus/lib'
[1.108s] Level 1:colcon.colcon_core.environment:checking '/home/nakarin/RoboticsDevExam2/install/turtlesim_plus/bin'
[1.108s] Level 1:colcon.colcon_core.environment:checking '/home/nakarin/RoboticsDevExam2/install/turtlesim_plus/lib/pkgconfig/turtlesim_plus.pc'
[1.108s] Level 1:colcon.colcon_core.environment:checking '/home/nakarin/RoboticsDevExam2/install/turtlesim_plus/lib/python3.10/site-packages'
[1.108s] Level 1:colcon.colcon_core.environment:checking '/home/nakarin/RoboticsDevExam2/install/turtlesim_plus/bin'
[1.109s] INFO:colcon.colcon_core.shell:Creating package script '/home/nakarin/RoboticsDevExam2/install/turtlesim_plus/share/turtlesim_plus/package.ps1'
[1.110s] INFO:colcon.colcon_core.shell:Creating package descriptor '/home/nakarin/RoboticsDevExam2/install/turtlesim_plus/share/turtlesim_plus/package.dsv'
[1.111s] INFO:colcon.colcon_core.shell:Creating package script '/home/nakarin/RoboticsDevExam2/install/turtlesim_plus/share/turtlesim_plus/package.sh'
[1.112s] INFO:colcon.colcon_core.shell:Creating package script '/home/nakarin/RoboticsDevExam2/install/turtlesim_plus/share/turtlesim_plus/package.bash'
[1.113s] INFO:colcon.colcon_core.shell:Creating package script '/home/nakarin/RoboticsDevExam2/install/turtlesim_plus/share/turtlesim_plus/package.zsh'
[1.114s] Level 1:colcon.colcon_core.environment:create_file_with_runtime_dependencies(/home/nakarin/RoboticsDevExam2/install/turtlesim_plus/share/colcon-core/packages/turtlesim_plus)
[1.117s] DEBUG:colcon.colcon_core.event_handler.log_command:Invoked command in '/home/nakarin/RoboticsDevExam2/build/saifa_pack' returned '0': CMAKE_PREFIX_PATH=${CMAKE_PREFIX_PATH}:/home/nakarin/RoboticsDev/install/launch_testing_examples:/home/nakarin/RoboticsDev/install/examples_rclpy_pointcloud_publisher:/home/nakarin/RoboticsDev/install/examples_rclpy_minimal_subscriber:/home/nakarin/RoboticsDev/install/examples_rclpy_minimal_service:/home/nakarin/RoboticsDev/install/examples_rclpy_minimal_publisher:/home/nakarin/RoboticsDev/install/examples_rclpy_minimal_client:/home/nakarin/RoboticsDev/install/examples_rclpy_minimal_action_server:/home/nakarin/RoboticsDev/install/examples_rclpy_minimal_action_client:/home/nakarin/RoboticsDev/install/examples_rclpy_guard_conditions:/home/nakarin/RoboticsDev/install/examples_rclpy_executors:/opt/ros/humble /usr/bin/cmake --build /home/nakarin/RoboticsDevExam2/build/saifa_pack -- -j8 -l8
[1.136s] DEBUG:colcon.colcon_core.event_handler.log_command:Invoked command in '/home/nakarin/RoboticsDevExam2/build/sun_pkg' returned '0': CMAKE_PREFIX_PATH=${CMAKE_PREFIX_PATH}:/home/nakarin/RoboticsDev/install/launch_testing_examples:/home/nakarin/RoboticsDev/install/examples_rclpy_pointcloud_publisher:/home/nakarin/RoboticsDev/install/examples_rclpy_minimal_subscriber:/home/nakarin/RoboticsDev/install/examples_rclpy_minimal_service:/home/nakarin/RoboticsDev/install/examples_rclpy_minimal_publisher:/home/nakarin/RoboticsDev/install/examples_rclpy_minimal_client:/home/nakarin/RoboticsDev/install/examples_rclpy_minimal_action_server:/home/nakarin/RoboticsDev/install/examples_rclpy_minimal_action_client:/home/nakarin/RoboticsDev/install/examples_rclpy_guard_conditions:/home/nakarin/RoboticsDev/install/examples_rclpy_executors:/opt/ros/humble /usr/bin/cmake --build /home/nakarin/RoboticsDevExam2/build/sun_pkg -- -j8 -l8
[1.141s] Level 1:colcon.colcon_core.environment:create_environment_scripts_only(turtlesim_plus)
[1.141s] Level 1:colcon.colcon_core.environment:checking '/home/nakarin/RoboticsDevExam2/install/turtlesim_plus' for CMake module files
[1.142s] Level 1:colcon.colcon_core.environment:checking '/home/nakarin/RoboticsDevExam2/install/turtlesim_plus' for CMake config files
[1.142s] Level 1:colcon.colcon_core.shell:create_environment_hook('turtlesim_plus', 'cmake_prefix_path')
[1.142s] INFO:colcon.colcon_core.shell:Creating environment hook '/home/nakarin/RoboticsDevExam2/install/turtlesim_plus/share/turtlesim_plus/hook/cmake_prefix_path.ps1'
[1.143s] INFO:colcon.colcon_core.shell:Creating environment descriptor '/home/nakarin/RoboticsDevExam2/install/turtlesim_plus/share/turtlesim_plus/hook/cmake_prefix_path.dsv'
[1.143s] INFO:colcon.colcon_core.shell:Creating environment hook '/home/nakarin/RoboticsDevExam2/install/turtlesim_plus/share/turtlesim_plus/hook/cmake_prefix_path.sh'
[1.143s] Level 1:colcon.colcon_core.environment:checking '/home/nakarin/RoboticsDevExam2/install/turtlesim_plus/lib'
[1.143s] Level 1:colcon.colcon_core.environment:checking '/home/nakarin/RoboticsDevExam2/install/turtlesim_plus/bin'
[1.144s] Level 1:colcon.colcon_core.environment:checking '/home/nakarin/RoboticsDevExam2/install/turtlesim_plus/lib/pkgconfig/turtlesim_plus.pc'
[1.144s] Level 1:colcon.colcon_core.environment:checking '/home/nakarin/RoboticsDevExam2/install/turtlesim_plus/lib/python3.10/site-packages'
[1.144s] Level 1:colcon.colcon_core.environment:checking '/home/nakarin/RoboticsDevExam2/install/turtlesim_plus/bin'
[1.144s] INFO:colcon.colcon_core.shell:Creating package script '/home/nakarin/RoboticsDevExam2/install/turtlesim_plus/share/turtlesim_plus/package.ps1'
[1.145s] INFO:colcon.colcon_core.shell:Creating package descriptor '/home/nakarin/RoboticsDevExam2/install/turtlesim_plus/share/turtlesim_plus/package.dsv'
[1.145s] INFO:colcon.colcon_core.shell:Creating package script '/home/nakarin/RoboticsDevExam2/install/turtlesim_plus/share/turtlesim_plus/package.sh'
[1.146s] INFO:colcon.colcon_core.shell:Creating package script '/home/nakarin/RoboticsDevExam2/install/turtlesim_plus/share/turtlesim_plus/package.bash'
[1.146s] INFO:colcon.colcon_core.shell:Creating package script '/home/nakarin/RoboticsDevExam2/install/turtlesim_plus/share/turtlesim_plus/package.zsh'
[1.147s] Level 1:colcon.colcon_core.environment:create_file_with_runtime_dependencies(/home/nakarin/RoboticsDevExam2/install/turtlesim_plus/share/colcon-core/packages/turtlesim_plus)
[1.150s] DEBUG:colcon.colcon_core.event_handler.log_command:Invoking command in '/home/nakarin/RoboticsDevExam2/build/turtlesim_plus_interfaces': CMAKE_PREFIX_PATH=${CMAKE_PREFIX_PATH}:/home/nakarin/RoboticsDev/install/launch_testing_examples:/home/nakarin/RoboticsDev/install/examples_rclpy_pointcloud_publisher:/home/nakarin/RoboticsDev/install/examples_rclpy_minimal_subscriber:/home/nakarin/RoboticsDev/install/examples_rclpy_minimal_service:/home/nakarin/RoboticsDev/install/examples_rclpy_minimal_publisher:/home/nakarin/RoboticsDev/install/examples_rclpy_minimal_client:/home/nakarin/RoboticsDev/install/examples_rclpy_minimal_action_server:/home/nakarin/RoboticsDev/install/examples_rclpy_minimal_action_client:/home/nakarin/RoboticsDev/install/examples_rclpy_guard_conditions:/home/nakarin/RoboticsDev/install/examples_rclpy_executors:/opt/ros/humble /usr/bin/cmake --install /home/nakarin/RoboticsDevExam2/build/turtlesim_plus_interfaces
[1.153s] DEBUG:colcon.colcon_core.event_handler.log_command:Invoking command in '/home/nakarin/RoboticsDevExam2/build/saifa_pack': CMAKE_PREFIX_PATH=${CMAKE_PREFIX_PATH}:/home/nakarin/RoboticsDev/install/launch_testing_examples:/home/nakarin/RoboticsDev/install/examples_rclpy_pointcloud_publisher:/home/nakarin/RoboticsDev/install/examples_rclpy_minimal_subscriber:/home/nakarin/RoboticsDev/install/examples_rclpy_minimal_service:/home/nakarin/RoboticsDev/install/examples_rclpy_minimal_publisher:/home/nakarin/RoboticsDev/install/examples_rclpy_minimal_client:/home/nakarin/RoboticsDev/install/examples_rclpy_minimal_action_server:/home/nakarin/RoboticsDev/install/examples_rclpy_minimal_action_client:/home/nakarin/RoboticsDev/install/examples_rclpy_guard_conditions:/home/nakarin/RoboticsDev/install/examples_rclpy_executors:/opt/ros/humble /usr/bin/cmake --install /home/nakarin/RoboticsDevExam2/build/saifa_pack
[1.166s] Level 1:colcon.colcon_core.environment:create_environment_scripts_only(sun_interfaces)
[1.166s] Level 1:colcon.colcon_core.environment:checking '/home/nakarin/RoboticsDevExam2/install/sun_interfaces' for CMake module files
[1.167s] Level 1:colcon.colcon_core.environment:checking '/home/nakarin/RoboticsDevExam2/install/sun_interfaces' for CMake config files
[1.169s] Level 1:colcon.colcon_core.shell:create_environment_hook('sun_interfaces', 'cmake_prefix_path')
[1.169s] INFO:colcon.colcon_core.shell:Creating environment hook '/home/nakarin/RoboticsDevExam2/install/sun_interfaces/share/sun_interfaces/hook/cmake_prefix_path.ps1'
[1.170s] INFO:colcon.colcon_core.shell:Creating environment descriptor '/home/nakarin/RoboticsDevExam2/install/sun_interfaces/share/sun_interfaces/hook/cmake_prefix_path.dsv'
[1.170s] INFO:colcon.colcon_core.shell:Creating environment hook '/home/nakarin/RoboticsDevExam2/install/sun_interfaces/share/sun_interfaces/hook/cmake_prefix_path.sh'
[1.173s] Level 1:colcon.colcon_core.environment:checking '/home/nakarin/RoboticsDevExam2/install/sun_interfaces/lib'
[1.173s] Level 1:colcon.colcon_core.shell:create_environment_hook('sun_interfaces', 'ld_library_path_lib')
[1.173s] INFO:colcon.colcon_core.shell:Creating environment hook '/home/nakarin/RoboticsDevExam2/install/sun_interfaces/share/sun_interfaces/hook/ld_library_path_lib.ps1'
[1.174s] INFO:colcon.colcon_core.shell:Creating environment descriptor '/home/nakarin/RoboticsDevExam2/install/sun_interfaces/share/sun_interfaces/hook/ld_library_path_lib.dsv'
[1.176s] INFO:colcon.colcon_core.shell:Creating environment hook '/home/nakarin/RoboticsDevExam2/install/sun_interfaces/share/sun_interfaces/hook/ld_library_path_lib.sh'
[1.178s] Level 1:colcon.colcon_core.environment:checking '/home/nakarin/RoboticsDevExam2/install/sun_interfaces/bin'
[1.178s] Level 1:colcon.colcon_core.environment:checking '/home/nakarin/RoboticsDevExam2/install/sun_interfaces/lib/pkgconfig/sun_interfaces.pc'
[1.179s] Level 1:colcon.colcon_core.environment:checking '/home/nakarin/RoboticsDevExam2/install/sun_interfaces/lib/python3.10/site-packages'
[1.179s] Level 1:colcon.colcon_core.environment:checking '/home/nakarin/RoboticsDevExam2/install/sun_interfaces/bin'
[1.180s] INFO:colcon.colcon_core.shell:Creating package script '/home/nakarin/RoboticsDevExam2/install/sun_interfaces/share/sun_interfaces/package.ps1'
[1.182s] INFO:colcon.colcon_core.shell:Creating package descriptor '/home/nakarin/RoboticsDevExam2/install/sun_interfaces/share/sun_interfaces/package.dsv'
[1.184s] INFO:colcon.colcon_core.shell:Creating package script '/home/nakarin/RoboticsDevExam2/install/sun_interfaces/share/sun_interfaces/package.sh'
[1.185s] INFO:colcon.colcon_core.shell:Creating package script '/home/nakarin/RoboticsDevExam2/install/sun_interfaces/share/sun_interfaces/package.bash'
[1.186s] INFO:colcon.colcon_core.shell:Creating package script '/home/nakarin/RoboticsDevExam2/install/sun_interfaces/share/sun_interfaces/package.zsh'
[1.188s] Level 1:colcon.colcon_core.environment:create_file_with_runtime_dependencies(/home/nakarin/RoboticsDevExam2/install/sun_interfaces/share/colcon-core/packages/sun_interfaces)
[1.192s] DEBUG:colcon.colcon_core.event_handler.log_command:Invoked command in '/home/nakarin/RoboticsDevExam2/build/sun_interfaces' returned '0': CMAKE_PREFIX_PATH=${CMAKE_PREFIX_PATH}:/home/nakarin/RoboticsDev/install/launch_testing_examples:/home/nakarin/RoboticsDev/install/examples_rclpy_pointcloud_publisher:/home/nakarin/RoboticsDev/install/examples_rclpy_minimal_subscriber:/home/nakarin/RoboticsDev/install/examples_rclpy_minimal_service:/home/nakarin/RoboticsDev/install/examples_rclpy_minimal_publisher:/home/nakarin/RoboticsDev/install/examples_rclpy_minimal_client:/home/nakarin/RoboticsDev/install/examples_rclpy_minimal_action_server:/home/nakarin/RoboticsDev/install/examples_rclpy_minimal_action_client:/home/nakarin/RoboticsDev/install/examples_rclpy_guard_conditions:/home/nakarin/RoboticsDev/install/examples_rclpy_executors:/opt/ros/humble /usr/bin/cmake --install /home/nakarin/RoboticsDevExam2/build/sun_interfaces
[1.194s] DEBUG:colcon.colcon_core.event_handler.log_command:Invoking command in '/home/nakarin/RoboticsDevExam2/build/sun_pkg': CMAKE_PREFIX_PATH=${CMAKE_PREFIX_PATH}:/home/nakarin/RoboticsDev/install/launch_testing_examples:/home/nakarin/RoboticsDev/install/examples_rclpy_pointcloud_publisher:/home/nakarin/RoboticsDev/install/examples_rclpy_minimal_subscriber:/home/nakarin/RoboticsDev/install/examples_rclpy_minimal_service:/home/nakarin/RoboticsDev/install/examples_rclpy_minimal_publisher:/home/nakarin/RoboticsDev/install/examples_rclpy_minimal_client:/home/nakarin/RoboticsDev/install/examples_rclpy_minimal_action_server:/home/nakarin/RoboticsDev/install/examples_rclpy_minimal_action_client:/home/nakarin/RoboticsDev/install/examples_rclpy_guard_conditions:/home/nakarin/RoboticsDev/install/examples_rclpy_executors:/opt/ros/humble /usr/bin/cmake --install /home/nakarin/RoboticsDevExam2/build/sun_pkg
[1.223s] Level 1:colcon.colcon_core.environment:create_environment_scripts_only(turtlesim_plus_interfaces)
[1.223s] Level 1:colcon.colcon_core.environment:checking '/home/nakarin/RoboticsDevExam2/install/turtlesim_plus_interfaces' for CMake module files
[1.225s] Level 1:colcon.colcon_core.environment:checking '/home/nakarin/RoboticsDevExam2/install/turtlesim_plus_interfaces' for CMake config files
[1.225s] DEBUG:colcon.colcon_core.event_handler.log_command:Invoked command in '/home/nakarin/RoboticsDevExam2/build/turtlesim_plus_interfaces' returned '0': CMAKE_PREFIX_PATH=${CMAKE_PREFIX_PATH}:/home/nakarin/RoboticsDev/install/launch_testing_examples:/home/nakarin/RoboticsDev/install/examples_rclpy_pointcloud_publisher:/home/nakarin/RoboticsDev/install/examples_rclpy_minimal_subscriber:/home/nakarin/RoboticsDev/install/examples_rclpy_minimal_service:/home/nakarin/RoboticsDev/install/examples_rclpy_minimal_publisher:/home/nakarin/RoboticsDev/install/examples_rclpy_minimal_client:/home/nakarin/RoboticsDev/install/examples_rclpy_minimal_action_server:/home/nakarin/RoboticsDev/install/examples_rclpy_minimal_action_client:/home/nakarin/RoboticsDev/install/examples_rclpy_guard_conditions:/home/nakarin/RoboticsDev/install/examples_rclpy_executors:/opt/ros/humble /usr/bin/cmake --install /home/nakarin/RoboticsDevExam2/build/turtlesim_plus_interfaces
[1.226s] Level 1:colcon.colcon_core.shell:create_environment_hook('turtlesim_plus_interfaces', 'cmake_prefix_path')
[1.226s] INFO:colcon.colcon_core.shell:Creating environment hook '/home/nakarin/RoboticsDevExam2/install/turtlesim_plus_interfaces/share/turtlesim_plus_interfaces/hook/cmake_prefix_path.ps1'
[1.226s] INFO:colcon.colcon_core.shell:Creating environment descriptor '/home/nakarin/RoboticsDevExam2/install/turtlesim_plus_interfaces/share/turtlesim_plus_interfaces/hook/cmake_prefix_path.dsv'
[1.227s] INFO:colcon.colcon_core.shell:Creating environment hook '/home/nakarin/RoboticsDevExam2/install/turtlesim_plus_interfaces/share/turtlesim_plus_interfaces/hook/cmake_prefix_path.sh'
[1.227s] Level 1:colcon.colcon_core.environment:checking '/home/nakarin/RoboticsDevExam2/install/turtlesim_plus_interfaces/lib'
[1.227s] Level 1:colcon.colcon_core.shell:create_environment_hook('turtlesim_plus_interfaces', 'ld_library_path_lib')
[1.228s] INFO:colcon.colcon_core.shell:Creating environment hook '/home/nakarin/RoboticsDevExam2/install/turtlesim_plus_interfaces/share/turtlesim_plus_interfaces/hook/ld_library_path_lib.ps1'
[1.228s] INFO:colcon.colcon_core.shell:Creating environment descriptor '/home/nakarin/RoboticsDevExam2/install/turtlesim_plus_interfaces/share/turtlesim_plus_interfaces/hook/ld_library_path_lib.dsv'
[1.228s] INFO:colcon.colcon_core.shell:Creating environment hook '/home/nakarin/RoboticsDevExam2/install/turtlesim_plus_interfaces/share/turtlesim_plus_interfaces/hook/ld_library_path_lib.sh'
[1.229s] Level 1:colcon.colcon_core.environment:checking '/home/nakarin/RoboticsDevExam2/install/turtlesim_plus_interfaces/bin'
[1.229s] Level 1:colcon.colcon_core.environment:checking '/home/nakarin/RoboticsDevExam2/install/turtlesim_plus_interfaces/lib/pkgconfig/turtlesim_plus_interfaces.pc'
[1.229s] Level 1:colcon.colcon_core.environment:checking '/home/nakarin/RoboticsDevExam2/install/turtlesim_plus_interfaces/lib/python3.10/site-packages'
[1.229s] Level 1:colcon.colcon_core.environment:checking '/home/nakarin/RoboticsDevExam2/install/turtlesim_plus_interfaces/bin'
[1.230s] INFO:colcon.colcon_core.shell:Creating package script '/home/nakarin/RoboticsDevExam2/install/turtlesim_plus_interfaces/share/turtlesim_plus_interfaces/package.ps1'
[1.230s] INFO:colcon.colcon_core.shell:Creating package descriptor '/home/nakarin/RoboticsDevExam2/install/turtlesim_plus_interfaces/share/turtlesim_plus_interfaces/package.dsv'
[1.230s] INFO:colcon.colcon_core.shell:Creating package script '/home/nakarin/RoboticsDevExam2/install/turtlesim_plus_interfaces/share/turtlesim_plus_interfaces/package.sh'
[1.231s] INFO:colcon.colcon_core.shell:Creating package script '/home/nakarin/RoboticsDevExam2/install/turtlesim_plus_interfaces/share/turtlesim_plus_interfaces/package.bash'
[1.231s] INFO:colcon.colcon_core.shell:Creating package script '/home/nakarin/RoboticsDevExam2/install/turtlesim_plus_interfaces/share/turtlesim_plus_interfaces/package.zsh'
[1.231s] Level 1:colcon.colcon_core.environment:create_file_with_runtime_dependencies(/home/nakarin/RoboticsDevExam2/install/turtlesim_plus_interfaces/share/colcon-core/packages/turtlesim_plus_interfaces)
[1.232s] Level 1:colcon.colcon_core.environment:create_environment_scripts_only(saifa_pack)
[1.232s] Level 1:colcon.colcon_core.environment:checking '/home/nakarin/RoboticsDevExam2/install/saifa_pack' for CMake module files
[1.233s] DEBUG:colcon.colcon_core.event_handler.log_command:Invoked command in '/home/nakarin/RoboticsDevExam2/build/saifa_pack' returned '0': CMAKE_PREFIX_PATH=${CMAKE_PREFIX_PATH}:/home/nakarin/RoboticsDev/install/launch_testing_examples:/home/nakarin/RoboticsDev/install/examples_rclpy_pointcloud_publisher:/home/nakarin/RoboticsDev/install/examples_rclpy_minimal_subscriber:/home/nakarin/RoboticsDev/install/examples_rclpy_minimal_service:/home/nakarin/RoboticsDev/install/examples_rclpy_minimal_publisher:/home/nakarin/RoboticsDev/install/examples_rclpy_minimal_client:/home/nakarin/RoboticsDev/install/examples_rclpy_minimal_action_server:/home/nakarin/RoboticsDev/install/examples_rclpy_minimal_action_client:/home/nakarin/RoboticsDev/install/examples_rclpy_guard_conditions:/home/nakarin/RoboticsDev/install/examples_rclpy_executors:/opt/ros/humble /usr/bin/cmake --install /home/nakarin/RoboticsDevExam2/build/saifa_pack
[1.233s] Level 1:colcon.colcon_core.environment:checking '/home/nakarin/RoboticsDevExam2/install/saifa_pack' for CMake config files
[1.234s] Level 1:colcon.colcon_core.shell:create_environment_hook('saifa_pack', 'cmake_prefix_path')
[1.234s] INFO:colcon.colcon_core.shell:Creating environment hook '/home/nakarin/RoboticsDevExam2/install/saifa_pack/share/saifa_pack/hook/cmake_prefix_path.ps1'
[1.234s] INFO:colcon.colcon_core.shell:Creating environment descriptor '/home/nakarin/RoboticsDevExam2/install/saifa_pack/share/saifa_pack/hook/cmake_prefix_path.dsv'
[1.235s] INFO:colcon.colcon_core.shell:Creating environment hook '/home/nakarin/RoboticsDevExam2/install/saifa_pack/share/saifa_pack/hook/cmake_prefix_path.sh'
[1.235s] Level 1:colcon.colcon_core.environment:checking '/home/nakarin/RoboticsDevExam2/install/saifa_pack/lib'
[1.235s] Level 1:colcon.colcon_core.environment:checking '/home/nakarin/RoboticsDevExam2/install/saifa_pack/bin'
[1.235s] Level 1:colcon.colcon_core.environment:checking '/home/nakarin/RoboticsDevExam2/install/saifa_pack/lib/pkgconfig/saifa_pack.pc'
[1.235s] Level 1:colcon.colcon_core.environment:checking '/home/nakarin/RoboticsDevExam2/install/saifa_pack/lib/python3.10/site-packages'
[1.236s] Level 1:colcon.colcon_core.environment:checking '/home/nakarin/RoboticsDevExam2/install/saifa_pack/bin'
[1.236s] INFO:colcon.colcon_core.shell:Creating package script '/home/nakarin/RoboticsDevExam2/install/saifa_pack/share/saifa_pack/package.ps1'
[1.236s] INFO:colcon.colcon_core.shell:Creating package descriptor '/home/nakarin/RoboticsDevExam2/install/saifa_pack/share/saifa_pack/package.dsv'
[1.237s] INFO:colcon.colcon_core.shell:Creating package script '/home/nakarin/RoboticsDevExam2/install/saifa_pack/share/saifa_pack/package.sh'
[1.237s] INFO:colcon.colcon_core.shell:Creating package script '/home/nakarin/RoboticsDevExam2/install/saifa_pack/share/saifa_pack/package.bash'
[1.237s] INFO:colcon.colcon_core.shell:Creating package script '/home/nakarin/RoboticsDevExam2/install/saifa_pack/share/saifa_pack/package.zsh'
[1.238s] Level 1:colcon.colcon_core.environment:create_file_with_runtime_dependencies(/home/nakarin/RoboticsDevExam2/install/saifa_pack/share/colcon-core/packages/saifa_pack)
[1.248s] Level 1:colcon.colcon_core.environment:create_environment_scripts_only(sun_interfaces)
[1.248s] Level 1:colcon.colcon_core.environment:checking '/home/nakarin/RoboticsDevExam2/install/sun_interfaces' for CMake module files
[1.249s] Level 1:colcon.colcon_core.environment:checking '/home/nakarin/RoboticsDevExam2/install/sun_interfaces' for CMake config files
[1.249s] Level 1:colcon.colcon_core.shell:create_environment_hook('sun_interfaces', 'cmake_prefix_path')
[1.249s] INFO:colcon.colcon_core.shell:Creating environment hook '/home/nakarin/RoboticsDevExam2/install/sun_interfaces/share/sun_interfaces/hook/cmake_prefix_path.ps1'
[1.250s] INFO:colcon.colcon_core.shell:Creating environment descriptor '/home/nakarin/RoboticsDevExam2/install/sun_interfaces/share/sun_interfaces/hook/cmake_prefix_path.dsv'
[1.250s] INFO:colcon.colcon_core.shell:Creating environment hook '/home/nakarin/RoboticsDevExam2/install/sun_interfaces/share/sun_interfaces/hook/cmake_prefix_path.sh'
[1.250s] Level 1:colcon.colcon_core.environment:checking '/home/nakarin/RoboticsDevExam2/install/sun_interfaces/lib'
[1.251s] Level 1:colcon.colcon_core.shell:create_environment_hook('sun_interfaces', 'ld_library_path_lib')
[1.251s] INFO:colcon.colcon_core.shell:Creating environment hook '/home/nakarin/RoboticsDevExam2/install/sun_interfaces/share/sun_interfaces/hook/ld_library_path_lib.ps1'
[1.251s] INFO:colcon.colcon_core.shell:Creating environment descriptor '/home/nakarin/RoboticsDevExam2/install/sun_interfaces/share/sun_interfaces/hook/ld_library_path_lib.dsv'
[1.252s] INFO:colcon.colcon_core.shell:Creating environment hook '/home/nakarin/RoboticsDevExam2/install/sun_interfaces/share/sun_interfaces/hook/ld_library_path_lib.sh'
[1.252s] Level 1:colcon.colcon_core.environment:checking '/home/nakarin/RoboticsDevExam2/install/sun_interfaces/bin'
[1.252s] Level 1:colcon.colcon_core.environment:checking '/home/nakarin/RoboticsDevExam2/install/sun_interfaces/lib/pkgconfig/sun_interfaces.pc'
[1.253s] Level 1:colcon.colcon_core.environment:checking '/home/nakarin/RoboticsDevExam2/install/sun_interfaces/lib/python3.10/site-packages'
[1.253s] Level 1:colcon.colcon_core.environment:checking '/home/nakarin/RoboticsDevExam2/install/sun_interfaces/bin'
[1.254s] INFO:colcon.colcon_core.shell:Creating package script '/home/nakarin/RoboticsDevExam2/install/sun_interfaces/share/sun_interfaces/package.ps1'
[1.255s] INFO:colcon.colcon_core.shell:Creating package descriptor '/home/nakarin/RoboticsDevExam2/install/sun_interfaces/share/sun_interfaces/package.dsv'
[1.256s] INFO:colcon.colcon_core.shell:Creating package script '/home/nakarin/RoboticsDevExam2/install/sun_interfaces/share/sun_interfaces/package.sh'
[1.257s] INFO:colcon.colcon_core.shell:Creating package script '/home/nakarin/RoboticsDevExam2/install/sun_interfaces/share/sun_interfaces/package.bash'
[1.258s] INFO:colcon.colcon_core.shell:Creating package script '/home/nakarin/RoboticsDevExam2/install/sun_interfaces/share/sun_interfaces/package.zsh'
[1.258s] Level 1:colcon.colcon_core.environment:create_file_with_runtime_dependencies(/home/nakarin/RoboticsDevExam2/install/sun_interfaces/share/colcon-core/packages/sun_interfaces)
[1.259s] Level 1:colcon.colcon_core.environment:create_environment_scripts_only(sun_pkg)
[1.259s] Level 1:colcon.colcon_core.environment:checking '/home/nakarin/RoboticsDevExam2/install/sun_pkg' for CMake module files
[1.260s] DEBUG:colcon.colcon_core.event_handler.log_command:Invoked command in '/home/nakarin/RoboticsDevExam2/build/sun_pkg' returned '0': CMAKE_PREFIX_PATH=${CMAKE_PREFIX_PATH}:/home/nakarin/RoboticsDev/install/launch_testing_examples:/home/nakarin/RoboticsDev/install/examples_rclpy_pointcloud_publisher:/home/nakarin/RoboticsDev/install/examples_rclpy_minimal_subscriber:/home/nakarin/RoboticsDev/install/examples_rclpy_minimal_service:/home/nakarin/RoboticsDev/install/examples_rclpy_minimal_publisher:/home/nakarin/RoboticsDev/install/examples_rclpy_minimal_client:/home/nakarin/RoboticsDev/install/examples_rclpy_minimal_action_server:/home/nakarin/RoboticsDev/install/examples_rclpy_minimal_action_client:/home/nakarin/RoboticsDev/install/examples_rclpy_guard_conditions:/home/nakarin/RoboticsDev/install/examples_rclpy_executors:/opt/ros/humble /usr/bin/cmake --install /home/nakarin/RoboticsDevExam2/build/sun_pkg
[1.260s] Level 1:colcon.colcon_core.environment:checking '/home/nakarin/RoboticsDevExam2/install/sun_pkg' for CMake config files
[1.260s] Level 1:colcon.colcon_core.shell:create_environment_hook('sun_pkg', 'cmake_prefix_path')
[1.261s] INFO:colcon.colcon_core.shell:Creating environment hook '/home/nakarin/RoboticsDevExam2/install/sun_pkg/share/sun_pkg/hook/cmake_prefix_path.ps1'
[1.261s] INFO:colcon.colcon_core.shell:Creating environment descriptor '/home/nakarin/RoboticsDevExam2/install/sun_pkg/share/sun_pkg/hook/cmake_prefix_path.dsv'
[1.261s] INFO:colcon.colcon_core.shell:Creating environment hook '/home/nakarin/RoboticsDevExam2/install/sun_pkg/share/sun_pkg/hook/cmake_prefix_path.sh'
[1.262s] Level 1:colcon.colcon_core.environment:checking '/home/nakarin/RoboticsDevExam2/install/sun_pkg/lib'
[1.262s] Level 1:colcon.colcon_core.environment:checking '/home/nakarin/RoboticsDevExam2/install/sun_pkg/bin'
[1.262s] Level 1:colcon.colcon_core.environment:checking '/home/nakarin/RoboticsDevExam2/install/sun_pkg/lib/pkgconfig/sun_pkg.pc'
[1.262s] Level 1:colcon.colcon_core.environment:checking '/home/nakarin/RoboticsDevExam2/install/sun_pkg/lib/python3.10/site-packages'
[1.262s] Level 1:colcon.colcon_core.environment:checking '/home/nakarin/RoboticsDevExam2/install/sun_pkg/bin'
[1.263s] INFO:colcon.colcon_core.shell:Creating package script '/home/nakarin/RoboticsDevExam2/install/sun_pkg/share/sun_pkg/package.ps1'
[1.263s] INFO:colcon.colcon_core.shell:Creating package descriptor '/home/nakarin/RoboticsDevExam2/install/sun_pkg/share/sun_pkg/package.dsv'
[1.264s] INFO:colcon.colcon_core.shell:Creating package script '/home/nakarin/RoboticsDevExam2/install/sun_pkg/share/sun_pkg/package.sh'
[1.264s] INFO:colcon.colcon_core.shell:Creating package script '/home/nakarin/RoboticsDevExam2/install/sun_pkg/share/sun_pkg/package.bash'
[1.264s] INFO:colcon.colcon_core.shell:Creating package script '/home/nakarin/RoboticsDevExam2/install/sun_pkg/share/sun_pkg/package.zsh'
[1.265s] Level 1:colcon.colcon_core.environment:create_file_with_runtime_dependencies(/home/nakarin/RoboticsDevExam2/install/sun_pkg/share/colcon-core/packages/sun_pkg)
[1.266s] Level 1:colcon.colcon_core.environment:create_environment_scripts_only(saifa_pack)
[1.266s] Level 1:colcon.colcon_core.environment:checking '/home/nakarin/RoboticsDevExam2/install/saifa_pack' for CMake module files
[1.267s] Level 1:colcon.colcon_core.environment:checking '/home/nakarin/RoboticsDevExam2/install/saifa_pack' for CMake config files
[1.267s] Level 1:colcon.colcon_core.shell:create_environment_hook('saifa_pack', 'cmake_prefix_path')
[1.267s] INFO:colcon.colcon_core.shell:Creating environment hook '/home/nakarin/RoboticsDevExam2/install/saifa_pack/share/saifa_pack/hook/cmake_prefix_path.ps1'
[1.268s] INFO:colcon.colcon_core.shell:Creating environment descriptor '/home/nakarin/RoboticsDevExam2/install/saifa_pack/share/saifa_pack/hook/cmake_prefix_path.dsv'
[1.268s] INFO:colcon.colcon_core.shell:Creating environment hook '/home/nakarin/RoboticsDevExam2/install/saifa_pack/share/saifa_pack/hook/cmake_prefix_path.sh'
[1.269s] Level 1:colcon.colcon_core.environment:checking '/home/nakarin/RoboticsDevExam2/install/saifa_pack/lib'
[1.269s] Level 1:colcon.colcon_core.environment:checking '/home/nakarin/RoboticsDevExam2/install/saifa_pack/bin'
[1.269s] Level 1:colcon.colcon_core.environment:checking '/home/nakarin/RoboticsDevExam2/install/saifa_pack/lib/pkgconfig/saifa_pack.pc'
[1.269s] Level 1:colcon.colcon_core.environment:checking '/home/nakarin/RoboticsDevExam2/install/saifa_pack/lib/python3.10/site-packages'
[1.269s] Level 1:colcon.colcon_core.environment:checking '/home/nakarin/RoboticsDevExam2/install/saifa_pack/bin'
[1.270s] INFO:colcon.colcon_core.shell:Creating package script '/home/nakarin/RoboticsDevExam2/install/saifa_pack/share/saifa_pack/package.ps1'
[1.270s] INFO:colcon.colcon_core.shell:Creating package descriptor '/home/nakarin/RoboticsDevExam2/install/saifa_pack/share/saifa_pack/package.dsv'
[1.271s] INFO:colcon.colcon_core.shell:Creating package script '/home/nakarin/RoboticsDevExam2/install/saifa_pack/share/saifa_pack/package.sh'
[1.271s] INFO:colcon.colcon_core.shell:Creating package script '/home/nakarin/RoboticsDevExam2/install/saifa_pack/share/saifa_pack/package.bash'
[1.271s] INFO:colcon.colcon_core.shell:Creating package script '/home/nakarin/RoboticsDevExam2/install/saifa_pack/share/saifa_pack/package.zsh'
[1.272s] Level 1:colcon.colcon_core.environment:create_file_with_runtime_dependencies(/home/nakarin/RoboticsDevExam2/install/saifa_pack/share/colcon-core/packages/saifa_pack)
[1.289s] Level 1:colcon.colcon_core.environment:create_environment_scripts_only(sun_pkg)
[1.289s] Level 1:colcon.colcon_core.environment:checking '/home/nakarin/RoboticsDevExam2/install/sun_pkg' for CMake module files
[1.290s] Level 1:colcon.colcon_core.environment:checking '/home/nakarin/RoboticsDevExam2/install/sun_pkg' for CMake config files
[1.290s] Level 1:colcon.colcon_core.shell:create_environment_hook('sun_pkg', 'cmake_prefix_path')
[1.290s] INFO:colcon.colcon_core.shell:Creating environment hook '/home/nakarin/RoboticsDevExam2/install/sun_pkg/share/sun_pkg/hook/cmake_prefix_path.ps1'
[1.291s] INFO:colcon.colcon_core.shell:Creating environment descriptor '/home/nakarin/RoboticsDevExam2/install/sun_pkg/share/sun_pkg/hook/cmake_prefix_path.dsv'
[1.291s] INFO:colcon.colcon_core.shell:Creating environment hook '/home/nakarin/RoboticsDevExam2/install/sun_pkg/share/sun_pkg/hook/cmake_prefix_path.sh'
[1.291s] Level 1:colcon.colcon_core.environment:checking '/home/nakarin/RoboticsDevExam2/install/sun_pkg/lib'
[1.292s] Level 1:colcon.colcon_core.environment:checking '/home/nakarin/RoboticsDevExam2/install/sun_pkg/bin'
[1.292s] Level 1:colcon.colcon_core.environment:checking '/home/nakarin/RoboticsDevExam2/install/sun_pkg/lib/pkgconfig/sun_pkg.pc'
[1.292s] Level 1:colcon.colcon_core.environment:checking '/home/nakarin/RoboticsDevExam2/install/sun_pkg/lib/python3.10/site-packages'
[1.292s] Level 1:colcon.colcon_core.environment:checking '/home/nakarin/RoboticsDevExam2/install/sun_pkg/bin'
[1.292s] INFO:colcon.colcon_core.shell:Creating package script '/home/nakarin/RoboticsDevExam2/install/sun_pkg/share/sun_pkg/package.ps1'
[1.293s] INFO:colcon.colcon_core.shell:Creating package descriptor '/home/nakarin/RoboticsDevExam2/install/sun_pkg/share/sun_pkg/package.dsv'
[1.293s] INFO:colcon.colcon_core.shell:Creating package script '/home/nakarin/RoboticsDevExam2/install/sun_pkg/share/sun_pkg/package.sh'
[1.294s] INFO:colcon.colcon_core.shell:Creating package script '/home/nakarin/RoboticsDevExam2/install/sun_pkg/share/sun_pkg/package.bash'
[1.294s] INFO:colcon.colcon_core.shell:Creating package script '/home/nakarin/RoboticsDevExam2/install/sun_pkg/share/sun_pkg/package.zsh'
[1.294s] Level 1:colcon.colcon_core.environment:create_file_with_runtime_dependencies(/home/nakarin/RoboticsDevExam2/install/sun_pkg/share/colcon-core/packages/sun_pkg)
[1.337s] Level 1:colcon.colcon_core.environment:create_environment_scripts_only(turtlesim_plus_interfaces)
[1.337s] Level 1:colcon.colcon_core.environment:checking '/home/nakarin/RoboticsDevExam2/install/turtlesim_plus_interfaces' for CMake module files
[1.337s] Level 1:colcon.colcon_core.environment:checking '/home/nakarin/RoboticsDevExam2/install/turtlesim_plus_interfaces' for CMake config files
[1.338s] Level 1:colcon.colcon_core.shell:create_environment_hook('turtlesim_plus_interfaces', 'cmake_prefix_path')
[1.338s] INFO:colcon.colcon_core.shell:Creating environment hook '/home/nakarin/RoboticsDevExam2/install/turtlesim_plus_interfaces/share/turtlesim_plus_interfaces/hook/cmake_prefix_path.ps1'
[1.338s] INFO:colcon.colcon_core.shell:Creating environment descriptor '/home/nakarin/RoboticsDevExam2/install/turtlesim_plus_interfaces/share/turtlesim_plus_interfaces/hook/cmake_prefix_path.dsv'
[1.339s] INFO:colcon.colcon_core.shell:Creating environment hook '/home/nakarin/RoboticsDevExam2/install/turtlesim_plus_interfaces/share/turtlesim_plus_interfaces/hook/cmake_prefix_path.sh'
[1.339s] Level 1:colcon.colcon_core.environment:checking '/home/nakarin/RoboticsDevExam2/install/turtlesim_plus_interfaces/lib'
[1.339s] Level 1:colcon.colcon_core.shell:create_environment_hook('turtlesim_plus_interfaces', 'ld_library_path_lib')
[1.339s] INFO:colcon.colcon_core.shell:Creating environment hook '/home/nakarin/RoboticsDevExam2/install/turtlesim_plus_interfaces/share/turtlesim_plus_interfaces/hook/ld_library_path_lib.ps1'
[1.340s] INFO:colcon.colcon_core.shell:Creating environment descriptor '/home/nakarin/RoboticsDevExam2/install/turtlesim_plus_interfaces/share/turtlesim_plus_interfaces/hook/ld_library_path_lib.dsv'
[1.340s] INFO:colcon.colcon_core.shell:Creating environment hook '/home/nakarin/RoboticsDevExam2/install/turtlesim_plus_interfaces/share/turtlesim_plus_interfaces/hook/ld_library_path_lib.sh'
[1.340s] Level 1:colcon.colcon_core.environment:checking '/home/nakarin/RoboticsDevExam2/install/turtlesim_plus_interfaces/bin'
[1.340s] Level 1:colcon.colcon_core.environment:checking '/home/nakarin/RoboticsDevExam2/install/turtlesim_plus_interfaces/lib/pkgconfig/turtlesim_plus_interfaces.pc'
[1.341s] Level 1:colcon.colcon_core.environment:checking '/home/nakarin/RoboticsDevExam2/install/turtlesim_plus_interfaces/lib/python3.10/site-packages'
[1.341s] Level 1:colcon.colcon_core.environment:checking '/home/nakarin/RoboticsDevExam2/install/turtlesim_plus_interfaces/bin'
[1.341s] INFO:colcon.colcon_core.shell:Creating package script '/home/nakarin/RoboticsDevExam2/install/turtlesim_plus_interfaces/share/turtlesim_plus_interfaces/package.ps1'
[1.342s] INFO:colcon.colcon_core.shell:Creating package descriptor '/home/nakarin/RoboticsDevExam2/install/turtlesim_plus_interfaces/share/turtlesim_plus_interfaces/package.dsv'
[1.342s] INFO:colcon.colcon_core.shell:Creating package script '/home/nakarin/RoboticsDevExam2/install/turtlesim_plus_interfaces/share/turtlesim_plus_interfaces/package.sh'
[1.343s] INFO:colcon.colcon_core.shell:Creating package script '/home/nakarin/RoboticsDevExam2/install/turtlesim_plus_interfaces/share/turtlesim_plus_interfaces/package.bash'
[1.343s] INFO:colcon.colcon_core.shell:Creating package script '/home/nakarin/RoboticsDevExam2/install/turtlesim_plus_interfaces/share/turtlesim_plus_interfaces/package.zsh'
[1.344s] Level 1:colcon.colcon_core.environment:create_file_with_runtime_dependencies(/home/nakarin/RoboticsDevExam2/install/turtlesim_plus_interfaces/share/colcon-core/packages/turtlesim_plus_interfaces)
[1.344s] DEBUG:colcon.colcon_parallel_executor.executor.parallel:closing loop
[1.344s] DEBUG:colcon.colcon_parallel_executor.executor.parallel:loop closed
[1.344s] DEBUG:colcon.colcon_parallel_executor.executor.parallel:run_until_complete finished with '0'
[1.344s] DEBUG:colcon.colcon_core.event_reactor:joining thread
[1.350s] INFO:colcon.colcon_core.plugin_system:Skipping extension 'colcon_notification.desktop_notification.terminal_notifier': Not used on non-Darwin systems
[1.350s] INFO:colcon.colcon_core.plugin_system:Skipping extension 'colcon_notification.desktop_notification.win32': Not used on non-Windows systems
[1.350s] INFO:colcon.colcon_notification.desktop_notification:Sending desktop notification using 'notify2'
[1.359s] DEBUG:colcon.colcon_core.event_reactor:joined thread
[1.359s] INFO:colcon.colcon_core.shell:Creating prefix script '/home/nakarin/RoboticsDevExam2/install/local_setup.ps1'
[1.360s] INFO:colcon.colcon_core.shell:Creating prefix util module '/home/nakarin/RoboticsDevExam2/install/_local_setup_util_ps1.py'
[1.362s] INFO:colcon.colcon_core.shell:Creating prefix chain script '/home/nakarin/RoboticsDevExam2/install/setup.ps1'
[1.364s] INFO:colcon.colcon_core.shell:Creating prefix script '/home/nakarin/RoboticsDevExam2/install/local_setup.sh'
[1.365s] INFO:colcon.colcon_core.shell:Creating prefix util module '/home/nakarin/RoboticsDevExam2/install/_local_setup_util_sh.py'
[1.365s] INFO:colcon.colcon_core.shell:Creating prefix chain script '/home/nakarin/RoboticsDevExam2/install/setup.sh'
[1.367s] INFO:colcon.colcon_core.shell:Creating prefix script '/home/nakarin/RoboticsDevExam2/install/local_setup.bash'
[1.367s] INFO:colcon.colcon_core.shell:Creating prefix chain script '/home/nakarin/RoboticsDevExam2/install/setup.bash'
[1.369s] INFO:colcon.colcon_core.shell:Creating prefix script '/home/nakarin/RoboticsDevExam2/install/local_setup.zsh'
[1.370s] INFO:colcon.colcon_core.shell:Creating prefix chain script '/home/nakarin/RoboticsDevExam2/install/setup.zsh'
