[0.033s] Invoking command in '/home/nakarin/RoboticsDevExam2/build/sun_interfaces': CMAKE_PREFIX_PATH=${CMAKE_PREFIX_PATH}:/home/nakarin/RoboticsDev/install/launch_testing_examples:/home/nakarin/RoboticsDev/install/examples_rclpy_pointcloud_publisher:/home/nakarin/RoboticsDev/install/examples_rclpy_minimal_subscriber:/home/nakarin/RoboticsDev/install/examples_rclpy_minimal_service:/home/nakarin/RoboticsDev/install/examples_rclpy_minimal_publisher:/home/nakarin/RoboticsDev/install/examples_rclpy_minimal_client:/home/nakarin/RoboticsDev/install/examples_rclpy_minimal_action_server:/home/nakarin/RoboticsDev/install/examples_rclpy_minimal_action_client:/home/nakarin/RoboticsDev/install/examples_rclpy_guard_conditions:/home/nakarin/RoboticsDev/install/examples_rclpy_executors:/opt/ros/humble /usr/bin/cmake --build /home/nakarin/RoboticsDevExam2/build/sun_interfaces -- -j8 -l8
[0.104s] [  3%] Built target sun_interfaces__cpp
[0.108s] [ 12%] Built target sun_interfaces__rosidl_generator_c
[0.152s] [ 12%] Built target ament_cmake_python_copy_sun_interfaces
[0.164s] [ 22%] Built target sun_interfaces__rosidl_typesupport_fastrtps_cpp
[0.175s] [ 32%] Built target sun_interfaces__rosidl_typesupport_introspection_cpp
[0.188s] [ 41%] Built target sun_interfaces__rosidl_typesupport_cpp
[0.194s] [ 51%] Built target sun_interfaces__rosidl_typesupport_introspection_c
[0.198s] [ 61%] Built target sun_interfaces__rosidl_typesupport_c
[0.204s] [ 70%] Built target sun_interfaces__rosidl_typesupport_fastrtps_c
[0.246s] [ 70%] Built target sun_interfaces
[0.279s] [ 74%] Built target sun_interfaces__py
[0.316s] [ 80%] Built target sun_interfaces__rosidl_generator_py
[0.373s] [ 87%] Built target sun_interfaces__rosidl_typesupport_introspection_c__pyext
[0.382s] [ 93%] Built target sun_interfaces__rosidl_typesupport_c__pyext
[0.386s] [100%] Built target sun_interfaces__rosidl_typesupport_fastrtps_c__pyext
[0.730s] running egg_info
[0.731s] writing sun_interfaces.egg-info/PKG-INFO
[0.731s] writing dependency_links to sun_interfaces.egg-info/dependency_links.txt
[0.732s] writing top-level names to sun_interfaces.egg-info/top_level.txt
[0.736s] reading manifest file 'sun_interfaces.egg-info/SOURCES.txt'
[0.737s] writing manifest file 'sun_interfaces.egg-info/SOURCES.txt'
[0.788s] [100%] Built target ament_cmake_python_build_sun_interfaces_egg
[0.800s] Invoked command in '/home/nakarin/RoboticsDevExam2/build/sun_interfaces' returned '0': CMAKE_PREFIX_PATH=${CMAKE_PREFIX_PATH}:/home/nakarin/RoboticsDev/install/launch_testing_examples:/home/nakarin/RoboticsDev/install/examples_rclpy_pointcloud_publisher:/home/nakarin/RoboticsDev/install/examples_rclpy_minimal_subscriber:/home/nakarin/RoboticsDev/install/examples_rclpy_minimal_service:/home/nakarin/RoboticsDev/install/examples_rclpy_minimal_publisher:/home/nakarin/RoboticsDev/install/examples_rclpy_minimal_client:/home/nakarin/RoboticsDev/install/examples_rclpy_minimal_action_server:/home/nakarin/RoboticsDev/install/examples_rclpy_minimal_action_client:/home/nakarin/RoboticsDev/install/examples_rclpy_guard_conditions:/home/nakarin/RoboticsDev/install/examples_rclpy_executors:/opt/ros/humble /usr/bin/cmake --build /home/nakarin/RoboticsDevExam2/build/sun_interfaces -- -j8 -l8
[0.868s] Invoking command in '/home/nakarin/RoboticsDevExam2/build/sun_interfaces': CMAKE_PREFIX_PATH=${CMAKE_PREFIX_PATH}:/home/nakarin/RoboticsDev/install/launch_testing_examples:/home/nakarin/RoboticsDev/install/examples_rclpy_pointcloud_publisher:/home/nakarin/RoboticsDev/install/examples_rclpy_minimal_subscriber:/home/nakarin/RoboticsDev/install/examples_rclpy_minimal_service:/home/nakarin/RoboticsDev/install/examples_rclpy_minimal_publisher:/home/nakarin/RoboticsDev/install/examples_rclpy_minimal_client:/home/nakarin/RoboticsDev/install/examples_rclpy_minimal_action_server:/home/nakarin/RoboticsDev/install/examples_rclpy_minimal_action_client:/home/nakarin/RoboticsDev/install/examples_rclpy_guard_conditions:/home/nakarin/RoboticsDev/install/examples_rclpy_executors:/opt/ros/humble /usr/bin/cmake --install /home/nakarin/RoboticsDevExam2/build/sun_interfaces
[0.876s] -- Install configuration: ""
[0.876s] -- Up-to-date: /home/nakarin/RoboticsDevExam2/install/sun_interfaces/share/ament_index/resource_index/rosidl_interfaces/sun_interfaces
[0.876s] -- Up-to-date: /home/nakarin/RoboticsDevExam2/install/sun_interfaces/include/sun_interfaces/sun_interfaces
[0.876s] -- Up-to-date: /home/nakarin/RoboticsDevExam2/install/sun_interfaces/include/sun_interfaces/sun_interfaces/msg
[0.876s] -- Up-to-date: /home/nakarin/RoboticsDevExam2/install/sun_interfaces/include/sun_interfaces/sun_interfaces/msg/rosidl_generator_c__visibility_control.h
[0.877s] -- Up-to-date: /home/nakarin/RoboticsDevExam2/install/sun_interfaces/include/sun_interfaces/sun_interfaces/srv
[0.877s] -- Up-to-date: /home/nakarin/RoboticsDevExam2/install/sun_interfaces/include/sun_interfaces/sun_interfaces/srv/detail
[0.877s] -- Up-to-date: /home/nakarin/RoboticsDevExam2/install/sun_interfaces/include/sun_interfaces/sun_interfaces/srv/detail/pizza_pose__type_support.h
[0.877s] -- Up-to-date: /home/nakarin/RoboticsDevExam2/install/sun_interfaces/include/sun_interfaces/sun_interfaces/srv/detail/pizza_pose__functions.h
[0.877s] -- Up-to-date: /home/nakarin/RoboticsDevExam2/install/sun_interfaces/include/sun_interfaces/sun_interfaces/srv/detail/pizza_pose__struct.h
[0.877s] -- Up-to-date: /home/nakarin/RoboticsDevExam2/install/sun_interfaces/include/sun_interfaces/sun_interfaces/srv/detail/pizza_pose__functions.c
[0.877s] -- Up-to-date: /home/nakarin/RoboticsDevExam2/install/sun_interfaces/include/sun_interfaces/sun_interfaces/srv/pizza_pose.h
[0.877s] -- Up-to-date: /home/nakarin/RoboticsDevExam2/install/sun_interfaces/share/sun_interfaces/environment/library_path.sh
[0.878s] -- Up-to-date: /home/nakarin/RoboticsDevExam2/install/sun_interfaces/share/sun_interfaces/environment/library_path.dsv
[0.878s] -- Up-to-date: /home/nakarin/RoboticsDevExam2/install/sun_interfaces/lib/libsun_interfaces__rosidl_generator_c.so
[0.878s] -- Up-to-date: /home/nakarin/RoboticsDevExam2/install/sun_interfaces/include/sun_interfaces/sun_interfaces
[0.878s] -- Up-to-date: /home/nakarin/RoboticsDevExam2/install/sun_interfaces/include/sun_interfaces/sun_interfaces/msg
[0.878s] -- Up-to-date: /home/nakarin/RoboticsDevExam2/install/sun_interfaces/include/sun_interfaces/sun_interfaces/msg/rosidl_typesupport_fastrtps_c__visibility_control.h
[0.878s] -- Up-to-date: /home/nakarin/RoboticsDevExam2/install/sun_interfaces/include/sun_interfaces/sun_interfaces/srv
[0.878s] -- Up-to-date: /home/nakarin/RoboticsDevExam2/install/sun_interfaces/include/sun_interfaces/sun_interfaces/srv/detail
[0.878s] -- Up-to-date: /home/nakarin/RoboticsDevExam2/install/sun_interfaces/include/sun_interfaces/sun_interfaces/srv/detail/pizza_pose__rosidl_typesupport_fastrtps_c.h
[0.878s] -- Up-to-date: /home/nakarin/RoboticsDevExam2/install/sun_interfaces/lib/libsun_interfaces__rosidl_typesupport_fastrtps_c.so
[0.878s] -- Up-to-date: /home/nakarin/RoboticsDevExam2/install/sun_interfaces/include/sun_interfaces/sun_interfaces
[0.878s] -- Up-to-date: /home/nakarin/RoboticsDevExam2/install/sun_interfaces/include/sun_interfaces/sun_interfaces/msg
[0.879s] -- Up-to-date: /home/nakarin/RoboticsDevExam2/install/sun_interfaces/include/sun_interfaces/sun_interfaces/msg/rosidl_typesupport_introspection_c__visibility_control.h
[0.879s] -- Up-to-date: /home/nakarin/RoboticsDevExam2/install/sun_interfaces/include/sun_interfaces/sun_interfaces/srv
[0.879s] -- Up-to-date: /home/nakarin/RoboticsDevExam2/install/sun_interfaces/include/sun_interfaces/sun_interfaces/srv/detail
[0.879s] -- Up-to-date: /home/nakarin/RoboticsDevExam2/install/sun_interfaces/include/sun_interfaces/sun_interfaces/srv/detail/pizza_pose__type_support.c
[0.879s] -- Up-to-date: /home/nakarin/RoboticsDevExam2/install/sun_interfaces/include/sun_interfaces/sun_interfaces/srv/detail/pizza_pose__rosidl_typesupport_introspection_c.h
[0.879s] -- Up-to-date: /home/nakarin/RoboticsDevExam2/install/sun_interfaces/lib/libsun_interfaces__rosidl_typesupport_introspection_c.so
[0.879s] -- Up-to-date: /home/nakarin/RoboticsDevExam2/install/sun_interfaces/lib/libsun_interfaces__rosidl_typesupport_c.so
[0.879s] -- Up-to-date: /home/nakarin/RoboticsDevExam2/install/sun_interfaces/include/sun_interfaces/sun_interfaces
[0.879s] -- Up-to-date: /home/nakarin/RoboticsDevExam2/install/sun_interfaces/include/sun_interfaces/sun_interfaces/srv
[0.879s] -- Up-to-date: /home/nakarin/RoboticsDevExam2/install/sun_interfaces/include/sun_interfaces/sun_interfaces/srv/detail
[0.879s] -- Up-to-date: /home/nakarin/RoboticsDevExam2/install/sun_interfaces/include/sun_interfaces/sun_interfaces/srv/detail/pizza_pose__builder.hpp
[0.880s] -- Up-to-date: /home/nakarin/RoboticsDevExam2/install/sun_interfaces/include/sun_interfaces/sun_interfaces/srv/detail/pizza_pose__struct.hpp
[0.880s] -- Up-to-date: /home/nakarin/RoboticsDevExam2/install/sun_interfaces/include/sun_interfaces/sun_interfaces/srv/detail/pizza_pose__traits.hpp
[0.880s] -- Up-to-date: /home/nakarin/RoboticsDevExam2/install/sun_interfaces/include/sun_interfaces/sun_interfaces/srv/pizza_pose.hpp
[0.880s] -- Up-to-date: /home/nakarin/RoboticsDevExam2/install/sun_interfaces/include/sun_interfaces/sun_interfaces
[0.880s] -- Up-to-date: /home/nakarin/RoboticsDevExam2/install/sun_interfaces/include/sun_interfaces/sun_interfaces/msg
[0.880s] -- Up-to-date: /home/nakarin/RoboticsDevExam2/install/sun_interfaces/include/sun_interfaces/sun_interfaces/msg/rosidl_typesupport_fastrtps_cpp__visibility_control.h
[0.880s] -- Up-to-date: /home/nakarin/RoboticsDevExam2/install/sun_interfaces/include/sun_interfaces/sun_interfaces/srv
[0.880s] -- Up-to-date: /home/nakarin/RoboticsDevExam2/install/sun_interfaces/include/sun_interfaces/sun_interfaces/srv/detail
[0.880s] -- Up-to-date: /home/nakarin/RoboticsDevExam2/install/sun_interfaces/include/sun_interfaces/sun_interfaces/srv/detail/dds_fastrtps
[0.880s] -- Up-to-date: /home/nakarin/RoboticsDevExam2/install/sun_interfaces/include/sun_interfaces/sun_interfaces/srv/detail/pizza_pose__rosidl_typesupport_fastrtps_cpp.hpp
[0.880s] -- Up-to-date: /home/nakarin/RoboticsDevExam2/install/sun_interfaces/lib/libsun_interfaces__rosidl_typesupport_fastrtps_cpp.so
[0.880s] -- Up-to-date: /home/nakarin/RoboticsDevExam2/install/sun_interfaces/include/sun_interfaces/sun_interfaces
[0.880s] -- Up-to-date: /home/nakarin/RoboticsDevExam2/install/sun_interfaces/include/sun_interfaces/sun_interfaces/srv
[0.880s] -- Up-to-date: /home/nakarin/RoboticsDevExam2/install/sun_interfaces/include/sun_interfaces/sun_interfaces/srv/detail
[0.881s] -- Up-to-date: /home/nakarin/RoboticsDevExam2/install/sun_interfaces/include/sun_interfaces/sun_interfaces/srv/detail/pizza_pose__type_support.cpp
[0.881s] -- Up-to-date: /home/nakarin/RoboticsDevExam2/install/sun_interfaces/include/sun_interfaces/sun_interfaces/srv/detail/pizza_pose__rosidl_typesupport_introspection_cpp.hpp
[0.881s] -- Up-to-date: /home/nakarin/RoboticsDevExam2/install/sun_interfaces/lib/libsun_interfaces__rosidl_typesupport_introspection_cpp.so
[0.881s] -- Up-to-date: /home/nakarin/RoboticsDevExam2/install/sun_interfaces/lib/libsun_interfaces__rosidl_typesupport_cpp.so
[0.881s] -- Up-to-date: /home/nakarin/RoboticsDevExam2/install/sun_interfaces/share/sun_interfaces/environment/pythonpath.sh
[0.881s] -- Up-to-date: /home/nakarin/RoboticsDevExam2/install/sun_interfaces/share/sun_interfaces/environment/pythonpath.dsv
[0.881s] -- Up-to-date: /home/nakarin/RoboticsDevExam2/install/sun_interfaces/local/lib/python3.10/dist-packages/sun_interfaces-0.0.0-py3.10.egg-info
[0.881s] -- Installing: /home/nakarin/RoboticsDevExam2/install/sun_interfaces/local/lib/python3.10/dist-packages/sun_interfaces-0.0.0-py3.10.egg-info/dependency_links.txt
[0.882s] -- Installing: /home/nakarin/RoboticsDevExam2/install/sun_interfaces/local/lib/python3.10/dist-packages/sun_interfaces-0.0.0-py3.10.egg-info/SOURCES.txt
[0.882s] -- Installing: /home/nakarin/RoboticsDevExam2/install/sun_interfaces/local/lib/python3.10/dist-packages/sun_interfaces-0.0.0-py3.10.egg-info/PKG-INFO
[0.882s] -- Installing: /home/nakarin/RoboticsDevExam2/install/sun_interfaces/local/lib/python3.10/dist-packages/sun_interfaces-0.0.0-py3.10.egg-info/top_level.txt
[0.882s] -- Up-to-date: /home/nakarin/RoboticsDevExam2/install/sun_interfaces/local/lib/python3.10/dist-packages/sun_interfaces
[0.882s] -- Up-to-date: /home/nakarin/RoboticsDevExam2/install/sun_interfaces/local/lib/python3.10/dist-packages/sun_interfaces/libsun_interfaces__rosidl_generator_py.so
[0.882s] -- Up-to-date: /home/nakarin/RoboticsDevExam2/install/sun_interfaces/local/lib/python3.10/dist-packages/sun_interfaces/_sun_interfaces_s.ep.rosidl_typesupport_fastrtps_c.c
[0.882s] -- Up-to-date: /home/nakarin/RoboticsDevExam2/install/sun_interfaces/local/lib/python3.10/dist-packages/sun_interfaces/sun_interfaces_s__rosidl_typesupport_introspection_c.cpython-310-x86_64-linux-gnu.so
[0.882s] -- Up-to-date: /home/nakarin/RoboticsDevExam2/install/sun_interfaces/local/lib/python3.10/dist-packages/sun_interfaces/sun_interfaces_s__rosidl_typesupport_fastrtps_c.cpython-310-x86_64-linux-gnu.so
[0.882s] -- Up-to-date: /home/nakarin/RoboticsDevExam2/install/sun_interfaces/local/lib/python3.10/dist-packages/sun_interfaces/sun_interfaces_s__rosidl_typesupport_c.cpython-310-x86_64-linux-gnu.so
[0.882s] -- Up-to-date: /home/nakarin/RoboticsDevExam2/install/sun_interfaces/local/lib/python3.10/dist-packages/sun_interfaces/_sun_interfaces_s.ep.rosidl_typesupport_c.c
[0.882s] -- Up-to-date: /home/nakarin/RoboticsDevExam2/install/sun_interfaces/local/lib/python3.10/dist-packages/sun_interfaces/_sun_interfaces_s.ep.rosidl_typesupport_introspection_c.c
[0.882s] -- Up-to-date: /home/nakarin/RoboticsDevExam2/install/sun_interfaces/local/lib/python3.10/dist-packages/sun_interfaces/__init__.py
[0.882s] -- Up-to-date: /home/nakarin/RoboticsDevExam2/install/sun_interfaces/local/lib/python3.10/dist-packages/sun_interfaces/srv
[0.882s] -- Up-to-date: /home/nakarin/RoboticsDevExam2/install/sun_interfaces/local/lib/python3.10/dist-packages/sun_interfaces/srv/__init__.py
[0.882s] -- Up-to-date: /home/nakarin/RoboticsDevExam2/install/sun_interfaces/local/lib/python3.10/dist-packages/sun_interfaces/srv/_pizza_pose.py
[0.882s] -- Up-to-date: /home/nakarin/RoboticsDevExam2/install/sun_interfaces/local/lib/python3.10/dist-packages/sun_interfaces/srv/_pizza_pose_s.c
[0.929s] Listing '/home/nakarin/RoboticsDevExam2/install/sun_interfaces/local/lib/python3.10/dist-packages/sun_interfaces'...
[0.929s] Listing '/home/nakarin/RoboticsDevExam2/install/sun_interfaces/local/lib/python3.10/dist-packages/sun_interfaces/srv'...
[0.936s] -- Up-to-date: /home/nakarin/RoboticsDevExam2/install/sun_interfaces/local/lib/python3.10/dist-packages/sun_interfaces/sun_interfaces_s__rosidl_typesupport_fastrtps_c.cpython-310-x86_64-linux-gnu.so
[0.937s] -- Up-to-date: /home/nakarin/RoboticsDevExam2/install/sun_interfaces/local/lib/python3.10/dist-packages/sun_interfaces/sun_interfaces_s__rosidl_typesupport_introspection_c.cpython-310-x86_64-linux-gnu.so
[0.937s] -- Up-to-date: /home/nakarin/RoboticsDevExam2/install/sun_interfaces/local/lib/python3.10/dist-packages/sun_interfaces/sun_interfaces_s__rosidl_typesupport_c.cpython-310-x86_64-linux-gnu.so
[0.937s] -- Up-to-date: /home/nakarin/RoboticsDevExam2/install/sun_interfaces/lib/libsun_interfaces__rosidl_generator_py.so
[0.937s] -- Up-to-date: /home/nakarin/RoboticsDevExam2/install/sun_interfaces/share/sun_interfaces/srv/PizzaPose.idl
[0.937s] -- Up-to-date: /home/nakarin/RoboticsDevExam2/install/sun_interfaces/share/sun_interfaces/srv/PizzaPose.srv
[0.938s] -- Up-to-date: /home/nakarin/RoboticsDevExam2/install/sun_interfaces/share/sun_interfaces/srv/PizzaPose_Request.msg
[0.938s] -- Up-to-date: /home/nakarin/RoboticsDevExam2/install/sun_interfaces/share/sun_interfaces/srv/PizzaPose_Response.msg
[0.938s] -- Up-to-date: /home/nakarin/RoboticsDevExam2/install/sun_interfaces/share/ament_index/resource_index/package_run_dependencies/sun_interfaces
[0.939s] -- Up-to-date: /home/nakarin/RoboticsDevExam2/install/sun_interfaces/share/ament_index/resource_index/parent_prefix_path/sun_interfaces
[0.939s] -- Up-to-date: /home/nakarin/RoboticsDevExam2/install/sun_interfaces/share/sun_interfaces/environment/ament_prefix_path.sh
[0.939s] -- Up-to-date: /home/nakarin/RoboticsDevExam2/install/sun_interfaces/share/sun_interfaces/environment/ament_prefix_path.dsv
[0.939s] -- Up-to-date: /home/nakarin/RoboticsDevExam2/install/sun_interfaces/share/sun_interfaces/environment/path.sh
[0.939s] -- Up-to-date: /home/nakarin/RoboticsDevExam2/install/sun_interfaces/share/sun_interfaces/environment/path.dsv
[0.939s] -- Up-to-date: /home/nakarin/RoboticsDevExam2/install/sun_interfaces/share/sun_interfaces/local_setup.bash
[0.940s] -- Up-to-date: /home/nakarin/RoboticsDevExam2/install/sun_interfaces/share/sun_interfaces/local_setup.sh
[0.940s] -- Up-to-date: /home/nakarin/RoboticsDevExam2/install/sun_interfaces/share/sun_interfaces/local_setup.zsh
[0.940s] -- Up-to-date: /home/nakarin/RoboticsDevExam2/install/sun_interfaces/share/sun_interfaces/local_setup.dsv
[0.940s] -- Installing: /home/nakarin/RoboticsDevExam2/install/sun_interfaces/share/sun_interfaces/package.dsv
[0.940s] -- Up-to-date: /home/nakarin/RoboticsDevExam2/install/sun_interfaces/share/ament_index/resource_index/packages/sun_interfaces
[0.940s] -- Up-to-date: /home/nakarin/RoboticsDevExam2/install/sun_interfaces/share/sun_interfaces/cmake/export_sun_interfaces__rosidl_generator_cExport.cmake
[0.940s] -- Up-to-date: /home/nakarin/RoboticsDevExam2/install/sun_interfaces/share/sun_interfaces/cmake/export_sun_interfaces__rosidl_generator_cExport-noconfig.cmake
[0.940s] -- Up-to-date: /home/nakarin/RoboticsDevExam2/install/sun_interfaces/share/sun_interfaces/cmake/export_sun_interfaces__rosidl_typesupport_fastrtps_cExport.cmake
[0.940s] -- Up-to-date: /home/nakarin/RoboticsDevExam2/install/sun_interfaces/share/sun_interfaces/cmake/export_sun_interfaces__rosidl_typesupport_fastrtps_cExport-noconfig.cmake
[0.940s] -- Up-to-date: /home/nakarin/RoboticsDevExam2/install/sun_interfaces/share/sun_interfaces/cmake/sun_interfaces__rosidl_typesupport_introspection_cExport.cmake
[0.940s] -- Up-to-date: /home/nakarin/RoboticsDevExam2/install/sun_interfaces/share/sun_interfaces/cmake/sun_interfaces__rosidl_typesupport_introspection_cExport-noconfig.cmake
[0.940s] -- Up-to-date: /home/nakarin/RoboticsDevExam2/install/sun_interfaces/share/sun_interfaces/cmake/sun_interfaces__rosidl_typesupport_cExport.cmake
[0.940s] -- Up-to-date: /home/nakarin/RoboticsDevExam2/install/sun_interfaces/share/sun_interfaces/cmake/sun_interfaces__rosidl_typesupport_cExport-noconfig.cmake
[0.940s] -- Up-to-date: /home/nakarin/RoboticsDevExam2/install/sun_interfaces/share/sun_interfaces/cmake/export_sun_interfaces__rosidl_generator_cppExport.cmake
[0.940s] -- Up-to-date: /home/nakarin/RoboticsDevExam2/install/sun_interfaces/share/sun_interfaces/cmake/export_sun_interfaces__rosidl_typesupport_fastrtps_cppExport.cmake
[0.940s] -- Up-to-date: /home/nakarin/RoboticsDevExam2/install/sun_interfaces/share/sun_interfaces/cmake/export_sun_interfaces__rosidl_typesupport_fastrtps_cppExport-noconfig.cmake
[0.941s] -- Up-to-date: /home/nakarin/RoboticsDevExam2/install/sun_interfaces/share/sun_interfaces/cmake/sun_interfaces__rosidl_typesupport_introspection_cppExport.cmake
[0.941s] -- Up-to-date: /home/nakarin/RoboticsDevExam2/install/sun_interfaces/share/sun_interfaces/cmake/sun_interfaces__rosidl_typesupport_introspection_cppExport-noconfig.cmake
[0.941s] -- Up-to-date: /home/nakarin/RoboticsDevExam2/install/sun_interfaces/share/sun_interfaces/cmake/sun_interfaces__rosidl_typesupport_cppExport.cmake
[0.941s] -- Up-to-date: /home/nakarin/RoboticsDevExam2/install/sun_interfaces/share/sun_interfaces/cmake/sun_interfaces__rosidl_typesupport_cppExport-noconfig.cmake
[0.941s] -- Up-to-date: /home/nakarin/RoboticsDevExam2/install/sun_interfaces/share/sun_interfaces/cmake/export_sun_interfaces__rosidl_generator_pyExport.cmake
[0.941s] -- Up-to-date: /home/nakarin/RoboticsDevExam2/install/sun_interfaces/share/sun_interfaces/cmake/export_sun_interfaces__rosidl_generator_pyExport-noconfig.cmake
[0.941s] -- Up-to-date: /home/nakarin/RoboticsDevExam2/install/sun_interfaces/share/sun_interfaces/cmake/rosidl_cmake-extras.cmake
[0.941s] -- Up-to-date: /home/nakarin/RoboticsDevExam2/install/sun_interfaces/share/sun_interfaces/cmake/ament_cmake_export_include_directories-extras.cmake
[0.941s] -- Up-to-date: /home/nakarin/RoboticsDevExam2/install/sun_interfaces/share/sun_interfaces/cmake/ament_cmake_export_libraries-extras.cmake
[0.941s] -- Up-to-date: /home/nakarin/RoboticsDevExam2/install/sun_interfaces/share/sun_interfaces/cmake/ament_cmake_export_targets-extras.cmake
[0.941s] -- Up-to-date: /home/nakarin/RoboticsDevExam2/install/sun_interfaces/share/sun_interfaces/cmake/rosidl_cmake_export_typesupport_targets-extras.cmake
[0.941s] -- Up-to-date: /home/nakarin/RoboticsDevExam2/install/sun_interfaces/share/sun_interfaces/cmake/ament_cmake_export_dependencies-extras.cmake
[0.942s] -- Up-to-date: /home/nakarin/RoboticsDevExam2/install/sun_interfaces/share/sun_interfaces/cmake/rosidl_cmake_export_typesupport_libraries-extras.cmake
[0.942s] -- Up-to-date: /home/nakarin/RoboticsDevExam2/install/sun_interfaces/share/sun_interfaces/cmake/sun_interfacesConfig.cmake
[0.942s] -- Up-to-date: /home/nakarin/RoboticsDevExam2/install/sun_interfaces/share/sun_interfaces/cmake/sun_interfacesConfig-version.cmake
[0.942s] -- Up-to-date: /home/nakarin/RoboticsDevExam2/install/sun_interfaces/share/sun_interfaces/package.xml
[0.943s] Invoked command in '/home/nakarin/RoboticsDevExam2/build/sun_interfaces' returned '0': CMAKE_PREFIX_PATH=${CMAKE_PREFIX_PATH}:/home/nakarin/RoboticsDev/install/launch_testing_examples:/home/nakarin/RoboticsDev/install/examples_rclpy_pointcloud_publisher:/home/nakarin/RoboticsDev/install/examples_rclpy_minimal_subscriber:/home/nakarin/RoboticsDev/install/examples_rclpy_minimal_service:/home/nakarin/RoboticsDev/install/examples_rclpy_minimal_publisher:/home/nakarin/RoboticsDev/install/examples_rclpy_minimal_client:/home/nakarin/RoboticsDev/install/examples_rclpy_minimal_action_server:/home/nakarin/RoboticsDev/install/examples_rclpy_minimal_action_client:/home/nakarin/RoboticsDev/install/examples_rclpy_guard_conditions:/home/nakarin/RoboticsDev/install/examples_rclpy_executors:/opt/ros/humble /usr/bin/cmake --install /home/nakarin/RoboticsDevExam2/build/sun_interfaces
