[0.022s] Invoking command in '/home/saifa/Desktop/Ros_exam/build/sun_interfaces': CMAKE_PREFIX_PATH=${CMAKE_PREFIX_PATH}:/home/saifa/Desktop/ros2_w2_ws/install/launch_testing_examples:/home/saifa/Desktop/ros2_w2_ws/install/examples_rclpy_pointcloud_publisher:/home/saifa/Desktop/ros2_w2_ws/install/examples_rclpy_minimal_subscriber:/home/saifa/Desktop/ros2_w2_ws/install/examples_rclpy_minimal_service:/home/saifa/Desktop/ros2_w2_ws/install/examples_rclpy_minimal_publisher:/home/saifa/Desktop/ros2_w2_ws/install/examples_rclpy_minimal_client:/home/saifa/Desktop/ros2_w2_ws/install/examples_rclpy_minimal_action_server:/home/saifa/Desktop/ros2_w2_ws/install/examples_rclpy_minimal_action_client:/home/saifa/Desktop/ros2_w2_ws/install/examples_rclpy_guard_conditions:/home/saifa/Desktop/ros2_w2_ws/install/examples_rclpy_executors:/opt/ros/humble /usr/bin/cmake /home/saifa/Desktop/Ros_exam/src/sun_interfaces -DCMAKE_INSTALL_PREFIX=/home/saifa/Desktop/Ros_exam/install/sun_interfaces
[0.068s] -- The C compiler identification is GNU 11.4.0
[0.114s] -- The CXX compiler identification is GNU 11.4.0
[0.122s] -- Detecting C compiler ABI info
[0.184s] -- Detecting C compiler ABI info - done
[0.189s] -- Check for working C compiler: /usr/bin/cc - skipped
[0.189s] -- Detecting C compile features
[0.189s] -- Detecting C compile features - done
[0.192s] -- Detecting CXX compiler ABI info
[0.264s] -- Detecting CXX compiler ABI info - done
[0.270s] -- Check for working CXX compiler: /usr/bin/c++ - skipped
[0.270s] -- Detecting CXX compile features
[0.270s] -- Detecting CXX compile features - done
[0.276s] -- Found ament_cmake: 1.3.10 (/opt/ros/humble/share/ament_cmake/cmake)
[0.447s] -- Found Python3: /usr/bin/python3 (found version "3.10.12") found components: Interpreter 
[0.588s] -- Found rosidl_default_generators: 1.2.0 (/opt/ros/humble/share/rosidl_default_generators/cmake)
[0.601s] -- Using all available rosidl_typesupport_c: rosidl_typesupport_fastrtps_c;rosidl_typesupport_introspection_c
[0.621s] -- Found rosidl_adapter: 3.1.5 (/opt/ros/humble/share/rosidl_adapter/cmake)
[0.684s] -- Using all available rosidl_typesupport_cpp: rosidl_typesupport_fastrtps_cpp;rosidl_typesupport_introspection_cpp
[0.962s] -- Found ament_cmake_ros: 0.10.0 (/opt/ros/humble/share/ament_cmake_ros/cmake)
[1.146s] -- Using all available rosidl_typesupport_c: rosidl_typesupport_fastrtps_c;rosidl_typesupport_introspection_c
[1.367s] -- Using all available rosidl_typesupport_cpp: rosidl_typesupport_fastrtps_cpp;rosidl_typesupport_introspection_cpp
[1.390s] -- Found PythonInterp: /usr/bin/python3 (found suitable version "3.10.12", minimum required is "3.6") 
[1.395s] -- Found python_cmake_module: 0.10.0 (/opt/ros/humble/share/python_cmake_module/cmake)
[1.421s] -- Found PythonLibs: /usr/lib/x86_64-linux-gnu/libpython3.10.so (found suitable version "3.10.12", minimum required is "3.5") 
[1.421s] -- Using PYTHON_EXECUTABLE: /usr/bin/python3
[1.421s] -- Using PYTHON_INCLUDE_DIRS: /usr/include/python3.10
[1.421s] -- Using PYTHON_LIBRARIES: /usr/lib/x86_64-linux-gnu/libpython3.10.so
[1.444s] -- Found PythonExtra: .so  
[1.494s] -- Found ament_lint_auto: 0.12.11 (/opt/ros/humble/share/ament_lint_auto/cmake)
[1.530s] -- Added test 'lint_cmake' to check CMake code style
[1.532s] -- Added test 'xmllint' to check XML markup files
[1.535s] -- Configuring done
[1.560s] -- Generating done
[1.562s] -- Build files have been written to: /home/saifa/Desktop/Ros_exam/build/sun_interfaces
[1.570s] Invoked command in '/home/saifa/Desktop/Ros_exam/build/sun_interfaces' returned '0': CMAKE_PREFIX_PATH=${CMAKE_PREFIX_PATH}:/home/saifa/Desktop/ros2_w2_ws/install/launch_testing_examples:/home/saifa/Desktop/ros2_w2_ws/install/examples_rclpy_pointcloud_publisher:/home/saifa/Desktop/ros2_w2_ws/install/examples_rclpy_minimal_subscriber:/home/saifa/Desktop/ros2_w2_ws/install/examples_rclpy_minimal_service:/home/saifa/Desktop/ros2_w2_ws/install/examples_rclpy_minimal_publisher:/home/saifa/Desktop/ros2_w2_ws/install/examples_rclpy_minimal_client:/home/saifa/Desktop/ros2_w2_ws/install/examples_rclpy_minimal_action_server:/home/saifa/Desktop/ros2_w2_ws/install/examples_rclpy_minimal_action_client:/home/saifa/Desktop/ros2_w2_ws/install/examples_rclpy_guard_conditions:/home/saifa/Desktop/ros2_w2_ws/install/examples_rclpy_executors:/opt/ros/humble /usr/bin/cmake /home/saifa/Desktop/Ros_exam/src/sun_interfaces -DCMAKE_INSTALL_PREFIX=/home/saifa/Desktop/Ros_exam/install/sun_interfaces
[1.571s] Invoking command in '/home/saifa/Desktop/Ros_exam/build/sun_interfaces': CMAKE_PREFIX_PATH=${CMAKE_PREFIX_PATH}:/home/saifa/Desktop/ros2_w2_ws/install/launch_testing_examples:/home/saifa/Desktop/ros2_w2_ws/install/examples_rclpy_pointcloud_publisher:/home/saifa/Desktop/ros2_w2_ws/install/examples_rclpy_minimal_subscriber:/home/saifa/Desktop/ros2_w2_ws/install/examples_rclpy_minimal_service:/home/saifa/Desktop/ros2_w2_ws/install/examples_rclpy_minimal_publisher:/home/saifa/Desktop/ros2_w2_ws/install/examples_rclpy_minimal_client:/home/saifa/Desktop/ros2_w2_ws/install/examples_rclpy_minimal_action_server:/home/saifa/Desktop/ros2_w2_ws/install/examples_rclpy_minimal_action_client:/home/saifa/Desktop/ros2_w2_ws/install/examples_rclpy_guard_conditions:/home/saifa/Desktop/ros2_w2_ws/install/examples_rclpy_executors:/opt/ros/humble /usr/bin/cmake --build /home/saifa/Desktop/Ros_exam/build/sun_interfaces -- -j16 -l16
[1.615s] [  3%] [34m[1mGenerating C code for ROS interfaces[0m
[1.626s] [  6%] [34m[1mGenerating C++ code for ROS interfaces[0m
[1.637s] [  6%] Built target ament_cmake_python_copy_sun_interfaces
[1.865s] [  6%] Built target sun_interfaces__cpp
[1.871s] running egg_info
[1.872s] creating sun_interfaces.egg-info
[1.873s] writing sun_interfaces.egg-info/PKG-INFO
[1.873s] writing dependency_links to sun_interfaces.egg-info/dependency_links.txt
[1.873s] writing top-level names to sun_interfaces.egg-info/top_level.txt
[1.873s] writing manifest file 'sun_interfaces.egg-info/SOURCES.txt'
[1.875s] reading manifest file 'sun_interfaces.egg-info/SOURCES.txt'
[1.875s] writing manifest file 'sun_interfaces.egg-info/SOURCES.txt'
[1.876s] [  9%] [34m[1mGenerating C++ type support for eProsima Fast-RTPS[0m
[1.876s] [ 12%] [34m[1mGenerating C++ type support dispatch for ROS interfaces[0m
[1.876s] [ 16%] [34m[1mGenerating C++ introspection for ROS interfaces[0m
[1.899s] [ 19%] [32mBuilding C object CMakeFiles/sun_interfaces__rosidl_generator_c.dir/rosidl_generator_c/sun_interfaces/srv/detail/pizza_pose__functions.c.o[0m
[1.910s] [ 19%] Built target ament_cmake_python_build_sun_interfaces_egg
[1.949s] [ 22%] [32m[1mLinking C shared library libsun_interfaces__rosidl_generator_c.so[0m
[1.984s] [ 22%] Built target sun_interfaces__rosidl_generator_c
[1.995s] [ 29%] [34m[1mGenerating C introspection for ROS interfaces[0m
[1.995s] [ 29%] [34m[1mGenerating C type support dispatch for ROS interfaces[0m
[1.997s] [ 32%] [34m[1mGenerating C type support for eProsima Fast-RTPS[0m
[2.083s] [ 35%] [32mBuilding CXX object CMakeFiles/sun_interfaces__rosidl_typesupport_cpp.dir/rosidl_typesupport_cpp/sun_interfaces/srv/pizza_pose__type_support.cpp.o[0m
[2.110s] [ 41%] [32mBuilding CXX object CMakeFiles/sun_interfaces__rosidl_typesupport_introspection_cpp.dir/rosidl_typesupport_introspection_cpp/sun_interfaces/srv/detail/pizza_pose__type_support.cpp.o[0m
[2.110s] [ 41%] [32mBuilding CXX object CMakeFiles/sun_interfaces__rosidl_typesupport_fastrtps_cpp.dir/rosidl_typesupport_fastrtps_cpp/sun_interfaces/srv/detail/dds_fastrtps/pizza_pose__type_support.cpp.o[0m
[2.213s] [ 45%] [32mBuilding CXX object CMakeFiles/sun_interfaces__rosidl_typesupport_c.dir/rosidl_typesupport_c/sun_interfaces/srv/pizza_pose__type_support.cpp.o[0m
[2.271s] [ 48%] [32m[1mLinking CXX shared library libsun_interfaces__rosidl_typesupport_c.so[0m
[2.305s] [ 51%] [32mBuilding CXX object CMakeFiles/sun_interfaces__rosidl_typesupport_fastrtps_c.dir/rosidl_typesupport_fastrtps_c/sun_interfaces/srv/detail/pizza_pose__type_support_c.cpp.o[0m
[2.307s] [ 54%] [32mBuilding C object CMakeFiles/sun_interfaces__rosidl_typesupport_introspection_c.dir/rosidl_typesupport_introspection_c/sun_interfaces/srv/detail/pizza_pose__type_support.c.o[0m
[2.333s] [ 54%] Built target sun_interfaces__rosidl_typesupport_c
[2.341s] [ 58%] [32m[1mLinking CXX shared library libsun_interfaces__rosidl_typesupport_cpp.so[0m
[2.350s] [ 61%] [32m[1mLinking C shared library libsun_interfaces__rosidl_typesupport_introspection_c.so[0m
[2.381s] [ 61%] Built target sun_interfaces__rosidl_typesupport_cpp
[2.381s] [ 61%] Built target sun_interfaces__rosidl_typesupport_introspection_c
[2.520s] [ 64%] [32m[1mLinking CXX shared library libsun_interfaces__rosidl_typesupport_fastrtps_cpp.so[0m
[2.526s] [ 67%] [32m[1mLinking CXX shared library libsun_interfaces__rosidl_typesupport_introspection_cpp.so[0m
[2.603s] [ 70%] [32m[1mLinking CXX shared library libsun_interfaces__rosidl_typesupport_fastrtps_c.so[0m
[2.672s] [ 70%] Built target sun_interfaces__rosidl_typesupport_fastrtps_cpp
[2.690s] [ 70%] Built target sun_interfaces__rosidl_typesupport_introspection_cpp
[2.791s] [ 70%] Built target sun_interfaces__rosidl_typesupport_fastrtps_c
[2.845s] [ 70%] Built target sun_interfaces
[2.906s] [ 74%] [34m[1mGenerating Python code for ROS interfaces[0m
[3.388s] [ 74%] Built target sun_interfaces__py
[3.414s] [ 77%] [32mBuilding C object CMakeFiles/sun_interfaces__rosidl_generator_py.dir/rosidl_generator_py/sun_interfaces/srv/_pizza_pose_s.c.o[0m
[3.537s] [ 80%] [32m[1mLinking C shared library rosidl_generator_py/sun_interfaces/libsun_interfaces__rosidl_generator_py.so[0m
[3.581s] [ 80%] Built target sun_interfaces__rosidl_generator_py
[3.606s] [ 87%] [32mBuilding C object CMakeFiles/sun_interfaces__rosidl_typesupport_c__pyext.dir/rosidl_generator_py/sun_interfaces/_sun_interfaces_s.ep.rosidl_typesupport_c.c.o[0m
[3.606s] [ 87%] [32mBuilding C object CMakeFiles/sun_interfaces__rosidl_typesupport_fastrtps_c__pyext.dir/rosidl_generator_py/sun_interfaces/_sun_interfaces_s.ep.rosidl_typesupport_fastrtps_c.c.o[0m
[3.606s] [ 90%] [32mBuilding C object CMakeFiles/sun_interfaces__rosidl_typesupport_introspection_c__pyext.dir/rosidl_generator_py/sun_interfaces/_sun_interfaces_s.ep.rosidl_typesupport_introspection_c.c.o[0m
[3.686s] [ 96%] [32m[1mLinking C shared library rosidl_generator_py/sun_interfaces/sun_interfaces_s__rosidl_typesupport_c.cpython-310-x86_64-linux-gnu.so[0m
[3.687s] [ 96%] [32m[1mLinking C shared library rosidl_generator_py/sun_interfaces/sun_interfaces_s__rosidl_typesupport_introspection_c.cpython-310-x86_64-linux-gnu.so[0m
[3.695s] [100%] [32m[1mLinking C shared library rosidl_generator_py/sun_interfaces/sun_interfaces_s__rosidl_typesupport_fastrtps_c.cpython-310-x86_64-linux-gnu.so[0m
[3.719s] [100%] Built target sun_interfaces__rosidl_typesupport_introspection_c__pyext
[3.720s] [100%] Built target sun_interfaces__rosidl_typesupport_c__pyext
[3.728s] [100%] Built target sun_interfaces__rosidl_typesupport_fastrtps_c__pyext
[3.740s] Invoked command in '/home/saifa/Desktop/Ros_exam/build/sun_interfaces' returned '0': CMAKE_PREFIX_PATH=${CMAKE_PREFIX_PATH}:/home/saifa/Desktop/ros2_w2_ws/install/launch_testing_examples:/home/saifa/Desktop/ros2_w2_ws/install/examples_rclpy_pointcloud_publisher:/home/saifa/Desktop/ros2_w2_ws/install/examples_rclpy_minimal_subscriber:/home/saifa/Desktop/ros2_w2_ws/install/examples_rclpy_minimal_service:/home/saifa/Desktop/ros2_w2_ws/install/examples_rclpy_minimal_publisher:/home/saifa/Desktop/ros2_w2_ws/install/examples_rclpy_minimal_client:/home/saifa/Desktop/ros2_w2_ws/install/examples_rclpy_minimal_action_server:/home/saifa/Desktop/ros2_w2_ws/install/examples_rclpy_minimal_action_client:/home/saifa/Desktop/ros2_w2_ws/install/examples_rclpy_guard_conditions:/home/saifa/Desktop/ros2_w2_ws/install/examples_rclpy_executors:/opt/ros/humble /usr/bin/cmake --build /home/saifa/Desktop/Ros_exam/build/sun_interfaces -- -j16 -l16
[3.809s] Invoking command in '/home/saifa/Desktop/Ros_exam/build/sun_interfaces': CMAKE_PREFIX_PATH=${CMAKE_PREFIX_PATH}:/home/saifa/Desktop/ros2_w2_ws/install/launch_testing_examples:/home/saifa/Desktop/ros2_w2_ws/install/examples_rclpy_pointcloud_publisher:/home/saifa/Desktop/ros2_w2_ws/install/examples_rclpy_minimal_subscriber:/home/saifa/Desktop/ros2_w2_ws/install/examples_rclpy_minimal_service:/home/saifa/Desktop/ros2_w2_ws/install/examples_rclpy_minimal_publisher:/home/saifa/Desktop/ros2_w2_ws/install/examples_rclpy_minimal_client:/home/saifa/Desktop/ros2_w2_ws/install/examples_rclpy_minimal_action_server:/home/saifa/Desktop/ros2_w2_ws/install/examples_rclpy_minimal_action_client:/home/saifa/Desktop/ros2_w2_ws/install/examples_rclpy_guard_conditions:/home/saifa/Desktop/ros2_w2_ws/install/examples_rclpy_executors:/opt/ros/humble /usr/bin/cmake --install /home/saifa/Desktop/Ros_exam/build/sun_interfaces
[3.816s] -- Install configuration: ""
[3.816s] -- Installing: /home/saifa/Desktop/Ros_exam/install/sun_interfaces/share/ament_index/resource_index/rosidl_interfaces/sun_interfaces
[3.816s] -- Installing: /home/saifa/Desktop/Ros_exam/install/sun_interfaces/include/sun_interfaces/sun_interfaces
[3.816s] -- Installing: /home/saifa/Desktop/Ros_exam/install/sun_interfaces/include/sun_interfaces/sun_interfaces/msg
[3.816s] -- Installing: /home/saifa/Desktop/Ros_exam/install/sun_interfaces/include/sun_interfaces/sun_interfaces/msg/rosidl_generator_c__visibility_control.h
[3.816s] -- Installing: /home/saifa/Desktop/Ros_exam/install/sun_interfaces/include/sun_interfaces/sun_interfaces/srv
[3.816s] -- Installing: /home/saifa/Desktop/Ros_exam/install/sun_interfaces/include/sun_interfaces/sun_interfaces/srv/pizza_pose.h
[3.817s] -- Installing: /home/saifa/Desktop/Ros_exam/install/sun_interfaces/include/sun_interfaces/sun_interfaces/srv/detail
[3.817s] -- Installing: /home/saifa/Desktop/Ros_exam/install/sun_interfaces/include/sun_interfaces/sun_interfaces/srv/detail/pizza_pose__functions.h
[3.817s] -- Installing: /home/saifa/Desktop/Ros_exam/install/sun_interfaces/include/sun_interfaces/sun_interfaces/srv/detail/pizza_pose__functions.c
[3.817s] -- Installing: /home/saifa/Desktop/Ros_exam/install/sun_interfaces/include/sun_interfaces/sun_interfaces/srv/detail/pizza_pose__type_support.h
[3.817s] -- Installing: /home/saifa/Desktop/Ros_exam/install/sun_interfaces/include/sun_interfaces/sun_interfaces/srv/detail/pizza_pose__struct.h
[3.817s] -- Installing: /home/saifa/Desktop/Ros_exam/install/sun_interfaces/share/sun_interfaces/environment/library_path.sh
[3.817s] -- Installing: /home/saifa/Desktop/Ros_exam/install/sun_interfaces/share/sun_interfaces/environment/library_path.dsv
[3.817s] -- Installing: /home/saifa/Desktop/Ros_exam/install/sun_interfaces/lib/libsun_interfaces__rosidl_generator_c.so
[3.818s] -- Set runtime path of "/home/saifa/Desktop/Ros_exam/install/sun_interfaces/lib/libsun_interfaces__rosidl_generator_c.so" to ""
[3.818s] -- Up-to-date: /home/saifa/Desktop/Ros_exam/install/sun_interfaces/include/sun_interfaces/sun_interfaces
[3.818s] -- Up-to-date: /home/saifa/Desktop/Ros_exam/install/sun_interfaces/include/sun_interfaces/sun_interfaces/msg
[3.818s] -- Installing: /home/saifa/Desktop/Ros_exam/install/sun_interfaces/include/sun_interfaces/sun_interfaces/msg/rosidl_typesupport_fastrtps_c__visibility_control.h
[3.818s] -- Up-to-date: /home/saifa/Desktop/Ros_exam/install/sun_interfaces/include/sun_interfaces/sun_interfaces/srv
[3.818s] -- Up-to-date: /home/saifa/Desktop/Ros_exam/install/sun_interfaces/include/sun_interfaces/sun_interfaces/srv/detail
[3.818s] -- Installing: /home/saifa/Desktop/Ros_exam/install/sun_interfaces/include/sun_interfaces/sun_interfaces/srv/detail/pizza_pose__rosidl_typesupport_fastrtps_c.h
[3.818s] -- Installing: /home/saifa/Desktop/Ros_exam/install/sun_interfaces/lib/libsun_interfaces__rosidl_typesupport_fastrtps_c.so
[3.818s] -- Set runtime path of "/home/saifa/Desktop/Ros_exam/install/sun_interfaces/lib/libsun_interfaces__rosidl_typesupport_fastrtps_c.so" to ""
[3.819s] -- Up-to-date: /home/saifa/Desktop/Ros_exam/install/sun_interfaces/include/sun_interfaces/sun_interfaces
[3.819s] -- Up-to-date: /home/saifa/Desktop/Ros_exam/install/sun_interfaces/include/sun_interfaces/sun_interfaces/msg
[3.819s] -- Installing: /home/saifa/Desktop/Ros_exam/install/sun_interfaces/include/sun_interfaces/sun_interfaces/msg/rosidl_typesupport_introspection_c__visibility_control.h
[3.819s] -- Up-to-date: /home/saifa/Desktop/Ros_exam/install/sun_interfaces/include/sun_interfaces/sun_interfaces/srv
[3.819s] -- Up-to-date: /home/saifa/Desktop/Ros_exam/install/sun_interfaces/include/sun_interfaces/sun_interfaces/srv/detail
[3.819s] -- Installing: /home/saifa/Desktop/Ros_exam/install/sun_interfaces/include/sun_interfaces/sun_interfaces/srv/detail/pizza_pose__type_support.c
[3.819s] -- Installing: /home/saifa/Desktop/Ros_exam/install/sun_interfaces/include/sun_interfaces/sun_interfaces/srv/detail/pizza_pose__rosidl_typesupport_introspection_c.h
[3.819s] -- Installing: /home/saifa/Desktop/Ros_exam/install/sun_interfaces/lib/libsun_interfaces__rosidl_typesupport_introspection_c.so
[3.819s] -- Set runtime path of "/home/saifa/Desktop/Ros_exam/install/sun_interfaces/lib/libsun_interfaces__rosidl_typesupport_introspection_c.so" to ""
[3.819s] -- Installing: /home/saifa/Desktop/Ros_exam/install/sun_interfaces/lib/libsun_interfaces__rosidl_typesupport_c.so
[3.820s] -- Set runtime path of "/home/saifa/Desktop/Ros_exam/install/sun_interfaces/lib/libsun_interfaces__rosidl_typesupport_c.so" to ""
[3.820s] -- Up-to-date: /home/saifa/Desktop/Ros_exam/install/sun_interfaces/include/sun_interfaces/sun_interfaces
[3.820s] -- Up-to-date: /home/saifa/Desktop/Ros_exam/install/sun_interfaces/include/sun_interfaces/sun_interfaces/srv
[3.820s] -- Up-to-date: /home/saifa/Desktop/Ros_exam/install/sun_interfaces/include/sun_interfaces/sun_interfaces/srv/detail
[3.820s] -- Installing: /home/saifa/Desktop/Ros_exam/install/sun_interfaces/include/sun_interfaces/sun_interfaces/srv/detail/pizza_pose__traits.hpp
[3.820s] -- Installing: /home/saifa/Desktop/Ros_exam/install/sun_interfaces/include/sun_interfaces/sun_interfaces/srv/detail/pizza_pose__builder.hpp
[3.820s] -- Installing: /home/saifa/Desktop/Ros_exam/install/sun_interfaces/include/sun_interfaces/sun_interfaces/srv/detail/pizza_pose__struct.hpp
[3.820s] -- Installing: /home/saifa/Desktop/Ros_exam/install/sun_interfaces/include/sun_interfaces/sun_interfaces/srv/pizza_pose.hpp
[3.820s] -- Up-to-date: /home/saifa/Desktop/Ros_exam/install/sun_interfaces/include/sun_interfaces/sun_interfaces
[3.820s] -- Up-to-date: /home/saifa/Desktop/Ros_exam/install/sun_interfaces/include/sun_interfaces/sun_interfaces/msg
[3.820s] -- Installing: /home/saifa/Desktop/Ros_exam/install/sun_interfaces/include/sun_interfaces/sun_interfaces/msg/rosidl_typesupport_fastrtps_cpp__visibility_control.h
[3.820s] -- Up-to-date: /home/saifa/Desktop/Ros_exam/install/sun_interfaces/include/sun_interfaces/sun_interfaces/srv
[3.821s] -- Up-to-date: /home/saifa/Desktop/Ros_exam/install/sun_interfaces/include/sun_interfaces/sun_interfaces/srv/detail
[3.821s] -- Installing: /home/saifa/Desktop/Ros_exam/install/sun_interfaces/include/sun_interfaces/sun_interfaces/srv/detail/pizza_pose__rosidl_typesupport_fastrtps_cpp.hpp
[3.821s] -- Installing: /home/saifa/Desktop/Ros_exam/install/sun_interfaces/include/sun_interfaces/sun_interfaces/srv/detail/dds_fastrtps
[3.821s] -- Installing: /home/saifa/Desktop/Ros_exam/install/sun_interfaces/lib/libsun_interfaces__rosidl_typesupport_fastrtps_cpp.so
[3.821s] -- Set runtime path of "/home/saifa/Desktop/Ros_exam/install/sun_interfaces/lib/libsun_interfaces__rosidl_typesupport_fastrtps_cpp.so" to ""
[3.821s] -- Up-to-date: /home/saifa/Desktop/Ros_exam/install/sun_interfaces/include/sun_interfaces/sun_interfaces
[3.821s] -- Up-to-date: /home/saifa/Desktop/Ros_exam/install/sun_interfaces/include/sun_interfaces/sun_interfaces/srv
[3.821s] -- Up-to-date: /home/saifa/Desktop/Ros_exam/install/sun_interfaces/include/sun_interfaces/sun_interfaces/srv/detail
[3.821s] -- Installing: /home/saifa/Desktop/Ros_exam/install/sun_interfaces/include/sun_interfaces/sun_interfaces/srv/detail/pizza_pose__rosidl_typesupport_introspection_cpp.hpp
[3.821s] -- Installing: /home/saifa/Desktop/Ros_exam/install/sun_interfaces/include/sun_interfaces/sun_interfaces/srv/detail/pizza_pose__type_support.cpp
[3.821s] -- Installing: /home/saifa/Desktop/Ros_exam/install/sun_interfaces/lib/libsun_interfaces__rosidl_typesupport_introspection_cpp.so
[3.822s] -- Set runtime path of "/home/saifa/Desktop/Ros_exam/install/sun_interfaces/lib/libsun_interfaces__rosidl_typesupport_introspection_cpp.so" to ""
[3.822s] -- Installing: /home/saifa/Desktop/Ros_exam/install/sun_interfaces/lib/libsun_interfaces__rosidl_typesupport_cpp.so
[3.822s] -- Set runtime path of "/home/saifa/Desktop/Ros_exam/install/sun_interfaces/lib/libsun_interfaces__rosidl_typesupport_cpp.so" to ""
[3.822s] -- Installing: /home/saifa/Desktop/Ros_exam/install/sun_interfaces/share/sun_interfaces/environment/pythonpath.sh
[3.822s] -- Installing: /home/saifa/Desktop/Ros_exam/install/sun_interfaces/share/sun_interfaces/environment/pythonpath.dsv
[3.822s] -- Installing: /home/saifa/Desktop/Ros_exam/install/sun_interfaces/local/lib/python3.10/dist-packages/sun_interfaces-0.0.0-py3.10.egg-info
[3.823s] -- Installing: /home/saifa/Desktop/Ros_exam/install/sun_interfaces/local/lib/python3.10/dist-packages/sun_interfaces-0.0.0-py3.10.egg-info/top_level.txt
[3.823s] -- Installing: /home/saifa/Desktop/Ros_exam/install/sun_interfaces/local/lib/python3.10/dist-packages/sun_interfaces-0.0.0-py3.10.egg-info/SOURCES.txt
[3.823s] -- Installing: /home/saifa/Desktop/Ros_exam/install/sun_interfaces/local/lib/python3.10/dist-packages/sun_interfaces-0.0.0-py3.10.egg-info/dependency_links.txt
[3.823s] -- Installing: /home/saifa/Desktop/Ros_exam/install/sun_interfaces/local/lib/python3.10/dist-packages/sun_interfaces-0.0.0-py3.10.egg-info/PKG-INFO
[3.823s] -- Installing: /home/saifa/Desktop/Ros_exam/install/sun_interfaces/local/lib/python3.10/dist-packages/sun_interfaces
[3.823s] -- Installing: /home/saifa/Desktop/Ros_exam/install/sun_interfaces/local/lib/python3.10/dist-packages/sun_interfaces/__init__.py
[3.823s] -- Installing: /home/saifa/Desktop/Ros_exam/install/sun_interfaces/local/lib/python3.10/dist-packages/sun_interfaces/_sun_interfaces_s.ep.rosidl_typesupport_fastrtps_c.c
[3.823s] -- Installing: /home/saifa/Desktop/Ros_exam/install/sun_interfaces/local/lib/python3.10/dist-packages/sun_interfaces/_sun_interfaces_s.ep.rosidl_typesupport_c.c
[3.823s] -- Installing: /home/saifa/Desktop/Ros_exam/install/sun_interfaces/local/lib/python3.10/dist-packages/sun_interfaces/srv
[3.824s] -- Installing: /home/saifa/Desktop/Ros_exam/install/sun_interfaces/local/lib/python3.10/dist-packages/sun_interfaces/srv/__init__.py
[3.824s] -- Installing: /home/saifa/Desktop/Ros_exam/install/sun_interfaces/local/lib/python3.10/dist-packages/sun_interfaces/srv/_pizza_pose.py
[3.824s] -- Installing: /home/saifa/Desktop/Ros_exam/install/sun_interfaces/local/lib/python3.10/dist-packages/sun_interfaces/srv/_pizza_pose_s.c
[3.824s] -- Installing: /home/saifa/Desktop/Ros_exam/install/sun_interfaces/local/lib/python3.10/dist-packages/sun_interfaces/sun_interfaces_s__rosidl_typesupport_introspection_c.cpython-310-x86_64-linux-gnu.so
[3.824s] -- Installing: /home/saifa/Desktop/Ros_exam/install/sun_interfaces/local/lib/python3.10/dist-packages/sun_interfaces/sun_interfaces_s__rosidl_typesupport_fastrtps_c.cpython-310-x86_64-linux-gnu.so
[3.824s] -- Installing: /home/saifa/Desktop/Ros_exam/install/sun_interfaces/local/lib/python3.10/dist-packages/sun_interfaces/_sun_interfaces_s.ep.rosidl_typesupport_introspection_c.c
[3.824s] -- Installing: /home/saifa/Desktop/Ros_exam/install/sun_interfaces/local/lib/python3.10/dist-packages/sun_interfaces/libsun_interfaces__rosidl_generator_py.so
[3.824s] -- Installing: /home/saifa/Desktop/Ros_exam/install/sun_interfaces/local/lib/python3.10/dist-packages/sun_interfaces/sun_interfaces_s__rosidl_typesupport_c.cpython-310-x86_64-linux-gnu.so
[3.858s] Listing '/home/saifa/Desktop/Ros_exam/install/sun_interfaces/local/lib/python3.10/dist-packages/sun_interfaces'...
[3.858s] Compiling '/home/saifa/Desktop/Ros_exam/install/sun_interfaces/local/lib/python3.10/dist-packages/sun_interfaces/__init__.py'...
[3.858s] Listing '/home/saifa/Desktop/Ros_exam/install/sun_interfaces/local/lib/python3.10/dist-packages/sun_interfaces/srv'...
[3.859s] Compiling '/home/saifa/Desktop/Ros_exam/install/sun_interfaces/local/lib/python3.10/dist-packages/sun_interfaces/srv/__init__.py'...
[3.859s] Compiling '/home/saifa/Desktop/Ros_exam/install/sun_interfaces/local/lib/python3.10/dist-packages/sun_interfaces/srv/_pizza_pose.py'...
[3.862s] -- Installing: /home/saifa/Desktop/Ros_exam/install/sun_interfaces/local/lib/python3.10/dist-packages/sun_interfaces/sun_interfaces_s__rosidl_typesupport_fastrtps_c.cpython-310-x86_64-linux-gnu.so
[3.862s] -- Set runtime path of "/home/saifa/Desktop/Ros_exam/install/sun_interfaces/local/lib/python3.10/dist-packages/sun_interfaces/sun_interfaces_s__rosidl_typesupport_fastrtps_c.cpython-310-x86_64-linux-gnu.so" to ""
[3.862s] -- Installing: /home/saifa/Desktop/Ros_exam/install/sun_interfaces/local/lib/python3.10/dist-packages/sun_interfaces/sun_interfaces_s__rosidl_typesupport_introspection_c.cpython-310-x86_64-linux-gnu.so
[3.862s] -- Set runtime path of "/home/saifa/Desktop/Ros_exam/install/sun_interfaces/local/lib/python3.10/dist-packages/sun_interfaces/sun_interfaces_s__rosidl_typesupport_introspection_c.cpython-310-x86_64-linux-gnu.so" to ""
[3.862s] -- Installing: /home/saifa/Desktop/Ros_exam/install/sun_interfaces/local/lib/python3.10/dist-packages/sun_interfaces/sun_interfaces_s__rosidl_typesupport_c.cpython-310-x86_64-linux-gnu.so
[3.863s] -- Set runtime path of "/home/saifa/Desktop/Ros_exam/install/sun_interfaces/local/lib/python3.10/dist-packages/sun_interfaces/sun_interfaces_s__rosidl_typesupport_c.cpython-310-x86_64-linux-gnu.so" to ""
[3.863s] -- Installing: /home/saifa/Desktop/Ros_exam/install/sun_interfaces/lib/libsun_interfaces__rosidl_generator_py.so
[3.863s] -- Set runtime path of "/home/saifa/Desktop/Ros_exam/install/sun_interfaces/lib/libsun_interfaces__rosidl_generator_py.so" to ""
[3.863s] -- Installing: /home/saifa/Desktop/Ros_exam/install/sun_interfaces/share/sun_interfaces/srv/PizzaPose.idl
[3.863s] -- Installing: /home/saifa/Desktop/Ros_exam/install/sun_interfaces/share/sun_interfaces/srv/PizzaPose.srv
[3.863s] -- Installing: /home/saifa/Desktop/Ros_exam/install/sun_interfaces/share/sun_interfaces/srv/PizzaPose_Request.msg
[3.864s] -- Installing: /home/saifa/Desktop/Ros_exam/install/sun_interfaces/share/sun_interfaces/srv/PizzaPose_Response.msg
[3.864s] -- Installing: /home/saifa/Desktop/Ros_exam/install/sun_interfaces/share/ament_index/resource_index/package_run_dependencies/sun_interfaces
[3.864s] -- Installing: /home/saifa/Desktop/Ros_exam/install/sun_interfaces/share/ament_index/resource_index/parent_prefix_path/sun_interfaces
[3.864s] -- Installing: /home/saifa/Desktop/Ros_exam/install/sun_interfaces/share/sun_interfaces/environment/ament_prefix_path.sh
[3.864s] -- Installing: /home/saifa/Desktop/Ros_exam/install/sun_interfaces/share/sun_interfaces/environment/ament_prefix_path.dsv
[3.864s] -- Installing: /home/saifa/Desktop/Ros_exam/install/sun_interfaces/share/sun_interfaces/environment/path.sh
[3.864s] -- Installing: /home/saifa/Desktop/Ros_exam/install/sun_interfaces/share/sun_interfaces/environment/path.dsv
[3.864s] -- Installing: /home/saifa/Desktop/Ros_exam/install/sun_interfaces/share/sun_interfaces/local_setup.bash
[3.865s] -- Installing: /home/saifa/Desktop/Ros_exam/install/sun_interfaces/share/sun_interfaces/local_setup.sh
[3.865s] -- Installing: /home/saifa/Desktop/Ros_exam/install/sun_interfaces/share/sun_interfaces/local_setup.zsh
[3.865s] -- Installing: /home/saifa/Desktop/Ros_exam/install/sun_interfaces/share/sun_interfaces/local_setup.dsv
[3.865s] -- Installing: /home/saifa/Desktop/Ros_exam/install/sun_interfaces/share/sun_interfaces/package.dsv
[3.865s] -- Installing: /home/saifa/Desktop/Ros_exam/install/sun_interfaces/share/ament_index/resource_index/packages/sun_interfaces
[3.865s] -- Installing: /home/saifa/Desktop/Ros_exam/install/sun_interfaces/share/sun_interfaces/cmake/export_sun_interfaces__rosidl_generator_cExport.cmake
[3.865s] -- Installing: /home/saifa/Desktop/Ros_exam/install/sun_interfaces/share/sun_interfaces/cmake/export_sun_interfaces__rosidl_generator_cExport-noconfig.cmake
[3.866s] -- Installing: /home/saifa/Desktop/Ros_exam/install/sun_interfaces/share/sun_interfaces/cmake/export_sun_interfaces__rosidl_typesupport_fastrtps_cExport.cmake
[3.866s] -- Installing: /home/saifa/Desktop/Ros_exam/install/sun_interfaces/share/sun_interfaces/cmake/export_sun_interfaces__rosidl_typesupport_fastrtps_cExport-noconfig.cmake
[3.866s] -- Installing: /home/saifa/Desktop/Ros_exam/install/sun_interfaces/share/sun_interfaces/cmake/sun_interfaces__rosidl_typesupport_introspection_cExport.cmake
[3.866s] -- Installing: /home/saifa/Desktop/Ros_exam/install/sun_interfaces/share/sun_interfaces/cmake/sun_interfaces__rosidl_typesupport_introspection_cExport-noconfig.cmake
[3.866s] -- Installing: /home/saifa/Desktop/Ros_exam/install/sun_interfaces/share/sun_interfaces/cmake/sun_interfaces__rosidl_typesupport_cExport.cmake
[3.866s] -- Installing: /home/saifa/Desktop/Ros_exam/install/sun_interfaces/share/sun_interfaces/cmake/sun_interfaces__rosidl_typesupport_cExport-noconfig.cmake
[3.866s] -- Installing: /home/saifa/Desktop/Ros_exam/install/sun_interfaces/share/sun_interfaces/cmake/export_sun_interfaces__rosidl_generator_cppExport.cmake
[3.866s] -- Installing: /home/saifa/Desktop/Ros_exam/install/sun_interfaces/share/sun_interfaces/cmake/export_sun_interfaces__rosidl_typesupport_fastrtps_cppExport.cmake
[3.867s] -- Installing: /home/saifa/Desktop/Ros_exam/install/sun_interfaces/share/sun_interfaces/cmake/export_sun_interfaces__rosidl_typesupport_fastrtps_cppExport-noconfig.cmake
[3.867s] -- Installing: /home/saifa/Desktop/Ros_exam/install/sun_interfaces/share/sun_interfaces/cmake/sun_interfaces__rosidl_typesupport_introspection_cppExport.cmake
[3.867s] -- Installing: /home/saifa/Desktop/Ros_exam/install/sun_interfaces/share/sun_interfaces/cmake/sun_interfaces__rosidl_typesupport_introspection_cppExport-noconfig.cmake
[3.867s] -- Installing: /home/saifa/Desktop/Ros_exam/install/sun_interfaces/share/sun_interfaces/cmake/sun_interfaces__rosidl_typesupport_cppExport.cmake
[3.867s] -- Installing: /home/saifa/Desktop/Ros_exam/install/sun_interfaces/share/sun_interfaces/cmake/sun_interfaces__rosidl_typesupport_cppExport-noconfig.cmake
[3.867s] -- Installing: /home/saifa/Desktop/Ros_exam/install/sun_interfaces/share/sun_interfaces/cmake/export_sun_interfaces__rosidl_generator_pyExport.cmake
[3.867s] -- Installing: /home/saifa/Desktop/Ros_exam/install/sun_interfaces/share/sun_interfaces/cmake/export_sun_interfaces__rosidl_generator_pyExport-noconfig.cmake
[3.868s] -- Installing: /home/saifa/Desktop/Ros_exam/install/sun_interfaces/share/sun_interfaces/cmake/rosidl_cmake-extras.cmake
[3.868s] -- Installing: /home/saifa/Desktop/Ros_exam/install/sun_interfaces/share/sun_interfaces/cmake/ament_cmake_export_include_directories-extras.cmake
[3.868s] -- Installing: /home/saifa/Desktop/Ros_exam/install/sun_interfaces/share/sun_interfaces/cmake/ament_cmake_export_libraries-extras.cmake
[3.868s] -- Installing: /home/saifa/Desktop/Ros_exam/install/sun_interfaces/share/sun_interfaces/cmake/ament_cmake_export_targets-extras.cmake
[3.868s] -- Installing: /home/saifa/Desktop/Ros_exam/install/sun_interfaces/share/sun_interfaces/cmake/rosidl_cmake_export_typesupport_targets-extras.cmake
[3.868s] -- Installing: /home/saifa/Desktop/Ros_exam/install/sun_interfaces/share/sun_interfaces/cmake/ament_cmake_export_dependencies-extras.cmake
[3.868s] -- Installing: /home/saifa/Desktop/Ros_exam/install/sun_interfaces/share/sun_interfaces/cmake/rosidl_cmake_export_typesupport_libraries-extras.cmake
[3.868s] -- Installing: /home/saifa/Desktop/Ros_exam/install/sun_interfaces/share/sun_interfaces/cmake/sun_interfacesConfig.cmake
[3.869s] -- Installing: /home/saifa/Desktop/Ros_exam/install/sun_interfaces/share/sun_interfaces/cmake/sun_interfacesConfig-version.cmake
[3.869s] -- Installing: /home/saifa/Desktop/Ros_exam/install/sun_interfaces/share/sun_interfaces/package.xml
[3.871s] Invoked command in '/home/saifa/Desktop/Ros_exam/build/sun_interfaces' returned '0': CMAKE_PREFIX_PATH=${CMAKE_PREFIX_PATH}:/home/saifa/Desktop/ros2_w2_ws/install/launch_testing_examples:/home/saifa/Desktop/ros2_w2_ws/install/examples_rclpy_pointcloud_publisher:/home/saifa/Desktop/ros2_w2_ws/install/examples_rclpy_minimal_subscriber:/home/saifa/Desktop/ros2_w2_ws/install/examples_rclpy_minimal_service:/home/saifa/Desktop/ros2_w2_ws/install/examples_rclpy_minimal_publisher:/home/saifa/Desktop/ros2_w2_ws/install/examples_rclpy_minimal_client:/home/saifa/Desktop/ros2_w2_ws/install/examples_rclpy_minimal_action_server:/home/saifa/Desktop/ros2_w2_ws/install/examples_rclpy_minimal_action_client:/home/saifa/Desktop/ros2_w2_ws/install/examples_rclpy_guard_conditions:/home/saifa/Desktop/ros2_w2_ws/install/examples_rclpy_executors:/opt/ros/humble /usr/bin/cmake --install /home/saifa/Desktop/Ros_exam/build/sun_interfaces
