[0.038s] Invoking command in '/home/nakarin/RoboticsDevExam2/build/saifa_pack': CMAKE_PREFIX_PATH=${CMAKE_PREFIX_PATH}:/home/nakarin/RoboticsDev/install/launch_testing_examples:/home/nakarin/RoboticsDev/install/examples_rclpy_pointcloud_publisher:/home/nakarin/RoboticsDev/install/examples_rclpy_minimal_subscriber:/home/nakarin/RoboticsDev/install/examples_rclpy_minimal_service:/home/nakarin/RoboticsDev/install/examples_rclpy_minimal_publisher:/home/nakarin/RoboticsDev/install/examples_rclpy_minimal_client:/home/nakarin/RoboticsDev/install/examples_rclpy_minimal_action_server:/home/nakarin/RoboticsDev/install/examples_rclpy_minimal_action_client:/home/nakarin/RoboticsDev/install/examples_rclpy_guard_conditions:/home/nakarin/RoboticsDev/install/examples_rclpy_executors:/opt/ros/humble /usr/bin/cmake --build /home/nakarin/RoboticsDevExam2/build/saifa_pack -- -j8 -l8
[0.074s] -- Found ament_cmake: 1.3.10 (/opt/ros/humble/share/ament_cmake/cmake)
[0.426s] -- Found rclcpp: 16.0.10 (/opt/ros/humble/share/rclcpp/cmake)
[0.462s] -- Found rosidl_generator_c: 3.1.5 (/opt/ros/humble/share/rosidl_generator_c/cmake)
[0.465s] -- Found rosidl_adapter: 3.1.5 (/opt/ros/humble/share/rosidl_adapter/cmake)
[0.473s] -- Found rosidl_generator_cpp: 3.1.5 (/opt/ros/humble/share/rosidl_generator_cpp/cmake)
[0.487s] -- Using all available rosidl_typesupport_c: rosidl_typesupport_fastrtps_c;rosidl_typesupport_introspection_c
[0.507s] -- Using all available rosidl_typesupport_cpp: rosidl_typesupport_fastrtps_cpp;rosidl_typesupport_introspection_cpp
[0.554s] -- Found rmw_implementation_cmake: 6.1.2 (/opt/ros/humble/share/rmw_implementation_cmake/cmake)
[0.557s] -- Found rmw_fastrtps_cpp: 6.2.7 (/opt/ros/humble/share/rmw_fastrtps_cpp/cmake)
[0.715s] -- Using RMW implementation 'rmw_fastrtps_cpp' as default
[0.783s] -- Found rclpy: 3.3.14 (/opt/ros/humble/share/rclpy/cmake)
[0.994s] -- Configuring done
[0.999s] -- Generating done
[1.000s] -- Build files have been written to: /home/nakarin/RoboticsDevExam2/build/saifa_pack
[1.029s] [35m[1mConsolidate compiler generated dependencies of target cpp_node_test[0m
[1.047s] [100%] Built target cpp_node_test
[1.051s] [100%] Built target ament_cmake_python_copy_saifa_pack
[1.349s] running egg_info
[1.350s] writing saifa_pack.egg-info/PKG-INFO
[1.350s] writing dependency_links to saifa_pack.egg-info/dependency_links.txt
[1.350s] writing top-level names to saifa_pack.egg-info/top_level.txt
[1.352s] reading manifest file 'saifa_pack.egg-info/SOURCES.txt'
[1.353s] writing manifest file 'saifa_pack.egg-info/SOURCES.txt'
[1.382s] [100%] Built target ament_cmake_python_build_saifa_pack_egg
[1.394s] Invoked command in '/home/nakarin/RoboticsDevExam2/build/saifa_pack' returned '0': CMAKE_PREFIX_PATH=${CMAKE_PREFIX_PATH}:/home/nakarin/RoboticsDev/install/launch_testing_examples:/home/nakarin/RoboticsDev/install/examples_rclpy_pointcloud_publisher:/home/nakarin/RoboticsDev/install/examples_rclpy_minimal_subscriber:/home/nakarin/RoboticsDev/install/examples_rclpy_minimal_service:/home/nakarin/RoboticsDev/install/examples_rclpy_minimal_publisher:/home/nakarin/RoboticsDev/install/examples_rclpy_minimal_client:/home/nakarin/RoboticsDev/install/examples_rclpy_minimal_action_server:/home/nakarin/RoboticsDev/install/examples_rclpy_minimal_action_client:/home/nakarin/RoboticsDev/install/examples_rclpy_guard_conditions:/home/nakarin/RoboticsDev/install/examples_rclpy_executors:/opt/ros/humble /usr/bin/cmake --build /home/nakarin/RoboticsDevExam2/build/saifa_pack -- -j8 -l8
[1.423s] Invoking command in '/home/nakarin/RoboticsDevExam2/build/saifa_pack': CMAKE_PREFIX_PATH=${CMAKE_PREFIX_PATH}:/home/nakarin/RoboticsDev/install/launch_testing_examples:/home/nakarin/RoboticsDev/install/examples_rclpy_pointcloud_publisher:/home/nakarin/RoboticsDev/install/examples_rclpy_minimal_subscriber:/home/nakarin/RoboticsDev/install/examples_rclpy_minimal_service:/home/nakarin/RoboticsDev/install/examples_rclpy_minimal_publisher:/home/nakarin/RoboticsDev/install/examples_rclpy_minimal_client:/home/nakarin/RoboticsDev/install/examples_rclpy_minimal_action_server:/home/nakarin/RoboticsDev/install/examples_rclpy_minimal_action_client:/home/nakarin/RoboticsDev/install/examples_rclpy_guard_conditions:/home/nakarin/RoboticsDev/install/examples_rclpy_executors:/opt/ros/humble /usr/bin/cmake --install /home/nakarin/RoboticsDevExam2/build/saifa_pack
[1.431s] -- Install configuration: ""
[1.431s] -- Up-to-date: /home/nakarin/RoboticsDevExam2/install/saifa_pack/share/saifa_pack/environment/pythonpath.sh
[1.432s] -- Installing: /home/nakarin/RoboticsDevExam2/install/saifa_pack/share/saifa_pack/environment/pythonpath.dsv
[1.432s] -- Up-to-date: /home/nakarin/RoboticsDevExam2/install/saifa_pack/local/lib/python3.10/dist-packages/saifa_pack-0.0.0-py3.10.egg-info
[1.432s] -- Installing: /home/nakarin/RoboticsDevExam2/install/saifa_pack/local/lib/python3.10/dist-packages/saifa_pack-0.0.0-py3.10.egg-info/dependency_links.txt
[1.432s] -- Installing: /home/nakarin/RoboticsDevExam2/install/saifa_pack/local/lib/python3.10/dist-packages/saifa_pack-0.0.0-py3.10.egg-info/SOURCES.txt
[1.432s] -- Installing: /home/nakarin/RoboticsDevExam2/install/saifa_pack/local/lib/python3.10/dist-packages/saifa_pack-0.0.0-py3.10.egg-info/PKG-INFO
[1.432s] -- Installing: /home/nakarin/RoboticsDevExam2/install/saifa_pack/local/lib/python3.10/dist-packages/saifa_pack-0.0.0-py3.10.egg-info/top_level.txt
[1.432s] -- Up-to-date: /home/nakarin/RoboticsDevExam2/install/saifa_pack/local/lib/python3.10/dist-packages/saifa_pack
[1.433s] -- Up-to-date: /home/nakarin/RoboticsDevExam2/install/saifa_pack/local/lib/python3.10/dist-packages/saifa_pack/__init__.py
[1.433s] -- Up-to-date: /home/nakarin/RoboticsDevExam2/install/saifa_pack/local/lib/python3.10/dist-packages/saifa_pack/dummy_module.py
[1.478s] Listing '/home/nakarin/RoboticsDevExam2/install/saifa_pack/local/lib/python3.10/dist-packages/saifa_pack'...
[1.483s] -- Up-to-date: /home/nakarin/RoboticsDevExam2/install/saifa_pack/lib/saifa_pack/dummy_script.py
[1.483s] -- Up-to-date: /home/nakarin/RoboticsDevExam2/install/saifa_pack/lib/saifa_pack/teleop_turtle.py
[1.483s] -- Up-to-date: /home/nakarin/RoboticsDevExam2/install/saifa_pack/lib/saifa_pack/cpp_node_test
[1.483s] -- Up-to-date: /home/nakarin/RoboticsDevExam2/install/saifa_pack/share/saifa_pack/launch
[1.483s] -- Up-to-date: /home/nakarin/RoboticsDevExam2/install/saifa_pack/share/saifa_pack/launch/turtle_1.launch.py
[1.483s] -- Up-to-date: /home/nakarin/RoboticsDevExam2/install/saifa_pack/share/ament_index/resource_index/package_run_dependencies/saifa_pack
[1.483s] -- Installing: /home/nakarin/RoboticsDevExam2/install/saifa_pack/share/ament_index/resource_index/parent_prefix_path/saifa_pack
[1.484s] -- Up-to-date: /home/nakarin/RoboticsDevExam2/install/saifa_pack/share/saifa_pack/environment/ament_prefix_path.sh
[1.484s] -- Installing: /home/nakarin/RoboticsDevExam2/install/saifa_pack/share/saifa_pack/environment/ament_prefix_path.dsv
[1.484s] -- Up-to-date: /home/nakarin/RoboticsDevExam2/install/saifa_pack/share/saifa_pack/environment/path.sh
[1.484s] -- Installing: /home/nakarin/RoboticsDevExam2/install/saifa_pack/share/saifa_pack/environment/path.dsv
[1.484s] -- Up-to-date: /home/nakarin/RoboticsDevExam2/install/saifa_pack/share/saifa_pack/local_setup.bash
[1.484s] -- Up-to-date: /home/nakarin/RoboticsDevExam2/install/saifa_pack/share/saifa_pack/local_setup.sh
[1.484s] -- Up-to-date: /home/nakarin/RoboticsDevExam2/install/saifa_pack/share/saifa_pack/local_setup.zsh
[1.484s] -- Installing: /home/nakarin/RoboticsDevExam2/install/saifa_pack/share/saifa_pack/local_setup.dsv
[1.484s] -- Installing: /home/nakarin/RoboticsDevExam2/install/saifa_pack/share/saifa_pack/package.dsv
[1.485s] -- Up-to-date: /home/nakarin/RoboticsDevExam2/install/saifa_pack/share/ament_index/resource_index/packages/saifa_pack
[1.485s] -- Up-to-date: /home/nakarin/RoboticsDevExam2/install/saifa_pack/share/saifa_pack/cmake/saifa_packConfig.cmake
[1.485s] -- Up-to-date: /home/nakarin/RoboticsDevExam2/install/saifa_pack/share/saifa_pack/cmake/saifa_packConfig-version.cmake
[1.485s] -- Up-to-date: /home/nakarin/RoboticsDevExam2/install/saifa_pack/share/saifa_pack/package.xml
[1.487s] Invoked command in '/home/nakarin/RoboticsDevExam2/build/saifa_pack' returned '0': CMAKE_PREFIX_PATH=${CMAKE_PREFIX_PATH}:/home/nakarin/RoboticsDev/install/launch_testing_examples:/home/nakarin/RoboticsDev/install/examples_rclpy_pointcloud_publisher:/home/nakarin/RoboticsDev/install/examples_rclpy_minimal_subscriber:/home/nakarin/RoboticsDev/install/examples_rclpy_minimal_service:/home/nakarin/RoboticsDev/install/examples_rclpy_minimal_publisher:/home/nakarin/RoboticsDev/install/examples_rclpy_minimal_client:/home/nakarin/RoboticsDev/install/examples_rclpy_minimal_action_server:/home/nakarin/RoboticsDev/install/examples_rclpy_minimal_action_client:/home/nakarin/RoboticsDev/install/examples_rclpy_guard_conditions:/home/nakarin/RoboticsDev/install/examples_rclpy_executors:/opt/ros/humble /usr/bin/cmake --install /home/nakarin/RoboticsDevExam2/build/saifa_pack
