[0.033s] Invoking command in '/home/nakarin/RoboticsDevExam2/build/sun_pkg': CMAKE_PREFIX_PATH=${CMAKE_PREFIX_PATH}:/home/nakarin/RoboticsDev/install/launch_testing_examples:/home/nakarin/RoboticsDev/install/examples_rclpy_pointcloud_publisher:/home/nakarin/RoboticsDev/install/examples_rclpy_minimal_subscriber:/home/nakarin/RoboticsDev/install/examples_rclpy_minimal_service:/home/nakarin/RoboticsDev/install/examples_rclpy_minimal_publisher:/home/nakarin/RoboticsDev/install/examples_rclpy_minimal_client:/home/nakarin/RoboticsDev/install/examples_rclpy_minimal_action_server:/home/nakarin/RoboticsDev/install/examples_rclpy_minimal_action_client:/home/nakarin/RoboticsDev/install/examples_rclpy_guard_conditions:/home/nakarin/RoboticsDev/install/examples_rclpy_executors:/opt/ros/humble /usr/bin/cmake --build /home/nakarin/RoboticsDevExam2/build/sun_pkg -- -j8 -l8
[0.150s] [100%] Built target cpp_node_test
[0.164s] [100%] Built target ament_cmake_python_copy_sun_pkg
[0.718s] running egg_info
[0.720s] writing sun_pkg.egg-info/PKG-INFO
[0.720s] writing dependency_links to sun_pkg.egg-info/dependency_links.txt
[0.721s] writing top-level names to sun_pkg.egg-info/top_level.txt
[0.726s] reading manifest file 'sun_pkg.egg-info/SOURCES.txt'
[0.727s] writing manifest file 'sun_pkg.egg-info/SOURCES.txt'
[0.776s] [100%] Built target ament_cmake_python_build_sun_pkg_egg
[0.807s] Invoked command in '/home/nakarin/RoboticsDevExam2/build/sun_pkg' returned '0': CMAKE_PREFIX_PATH=${CMAKE_PREFIX_PATH}:/home/nakarin/RoboticsDev/install/launch_testing_examples:/home/nakarin/RoboticsDev/install/examples_rclpy_pointcloud_publisher:/home/nakarin/RoboticsDev/install/examples_rclpy_minimal_subscriber:/home/nakarin/RoboticsDev/install/examples_rclpy_minimal_service:/home/nakarin/RoboticsDev/install/examples_rclpy_minimal_publisher:/home/nakarin/RoboticsDev/install/examples_rclpy_minimal_client:/home/nakarin/RoboticsDev/install/examples_rclpy_minimal_action_server:/home/nakarin/RoboticsDev/install/examples_rclpy_minimal_action_client:/home/nakarin/RoboticsDev/install/examples_rclpy_guard_conditions:/home/nakarin/RoboticsDev/install/examples_rclpy_executors:/opt/ros/humble /usr/bin/cmake --build /home/nakarin/RoboticsDevExam2/build/sun_pkg -- -j8 -l8
[0.838s] Invoking command in '/home/nakarin/RoboticsDevExam2/build/sun_pkg': CMAKE_PREFIX_PATH=${CMAKE_PREFIX_PATH}:/home/nakarin/RoboticsDev/install/launch_testing_examples:/home/nakarin/RoboticsDev/install/examples_rclpy_pointcloud_publisher:/home/nakarin/RoboticsDev/install/examples_rclpy_minimal_subscriber:/home/nakarin/RoboticsDev/install/examples_rclpy_minimal_service:/home/nakarin/RoboticsDev/install/examples_rclpy_minimal_publisher:/home/nakarin/RoboticsDev/install/examples_rclpy_minimal_client:/home/nakarin/RoboticsDev/install/examples_rclpy_minimal_action_server:/home/nakarin/RoboticsDev/install/examples_rclpy_minimal_action_client:/home/nakarin/RoboticsDev/install/examples_rclpy_guard_conditions:/home/nakarin/RoboticsDev/install/examples_rclpy_executors:/opt/ros/humble /usr/bin/cmake --install /home/nakarin/RoboticsDevExam2/build/sun_pkg
[0.849s] -- Install configuration: ""
[0.850s] -- Up-to-date: /home/nakarin/RoboticsDevExam2/install/sun_pkg/share/sun_pkg/environment/pythonpath.sh
[0.850s] -- Up-to-date: /home/nakarin/RoboticsDevExam2/install/sun_pkg/share/sun_pkg/environment/pythonpath.dsv
[0.850s] -- Up-to-date: /home/nakarin/RoboticsDevExam2/install/sun_pkg/local/lib/python3.10/dist-packages/sun_pkg-0.0.0-py3.10.egg-info
[0.850s] -- Installing: /home/nakarin/RoboticsDevExam2/install/sun_pkg/local/lib/python3.10/dist-packages/sun_pkg-0.0.0-py3.10.egg-info/dependency_links.txt
[0.850s] -- Installing: /home/nakarin/RoboticsDevExam2/install/sun_pkg/local/lib/python3.10/dist-packages/sun_pkg-0.0.0-py3.10.egg-info/SOURCES.txt
[0.851s] -- Installing: /home/nakarin/RoboticsDevExam2/install/sun_pkg/local/lib/python3.10/dist-packages/sun_pkg-0.0.0-py3.10.egg-info/PKG-INFO
[0.851s] -- Installing: /home/nakarin/RoboticsDevExam2/install/sun_pkg/local/lib/python3.10/dist-packages/sun_pkg-0.0.0-py3.10.egg-info/top_level.txt
[0.851s] -- Up-to-date: /home/nakarin/RoboticsDevExam2/install/sun_pkg/local/lib/python3.10/dist-packages/sun_pkg
[0.851s] -- Up-to-date: /home/nakarin/RoboticsDevExam2/install/sun_pkg/local/lib/python3.10/dist-packages/sun_pkg/__init__.py
[0.851s] -- Up-to-date: /home/nakarin/RoboticsDevExam2/install/sun_pkg/local/lib/python3.10/dist-packages/sun_pkg/dummy_module.py
[0.909s] Listing '/home/nakarin/RoboticsDevExam2/install/sun_pkg/local/lib/python3.10/dist-packages/sun_pkg'...
[0.915s] -- Up-to-date: /home/nakarin/RoboticsDevExam2/install/sun_pkg/lib/sun_pkg/dummy_script.py
[0.915s] -- Up-to-date: /home/nakarin/RoboticsDevExam2/install/sun_pkg/lib/sun_pkg/pizza_viapoint_script.py
[0.915s] -- Up-to-date: /home/nakarin/RoboticsDevExam2/install/sun_pkg/lib/sun_pkg/start_copy_script.py
[0.915s] -- Up-to-date: /home/nakarin/RoboticsDevExam2/install/sun_pkg/lib/sun_pkg/cpp_node_test
[0.915s] -- Up-to-date: /home/nakarin/RoboticsDevExam2/install/sun_pkg/share/sun_pkg
[0.916s] -- Up-to-date: /home/nakarin/RoboticsDevExam2/install/sun_pkg/share/ament_index/resource_index/package_run_dependencies/sun_pkg
[0.916s] -- Up-to-date: /home/nakarin/RoboticsDevExam2/install/sun_pkg/share/ament_index/resource_index/parent_prefix_path/sun_pkg
[0.916s] -- Up-to-date: /home/nakarin/RoboticsDevExam2/install/sun_pkg/share/sun_pkg/environment/ament_prefix_path.sh
[0.916s] -- Up-to-date: /home/nakarin/RoboticsDevExam2/install/sun_pkg/share/sun_pkg/environment/ament_prefix_path.dsv
[0.916s] -- Up-to-date: /home/nakarin/RoboticsDevExam2/install/sun_pkg/share/sun_pkg/environment/path.sh
[0.916s] -- Up-to-date: /home/nakarin/RoboticsDevExam2/install/sun_pkg/share/sun_pkg/environment/path.dsv
[0.916s] -- Up-to-date: /home/nakarin/RoboticsDevExam2/install/sun_pkg/share/sun_pkg/local_setup.bash
[0.916s] -- Up-to-date: /home/nakarin/RoboticsDevExam2/install/sun_pkg/share/sun_pkg/local_setup.sh
[0.917s] -- Up-to-date: /home/nakarin/RoboticsDevExam2/install/sun_pkg/share/sun_pkg/local_setup.zsh
[0.917s] -- Up-to-date: /home/nakarin/RoboticsDevExam2/install/sun_pkg/share/sun_pkg/local_setup.dsv
[0.917s] -- Installing: /home/nakarin/RoboticsDevExam2/install/sun_pkg/share/sun_pkg/package.dsv
[0.917s] -- Up-to-date: /home/nakarin/RoboticsDevExam2/install/sun_pkg/share/ament_index/resource_index/packages/sun_pkg
[0.917s] -- Up-to-date: /home/nakarin/RoboticsDevExam2/install/sun_pkg/share/sun_pkg/cmake/sun_pkgConfig.cmake
[0.917s] -- Up-to-date: /home/nakarin/RoboticsDevExam2/install/sun_pkg/share/sun_pkg/cmake/sun_pkgConfig-version.cmake
[0.917s] -- Up-to-date: /home/nakarin/RoboticsDevExam2/install/sun_pkg/share/sun_pkg/package.xml
[0.931s] Invoked command in '/home/nakarin/RoboticsDevExam2/build/sun_pkg' returned '0': CMAKE_PREFIX_PATH=${CMAKE_PREFIX_PATH}:/home/nakarin/RoboticsDev/install/launch_testing_examples:/home/nakarin/RoboticsDev/install/examples_rclpy_pointcloud_publisher:/home/nakarin/RoboticsDev/install/examples_rclpy_minimal_subscriber:/home/nakarin/RoboticsDev/install/examples_rclpy_minimal_service:/home/nakarin/RoboticsDev/install/examples_rclpy_minimal_publisher:/home/nakarin/RoboticsDev/install/examples_rclpy_minimal_client:/home/nakarin/RoboticsDev/install/examples_rclpy_minimal_action_server:/home/nakarin/RoboticsDev/install/examples_rclpy_minimal_action_client:/home/nakarin/RoboticsDev/install/examples_rclpy_guard_conditions:/home/nakarin/RoboticsDev/install/examples_rclpy_executors:/opt/ros/humble /usr/bin/cmake --install /home/nakarin/RoboticsDevExam2/build/sun_pkg
