[0.027s] Invoking command in '/home/saifa/Desktop/Ros_exam/build/sun_interfaces': CMAKE_PREFIX_PATH=${CMAKE_PREFIX_PATH}:/home/saifa/Desktop/ros2_w2_ws/install/launch_testing_examples:/home/saifa/Desktop/ros2_w2_ws/install/examples_rclpy_pointcloud_publisher:/home/saifa/Desktop/ros2_w2_ws/install/examples_rclpy_minimal_subscriber:/home/saifa/Desktop/ros2_w2_ws/install/examples_rclpy_minimal_service:/home/saifa/Desktop/ros2_w2_ws/install/examples_rclpy_minimal_publisher:/home/saifa/Desktop/ros2_w2_ws/install/examples_rclpy_minimal_client:/home/saifa/Desktop/ros2_w2_ws/install/examples_rclpy_minimal_action_server:/home/saifa/Desktop/ros2_w2_ws/install/examples_rclpy_minimal_action_client:/home/saifa/Desktop/ros2_w2_ws/install/examples_rclpy_guard_conditions:/home/saifa/Desktop/ros2_w2_ws/install/examples_rclpy_executors:/opt/ros/humble /usr/bin/cmake --build /home/saifa/Desktop/Ros_exam/build/sun_interfaces -- -j16 -l16
[0.072s] [  3%] Built target sun_interfaces__cpp
[0.076s] [ 12%] Built target sun_interfaces__rosidl_generator_c
[0.088s] [ 12%] Built target ament_cmake_python_copy_sun_interfaces
[0.106s] [ 32%] Built target sun_interfaces__rosidl_typesupport_fastrtps_cpp
[0.107s] [ 32%] Built target sun_interfaces__rosidl_typesupport_introspection_c
[0.108s] [ 41%] Built target sun_interfaces__rosidl_typesupport_introspection_cpp
[0.109s] [ 51%] Built target sun_interfaces__rosidl_typesupport_c
[0.111s] [ 61%] Built target sun_interfaces__rosidl_typesupport_cpp
[0.115s] [ 70%] Built target sun_interfaces__rosidl_typesupport_fastrtps_c
[0.144s] [ 70%] Built target sun_interfaces
[0.164s] [ 74%] Built target sun_interfaces__py
[0.187s] [ 80%] Built target sun_interfaces__rosidl_generator_py
[0.215s] [ 87%] Built target sun_interfaces__rosidl_typesupport_c__pyext
[0.215s] [ 93%] Built target sun_interfaces__rosidl_typesupport_fastrtps_c__pyext
[0.215s] [100%] Built target sun_interfaces__rosidl_typesupport_introspection_c__pyext
[0.373s] running egg_info
[0.373s] writing sun_interfaces.egg-info/PKG-INFO
[0.374s] writing dependency_links to sun_interfaces.egg-info/dependency_links.txt
[0.374s] writing top-level names to sun_interfaces.egg-info/top_level.txt
[0.376s] reading manifest file 'sun_interfaces.egg-info/SOURCES.txt'
[0.376s] writing manifest file 'sun_interfaces.egg-info/SOURCES.txt'
[0.419s] [100%] Built target ament_cmake_python_build_sun_interfaces_egg
[0.431s] Invoked command in '/home/saifa/Desktop/Ros_exam/build/sun_interfaces' returned '0': CMAKE_PREFIX_PATH=${CMAKE_PREFIX_PATH}:/home/saifa/Desktop/ros2_w2_ws/install/launch_testing_examples:/home/saifa/Desktop/ros2_w2_ws/install/examples_rclpy_pointcloud_publisher:/home/saifa/Desktop/ros2_w2_ws/install/examples_rclpy_minimal_subscriber:/home/saifa/Desktop/ros2_w2_ws/install/examples_rclpy_minimal_service:/home/saifa/Desktop/ros2_w2_ws/install/examples_rclpy_minimal_publisher:/home/saifa/Desktop/ros2_w2_ws/install/examples_rclpy_minimal_client:/home/saifa/Desktop/ros2_w2_ws/install/examples_rclpy_minimal_action_server:/home/saifa/Desktop/ros2_w2_ws/install/examples_rclpy_minimal_action_client:/home/saifa/Desktop/ros2_w2_ws/install/examples_rclpy_guard_conditions:/home/saifa/Desktop/ros2_w2_ws/install/examples_rclpy_executors:/opt/ros/humble /usr/bin/cmake --build /home/saifa/Desktop/Ros_exam/build/sun_interfaces -- -j16 -l16
[0.507s] Invoking command in '/home/saifa/Desktop/Ros_exam/build/sun_interfaces': CMAKE_PREFIX_PATH=${CMAKE_PREFIX_PATH}:/home/saifa/Desktop/ros2_w2_ws/install/launch_testing_examples:/home/saifa/Desktop/ros2_w2_ws/install/examples_rclpy_pointcloud_publisher:/home/saifa/Desktop/ros2_w2_ws/install/examples_rclpy_minimal_subscriber:/home/saifa/Desktop/ros2_w2_ws/install/examples_rclpy_minimal_service:/home/saifa/Desktop/ros2_w2_ws/install/examples_rclpy_minimal_publisher:/home/saifa/Desktop/ros2_w2_ws/install/examples_rclpy_minimal_client:/home/saifa/Desktop/ros2_w2_ws/install/examples_rclpy_minimal_action_server:/home/saifa/Desktop/ros2_w2_ws/install/examples_rclpy_minimal_action_client:/home/saifa/Desktop/ros2_w2_ws/install/examples_rclpy_guard_conditions:/home/saifa/Desktop/ros2_w2_ws/install/examples_rclpy_executors:/opt/ros/humble /usr/bin/cmake --install /home/saifa/Desktop/Ros_exam/build/sun_interfaces
[0.517s] -- Install configuration: ""
[0.517s] -- Up-to-date: /home/saifa/Desktop/Ros_exam/install/sun_interfaces/share/ament_index/resource_index/rosidl_interfaces/sun_interfaces
[0.517s] -- Up-to-date: /home/saifa/Desktop/Ros_exam/install/sun_interfaces/include/sun_interfaces/sun_interfaces
[0.517s] -- Up-to-date: /home/saifa/Desktop/Ros_exam/install/sun_interfaces/include/sun_interfaces/sun_interfaces/msg
[0.517s] -- Up-to-date: /home/saifa/Desktop/Ros_exam/install/sun_interfaces/include/sun_interfaces/sun_interfaces/msg/rosidl_generator_c__visibility_control.h
[0.517s] -- Up-to-date: /home/saifa/Desktop/Ros_exam/install/sun_interfaces/include/sun_interfaces/sun_interfaces/srv
[0.517s] -- Up-to-date: /home/saifa/Desktop/Ros_exam/install/sun_interfaces/include/sun_interfaces/sun_interfaces/srv/pizza_pose.h
[0.517s] -- Up-to-date: /home/saifa/Desktop/Ros_exam/install/sun_interfaces/include/sun_interfaces/sun_interfaces/srv/detail
[0.518s] -- Up-to-date: /home/saifa/Desktop/Ros_exam/install/sun_interfaces/include/sun_interfaces/sun_interfaces/srv/detail/pizza_pose__functions.h
[0.518s] -- Up-to-date: /home/saifa/Desktop/Ros_exam/install/sun_interfaces/include/sun_interfaces/sun_interfaces/srv/detail/pizza_pose__functions.c
[0.518s] -- Up-to-date: /home/saifa/Desktop/Ros_exam/install/sun_interfaces/include/sun_interfaces/sun_interfaces/srv/detail/pizza_pose__type_support.h
[0.518s] -- Up-to-date: /home/saifa/Desktop/Ros_exam/install/sun_interfaces/include/sun_interfaces/sun_interfaces/srv/detail/pizza_pose__struct.h
[0.518s] -- Up-to-date: /home/saifa/Desktop/Ros_exam/install/sun_interfaces/share/sun_interfaces/environment/library_path.sh
[0.518s] -- Up-to-date: /home/saifa/Desktop/Ros_exam/install/sun_interfaces/share/sun_interfaces/environment/library_path.dsv
[0.518s] -- Up-to-date: /home/saifa/Desktop/Ros_exam/install/sun_interfaces/lib/libsun_interfaces__rosidl_generator_c.so
[0.518s] -- Up-to-date: /home/saifa/Desktop/Ros_exam/install/sun_interfaces/include/sun_interfaces/sun_interfaces
[0.519s] -- Up-to-date: /home/saifa/Desktop/Ros_exam/install/sun_interfaces/include/sun_interfaces/sun_interfaces/msg
[0.519s] -- Up-to-date: /home/saifa/Desktop/Ros_exam/install/sun_interfaces/include/sun_interfaces/sun_interfaces/msg/rosidl_typesupport_fastrtps_c__visibility_control.h
[0.519s] -- Up-to-date: /home/saifa/Desktop/Ros_exam/install/sun_interfaces/include/sun_interfaces/sun_interfaces/srv
[0.519s] -- Up-to-date: /home/saifa/Desktop/Ros_exam/install/sun_interfaces/include/sun_interfaces/sun_interfaces/srv/detail
[0.519s] -- Up-to-date: /home/saifa/Desktop/Ros_exam/install/sun_interfaces/include/sun_interfaces/sun_interfaces/srv/detail/pizza_pose__rosidl_typesupport_fastrtps_c.h
[0.519s] -- Up-to-date: /home/saifa/Desktop/Ros_exam/install/sun_interfaces/lib/libsun_interfaces__rosidl_typesupport_fastrtps_c.so
[0.519s] -- Up-to-date: /home/saifa/Desktop/Ros_exam/install/sun_interfaces/include/sun_interfaces/sun_interfaces
[0.520s] -- Up-to-date: /home/saifa/Desktop/Ros_exam/install/sun_interfaces/include/sun_interfaces/sun_interfaces/msg
[0.520s] -- Up-to-date: /home/saifa/Desktop/Ros_exam/install/sun_interfaces/include/sun_interfaces/sun_interfaces/msg/rosidl_typesupport_introspection_c__visibility_control.h
[0.520s] -- Up-to-date: /home/saifa/Desktop/Ros_exam/install/sun_interfaces/include/sun_interfaces/sun_interfaces/srv
[0.520s] -- Up-to-date: /home/saifa/Desktop/Ros_exam/install/sun_interfaces/include/sun_interfaces/sun_interfaces/srv/detail
[0.520s] -- Up-to-date: /home/saifa/Desktop/Ros_exam/install/sun_interfaces/include/sun_interfaces/sun_interfaces/srv/detail/pizza_pose__type_support.c
[0.520s] -- Up-to-date: /home/saifa/Desktop/Ros_exam/install/sun_interfaces/include/sun_interfaces/sun_interfaces/srv/detail/pizza_pose__rosidl_typesupport_introspection_c.h
[0.520s] -- Up-to-date: /home/saifa/Desktop/Ros_exam/install/sun_interfaces/lib/libsun_interfaces__rosidl_typesupport_introspection_c.so
[0.520s] -- Up-to-date: /home/saifa/Desktop/Ros_exam/install/sun_interfaces/lib/libsun_interfaces__rosidl_typesupport_c.so
[0.520s] -- Up-to-date: /home/saifa/Desktop/Ros_exam/install/sun_interfaces/include/sun_interfaces/sun_interfaces
[0.520s] -- Up-to-date: /home/saifa/Desktop/Ros_exam/install/sun_interfaces/include/sun_interfaces/sun_interfaces/srv
[0.521s] -- Up-to-date: /home/saifa/Desktop/Ros_exam/install/sun_interfaces/include/sun_interfaces/sun_interfaces/srv/detail
[0.521s] -- Up-to-date: /home/saifa/Desktop/Ros_exam/install/sun_interfaces/include/sun_interfaces/sun_interfaces/srv/detail/pizza_pose__traits.hpp
[0.521s] -- Up-to-date: /home/saifa/Desktop/Ros_exam/install/sun_interfaces/include/sun_interfaces/sun_interfaces/srv/detail/pizza_pose__builder.hpp
[0.521s] -- Up-to-date: /home/saifa/Desktop/Ros_exam/install/sun_interfaces/include/sun_interfaces/sun_interfaces/srv/detail/pizza_pose__struct.hpp
[0.521s] -- Up-to-date: /home/saifa/Desktop/Ros_exam/install/sun_interfaces/include/sun_interfaces/sun_interfaces/srv/pizza_pose.hpp
[0.521s] -- Up-to-date: /home/saifa/Desktop/Ros_exam/install/sun_interfaces/include/sun_interfaces/sun_interfaces
[0.521s] -- Up-to-date: /home/saifa/Desktop/Ros_exam/install/sun_interfaces/include/sun_interfaces/sun_interfaces/msg
[0.521s] -- Up-to-date: /home/saifa/Desktop/Ros_exam/install/sun_interfaces/include/sun_interfaces/sun_interfaces/msg/rosidl_typesupport_fastrtps_cpp__visibility_control.h
[0.521s] -- Up-to-date: /home/saifa/Desktop/Ros_exam/install/sun_interfaces/include/sun_interfaces/sun_interfaces/srv
[0.521s] -- Up-to-date: /home/saifa/Desktop/Ros_exam/install/sun_interfaces/include/sun_interfaces/sun_interfaces/srv/detail
[0.522s] -- Up-to-date: /home/saifa/Desktop/Ros_exam/install/sun_interfaces/include/sun_interfaces/sun_interfaces/srv/detail/pizza_pose__rosidl_typesupport_fastrtps_cpp.hpp
[0.522s] -- Up-to-date: /home/saifa/Desktop/Ros_exam/install/sun_interfaces/include/sun_interfaces/sun_interfaces/srv/detail/dds_fastrtps
[0.522s] -- Up-to-date: /home/saifa/Desktop/Ros_exam/install/sun_interfaces/lib/libsun_interfaces__rosidl_typesupport_fastrtps_cpp.so
[0.522s] -- Up-to-date: /home/saifa/Desktop/Ros_exam/install/sun_interfaces/include/sun_interfaces/sun_interfaces
[0.522s] -- Up-to-date: /home/saifa/Desktop/Ros_exam/install/sun_interfaces/include/sun_interfaces/sun_interfaces/srv
[0.522s] -- Up-to-date: /home/saifa/Desktop/Ros_exam/install/sun_interfaces/include/sun_interfaces/sun_interfaces/srv/detail
[0.522s] -- Up-to-date: /home/saifa/Desktop/Ros_exam/install/sun_interfaces/include/sun_interfaces/sun_interfaces/srv/detail/pizza_pose__rosidl_typesupport_introspection_cpp.hpp
[0.523s] -- Up-to-date: /home/saifa/Desktop/Ros_exam/install/sun_interfaces/include/sun_interfaces/sun_interfaces/srv/detail/pizza_pose__type_support.cpp
[0.523s] -- Up-to-date: /home/saifa/Desktop/Ros_exam/install/sun_interfaces/lib/libsun_interfaces__rosidl_typesupport_introspection_cpp.so
[0.523s] -- Up-to-date: /home/saifa/Desktop/Ros_exam/install/sun_interfaces/lib/libsun_interfaces__rosidl_typesupport_cpp.so
[0.523s] -- Up-to-date: /home/saifa/Desktop/Ros_exam/install/sun_interfaces/share/sun_interfaces/environment/pythonpath.sh
[0.523s] -- Up-to-date: /home/saifa/Desktop/Ros_exam/install/sun_interfaces/share/sun_interfaces/environment/pythonpath.dsv
[0.523s] -- Up-to-date: /home/saifa/Desktop/Ros_exam/install/sun_interfaces/local/lib/python3.10/dist-packages/sun_interfaces-0.0.0-py3.10.egg-info
[0.523s] -- Installing: /home/saifa/Desktop/Ros_exam/install/sun_interfaces/local/lib/python3.10/dist-packages/sun_interfaces-0.0.0-py3.10.egg-info/top_level.txt
[0.524s] -- Installing: /home/saifa/Desktop/Ros_exam/install/sun_interfaces/local/lib/python3.10/dist-packages/sun_interfaces-0.0.0-py3.10.egg-info/SOURCES.txt
[0.524s] -- Installing: /home/saifa/Desktop/Ros_exam/install/sun_interfaces/local/lib/python3.10/dist-packages/sun_interfaces-0.0.0-py3.10.egg-info/dependency_links.txt
[0.524s] -- Installing: /home/saifa/Desktop/Ros_exam/install/sun_interfaces/local/lib/python3.10/dist-packages/sun_interfaces-0.0.0-py3.10.egg-info/PKG-INFO
[0.524s] -- Up-to-date: /home/saifa/Desktop/Ros_exam/install/sun_interfaces/local/lib/python3.10/dist-packages/sun_interfaces
[0.524s] -- Up-to-date: /home/saifa/Desktop/Ros_exam/install/sun_interfaces/local/lib/python3.10/dist-packages/sun_interfaces/__init__.py
[0.524s] -- Up-to-date: /home/saifa/Desktop/Ros_exam/install/sun_interfaces/local/lib/python3.10/dist-packages/sun_interfaces/_sun_interfaces_s.ep.rosidl_typesupport_fastrtps_c.c
[0.525s] -- Up-to-date: /home/saifa/Desktop/Ros_exam/install/sun_interfaces/local/lib/python3.10/dist-packages/sun_interfaces/_sun_interfaces_s.ep.rosidl_typesupport_c.c
[0.525s] -- Up-to-date: /home/saifa/Desktop/Ros_exam/install/sun_interfaces/local/lib/python3.10/dist-packages/sun_interfaces/srv
[0.525s] -- Up-to-date: /home/saifa/Desktop/Ros_exam/install/sun_interfaces/local/lib/python3.10/dist-packages/sun_interfaces/srv/__init__.py
[0.525s] -- Up-to-date: /home/saifa/Desktop/Ros_exam/install/sun_interfaces/local/lib/python3.10/dist-packages/sun_interfaces/srv/_pizza_pose.py
[0.525s] -- Up-to-date: /home/saifa/Desktop/Ros_exam/install/sun_interfaces/local/lib/python3.10/dist-packages/sun_interfaces/srv/_pizza_pose_s.c
[0.525s] -- Up-to-date: /home/saifa/Desktop/Ros_exam/install/sun_interfaces/local/lib/python3.10/dist-packages/sun_interfaces/sun_interfaces_s__rosidl_typesupport_introspection_c.cpython-310-x86_64-linux-gnu.so
[0.525s] -- Up-to-date: /home/saifa/Desktop/Ros_exam/install/sun_interfaces/local/lib/python3.10/dist-packages/sun_interfaces/sun_interfaces_s__rosidl_typesupport_fastrtps_c.cpython-310-x86_64-linux-gnu.so
[0.525s] -- Up-to-date: /home/saifa/Desktop/Ros_exam/install/sun_interfaces/local/lib/python3.10/dist-packages/sun_interfaces/_sun_interfaces_s.ep.rosidl_typesupport_introspection_c.c
[0.525s] -- Up-to-date: /home/saifa/Desktop/Ros_exam/install/sun_interfaces/local/lib/python3.10/dist-packages/sun_interfaces/libsun_interfaces__rosidl_generator_py.so
[0.525s] -- Up-to-date: /home/saifa/Desktop/Ros_exam/install/sun_interfaces/local/lib/python3.10/dist-packages/sun_interfaces/sun_interfaces_s__rosidl_typesupport_c.cpython-310-x86_64-linux-gnu.so
[0.557s] Listing '/home/saifa/Desktop/Ros_exam/install/sun_interfaces/local/lib/python3.10/dist-packages/sun_interfaces'...
[0.557s] Listing '/home/saifa/Desktop/Ros_exam/install/sun_interfaces/local/lib/python3.10/dist-packages/sun_interfaces/srv'...
[0.561s] -- Up-to-date: /home/saifa/Desktop/Ros_exam/install/sun_interfaces/local/lib/python3.10/dist-packages/sun_interfaces/sun_interfaces_s__rosidl_typesupport_fastrtps_c.cpython-310-x86_64-linux-gnu.so
[0.561s] -- Up-to-date: /home/saifa/Desktop/Ros_exam/install/sun_interfaces/local/lib/python3.10/dist-packages/sun_interfaces/sun_interfaces_s__rosidl_typesupport_introspection_c.cpython-310-x86_64-linux-gnu.so
[0.562s] -- Up-to-date: /home/saifa/Desktop/Ros_exam/install/sun_interfaces/local/lib/python3.10/dist-packages/sun_interfaces/sun_interfaces_s__rosidl_typesupport_c.cpython-310-x86_64-linux-gnu.so
[0.562s] -- Up-to-date: /home/saifa/Desktop/Ros_exam/install/sun_interfaces/lib/libsun_interfaces__rosidl_generator_py.so
[0.562s] -- Up-to-date: /home/saifa/Desktop/Ros_exam/install/sun_interfaces/share/sun_interfaces/srv/PizzaPose.idl
[0.562s] -- Up-to-date: /home/saifa/Desktop/Ros_exam/install/sun_interfaces/share/sun_interfaces/srv/PizzaPose.srv
[0.562s] -- Up-to-date: /home/saifa/Desktop/Ros_exam/install/sun_interfaces/share/sun_interfaces/srv/PizzaPose_Request.msg
[0.563s] -- Up-to-date: /home/saifa/Desktop/Ros_exam/install/sun_interfaces/share/sun_interfaces/srv/PizzaPose_Response.msg
[0.563s] -- Up-to-date: /home/saifa/Desktop/Ros_exam/install/sun_interfaces/share/ament_index/resource_index/package_run_dependencies/sun_interfaces
[0.563s] -- Up-to-date: /home/saifa/Desktop/Ros_exam/install/sun_interfaces/share/ament_index/resource_index/parent_prefix_path/sun_interfaces
[0.563s] -- Up-to-date: /home/saifa/Desktop/Ros_exam/install/sun_interfaces/share/sun_interfaces/environment/ament_prefix_path.sh
[0.565s] -- Up-to-date: /home/saifa/Desktop/Ros_exam/install/sun_interfaces/share/sun_interfaces/environment/ament_prefix_path.dsv
[0.565s] -- Up-to-date: /home/saifa/Desktop/Ros_exam/install/sun_interfaces/share/sun_interfaces/environment/path.sh
[0.565s] -- Up-to-date: /home/saifa/Desktop/Ros_exam/install/sun_interfaces/share/sun_interfaces/environment/path.dsv
[0.565s] -- Up-to-date: /home/saifa/Desktop/Ros_exam/install/sun_interfaces/share/sun_interfaces/local_setup.bash
[0.566s] -- Up-to-date: /home/saifa/Desktop/Ros_exam/install/sun_interfaces/share/sun_interfaces/local_setup.sh
[0.566s] -- Up-to-date: /home/saifa/Desktop/Ros_exam/install/sun_interfaces/share/sun_interfaces/local_setup.zsh
[0.566s] -- Up-to-date: /home/saifa/Desktop/Ros_exam/install/sun_interfaces/share/sun_interfaces/local_setup.dsv
[0.566s] -- Installing: /home/saifa/Desktop/Ros_exam/install/sun_interfaces/share/sun_interfaces/package.dsv
[0.566s] -- Up-to-date: /home/saifa/Desktop/Ros_exam/install/sun_interfaces/share/ament_index/resource_index/packages/sun_interfaces
[0.566s] -- Up-to-date: /home/saifa/Desktop/Ros_exam/install/sun_interfaces/share/sun_interfaces/cmake/export_sun_interfaces__rosidl_generator_cExport.cmake
[0.566s] -- Up-to-date: /home/saifa/Desktop/Ros_exam/install/sun_interfaces/share/sun_interfaces/cmake/export_sun_interfaces__rosidl_generator_cExport-noconfig.cmake
[0.568s] -- Up-to-date: /home/saifa/Desktop/Ros_exam/install/sun_interfaces/share/sun_interfaces/cmake/export_sun_interfaces__rosidl_typesupport_fastrtps_cExport.cmake
[0.568s] -- Up-to-date: /home/saifa/Desktop/Ros_exam/install/sun_interfaces/share/sun_interfaces/cmake/export_sun_interfaces__rosidl_typesupport_fastrtps_cExport-noconfig.cmake
[0.569s] -- Up-to-date: /home/saifa/Desktop/Ros_exam/install/sun_interfaces/share/sun_interfaces/cmake/sun_interfaces__rosidl_typesupport_introspection_cExport.cmake
[0.569s] -- Up-to-date: /home/saifa/Desktop/Ros_exam/install/sun_interfaces/share/sun_interfaces/cmake/sun_interfaces__rosidl_typesupport_introspection_cExport-noconfig.cmake
[0.569s] -- Up-to-date: /home/saifa/Desktop/Ros_exam/install/sun_interfaces/share/sun_interfaces/cmake/sun_interfaces__rosidl_typesupport_cExport.cmake
[0.569s] -- Up-to-date: /home/saifa/Desktop/Ros_exam/install/sun_interfaces/share/sun_interfaces/cmake/sun_interfaces__rosidl_typesupport_cExport-noconfig.cmake
[0.569s] -- Up-to-date: /home/saifa/Desktop/Ros_exam/install/sun_interfaces/share/sun_interfaces/cmake/export_sun_interfaces__rosidl_generator_cppExport.cmake
[0.569s] -- Up-to-date: /home/saifa/Desktop/Ros_exam/install/sun_interfaces/share/sun_interfaces/cmake/export_sun_interfaces__rosidl_typesupport_fastrtps_cppExport.cmake
[0.569s] -- Up-to-date: /home/saifa/Desktop/Ros_exam/install/sun_interfaces/share/sun_interfaces/cmake/export_sun_interfaces__rosidl_typesupport_fastrtps_cppExport-noconfig.cmake
[0.569s] -- Up-to-date: /home/saifa/Desktop/Ros_exam/install/sun_interfaces/share/sun_interfaces/cmake/sun_interfaces__rosidl_typesupport_introspection_cppExport.cmake
[0.569s] -- Up-to-date: /home/saifa/Desktop/Ros_exam/install/sun_interfaces/share/sun_interfaces/cmake/sun_interfaces__rosidl_typesupport_introspection_cppExport-noconfig.cmake
[0.569s] -- Up-to-date: /home/saifa/Desktop/Ros_exam/install/sun_interfaces/share/sun_interfaces/cmake/sun_interfaces__rosidl_typesupport_cppExport.cmake
[0.569s] -- Up-to-date: /home/saifa/Desktop/Ros_exam/install/sun_interfaces/share/sun_interfaces/cmake/sun_interfaces__rosidl_typesupport_cppExport-noconfig.cmake
[0.569s] -- Up-to-date: /home/saifa/Desktop/Ros_exam/install/sun_interfaces/share/sun_interfaces/cmake/export_sun_interfaces__rosidl_generator_pyExport.cmake
[0.570s] -- Up-to-date: /home/saifa/Desktop/Ros_exam/install/sun_interfaces/share/sun_interfaces/cmake/export_sun_interfaces__rosidl_generator_pyExport-noconfig.cmake
[0.570s] -- Up-to-date: /home/saifa/Desktop/Ros_exam/install/sun_interfaces/share/sun_interfaces/cmake/rosidl_cmake-extras.cmake
[0.570s] -- Up-to-date: /home/saifa/Desktop/Ros_exam/install/sun_interfaces/share/sun_interfaces/cmake/ament_cmake_export_include_directories-extras.cmake
[0.570s] -- Up-to-date: /home/saifa/Desktop/Ros_exam/install/sun_interfaces/share/sun_interfaces/cmake/ament_cmake_export_libraries-extras.cmake
[0.571s] -- Up-to-date: /home/saifa/Desktop/Ros_exam/install/sun_interfaces/share/sun_interfaces/cmake/ament_cmake_export_targets-extras.cmake
[0.571s] -- Up-to-date: /home/saifa/Desktop/Ros_exam/install/sun_interfaces/share/sun_interfaces/cmake/rosidl_cmake_export_typesupport_targets-extras.cmake
[0.571s] -- Up-to-date: /home/saifa/Desktop/Ros_exam/install/sun_interfaces/share/sun_interfaces/cmake/ament_cmake_export_dependencies-extras.cmake
[0.571s] -- Up-to-date: /home/saifa/Desktop/Ros_exam/install/sun_interfaces/share/sun_interfaces/cmake/rosidl_cmake_export_typesupport_libraries-extras.cmake
[0.571s] -- Up-to-date: /home/saifa/Desktop/Ros_exam/install/sun_interfaces/share/sun_interfaces/cmake/sun_interfacesConfig.cmake
[0.571s] -- Up-to-date: /home/saifa/Desktop/Ros_exam/install/sun_interfaces/share/sun_interfaces/cmake/sun_interfacesConfig-version.cmake
[0.571s] -- Up-to-date: /home/saifa/Desktop/Ros_exam/install/sun_interfaces/share/sun_interfaces/package.xml
[0.578s] Invoked command in '/home/saifa/Desktop/Ros_exam/build/sun_interfaces' returned '0': CMAKE_PREFIX_PATH=${CMAKE_PREFIX_PATH}:/home/saifa/Desktop/ros2_w2_ws/install/launch_testing_examples:/home/saifa/Desktop/ros2_w2_ws/install/examples_rclpy_pointcloud_publisher:/home/saifa/Desktop/ros2_w2_ws/install/examples_rclpy_minimal_subscriber:/home/saifa/Desktop/ros2_w2_ws/install/examples_rclpy_minimal_service:/home/saifa/Desktop/ros2_w2_ws/install/examples_rclpy_minimal_publisher:/home/saifa/Desktop/ros2_w2_ws/install/examples_rclpy_minimal_client:/home/saifa/Desktop/ros2_w2_ws/install/examples_rclpy_minimal_action_server:/home/saifa/Desktop/ros2_w2_ws/install/examples_rclpy_minimal_action_client:/home/saifa/Desktop/ros2_w2_ws/install/examples_rclpy_guard_conditions:/home/saifa/Desktop/ros2_w2_ws/install/examples_rclpy_executors:/opt/ros/humble /usr/bin/cmake --install /home/saifa/Desktop/Ros_exam/build/sun_interfaces
