[0.036s] Invoking command in '/home/nakarin/RoboticsDevExam2/build/sun_interfaces': CMAKE_PREFIX_PATH=${CMAKE_PREFIX_PATH}:/home/nakarin/RoboticsDev/install/launch_testing_examples:/home/nakarin/RoboticsDev/install/examples_rclpy_pointcloud_publisher:/home/nakarin/RoboticsDev/install/examples_rclpy_minimal_subscriber:/home/nakarin/RoboticsDev/install/examples_rclpy_minimal_service:/home/nakarin/RoboticsDev/install/examples_rclpy_minimal_publisher:/home/nakarin/RoboticsDev/install/examples_rclpy_minimal_client:/home/nakarin/RoboticsDev/install/examples_rclpy_minimal_action_server:/home/nakarin/RoboticsDev/install/examples_rclpy_minimal_action_client:/home/nakarin/RoboticsDev/install/examples_rclpy_guard_conditions:/home/nakarin/RoboticsDev/install/examples_rclpy_executors:/opt/ros/humble /usr/bin/cmake --build /home/nakarin/RoboticsDevExam2/build/sun_interfaces -- -j8 -l8
[0.121s] [  3%] Built target sun_interfaces__cpp
[0.137s] [ 12%] Built target sun_interfaces__rosidl_generator_c
[0.143s] [ 12%] Built target ament_cmake_python_copy_sun_interfaces
[0.195s] [ 22%] Built target sun_interfaces__rosidl_typesupport_introspection_cpp
[0.209s] [ 32%] Built target sun_interfaces__rosidl_typesupport_cpp
[0.212s] [ 41%] Built target sun_interfaces__rosidl_typesupport_fastrtps_c
[0.212s] [ 51%] Built target sun_interfaces__rosidl_typesupport_introspection_c
[0.218s] [ 61%] Built target sun_interfaces__rosidl_typesupport_fastrtps_cpp
[0.235s] [ 70%] Built target sun_interfaces__rosidl_typesupport_c
[0.303s] [ 70%] Built target sun_interfaces
[0.355s] [ 74%] Built target sun_interfaces__py
[0.431s] [ 80%] Built target sun_interfaces__rosidl_generator_py
[0.505s] [ 87%] Built target sun_interfaces__rosidl_typesupport_introspection_c__pyext
[0.516s] [ 93%] Built target sun_interfaces__rosidl_typesupport_fastrtps_c__pyext
[0.522s] [100%] Built target sun_interfaces__rosidl_typesupport_c__pyext
[0.794s] running egg_info
[0.795s] writing sun_interfaces.egg-info/PKG-INFO
[0.795s] writing dependency_links to sun_interfaces.egg-info/dependency_links.txt
[0.796s] writing top-level names to sun_interfaces.egg-info/top_level.txt
[0.800s] reading manifest file 'sun_interfaces.egg-info/SOURCES.txt'
[0.802s] writing manifest file 'sun_interfaces.egg-info/SOURCES.txt'
[0.851s] [100%] Built target ament_cmake_python_build_sun_interfaces_egg
[0.868s] Invoked command in '/home/nakarin/RoboticsDevExam2/build/sun_interfaces' returned '0': CMAKE_PREFIX_PATH=${CMAKE_PREFIX_PATH}:/home/nakarin/RoboticsDev/install/launch_testing_examples:/home/nakarin/RoboticsDev/install/examples_rclpy_pointcloud_publisher:/home/nakarin/RoboticsDev/install/examples_rclpy_minimal_subscriber:/home/nakarin/RoboticsDev/install/examples_rclpy_minimal_service:/home/nakarin/RoboticsDev/install/examples_rclpy_minimal_publisher:/home/nakarin/RoboticsDev/install/examples_rclpy_minimal_client:/home/nakarin/RoboticsDev/install/examples_rclpy_minimal_action_server:/home/nakarin/RoboticsDev/install/examples_rclpy_minimal_action_client:/home/nakarin/RoboticsDev/install/examples_rclpy_guard_conditions:/home/nakarin/RoboticsDev/install/examples_rclpy_executors:/opt/ros/humble /usr/bin/cmake --build /home/nakarin/RoboticsDevExam2/build/sun_interfaces -- -j8 -l8
[0.950s] Invoking command in '/home/nakarin/RoboticsDevExam2/build/sun_interfaces': CMAKE_PREFIX_PATH=${CMAKE_PREFIX_PATH}:/home/nakarin/RoboticsDev/install/launch_testing_examples:/home/nakarin/RoboticsDev/install/examples_rclpy_pointcloud_publisher:/home/nakarin/RoboticsDev/install/examples_rclpy_minimal_subscriber:/home/nakarin/RoboticsDev/install/examples_rclpy_minimal_service:/home/nakarin/RoboticsDev/install/examples_rclpy_minimal_publisher:/home/nakarin/RoboticsDev/install/examples_rclpy_minimal_client:/home/nakarin/RoboticsDev/install/examples_rclpy_minimal_action_server:/home/nakarin/RoboticsDev/install/examples_rclpy_minimal_action_client:/home/nakarin/RoboticsDev/install/examples_rclpy_guard_conditions:/home/nakarin/RoboticsDev/install/examples_rclpy_executors:/opt/ros/humble /usr/bin/cmake --install /home/nakarin/RoboticsDevExam2/build/sun_interfaces
[0.960s] -- Install configuration: ""
[0.960s] -- Up-to-date: /home/nakarin/RoboticsDevExam2/install/sun_interfaces/share/ament_index/resource_index/rosidl_interfaces/sun_interfaces
[0.960s] -- Up-to-date: /home/nakarin/RoboticsDevExam2/install/sun_interfaces/include/sun_interfaces/sun_interfaces
[0.960s] -- Up-to-date: /home/nakarin/RoboticsDevExam2/install/sun_interfaces/include/sun_interfaces/sun_interfaces/msg
[0.960s] -- Up-to-date: /home/nakarin/RoboticsDevExam2/install/sun_interfaces/include/sun_interfaces/sun_interfaces/msg/rosidl_generator_c__visibility_control.h
[0.960s] -- Up-to-date: /home/nakarin/RoboticsDevExam2/install/sun_interfaces/include/sun_interfaces/sun_interfaces/srv
[0.960s] -- Up-to-date: /home/nakarin/RoboticsDevExam2/install/sun_interfaces/include/sun_interfaces/sun_interfaces/srv/detail
[0.961s] -- Up-to-date: /home/nakarin/RoboticsDevExam2/install/sun_interfaces/include/sun_interfaces/sun_interfaces/srv/detail/pizza_pose__type_support.h
[0.961s] -- Up-to-date: /home/nakarin/RoboticsDevExam2/install/sun_interfaces/include/sun_interfaces/sun_interfaces/srv/detail/pizza_pose__functions.h
[0.961s] -- Up-to-date: /home/nakarin/RoboticsDevExam2/install/sun_interfaces/include/sun_interfaces/sun_interfaces/srv/detail/pizza_pose__struct.h
[0.961s] -- Up-to-date: /home/nakarin/RoboticsDevExam2/install/sun_interfaces/include/sun_interfaces/sun_interfaces/srv/detail/pizza_pose__functions.c
[0.961s] -- Up-to-date: /home/nakarin/RoboticsDevExam2/install/sun_interfaces/include/sun_interfaces/sun_interfaces/srv/pizza_pose.h
[0.961s] -- Up-to-date: /home/nakarin/RoboticsDevExam2/install/sun_interfaces/share/sun_interfaces/environment/library_path.sh
[0.961s] -- Up-to-date: /home/nakarin/RoboticsDevExam2/install/sun_interfaces/share/sun_interfaces/environment/library_path.dsv
[0.962s] -- Up-to-date: /home/nakarin/RoboticsDevExam2/install/sun_interfaces/lib/libsun_interfaces__rosidl_generator_c.so
[0.962s] -- Up-to-date: /home/nakarin/RoboticsDevExam2/install/sun_interfaces/include/sun_interfaces/sun_interfaces
[0.962s] -- Up-to-date: /home/nakarin/RoboticsDevExam2/install/sun_interfaces/include/sun_interfaces/sun_interfaces/msg
[0.962s] -- Up-to-date: /home/nakarin/RoboticsDevExam2/install/sun_interfaces/include/sun_interfaces/sun_interfaces/msg/rosidl_typesupport_fastrtps_c__visibility_control.h
[0.962s] -- Up-to-date: /home/nakarin/RoboticsDevExam2/install/sun_interfaces/include/sun_interfaces/sun_interfaces/srv
[0.962s] -- Up-to-date: /home/nakarin/RoboticsDevExam2/install/sun_interfaces/include/sun_interfaces/sun_interfaces/srv/detail
[0.962s] -- Up-to-date: /home/nakarin/RoboticsDevExam2/install/sun_interfaces/include/sun_interfaces/sun_interfaces/srv/detail/pizza_pose__rosidl_typesupport_fastrtps_c.h
[0.962s] -- Up-to-date: /home/nakarin/RoboticsDevExam2/install/sun_interfaces/lib/libsun_interfaces__rosidl_typesupport_fastrtps_c.so
[0.962s] -- Up-to-date: /home/nakarin/RoboticsDevExam2/install/sun_interfaces/include/sun_interfaces/sun_interfaces
[0.963s] -- Up-to-date: /home/nakarin/RoboticsDevExam2/install/sun_interfaces/include/sun_interfaces/sun_interfaces/msg
[0.963s] -- Up-to-date: /home/nakarin/RoboticsDevExam2/install/sun_interfaces/include/sun_interfaces/sun_interfaces/msg/rosidl_typesupport_introspection_c__visibility_control.h
[0.963s] -- Up-to-date: /home/nakarin/RoboticsDevExam2/install/sun_interfaces/include/sun_interfaces/sun_interfaces/srv
[0.963s] -- Up-to-date: /home/nakarin/RoboticsDevExam2/install/sun_interfaces/include/sun_interfaces/sun_interfaces/srv/detail
[0.963s] -- Up-to-date: /home/nakarin/RoboticsDevExam2/install/sun_interfaces/include/sun_interfaces/sun_interfaces/srv/detail/pizza_pose__type_support.c
[0.963s] -- Up-to-date: /home/nakarin/RoboticsDevExam2/install/sun_interfaces/include/sun_interfaces/sun_interfaces/srv/detail/pizza_pose__rosidl_typesupport_introspection_c.h
[0.963s] -- Up-to-date: /home/nakarin/RoboticsDevExam2/install/sun_interfaces/lib/libsun_interfaces__rosidl_typesupport_introspection_c.so
[0.964s] -- Up-to-date: /home/nakarin/RoboticsDevExam2/install/sun_interfaces/lib/libsun_interfaces__rosidl_typesupport_c.so
[0.964s] -- Up-to-date: /home/nakarin/RoboticsDevExam2/install/sun_interfaces/include/sun_interfaces/sun_interfaces
[0.964s] -- Up-to-date: /home/nakarin/RoboticsDevExam2/install/sun_interfaces/include/sun_interfaces/sun_interfaces/srv
[0.964s] -- Up-to-date: /home/nakarin/RoboticsDevExam2/install/sun_interfaces/include/sun_interfaces/sun_interfaces/srv/detail
[0.964s] -- Up-to-date: /home/nakarin/RoboticsDevExam2/install/sun_interfaces/include/sun_interfaces/sun_interfaces/srv/detail/pizza_pose__builder.hpp
[0.964s] -- Up-to-date: /home/nakarin/RoboticsDevExam2/install/sun_interfaces/include/sun_interfaces/sun_interfaces/srv/detail/pizza_pose__struct.hpp
[0.964s] -- Up-to-date: /home/nakarin/RoboticsDevExam2/install/sun_interfaces/include/sun_interfaces/sun_interfaces/srv/detail/pizza_pose__traits.hpp
[0.965s] -- Up-to-date: /home/nakarin/RoboticsDevExam2/install/sun_interfaces/include/sun_interfaces/sun_interfaces/srv/pizza_pose.hpp
[0.965s] -- Up-to-date: /home/nakarin/RoboticsDevExam2/install/sun_interfaces/include/sun_interfaces/sun_interfaces
[0.965s] -- Up-to-date: /home/nakarin/RoboticsDevExam2/install/sun_interfaces/include/sun_interfaces/sun_interfaces/msg
[0.965s] -- Up-to-date: /home/nakarin/RoboticsDevExam2/install/sun_interfaces/include/sun_interfaces/sun_interfaces/msg/rosidl_typesupport_fastrtps_cpp__visibility_control.h
[0.965s] -- Up-to-date: /home/nakarin/RoboticsDevExam2/install/sun_interfaces/include/sun_interfaces/sun_interfaces/srv
[0.965s] -- Up-to-date: /home/nakarin/RoboticsDevExam2/install/sun_interfaces/include/sun_interfaces/sun_interfaces/srv/detail
[0.965s] -- Up-to-date: /home/nakarin/RoboticsDevExam2/install/sun_interfaces/include/sun_interfaces/sun_interfaces/srv/detail/dds_fastrtps
[0.965s] -- Up-to-date: /home/nakarin/RoboticsDevExam2/install/sun_interfaces/include/sun_interfaces/sun_interfaces/srv/detail/pizza_pose__rosidl_typesupport_fastrtps_cpp.hpp
[0.965s] -- Up-to-date: /home/nakarin/RoboticsDevExam2/install/sun_interfaces/lib/libsun_interfaces__rosidl_typesupport_fastrtps_cpp.so
[0.965s] -- Up-to-date: /home/nakarin/RoboticsDevExam2/install/sun_interfaces/include/sun_interfaces/sun_interfaces
[0.965s] -- Up-to-date: /home/nakarin/RoboticsDevExam2/install/sun_interfaces/include/sun_interfaces/sun_interfaces/srv
[0.965s] -- Up-to-date: /home/nakarin/RoboticsDevExam2/install/sun_interfaces/include/sun_interfaces/sun_interfaces/srv/detail
[0.966s] -- Up-to-date: /home/nakarin/RoboticsDevExam2/install/sun_interfaces/include/sun_interfaces/sun_interfaces/srv/detail/pizza_pose__type_support.cpp
[0.966s] -- Up-to-date: /home/nakarin/RoboticsDevExam2/install/sun_interfaces/include/sun_interfaces/sun_interfaces/srv/detail/pizza_pose__rosidl_typesupport_introspection_cpp.hpp
[0.966s] -- Up-to-date: /home/nakarin/RoboticsDevExam2/install/sun_interfaces/lib/libsun_interfaces__rosidl_typesupport_introspection_cpp.so
[0.966s] -- Up-to-date: /home/nakarin/RoboticsDevExam2/install/sun_interfaces/lib/libsun_interfaces__rosidl_typesupport_cpp.so
[0.966s] -- Up-to-date: /home/nakarin/RoboticsDevExam2/install/sun_interfaces/share/sun_interfaces/environment/pythonpath.sh
[0.966s] -- Up-to-date: /home/nakarin/RoboticsDevExam2/install/sun_interfaces/share/sun_interfaces/environment/pythonpath.dsv
[0.966s] -- Up-to-date: /home/nakarin/RoboticsDevExam2/install/sun_interfaces/local/lib/python3.10/dist-packages/sun_interfaces-0.0.0-py3.10.egg-info
[0.966s] -- Installing: /home/nakarin/RoboticsDevExam2/install/sun_interfaces/local/lib/python3.10/dist-packages/sun_interfaces-0.0.0-py3.10.egg-info/dependency_links.txt
[0.966s] -- Installing: /home/nakarin/RoboticsDevExam2/install/sun_interfaces/local/lib/python3.10/dist-packages/sun_interfaces-0.0.0-py3.10.egg-info/SOURCES.txt
[0.966s] -- Installing: /home/nakarin/RoboticsDevExam2/install/sun_interfaces/local/lib/python3.10/dist-packages/sun_interfaces-0.0.0-py3.10.egg-info/PKG-INFO
[0.966s] -- Installing: /home/nakarin/RoboticsDevExam2/install/sun_interfaces/local/lib/python3.10/dist-packages/sun_interfaces-0.0.0-py3.10.egg-info/top_level.txt
[0.966s] -- Up-to-date: /home/nakarin/RoboticsDevExam2/install/sun_interfaces/local/lib/python3.10/dist-packages/sun_interfaces
[0.967s] -- Up-to-date: /home/nakarin/RoboticsDevExam2/install/sun_interfaces/local/lib/python3.10/dist-packages/sun_interfaces/libsun_interfaces__rosidl_generator_py.so
[0.967s] -- Up-to-date: /home/nakarin/RoboticsDevExam2/install/sun_interfaces/local/lib/python3.10/dist-packages/sun_interfaces/_sun_interfaces_s.ep.rosidl_typesupport_fastrtps_c.c
[0.967s] -- Up-to-date: /home/nakarin/RoboticsDevExam2/install/sun_interfaces/local/lib/python3.10/dist-packages/sun_interfaces/sun_interfaces_s__rosidl_typesupport_introspection_c.cpython-310-x86_64-linux-gnu.so
[0.967s] -- Up-to-date: /home/nakarin/RoboticsDevExam2/install/sun_interfaces/local/lib/python3.10/dist-packages/sun_interfaces/sun_interfaces_s__rosidl_typesupport_fastrtps_c.cpython-310-x86_64-linux-gnu.so
[0.967s] -- Up-to-date: /home/nakarin/RoboticsDevExam2/install/sun_interfaces/local/lib/python3.10/dist-packages/sun_interfaces/sun_interfaces_s__rosidl_typesupport_c.cpython-310-x86_64-linux-gnu.so
[0.967s] -- Up-to-date: /home/nakarin/RoboticsDevExam2/install/sun_interfaces/local/lib/python3.10/dist-packages/sun_interfaces/_sun_interfaces_s.ep.rosidl_typesupport_c.c
[0.967s] -- Up-to-date: /home/nakarin/RoboticsDevExam2/install/sun_interfaces/local/lib/python3.10/dist-packages/sun_interfaces/_sun_interfaces_s.ep.rosidl_typesupport_introspection_c.c
[0.967s] -- Up-to-date: /home/nakarin/RoboticsDevExam2/install/sun_interfaces/local/lib/python3.10/dist-packages/sun_interfaces/__init__.py
[0.967s] -- Up-to-date: /home/nakarin/RoboticsDevExam2/install/sun_interfaces/local/lib/python3.10/dist-packages/sun_interfaces/srv
[0.967s] -- Up-to-date: /home/nakarin/RoboticsDevExam2/install/sun_interfaces/local/lib/python3.10/dist-packages/sun_interfaces/srv/__init__.py
[0.967s] -- Up-to-date: /home/nakarin/RoboticsDevExam2/install/sun_interfaces/local/lib/python3.10/dist-packages/sun_interfaces/srv/_pizza_pose.py
[0.967s] -- Up-to-date: /home/nakarin/RoboticsDevExam2/install/sun_interfaces/local/lib/python3.10/dist-packages/sun_interfaces/srv/_pizza_pose_s.c
[1.024s] Listing '/home/nakarin/RoboticsDevExam2/install/sun_interfaces/local/lib/python3.10/dist-packages/sun_interfaces'...
[1.024s] Listing '/home/nakarin/RoboticsDevExam2/install/sun_interfaces/local/lib/python3.10/dist-packages/sun_interfaces/srv'...
[1.033s] -- Up-to-date: /home/nakarin/RoboticsDevExam2/install/sun_interfaces/local/lib/python3.10/dist-packages/sun_interfaces/sun_interfaces_s__rosidl_typesupport_fastrtps_c.cpython-310-x86_64-linux-gnu.so
[1.033s] -- Up-to-date: /home/nakarin/RoboticsDevExam2/install/sun_interfaces/local/lib/python3.10/dist-packages/sun_interfaces/sun_interfaces_s__rosidl_typesupport_introspection_c.cpython-310-x86_64-linux-gnu.so
[1.034s] -- Up-to-date: /home/nakarin/RoboticsDevExam2/install/sun_interfaces/local/lib/python3.10/dist-packages/sun_interfaces/sun_interfaces_s__rosidl_typesupport_c.cpython-310-x86_64-linux-gnu.so
[1.034s] -- Up-to-date: /home/nakarin/RoboticsDevExam2/install/sun_interfaces/lib/libsun_interfaces__rosidl_generator_py.so
[1.034s] -- Up-to-date: /home/nakarin/RoboticsDevExam2/install/sun_interfaces/share/sun_interfaces/srv/PizzaPose.idl
[1.035s] -- Up-to-date: /home/nakarin/RoboticsDevExam2/install/sun_interfaces/share/sun_interfaces/srv/PizzaPose.srv
[1.035s] -- Up-to-date: /home/nakarin/RoboticsDevExam2/install/sun_interfaces/share/sun_interfaces/srv/PizzaPose_Request.msg
[1.035s] -- Up-to-date: /home/nakarin/RoboticsDevExam2/install/sun_interfaces/share/sun_interfaces/srv/PizzaPose_Response.msg
[1.035s] -- Up-to-date: /home/nakarin/RoboticsDevExam2/install/sun_interfaces/share/ament_index/resource_index/package_run_dependencies/sun_interfaces
[1.035s] -- Up-to-date: /home/nakarin/RoboticsDevExam2/install/sun_interfaces/share/ament_index/resource_index/parent_prefix_path/sun_interfaces
[1.035s] -- Up-to-date: /home/nakarin/RoboticsDevExam2/install/sun_interfaces/share/sun_interfaces/environment/ament_prefix_path.sh
[1.035s] -- Up-to-date: /home/nakarin/RoboticsDevExam2/install/sun_interfaces/share/sun_interfaces/environment/ament_prefix_path.dsv
[1.035s] -- Up-to-date: /home/nakarin/RoboticsDevExam2/install/sun_interfaces/share/sun_interfaces/environment/path.sh
[1.035s] -- Up-to-date: /home/nakarin/RoboticsDevExam2/install/sun_interfaces/share/sun_interfaces/environment/path.dsv
[1.035s] -- Up-to-date: /home/nakarin/RoboticsDevExam2/install/sun_interfaces/share/sun_interfaces/local_setup.bash
[1.035s] -- Up-to-date: /home/nakarin/RoboticsDevExam2/install/sun_interfaces/share/sun_interfaces/local_setup.sh
[1.036s] -- Up-to-date: /home/nakarin/RoboticsDevExam2/install/sun_interfaces/share/sun_interfaces/local_setup.zsh
[1.036s] -- Up-to-date: /home/nakarin/RoboticsDevExam2/install/sun_interfaces/share/sun_interfaces/local_setup.dsv
[1.036s] -- Installing: /home/nakarin/RoboticsDevExam2/install/sun_interfaces/share/sun_interfaces/package.dsv
[1.036s] -- Up-to-date: /home/nakarin/RoboticsDevExam2/install/sun_interfaces/share/ament_index/resource_index/packages/sun_interfaces
[1.036s] -- Up-to-date: /home/nakarin/RoboticsDevExam2/install/sun_interfaces/share/sun_interfaces/cmake/export_sun_interfaces__rosidl_generator_cExport.cmake
[1.036s] -- Up-to-date: /home/nakarin/RoboticsDevExam2/install/sun_interfaces/share/sun_interfaces/cmake/export_sun_interfaces__rosidl_generator_cExport-noconfig.cmake
[1.036s] -- Up-to-date: /home/nakarin/RoboticsDevExam2/install/sun_interfaces/share/sun_interfaces/cmake/export_sun_interfaces__rosidl_typesupport_fastrtps_cExport.cmake
[1.036s] -- Up-to-date: /home/nakarin/RoboticsDevExam2/install/sun_interfaces/share/sun_interfaces/cmake/export_sun_interfaces__rosidl_typesupport_fastrtps_cExport-noconfig.cmake
[1.037s] -- Up-to-date: /home/nakarin/RoboticsDevExam2/install/sun_interfaces/share/sun_interfaces/cmake/sun_interfaces__rosidl_typesupport_introspection_cExport.cmake
[1.037s] -- Up-to-date: /home/nakarin/RoboticsDevExam2/install/sun_interfaces/share/sun_interfaces/cmake/sun_interfaces__rosidl_typesupport_introspection_cExport-noconfig.cmake
[1.037s] -- Up-to-date: /home/nakarin/RoboticsDevExam2/install/sun_interfaces/share/sun_interfaces/cmake/sun_interfaces__rosidl_typesupport_cExport.cmake
[1.037s] -- Up-to-date: /home/nakarin/RoboticsDevExam2/install/sun_interfaces/share/sun_interfaces/cmake/sun_interfaces__rosidl_typesupport_cExport-noconfig.cmake
[1.037s] -- Up-to-date: /home/nakarin/RoboticsDevExam2/install/sun_interfaces/share/sun_interfaces/cmake/export_sun_interfaces__rosidl_generator_cppExport.cmake
[1.037s] -- Up-to-date: /home/nakarin/RoboticsDevExam2/install/sun_interfaces/share/sun_interfaces/cmake/export_sun_interfaces__rosidl_typesupport_fastrtps_cppExport.cmake
[1.038s] -- Up-to-date: /home/nakarin/RoboticsDevExam2/install/sun_interfaces/share/sun_interfaces/cmake/export_sun_interfaces__rosidl_typesupport_fastrtps_cppExport-noconfig.cmake
[1.038s] -- Up-to-date: /home/nakarin/RoboticsDevExam2/install/sun_interfaces/share/sun_interfaces/cmake/sun_interfaces__rosidl_typesupport_introspection_cppExport.cmake
[1.038s] -- Up-to-date: /home/nakarin/RoboticsDevExam2/install/sun_interfaces/share/sun_interfaces/cmake/sun_interfaces__rosidl_typesupport_introspection_cppExport-noconfig.cmake
[1.038s] -- Up-to-date: /home/nakarin/RoboticsDevExam2/install/sun_interfaces/share/sun_interfaces/cmake/sun_interfaces__rosidl_typesupport_cppExport.cmake
[1.038s] -- Up-to-date: /home/nakarin/RoboticsDevExam2/install/sun_interfaces/share/sun_interfaces/cmake/sun_interfaces__rosidl_typesupport_cppExport-noconfig.cmake
[1.038s] -- Up-to-date: /home/nakarin/RoboticsDevExam2/install/sun_interfaces/share/sun_interfaces/cmake/export_sun_interfaces__rosidl_generator_pyExport.cmake
[1.038s] -- Up-to-date: /home/nakarin/RoboticsDevExam2/install/sun_interfaces/share/sun_interfaces/cmake/export_sun_interfaces__rosidl_generator_pyExport-noconfig.cmake
[1.038s] -- Up-to-date: /home/nakarin/RoboticsDevExam2/install/sun_interfaces/share/sun_interfaces/cmake/rosidl_cmake-extras.cmake
[1.038s] -- Up-to-date: /home/nakarin/RoboticsDevExam2/install/sun_interfaces/share/sun_interfaces/cmake/ament_cmake_export_include_directories-extras.cmake
[1.039s] -- Up-to-date: /home/nakarin/RoboticsDevExam2/install/sun_interfaces/share/sun_interfaces/cmake/ament_cmake_export_libraries-extras.cmake
[1.039s] -- Up-to-date: /home/nakarin/RoboticsDevExam2/install/sun_interfaces/share/sun_interfaces/cmake/ament_cmake_export_targets-extras.cmake
[1.039s] -- Up-to-date: /home/nakarin/RoboticsDevExam2/install/sun_interfaces/share/sun_interfaces/cmake/rosidl_cmake_export_typesupport_targets-extras.cmake
[1.039s] -- Up-to-date: /home/nakarin/RoboticsDevExam2/install/sun_interfaces/share/sun_interfaces/cmake/ament_cmake_export_dependencies-extras.cmake
[1.039s] -- Up-to-date: /home/nakarin/RoboticsDevExam2/install/sun_interfaces/share/sun_interfaces/cmake/rosidl_cmake_export_typesupport_libraries-extras.cmake
[1.039s] -- Up-to-date: /home/nakarin/RoboticsDevExam2/install/sun_interfaces/share/sun_interfaces/cmake/sun_interfacesConfig.cmake
[1.039s] -- Up-to-date: /home/nakarin/RoboticsDevExam2/install/sun_interfaces/share/sun_interfaces/cmake/sun_interfacesConfig-version.cmake
[1.039s] -- Up-to-date: /home/nakarin/RoboticsDevExam2/install/sun_interfaces/share/sun_interfaces/package.xml
[1.050s] Invoked command in '/home/nakarin/RoboticsDevExam2/build/sun_interfaces' returned '0': CMAKE_PREFIX_PATH=${CMAKE_PREFIX_PATH}:/home/nakarin/RoboticsDev/install/launch_testing_examples:/home/nakarin/RoboticsDev/install/examples_rclpy_pointcloud_publisher:/home/nakarin/RoboticsDev/install/examples_rclpy_minimal_subscriber:/home/nakarin/RoboticsDev/install/examples_rclpy_minimal_service:/home/nakarin/RoboticsDev/install/examples_rclpy_minimal_publisher:/home/nakarin/RoboticsDev/install/examples_rclpy_minimal_client:/home/nakarin/RoboticsDev/install/examples_rclpy_minimal_action_server:/home/nakarin/RoboticsDev/install/examples_rclpy_minimal_action_client:/home/nakarin/RoboticsDev/install/examples_rclpy_guard_conditions:/home/nakarin/RoboticsDev/install/examples_rclpy_executors:/opt/ros/humble /usr/bin/cmake --install /home/nakarin/RoboticsDevExam2/build/sun_interfaces
