[  0%] Built target ament_cmake_python_copy_sun_pkg
[100%] Built target cpp_node_test
running egg_info
writing sun_pkg.egg-info/PKG-INFO
writing dependency_links to sun_pkg.egg-info/dependency_links.txt
writing top-level names to sun_pkg.egg-info/top_level.txt
reading manifest file 'sun_pkg.egg-info/SOURCES.txt'
writing manifest file 'sun_pkg.egg-info/SOURCES.txt'
[100%] Built target ament_cmake_python_build_sun_pkg_egg
-- Install configuration: ""
-- Up-to-date: /home/nakarin/RoboticsDevExam2/install/sun_pkg/share/sun_pkg/environment/pythonpath.sh
-- Up-to-date: /home/nakarin/RoboticsDevExam2/install/sun_pkg/share/sun_pkg/environment/pythonpath.dsv
-- Up-to-date: /home/nakarin/RoboticsDevExam2/install/sun_pkg/local/lib/python3.10/dist-packages/sun_pkg-0.0.0-py3.10.egg-info
-- Installing: /home/nakarin/RoboticsDevExam2/install/sun_pkg/local/lib/python3.10/dist-packages/sun_pkg-0.0.0-py3.10.egg-info/dependency_links.txt
-- Installing: /home/nakarin/RoboticsDevExam2/install/sun_pkg/local/lib/python3.10/dist-packages/sun_pkg-0.0.0-py3.10.egg-info/SOURCES.txt
-- Installing: /home/nakarin/RoboticsDevExam2/install/sun_pkg/local/lib/python3.10/dist-packages/sun_pkg-0.0.0-py3.10.egg-info/PKG-INFO
-- Installing: /home/nakarin/RoboticsDevExam2/install/sun_pkg/local/lib/python3.10/dist-packages/sun_pkg-0.0.0-py3.10.egg-info/top_level.txt
-- Up-to-date: /home/nakarin/RoboticsDevExam2/install/sun_pkg/local/lib/python3.10/dist-packages/sun_pkg
-- Up-to-date: /home/nakarin/RoboticsDevExam2/install/sun_pkg/local/lib/python3.10/dist-packages/sun_pkg/__init__.py
-- Up-to-date: /home/nakarin/RoboticsDevExam2/install/sun_pkg/local/lib/python3.10/dist-packages/sun_pkg/dummy_module.py
Listing '/home/nakarin/RoboticsDevExam2/install/sun_pkg/local/lib/python3.10/dist-packages/sun_pkg'...
-- Up-to-date: /home/nakarin/RoboticsDevExam2/install/sun_pkg/lib/sun_pkg/dummy_script.py
-- Installing: /home/nakarin/RoboticsDevExam2/install/sun_pkg/lib/sun_pkg/pizza_viapoint_script.py
-- Installing: /home/nakarin/RoboticsDevExam2/install/sun_pkg/lib/sun_pkg/start_copy_script.py
-- Up-to-date: /home/nakarin/RoboticsDevExam2/install/sun_pkg/lib/sun_pkg/cpp_node_test
-- Up-to-date: /home/nakarin/RoboticsDevExam2/install/sun_pkg/share/sun_pkg
-- Up-to-date: /home/nakarin/RoboticsDevExam2/install/sun_pkg/share/ament_index/resource_index/package_run_dependencies/sun_pkg
-- Up-to-date: /home/nakarin/RoboticsDevExam2/install/sun_pkg/share/ament_index/resource_index/parent_prefix_path/sun_pkg
-- Up-to-date: /home/nakarin/RoboticsDevExam2/install/sun_pkg/share/sun_pkg/environment/ament_prefix_path.sh
-- Up-to-date: /home/nakarin/RoboticsDevExam2/install/sun_pkg/share/sun_pkg/environment/ament_prefix_path.dsv
-- Up-to-date: /home/nakarin/RoboticsDevExam2/install/sun_pkg/share/sun_pkg/environment/path.sh
-- Up-to-date: /home/nakarin/RoboticsDevExam2/install/sun_pkg/share/sun_pkg/environment/path.dsv
-- Up-to-date: /home/nakarin/RoboticsDevExam2/install/sun_pkg/share/sun_pkg/local_setup.bash
-- Up-to-date: /home/nakarin/RoboticsDevExam2/install/sun_pkg/share/sun_pkg/local_setup.sh
-- Up-to-date: /home/nakarin/RoboticsDevExam2/install/sun_pkg/share/sun_pkg/local_setup.zsh
-- Up-to-date: /home/nakarin/RoboticsDevExam2/install/sun_pkg/share/sun_pkg/local_setup.dsv
-- Installing: /home/nakarin/RoboticsDevExam2/install/sun_pkg/share/sun_pkg/package.dsv
-- Up-to-date: /home/nakarin/RoboticsDevExam2/install/sun_pkg/share/ament_index/resource_index/packages/sun_pkg
-- Up-to-date: /home/nakarin/RoboticsDevExam2/install/sun_pkg/share/sun_pkg/cmake/sun_pkgConfig.cmake
-- Up-to-date: /home/nakarin/RoboticsDevExam2/install/sun_pkg/share/sun_pkg/cmake/sun_pkgConfig-version.cmake
-- Up-to-date: /home/nakarin/RoboticsDevExam2/install/sun_pkg/share/sun_pkg/package.xml
