[0.032s] Invoking command in '/home/saifa/Desktop/Ros_exam/build/controller_interfaces': CMAKE_PREFIX_PATH=${CMAKE_PREFIX_PATH}:/home/saifa/Desktop/ros2_w2_ws/install/launch_testing_examples:/home/saifa/Desktop/ros2_w2_ws/install/examples_rclpy_pointcloud_publisher:/home/saifa/Desktop/ros2_w2_ws/install/examples_rclpy_minimal_subscriber:/home/saifa/Desktop/ros2_w2_ws/install/examples_rclpy_minimal_service:/home/saifa/Desktop/ros2_w2_ws/install/examples_rclpy_minimal_publisher:/home/saifa/Desktop/ros2_w2_ws/install/examples_rclpy_minimal_client:/home/saifa/Desktop/ros2_w2_ws/install/examples_rclpy_minimal_action_server:/home/saifa/Desktop/ros2_w2_ws/install/examples_rclpy_minimal_action_client:/home/saifa/Desktop/ros2_w2_ws/install/examples_rclpy_guard_conditions:/home/saifa/Desktop/ros2_w2_ws/install/examples_rclpy_executors:/opt/ros/humble /usr/bin/cmake --build /home/saifa/Desktop/Ros_exam/build/controller_interfaces -- -j16 -l16
[0.084s] [  2%] Built target controller_interfaces__cpp
[0.084s] [ 12%] Built target controller_interfaces__rosidl_generator_c
[0.100s] [ 12%] Built target ament_cmake_python_copy_controller_interfaces
[0.119s] [ 23%] Built target controller_interfaces__rosidl_typesupport_introspection_cpp
[0.124s] [ 33%] Built target controller_interfaces__rosidl_typesupport_cpp
[0.125s] [ 43%] Built target controller_interfaces__rosidl_typesupport_fastrtps_cpp
[0.135s] [ 53%] Built target controller_interfaces__rosidl_typesupport_c
[0.141s] [ 64%] Built target controller_interfaces__rosidl_typesupport_introspection_c
[0.141s] [ 74%] Built target controller_interfaces__rosidl_typesupport_fastrtps_c
[0.166s] [ 74%] Built target controller_interfaces
[0.188s] [ 76%] Built target controller_interfaces__py
[0.212s] [ 84%] Built target controller_interfaces__rosidl_generator_py
[0.240s] [ 94%] Built target controller_interfaces__rosidl_typesupport_fastrtps_c__pyext
[0.240s] [ 94%] Built target controller_interfaces__rosidl_typesupport_c__pyext
[0.247s] [100%] Built target controller_interfaces__rosidl_typesupport_introspection_c__pyext
[0.356s] running egg_info
[0.356s] writing controller_interfaces.egg-info/PKG-INFO
[0.357s] writing dependency_links to controller_interfaces.egg-info/dependency_links.txt
[0.357s] writing top-level names to controller_interfaces.egg-info/top_level.txt
[0.358s] reading manifest file 'controller_interfaces.egg-info/SOURCES.txt'
[0.359s] writing manifest file 'controller_interfaces.egg-info/SOURCES.txt'
[0.394s] [100%] Built target ament_cmake_python_build_controller_interfaces_egg
[0.409s] Invoked command in '/home/saifa/Desktop/Ros_exam/build/controller_interfaces' returned '0': CMAKE_PREFIX_PATH=${CMAKE_PREFIX_PATH}:/home/saifa/Desktop/ros2_w2_ws/install/launch_testing_examples:/home/saifa/Desktop/ros2_w2_ws/install/examples_rclpy_pointcloud_publisher:/home/saifa/Desktop/ros2_w2_ws/install/examples_rclpy_minimal_subscriber:/home/saifa/Desktop/ros2_w2_ws/install/examples_rclpy_minimal_service:/home/saifa/Desktop/ros2_w2_ws/install/examples_rclpy_minimal_publisher:/home/saifa/Desktop/ros2_w2_ws/install/examples_rclpy_minimal_client:/home/saifa/Desktop/ros2_w2_ws/install/examples_rclpy_minimal_action_server:/home/saifa/Desktop/ros2_w2_ws/install/examples_rclpy_minimal_action_client:/home/saifa/Desktop/ros2_w2_ws/install/examples_rclpy_guard_conditions:/home/saifa/Desktop/ros2_w2_ws/install/examples_rclpy_executors:/opt/ros/humble /usr/bin/cmake --build /home/saifa/Desktop/Ros_exam/build/controller_interfaces -- -j16 -l16
[0.518s] Invoking command in '/home/saifa/Desktop/Ros_exam/build/controller_interfaces': CMAKE_PREFIX_PATH=${CMAKE_PREFIX_PATH}:/home/saifa/Desktop/ros2_w2_ws/install/launch_testing_examples:/home/saifa/Desktop/ros2_w2_ws/install/examples_rclpy_pointcloud_publisher:/home/saifa/Desktop/ros2_w2_ws/install/examples_rclpy_minimal_subscriber:/home/saifa/Desktop/ros2_w2_ws/install/examples_rclpy_minimal_service:/home/saifa/Desktop/ros2_w2_ws/install/examples_rclpy_minimal_publisher:/home/saifa/Desktop/ros2_w2_ws/install/examples_rclpy_minimal_client:/home/saifa/Desktop/ros2_w2_ws/install/examples_rclpy_minimal_action_server:/home/saifa/Desktop/ros2_w2_ws/install/examples_rclpy_minimal_action_client:/home/saifa/Desktop/ros2_w2_ws/install/examples_rclpy_guard_conditions:/home/saifa/Desktop/ros2_w2_ws/install/examples_rclpy_executors:/opt/ros/humble /usr/bin/cmake --install /home/saifa/Desktop/Ros_exam/build/controller_interfaces
[0.528s] -- Install configuration: ""
[0.528s] -- Up-to-date: /home/saifa/Desktop/Ros_exam/install/controller_interfaces/share/ament_index/resource_index/rosidl_interfaces/controller_interfaces
[0.528s] -- Up-to-date: /home/saifa/Desktop/Ros_exam/install/controller_interfaces/include/controller_interfaces/controller_interfaces
[0.528s] -- Up-to-date: /home/saifa/Desktop/Ros_exam/install/controller_interfaces/include/controller_interfaces/controller_interfaces/msg
[0.528s] -- Up-to-date: /home/saifa/Desktop/Ros_exam/install/controller_interfaces/include/controller_interfaces/controller_interfaces/msg/rosidl_generator_c__visibility_control.h
[0.528s] -- Up-to-date: /home/saifa/Desktop/Ros_exam/install/controller_interfaces/include/controller_interfaces/controller_interfaces/srv
[0.528s] -- Up-to-date: /home/saifa/Desktop/Ros_exam/install/controller_interfaces/include/controller_interfaces/controller_interfaces/srv/set_param.h
[0.528s] -- Up-to-date: /home/saifa/Desktop/Ros_exam/install/controller_interfaces/include/controller_interfaces/controller_interfaces/srv/set_target.h
[0.529s] -- Up-to-date: /home/saifa/Desktop/Ros_exam/install/controller_interfaces/include/controller_interfaces/controller_interfaces/srv/detail
[0.529s] -- Up-to-date: /home/saifa/Desktop/Ros_exam/install/controller_interfaces/include/controller_interfaces/controller_interfaces/srv/detail/set_target__functions.c
[0.529s] -- Up-to-date: /home/saifa/Desktop/Ros_exam/install/controller_interfaces/include/controller_interfaces/controller_interfaces/srv/detail/set_target__functions.h
[0.529s] -- Up-to-date: /home/saifa/Desktop/Ros_exam/install/controller_interfaces/include/controller_interfaces/controller_interfaces/srv/detail/set_target__struct.h
[0.529s] -- Up-to-date: /home/saifa/Desktop/Ros_exam/install/controller_interfaces/include/controller_interfaces/controller_interfaces/srv/detail/set_param__struct.h
[0.529s] -- Up-to-date: /home/saifa/Desktop/Ros_exam/install/controller_interfaces/include/controller_interfaces/controller_interfaces/srv/detail/set_param__type_support.h
[0.529s] -- Up-to-date: /home/saifa/Desktop/Ros_exam/install/controller_interfaces/include/controller_interfaces/controller_interfaces/srv/detail/set_param__functions.h
[0.529s] -- Up-to-date: /home/saifa/Desktop/Ros_exam/install/controller_interfaces/include/controller_interfaces/controller_interfaces/srv/detail/set_target__type_support.h
[0.529s] -- Up-to-date: /home/saifa/Desktop/Ros_exam/install/controller_interfaces/include/controller_interfaces/controller_interfaces/srv/detail/set_param__functions.c
[0.530s] -- Up-to-date: /home/saifa/Desktop/Ros_exam/install/controller_interfaces/share/controller_interfaces/environment/library_path.sh
[0.530s] -- Up-to-date: /home/saifa/Desktop/Ros_exam/install/controller_interfaces/share/controller_interfaces/environment/library_path.dsv
[0.530s] -- Up-to-date: /home/saifa/Desktop/Ros_exam/install/controller_interfaces/lib/libcontroller_interfaces__rosidl_generator_c.so
[0.530s] -- Up-to-date: /home/saifa/Desktop/Ros_exam/install/controller_interfaces/include/controller_interfaces/controller_interfaces
[0.530s] -- Up-to-date: /home/saifa/Desktop/Ros_exam/install/controller_interfaces/include/controller_interfaces/controller_interfaces/msg
[0.531s] -- Up-to-date: /home/saifa/Desktop/Ros_exam/install/controller_interfaces/include/controller_interfaces/controller_interfaces/msg/rosidl_typesupport_fastrtps_c__visibility_control.h
[0.531s] -- Up-to-date: /home/saifa/Desktop/Ros_exam/install/controller_interfaces/include/controller_interfaces/controller_interfaces/srv
[0.531s] -- Up-to-date: /home/saifa/Desktop/Ros_exam/install/controller_interfaces/include/controller_interfaces/controller_interfaces/srv/detail
[0.531s] -- Up-to-date: /home/saifa/Desktop/Ros_exam/install/controller_interfaces/include/controller_interfaces/controller_interfaces/srv/detail/set_target__rosidl_typesupport_fastrtps_c.h
[0.531s] -- Up-to-date: /home/saifa/Desktop/Ros_exam/install/controller_interfaces/include/controller_interfaces/controller_interfaces/srv/detail/set_param__rosidl_typesupport_fastrtps_c.h
[0.531s] -- Up-to-date: /home/saifa/Desktop/Ros_exam/install/controller_interfaces/lib/libcontroller_interfaces__rosidl_typesupport_fastrtps_c.so
[0.531s] -- Up-to-date: /home/saifa/Desktop/Ros_exam/install/controller_interfaces/include/controller_interfaces/controller_interfaces
[0.531s] -- Up-to-date: /home/saifa/Desktop/Ros_exam/install/controller_interfaces/include/controller_interfaces/controller_interfaces/srv
[0.532s] -- Up-to-date: /home/saifa/Desktop/Ros_exam/install/controller_interfaces/include/controller_interfaces/controller_interfaces/srv/set_target.hpp
[0.532s] -- Up-to-date: /home/saifa/Desktop/Ros_exam/install/controller_interfaces/include/controller_interfaces/controller_interfaces/srv/set_param.hpp
[0.532s] -- Up-to-date: /home/saifa/Desktop/Ros_exam/install/controller_interfaces/include/controller_interfaces/controller_interfaces/srv/detail
[0.532s] -- Up-to-date: /home/saifa/Desktop/Ros_exam/install/controller_interfaces/include/controller_interfaces/controller_interfaces/srv/detail/set_param__struct.hpp
[0.533s] -- Up-to-date: /home/saifa/Desktop/Ros_exam/install/controller_interfaces/include/controller_interfaces/controller_interfaces/srv/detail/set_param__traits.hpp
[0.533s] -- Up-to-date: /home/saifa/Desktop/Ros_exam/install/controller_interfaces/include/controller_interfaces/controller_interfaces/srv/detail/set_target__struct.hpp
[0.533s] -- Up-to-date: /home/saifa/Desktop/Ros_exam/install/controller_interfaces/include/controller_interfaces/controller_interfaces/srv/detail/set_target__traits.hpp
[0.533s] -- Up-to-date: /home/saifa/Desktop/Ros_exam/install/controller_interfaces/include/controller_interfaces/controller_interfaces/srv/detail/set_param__builder.hpp
[0.534s] -- Up-to-date: /home/saifa/Desktop/Ros_exam/install/controller_interfaces/include/controller_interfaces/controller_interfaces/srv/detail/set_target__builder.hpp
[0.534s] -- Up-to-date: /home/saifa/Desktop/Ros_exam/install/controller_interfaces/include/controller_interfaces/controller_interfaces
[0.534s] -- Up-to-date: /home/saifa/Desktop/Ros_exam/install/controller_interfaces/include/controller_interfaces/controller_interfaces/msg
[0.534s] -- Up-to-date: /home/saifa/Desktop/Ros_exam/install/controller_interfaces/include/controller_interfaces/controller_interfaces/msg/rosidl_typesupport_fastrtps_cpp__visibility_control.h
[0.534s] -- Up-to-date: /home/saifa/Desktop/Ros_exam/install/controller_interfaces/include/controller_interfaces/controller_interfaces/srv
[0.534s] -- Up-to-date: /home/saifa/Desktop/Ros_exam/install/controller_interfaces/include/controller_interfaces/controller_interfaces/srv/detail
[0.534s] -- Up-to-date: /home/saifa/Desktop/Ros_exam/install/controller_interfaces/include/controller_interfaces/controller_interfaces/srv/detail/set_target__rosidl_typesupport_fastrtps_cpp.hpp
[0.534s] -- Up-to-date: /home/saifa/Desktop/Ros_exam/install/controller_interfaces/include/controller_interfaces/controller_interfaces/srv/detail/dds_fastrtps
[0.534s] -- Up-to-date: /home/saifa/Desktop/Ros_exam/install/controller_interfaces/include/controller_interfaces/controller_interfaces/srv/detail/set_param__rosidl_typesupport_fastrtps_cpp.hpp
[0.534s] -- Up-to-date: /home/saifa/Desktop/Ros_exam/install/controller_interfaces/lib/libcontroller_interfaces__rosidl_typesupport_fastrtps_cpp.so
[0.535s] -- Up-to-date: /home/saifa/Desktop/Ros_exam/install/controller_interfaces/include/controller_interfaces/controller_interfaces
[0.535s] -- Up-to-date: /home/saifa/Desktop/Ros_exam/install/controller_interfaces/include/controller_interfaces/controller_interfaces/msg
[0.535s] -- Up-to-date: /home/saifa/Desktop/Ros_exam/install/controller_interfaces/include/controller_interfaces/controller_interfaces/msg/rosidl_typesupport_introspection_c__visibility_control.h
[0.535s] -- Up-to-date: /home/saifa/Desktop/Ros_exam/install/controller_interfaces/include/controller_interfaces/controller_interfaces/srv
[0.535s] -- Up-to-date: /home/saifa/Desktop/Ros_exam/install/controller_interfaces/include/controller_interfaces/controller_interfaces/srv/detail
[0.535s] -- Up-to-date: /home/saifa/Desktop/Ros_exam/install/controller_interfaces/include/controller_interfaces/controller_interfaces/srv/detail/set_param__type_support.c
[0.535s] -- Up-to-date: /home/saifa/Desktop/Ros_exam/install/controller_interfaces/include/controller_interfaces/controller_interfaces/srv/detail/set_target__type_support.c
[0.535s] -- Up-to-date: /home/saifa/Desktop/Ros_exam/install/controller_interfaces/include/controller_interfaces/controller_interfaces/srv/detail/set_target__rosidl_typesupport_introspection_c.h
[0.536s] -- Up-to-date: /home/saifa/Desktop/Ros_exam/install/controller_interfaces/include/controller_interfaces/controller_interfaces/srv/detail/set_param__rosidl_typesupport_introspection_c.h
[0.536s] -- Up-to-date: /home/saifa/Desktop/Ros_exam/install/controller_interfaces/lib/libcontroller_interfaces__rosidl_typesupport_introspection_c.so
[0.536s] -- Up-to-date: /home/saifa/Desktop/Ros_exam/install/controller_interfaces/lib/libcontroller_interfaces__rosidl_typesupport_c.so
[0.536s] -- Up-to-date: /home/saifa/Desktop/Ros_exam/install/controller_interfaces/include/controller_interfaces/controller_interfaces
[0.536s] -- Up-to-date: /home/saifa/Desktop/Ros_exam/install/controller_interfaces/include/controller_interfaces/controller_interfaces/srv
[0.536s] -- Up-to-date: /home/saifa/Desktop/Ros_exam/install/controller_interfaces/include/controller_interfaces/controller_interfaces/srv/detail
[0.536s] -- Up-to-date: /home/saifa/Desktop/Ros_exam/install/controller_interfaces/include/controller_interfaces/controller_interfaces/srv/detail/set_param__type_support.cpp
[0.536s] -- Up-to-date: /home/saifa/Desktop/Ros_exam/install/controller_interfaces/include/controller_interfaces/controller_interfaces/srv/detail/set_target__rosidl_typesupport_introspection_cpp.hpp
[0.536s] -- Up-to-date: /home/saifa/Desktop/Ros_exam/install/controller_interfaces/include/controller_interfaces/controller_interfaces/srv/detail/set_target__type_support.cpp
[0.536s] -- Up-to-date: /home/saifa/Desktop/Ros_exam/install/controller_interfaces/include/controller_interfaces/controller_interfaces/srv/detail/set_param__rosidl_typesupport_introspection_cpp.hpp
[0.536s] -- Up-to-date: /home/saifa/Desktop/Ros_exam/install/controller_interfaces/lib/libcontroller_interfaces__rosidl_typesupport_introspection_cpp.so
[0.538s] -- Up-to-date: /home/saifa/Desktop/Ros_exam/install/controller_interfaces/lib/libcontroller_interfaces__rosidl_typesupport_cpp.so
[0.538s] -- Up-to-date: /home/saifa/Desktop/Ros_exam/install/controller_interfaces/share/controller_interfaces/environment/pythonpath.sh
[0.538s] -- Up-to-date: /home/saifa/Desktop/Ros_exam/install/controller_interfaces/share/controller_interfaces/environment/pythonpath.dsv
[0.538s] -- Up-to-date: /home/saifa/Desktop/Ros_exam/install/controller_interfaces/local/lib/python3.10/dist-packages/controller_interfaces-0.0.0-py3.10.egg-info
[0.538s] -- Installing: /home/saifa/Desktop/Ros_exam/install/controller_interfaces/local/lib/python3.10/dist-packages/controller_interfaces-0.0.0-py3.10.egg-info/top_level.txt
[0.538s] -- Installing: /home/saifa/Desktop/Ros_exam/install/controller_interfaces/local/lib/python3.10/dist-packages/controller_interfaces-0.0.0-py3.10.egg-info/SOURCES.txt
[0.538s] -- Installing: /home/saifa/Desktop/Ros_exam/install/controller_interfaces/local/lib/python3.10/dist-packages/controller_interfaces-0.0.0-py3.10.egg-info/dependency_links.txt
[0.539s] -- Installing: /home/saifa/Desktop/Ros_exam/install/controller_interfaces/local/lib/python3.10/dist-packages/controller_interfaces-0.0.0-py3.10.egg-info/PKG-INFO
[0.539s] -- Up-to-date: /home/saifa/Desktop/Ros_exam/install/controller_interfaces/local/lib/python3.10/dist-packages/controller_interfaces
[0.539s] -- Up-to-date: /home/saifa/Desktop/Ros_exam/install/controller_interfaces/local/lib/python3.10/dist-packages/controller_interfaces/__init__.py
[0.539s] -- Up-to-date: /home/saifa/Desktop/Ros_exam/install/controller_interfaces/local/lib/python3.10/dist-packages/controller_interfaces/controller_interfaces_s__rosidl_typesupport_introspection_c.cpython-310-x86_64-linux-gnu.so
[0.539s] -- Up-to-date: /home/saifa/Desktop/Ros_exam/install/controller_interfaces/local/lib/python3.10/dist-packages/controller_interfaces/libcontroller_interfaces__rosidl_generator_py.so
[0.539s] -- Up-to-date: /home/saifa/Desktop/Ros_exam/install/controller_interfaces/local/lib/python3.10/dist-packages/controller_interfaces/srv
[0.540s] -- Up-to-date: /home/saifa/Desktop/Ros_exam/install/controller_interfaces/local/lib/python3.10/dist-packages/controller_interfaces/srv/__init__.py
[0.540s] -- Up-to-date: /home/saifa/Desktop/Ros_exam/install/controller_interfaces/local/lib/python3.10/dist-packages/controller_interfaces/srv/_set_param.py
[0.540s] -- Up-to-date: /home/saifa/Desktop/Ros_exam/install/controller_interfaces/local/lib/python3.10/dist-packages/controller_interfaces/srv/_set_target.py
[0.540s] -- Up-to-date: /home/saifa/Desktop/Ros_exam/install/controller_interfaces/local/lib/python3.10/dist-packages/controller_interfaces/srv/_set_target_s.c
[0.540s] -- Up-to-date: /home/saifa/Desktop/Ros_exam/install/controller_interfaces/local/lib/python3.10/dist-packages/controller_interfaces/srv/_set_param_s.c
[0.540s] -- Up-to-date: /home/saifa/Desktop/Ros_exam/install/controller_interfaces/local/lib/python3.10/dist-packages/controller_interfaces/_controller_interfaces_s.ep.rosidl_typesupport_c.c
[0.540s] -- Up-to-date: /home/saifa/Desktop/Ros_exam/install/controller_interfaces/local/lib/python3.10/dist-packages/controller_interfaces/_controller_interfaces_s.ep.rosidl_typesupport_fastrtps_c.c
[0.540s] -- Up-to-date: /home/saifa/Desktop/Ros_exam/install/controller_interfaces/local/lib/python3.10/dist-packages/controller_interfaces/controller_interfaces_s__rosidl_typesupport_c.cpython-310-x86_64-linux-gnu.so
[0.541s] -- Up-to-date: /home/saifa/Desktop/Ros_exam/install/controller_interfaces/local/lib/python3.10/dist-packages/controller_interfaces/controller_interfaces_s__rosidl_typesupport_fastrtps_c.cpython-310-x86_64-linux-gnu.so
[0.541s] -- Up-to-date: /home/saifa/Desktop/Ros_exam/install/controller_interfaces/local/lib/python3.10/dist-packages/controller_interfaces/_controller_interfaces_s.ep.rosidl_typesupport_introspection_c.c
[0.569s] Listing '/home/saifa/Desktop/Ros_exam/install/controller_interfaces/local/lib/python3.10/dist-packages/controller_interfaces'...
[0.570s] Listing '/home/saifa/Desktop/Ros_exam/install/controller_interfaces/local/lib/python3.10/dist-packages/controller_interfaces/srv'...
[0.573s] -- Up-to-date: /home/saifa/Desktop/Ros_exam/install/controller_interfaces/local/lib/python3.10/dist-packages/controller_interfaces/controller_interfaces_s__rosidl_typesupport_fastrtps_c.cpython-310-x86_64-linux-gnu.so
[0.573s] -- Up-to-date: /home/saifa/Desktop/Ros_exam/install/controller_interfaces/local/lib/python3.10/dist-packages/controller_interfaces/controller_interfaces_s__rosidl_typesupport_introspection_c.cpython-310-x86_64-linux-gnu.so
[0.573s] -- Up-to-date: /home/saifa/Desktop/Ros_exam/install/controller_interfaces/local/lib/python3.10/dist-packages/controller_interfaces/controller_interfaces_s__rosidl_typesupport_c.cpython-310-x86_64-linux-gnu.so
[0.574s] -- Up-to-date: /home/saifa/Desktop/Ros_exam/install/controller_interfaces/lib/libcontroller_interfaces__rosidl_generator_py.so
[0.574s] -- Up-to-date: /home/saifa/Desktop/Ros_exam/install/controller_interfaces/share/controller_interfaces/srv/SetParam.idl
[0.574s] -- Up-to-date: /home/saifa/Desktop/Ros_exam/install/controller_interfaces/share/controller_interfaces/srv/SetTarget.idl
[0.574s] -- Up-to-date: /home/saifa/Desktop/Ros_exam/install/controller_interfaces/share/controller_interfaces/srv/SetParam.srv
[0.574s] -- Up-to-date: /home/saifa/Desktop/Ros_exam/install/controller_interfaces/share/controller_interfaces/srv/SetParam_Request.msg
[0.574s] -- Up-to-date: /home/saifa/Desktop/Ros_exam/install/controller_interfaces/share/controller_interfaces/srv/SetParam_Response.msg
[0.574s] -- Up-to-date: /home/saifa/Desktop/Ros_exam/install/controller_interfaces/share/controller_interfaces/srv/SetTarget.srv
[0.574s] -- Up-to-date: /home/saifa/Desktop/Ros_exam/install/controller_interfaces/share/controller_interfaces/srv/SetTarget_Request.msg
[0.574s] -- Up-to-date: /home/saifa/Desktop/Ros_exam/install/controller_interfaces/share/controller_interfaces/srv/SetTarget_Response.msg
[0.575s] -- Up-to-date: /home/saifa/Desktop/Ros_exam/install/controller_interfaces/share/ament_index/resource_index/package_run_dependencies/controller_interfaces
[0.575s] -- Up-to-date: /home/saifa/Desktop/Ros_exam/install/controller_interfaces/share/ament_index/resource_index/parent_prefix_path/controller_interfaces
[0.575s] -- Up-to-date: /home/saifa/Desktop/Ros_exam/install/controller_interfaces/share/controller_interfaces/environment/ament_prefix_path.sh
[0.575s] -- Up-to-date: /home/saifa/Desktop/Ros_exam/install/controller_interfaces/share/controller_interfaces/environment/ament_prefix_path.dsv
[0.575s] -- Up-to-date: /home/saifa/Desktop/Ros_exam/install/controller_interfaces/share/controller_interfaces/environment/path.sh
[0.576s] -- Up-to-date: /home/saifa/Desktop/Ros_exam/install/controller_interfaces/share/controller_interfaces/environment/path.dsv
[0.576s] -- Up-to-date: /home/saifa/Desktop/Ros_exam/install/controller_interfaces/share/controller_interfaces/local_setup.bash
[0.576s] -- Up-to-date: /home/saifa/Desktop/Ros_exam/install/controller_interfaces/share/controller_interfaces/local_setup.sh
[0.576s] -- Up-to-date: /home/saifa/Desktop/Ros_exam/install/controller_interfaces/share/controller_interfaces/local_setup.zsh
[0.576s] -- Up-to-date: /home/saifa/Desktop/Ros_exam/install/controller_interfaces/share/controller_interfaces/local_setup.dsv
[0.576s] -- Installing: /home/saifa/Desktop/Ros_exam/install/controller_interfaces/share/controller_interfaces/package.dsv
[0.576s] -- Up-to-date: /home/saifa/Desktop/Ros_exam/install/controller_interfaces/share/ament_index/resource_index/packages/controller_interfaces
[0.576s] -- Up-to-date: /home/saifa/Desktop/Ros_exam/install/controller_interfaces/share/controller_interfaces/cmake/export_controller_interfaces__rosidl_generator_cExport.cmake
[0.577s] -- Up-to-date: /home/saifa/Desktop/Ros_exam/install/controller_interfaces/share/controller_interfaces/cmake/export_controller_interfaces__rosidl_generator_cExport-noconfig.cmake
[0.577s] -- Up-to-date: /home/saifa/Desktop/Ros_exam/install/controller_interfaces/share/controller_interfaces/cmake/export_controller_interfaces__rosidl_typesupport_fastrtps_cExport.cmake
[0.577s] -- Up-to-date: /home/saifa/Desktop/Ros_exam/install/controller_interfaces/share/controller_interfaces/cmake/export_controller_interfaces__rosidl_typesupport_fastrtps_cExport-noconfig.cmake
[0.577s] -- Up-to-date: /home/saifa/Desktop/Ros_exam/install/controller_interfaces/share/controller_interfaces/cmake/export_controller_interfaces__rosidl_generator_cppExport.cmake
[0.577s] -- Up-to-date: /home/saifa/Desktop/Ros_exam/install/controller_interfaces/share/controller_interfaces/cmake/export_controller_interfaces__rosidl_typesupport_fastrtps_cppExport.cmake
[0.577s] -- Up-to-date: /home/saifa/Desktop/Ros_exam/install/controller_interfaces/share/controller_interfaces/cmake/export_controller_interfaces__rosidl_typesupport_fastrtps_cppExport-noconfig.cmake
[0.577s] -- Up-to-date: /home/saifa/Desktop/Ros_exam/install/controller_interfaces/share/controller_interfaces/cmake/controller_interfaces__rosidl_typesupport_introspection_cExport.cmake
[0.577s] -- Up-to-date: /home/saifa/Desktop/Ros_exam/install/controller_interfaces/share/controller_interfaces/cmake/controller_interfaces__rosidl_typesupport_introspection_cExport-noconfig.cmake
[0.577s] -- Up-to-date: /home/saifa/Desktop/Ros_exam/install/controller_interfaces/share/controller_interfaces/cmake/controller_interfaces__rosidl_typesupport_cExport.cmake
[0.577s] -- Up-to-date: /home/saifa/Desktop/Ros_exam/install/controller_interfaces/share/controller_interfaces/cmake/controller_interfaces__rosidl_typesupport_cExport-noconfig.cmake
[0.577s] -- Up-to-date: /home/saifa/Desktop/Ros_exam/install/controller_interfaces/share/controller_interfaces/cmake/controller_interfaces__rosidl_typesupport_introspection_cppExport.cmake
[0.577s] -- Up-to-date: /home/saifa/Desktop/Ros_exam/install/controller_interfaces/share/controller_interfaces/cmake/controller_interfaces__rosidl_typesupport_introspection_cppExport-noconfig.cmake
[0.577s] -- Up-to-date: /home/saifa/Desktop/Ros_exam/install/controller_interfaces/share/controller_interfaces/cmake/controller_interfaces__rosidl_typesupport_cppExport.cmake
[0.577s] -- Up-to-date: /home/saifa/Desktop/Ros_exam/install/controller_interfaces/share/controller_interfaces/cmake/controller_interfaces__rosidl_typesupport_cppExport-noconfig.cmake
[0.578s] -- Up-to-date: /home/saifa/Desktop/Ros_exam/install/controller_interfaces/share/controller_interfaces/cmake/export_controller_interfaces__rosidl_generator_pyExport.cmake
[0.578s] -- Up-to-date: /home/saifa/Desktop/Ros_exam/install/controller_interfaces/share/controller_interfaces/cmake/export_controller_interfaces__rosidl_generator_pyExport-noconfig.cmake
[0.578s] -- Up-to-date: /home/saifa/Desktop/Ros_exam/install/controller_interfaces/share/controller_interfaces/cmake/rosidl_cmake-extras.cmake
[0.578s] -- Up-to-date: /home/saifa/Desktop/Ros_exam/install/controller_interfaces/share/controller_interfaces/cmake/ament_cmake_export_dependencies-extras.cmake
[0.578s] -- Up-to-date: /home/saifa/Desktop/Ros_exam/install/controller_interfaces/share/controller_interfaces/cmake/ament_cmake_export_include_directories-extras.cmake
[0.578s] -- Up-to-date: /home/saifa/Desktop/Ros_exam/install/controller_interfaces/share/controller_interfaces/cmake/ament_cmake_export_libraries-extras.cmake
[0.578s] -- Up-to-date: /home/saifa/Desktop/Ros_exam/install/controller_interfaces/share/controller_interfaces/cmake/ament_cmake_export_targets-extras.cmake
[0.578s] -- Up-to-date: /home/saifa/Desktop/Ros_exam/install/controller_interfaces/share/controller_interfaces/cmake/rosidl_cmake_export_typesupport_targets-extras.cmake
[0.578s] -- Up-to-date: /home/saifa/Desktop/Ros_exam/install/controller_interfaces/share/controller_interfaces/cmake/rosidl_cmake_export_typesupport_libraries-extras.cmake
[0.578s] -- Up-to-date: /home/saifa/Desktop/Ros_exam/install/controller_interfaces/share/controller_interfaces/cmake/controller_interfacesConfig.cmake
[0.578s] -- Up-to-date: /home/saifa/Desktop/Ros_exam/install/controller_interfaces/share/controller_interfaces/cmake/controller_interfacesConfig-version.cmake
[0.578s] -- Up-to-date: /home/saifa/Desktop/Ros_exam/install/controller_interfaces/share/controller_interfaces/package.xml
[0.584s] Invoked command in '/home/saifa/Desktop/Ros_exam/build/controller_interfaces' returned '0': CMAKE_PREFIX_PATH=${CMAKE_PREFIX_PATH}:/home/saifa/Desktop/ros2_w2_ws/install/launch_testing_examples:/home/saifa/Desktop/ros2_w2_ws/install/examples_rclpy_pointcloud_publisher:/home/saifa/Desktop/ros2_w2_ws/install/examples_rclpy_minimal_subscriber:/home/saifa/Desktop/ros2_w2_ws/install/examples_rclpy_minimal_service:/home/saifa/Desktop/ros2_w2_ws/install/examples_rclpy_minimal_publisher:/home/saifa/Desktop/ros2_w2_ws/install/examples_rclpy_minimal_client:/home/saifa/Desktop/ros2_w2_ws/install/examples_rclpy_minimal_action_server:/home/saifa/Desktop/ros2_w2_ws/install/examples_rclpy_minimal_action_client:/home/saifa/Desktop/ros2_w2_ws/install/examples_rclpy_guard_conditions:/home/saifa/Desktop/ros2_w2_ws/install/examples_rclpy_executors:/opt/ros/humble /usr/bin/cmake --install /home/saifa/Desktop/Ros_exam/build/controller_interfaces
