[0.029s] Invoking command in '/home/saifa/Desktop/Ros_exam/build/saifa_pack': CMAKE_PREFIX_PATH=${CMAKE_PREFIX_PATH}:/home/saifa/Desktop/ros2_w2_ws/install/launch_testing_examples:/home/saifa/Desktop/ros2_w2_ws/install/examples_rclpy_pointcloud_publisher:/home/saifa/Desktop/ros2_w2_ws/install/examples_rclpy_minimal_subscriber:/home/saifa/Desktop/ros2_w2_ws/install/examples_rclpy_minimal_service:/home/saifa/Desktop/ros2_w2_ws/install/examples_rclpy_minimal_publisher:/home/saifa/Desktop/ros2_w2_ws/install/examples_rclpy_minimal_client:/home/saifa/Desktop/ros2_w2_ws/install/examples_rclpy_minimal_action_server:/home/saifa/Desktop/ros2_w2_ws/install/examples_rclpy_minimal_action_client:/home/saifa/Desktop/ros2_w2_ws/install/examples_rclpy_guard_conditions:/home/saifa/Desktop/ros2_w2_ws/install/examples_rclpy_executors:/opt/ros/humble /usr/bin/cmake --build /home/saifa/Desktop/Ros_exam/build/saifa_pack -- -j16 -l16
[0.053s] -- Found ament_cmake: 1.3.10 (/opt/ros/humble/share/ament_cmake/cmake)
[0.202s] -- Found rclcpp: 16.0.10 (/opt/ros/humble/share/rclcpp/cmake)
[0.226s] -- Found rosidl_generator_c: 3.1.5 (/opt/ros/humble/share/rosidl_generator_c/cmake)
[0.228s] -- Found rosidl_adapter: 3.1.5 (/opt/ros/humble/share/rosidl_adapter/cmake)
[0.233s] -- Found rosidl_generator_cpp: 3.1.5 (/opt/ros/humble/share/rosidl_generator_cpp/cmake)
[0.241s] -- Using all available rosidl_typesupport_c: rosidl_typesupport_fastrtps_c;rosidl_typesupport_introspection_c
[0.251s] -- Using all available rosidl_typesupport_cpp: rosidl_typesupport_fastrtps_cpp;rosidl_typesupport_introspection_cpp
[0.276s] -- Found rmw_implementation_cmake: 6.1.2 (/opt/ros/humble/share/rmw_implementation_cmake/cmake)
[0.277s] -- Found rmw_fastrtps_cpp: 6.2.7 (/opt/ros/humble/share/rmw_fastrtps_cpp/cmake)
[0.387s] -- Using RMW implementation 'rmw_fastrtps_cpp' as default
[0.431s] -- Found rclpy: 3.3.14 (/opt/ros/humble/share/rclpy/cmake)
[0.563s] -- Configuring done
[0.573s] -- Generating done
[0.576s] -- Build files have been written to: /home/saifa/Desktop/Ros_exam/build/saifa_pack
[0.600s] [35m[1mConsolidate compiler generated dependencies of target cpp_node_test[0m
[0.611s] [100%] Built target cpp_node_test
[0.617s] [100%] Built target ament_cmake_python_copy_saifa_pack
[0.813s] running egg_info
[0.813s] writing saifa_pack.egg-info/PKG-INFO
[0.813s] writing dependency_links to saifa_pack.egg-info/dependency_links.txt
[0.813s] writing top-level names to saifa_pack.egg-info/top_level.txt
[0.815s] reading manifest file 'saifa_pack.egg-info/SOURCES.txt'
[0.815s] writing manifest file 'saifa_pack.egg-info/SOURCES.txt'
[0.837s] [100%] Built target ament_cmake_python_build_saifa_pack_egg
[0.848s] Invoked command in '/home/saifa/Desktop/Ros_exam/build/saifa_pack' returned '0': CMAKE_PREFIX_PATH=${CMAKE_PREFIX_PATH}:/home/saifa/Desktop/ros2_w2_ws/install/launch_testing_examples:/home/saifa/Desktop/ros2_w2_ws/install/examples_rclpy_pointcloud_publisher:/home/saifa/Desktop/ros2_w2_ws/install/examples_rclpy_minimal_subscriber:/home/saifa/Desktop/ros2_w2_ws/install/examples_rclpy_minimal_service:/home/saifa/Desktop/ros2_w2_ws/install/examples_rclpy_minimal_publisher:/home/saifa/Desktop/ros2_w2_ws/install/examples_rclpy_minimal_client:/home/saifa/Desktop/ros2_w2_ws/install/examples_rclpy_minimal_action_server:/home/saifa/Desktop/ros2_w2_ws/install/examples_rclpy_minimal_action_client:/home/saifa/Desktop/ros2_w2_ws/install/examples_rclpy_guard_conditions:/home/saifa/Desktop/ros2_w2_ws/install/examples_rclpy_executors:/opt/ros/humble /usr/bin/cmake --build /home/saifa/Desktop/Ros_exam/build/saifa_pack -- -j16 -l16
[0.875s] Invoking command in '/home/saifa/Desktop/Ros_exam/build/saifa_pack': CMAKE_PREFIX_PATH=${CMAKE_PREFIX_PATH}:/home/saifa/Desktop/ros2_w2_ws/install/launch_testing_examples:/home/saifa/Desktop/ros2_w2_ws/install/examples_rclpy_pointcloud_publisher:/home/saifa/Desktop/ros2_w2_ws/install/examples_rclpy_minimal_subscriber:/home/saifa/Desktop/ros2_w2_ws/install/examples_rclpy_minimal_service:/home/saifa/Desktop/ros2_w2_ws/install/examples_rclpy_minimal_publisher:/home/saifa/Desktop/ros2_w2_ws/install/examples_rclpy_minimal_client:/home/saifa/Desktop/ros2_w2_ws/install/examples_rclpy_minimal_action_server:/home/saifa/Desktop/ros2_w2_ws/install/examples_rclpy_minimal_action_client:/home/saifa/Desktop/ros2_w2_ws/install/examples_rclpy_guard_conditions:/home/saifa/Desktop/ros2_w2_ws/install/examples_rclpy_executors:/opt/ros/humble /usr/bin/cmake --install /home/saifa/Desktop/Ros_exam/build/saifa_pack
[0.882s] -- Install configuration: ""
[0.882s] -- Up-to-date: /home/saifa/Desktop/Ros_exam/install/saifa_pack/share/saifa_pack/environment/pythonpath.sh
[0.882s] -- Installing: /home/saifa/Desktop/Ros_exam/install/saifa_pack/share/saifa_pack/environment/pythonpath.dsv
[0.882s] -- Up-to-date: /home/saifa/Desktop/Ros_exam/install/saifa_pack/local/lib/python3.10/dist-packages/saifa_pack-0.0.0-py3.10.egg-info
[0.882s] -- Installing: /home/saifa/Desktop/Ros_exam/install/saifa_pack/local/lib/python3.10/dist-packages/saifa_pack-0.0.0-py3.10.egg-info/top_level.txt
[0.882s] -- Installing: /home/saifa/Desktop/Ros_exam/install/saifa_pack/local/lib/python3.10/dist-packages/saifa_pack-0.0.0-py3.10.egg-info/SOURCES.txt
[0.882s] -- Installing: /home/saifa/Desktop/Ros_exam/install/saifa_pack/local/lib/python3.10/dist-packages/saifa_pack-0.0.0-py3.10.egg-info/dependency_links.txt
[0.882s] -- Installing: /home/saifa/Desktop/Ros_exam/install/saifa_pack/local/lib/python3.10/dist-packages/saifa_pack-0.0.0-py3.10.egg-info/PKG-INFO
[0.883s] -- Up-to-date: /home/saifa/Desktop/Ros_exam/install/saifa_pack/local/lib/python3.10/dist-packages/saifa_pack
[0.883s] -- Up-to-date: /home/saifa/Desktop/Ros_exam/install/saifa_pack/local/lib/python3.10/dist-packages/saifa_pack/__init__.py
[0.883s] -- Up-to-date: /home/saifa/Desktop/Ros_exam/install/saifa_pack/local/lib/python3.10/dist-packages/saifa_pack/dummy_module.py
[0.913s] Listing '/home/saifa/Desktop/Ros_exam/install/saifa_pack/local/lib/python3.10/dist-packages/saifa_pack'...
[0.916s] -- Up-to-date: /home/saifa/Desktop/Ros_exam/install/saifa_pack/lib/saifa_pack/dummy_script.py
[0.916s] -- Up-to-date: /home/saifa/Desktop/Ros_exam/install/saifa_pack/lib/saifa_pack/teleop_turtle.py
[0.916s] -- Installing: /home/saifa/Desktop/Ros_exam/install/saifa_pack/lib/saifa_pack/teleop_controller.py
[0.917s] -- Up-to-date: /home/saifa/Desktop/Ros_exam/install/saifa_pack/lib/saifa_pack/cpp_node_test
[0.917s] -- Up-to-date: /home/saifa/Desktop/Ros_exam/install/saifa_pack/share/saifa_pack/launch
[0.917s] -- Up-to-date: /home/saifa/Desktop/Ros_exam/install/saifa_pack/share/saifa_pack/launch/turtle_1.launch.py
[0.917s] -- Up-to-date: /home/saifa/Desktop/Ros_exam/install/saifa_pack/share/ament_index/resource_index/package_run_dependencies/saifa_pack
[0.917s] -- Up-to-date: /home/saifa/Desktop/Ros_exam/install/saifa_pack/share/ament_index/resource_index/parent_prefix_path/saifa_pack
[0.917s] -- Up-to-date: /home/saifa/Desktop/Ros_exam/install/saifa_pack/share/saifa_pack/environment/ament_prefix_path.sh
[0.917s] -- Installing: /home/saifa/Desktop/Ros_exam/install/saifa_pack/share/saifa_pack/environment/ament_prefix_path.dsv
[0.917s] -- Up-to-date: /home/saifa/Desktop/Ros_exam/install/saifa_pack/share/saifa_pack/environment/path.sh
[0.917s] -- Installing: /home/saifa/Desktop/Ros_exam/install/saifa_pack/share/saifa_pack/environment/path.dsv
[0.917s] -- Up-to-date: /home/saifa/Desktop/Ros_exam/install/saifa_pack/share/saifa_pack/local_setup.bash
[0.918s] -- Up-to-date: /home/saifa/Desktop/Ros_exam/install/saifa_pack/share/saifa_pack/local_setup.sh
[0.918s] -- Up-to-date: /home/saifa/Desktop/Ros_exam/install/saifa_pack/share/saifa_pack/local_setup.zsh
[0.918s] -- Installing: /home/saifa/Desktop/Ros_exam/install/saifa_pack/share/saifa_pack/local_setup.dsv
[0.918s] -- Installing: /home/saifa/Desktop/Ros_exam/install/saifa_pack/share/saifa_pack/package.dsv
[0.918s] -- Up-to-date: /home/saifa/Desktop/Ros_exam/install/saifa_pack/share/ament_index/resource_index/packages/saifa_pack
[0.918s] -- Up-to-date: /home/saifa/Desktop/Ros_exam/install/saifa_pack/share/saifa_pack/cmake/saifa_packConfig.cmake
[0.918s] -- Up-to-date: /home/saifa/Desktop/Ros_exam/install/saifa_pack/share/saifa_pack/cmake/saifa_packConfig-version.cmake
[0.918s] -- Up-to-date: /home/saifa/Desktop/Ros_exam/install/saifa_pack/share/saifa_pack/package.xml
[0.920s] Invoked command in '/home/saifa/Desktop/Ros_exam/build/saifa_pack' returned '0': CMAKE_PREFIX_PATH=${CMAKE_PREFIX_PATH}:/home/saifa/Desktop/ros2_w2_ws/install/launch_testing_examples:/home/saifa/Desktop/ros2_w2_ws/install/examples_rclpy_pointcloud_publisher:/home/saifa/Desktop/ros2_w2_ws/install/examples_rclpy_minimal_subscriber:/home/saifa/Desktop/ros2_w2_ws/install/examples_rclpy_minimal_service:/home/saifa/Desktop/ros2_w2_ws/install/examples_rclpy_minimal_publisher:/home/saifa/Desktop/ros2_w2_ws/install/examples_rclpy_minimal_client:/home/saifa/Desktop/ros2_w2_ws/install/examples_rclpy_minimal_action_server:/home/saifa/Desktop/ros2_w2_ws/install/examples_rclpy_minimal_action_client:/home/saifa/Desktop/ros2_w2_ws/install/examples_rclpy_guard_conditions:/home/saifa/Desktop/ros2_w2_ws/install/examples_rclpy_executors:/opt/ros/humble /usr/bin/cmake --install /home/saifa/Desktop/Ros_exam/build/saifa_pack
