[0.012s] Invoking command in '/home/saifa/Desktop/Ros_exam/build/turtlesim_plus': CMAKE_PREFIX_PATH=${CMAKE_PREFIX_PATH}:/home/saifa/Desktop/ros2_w2_ws/install/launch_testing_examples:/home/saifa/Desktop/ros2_w2_ws/install/examples_rclpy_pointcloud_publisher:/home/saifa/Desktop/ros2_w2_ws/install/examples_rclpy_minimal_subscriber:/home/saifa/Desktop/ros2_w2_ws/install/examples_rclpy_minimal_service:/home/saifa/Desktop/ros2_w2_ws/install/examples_rclpy_minimal_publisher:/home/saifa/Desktop/ros2_w2_ws/install/examples_rclpy_minimal_client:/home/saifa/Desktop/ros2_w2_ws/install/examples_rclpy_minimal_action_server:/home/saifa/Desktop/ros2_w2_ws/install/examples_rclpy_minimal_action_client:/home/saifa/Desktop/ros2_w2_ws/install/examples_rclpy_guard_conditions:/home/saifa/Desktop/ros2_w2_ws/install/examples_rclpy_executors:/opt/ros/humble /usr/bin/cmake /home/saifa/Desktop/Ros_exam/src/turtlesim_plus/turtlesim_plus -DCMAKE_INSTALL_PREFIX=/home/saifa/Desktop/Ros_exam/install/turtlesim_plus
[0.097s] -- The C compiler identification is GNU 11.4.0
[0.178s] -- The CXX compiler identification is GNU 11.4.0
[0.187s] -- Detecting C compiler ABI info
[0.247s] -- Detecting C compiler ABI info - done
[0.252s] -- Check for working C compiler: /usr/bin/cc - skipped
[0.252s] -- Detecting C compile features
[0.253s] -- Detecting C compile features - done
[0.255s] -- Detecting CXX compiler ABI info
[0.322s] -- Detecting CXX compiler ABI info - done
[0.327s] -- Check for working CXX compiler: /usr/bin/c++ - skipped
[0.327s] -- Detecting CXX compile features
[0.328s] -- Detecting CXX compile features - done
[0.336s] -- Found ament_cmake: 1.3.10 (/opt/ros/humble/share/ament_cmake/cmake)
[0.478s] -- Found Python3: /usr/bin/python3 (found version "3.10.12") found components: Interpreter 
[0.601s] -- Found rclcpp: 16.0.10 (/opt/ros/humble/share/rclcpp/cmake)
[0.674s] -- Found rosidl_generator_c: 3.1.5 (/opt/ros/humble/share/rosidl_generator_c/cmake)
[0.684s] -- Found rosidl_adapter: 3.1.5 (/opt/ros/humble/share/rosidl_adapter/cmake)
[0.724s] -- Found rosidl_generator_cpp: 3.1.5 (/opt/ros/humble/share/rosidl_generator_cpp/cmake)
[0.741s] -- Using all available rosidl_typesupport_c: rosidl_typesupport_fastrtps_c;rosidl_typesupport_introspection_c
[0.766s] -- Using all available rosidl_typesupport_cpp: rosidl_typesupport_fastrtps_cpp;rosidl_typesupport_introspection_cpp
[0.836s] -- Found rmw_implementation_cmake: 6.1.2 (/opt/ros/humble/share/rmw_implementation_cmake/cmake)
[0.842s] -- Found rmw_fastrtps_cpp: 6.2.7 (/opt/ros/humble/share/rmw_fastrtps_cpp/cmake)
[0.946s] -- Found OpenSSL: /usr/lib/x86_64-linux-gnu/libcrypto.so (found version "3.0.2")  
[0.972s] -- Found FastRTPS: /opt/ros/humble/include  
[1.011s] -- Using RMW implementation 'rmw_fastrtps_cpp' as default
[1.029s] -- Looking for pthread.h
[1.097s] -- Looking for pthread.h - found
[1.097s] -- Performing Test CMAKE_HAVE_LIBC_PTHREAD
[1.160s] -- Performing Test CMAKE_HAVE_LIBC_PTHREAD - Success
[1.160s] -- Found Threads: TRUE  
[1.219s] -- Found rclpy: 3.3.14 (/opt/ros/humble/share/rclpy/cmake)
[1.344s] -- Configuring done
[1.348s] -- Generating done
[1.349s] -- Build files have been written to: /home/saifa/Desktop/Ros_exam/build/turtlesim_plus
[1.357s] Invoked command in '/home/saifa/Desktop/Ros_exam/build/turtlesim_plus' returned '0': CMAKE_PREFIX_PATH=${CMAKE_PREFIX_PATH}:/home/saifa/Desktop/ros2_w2_ws/install/launch_testing_examples:/home/saifa/Desktop/ros2_w2_ws/install/examples_rclpy_pointcloud_publisher:/home/saifa/Desktop/ros2_w2_ws/install/examples_rclpy_minimal_subscriber:/home/saifa/Desktop/ros2_w2_ws/install/examples_rclpy_minimal_service:/home/saifa/Desktop/ros2_w2_ws/install/examples_rclpy_minimal_publisher:/home/saifa/Desktop/ros2_w2_ws/install/examples_rclpy_minimal_client:/home/saifa/Desktop/ros2_w2_ws/install/examples_rclpy_minimal_action_server:/home/saifa/Desktop/ros2_w2_ws/install/examples_rclpy_minimal_action_client:/home/saifa/Desktop/ros2_w2_ws/install/examples_rclpy_guard_conditions:/home/saifa/Desktop/ros2_w2_ws/install/examples_rclpy_executors:/opt/ros/humble /usr/bin/cmake /home/saifa/Desktop/Ros_exam/src/turtlesim_plus/turtlesim_plus -DCMAKE_INSTALL_PREFIX=/home/saifa/Desktop/Ros_exam/install/turtlesim_plus
[1.359s] Invoking command in '/home/saifa/Desktop/Ros_exam/build/turtlesim_plus': CMAKE_PREFIX_PATH=${CMAKE_PREFIX_PATH}:/home/saifa/Desktop/ros2_w2_ws/install/launch_testing_examples:/home/saifa/Desktop/ros2_w2_ws/install/examples_rclpy_pointcloud_publisher:/home/saifa/Desktop/ros2_w2_ws/install/examples_rclpy_minimal_subscriber:/home/saifa/Desktop/ros2_w2_ws/install/examples_rclpy_minimal_service:/home/saifa/Desktop/ros2_w2_ws/install/examples_rclpy_minimal_publisher:/home/saifa/Desktop/ros2_w2_ws/install/examples_rclpy_minimal_client:/home/saifa/Desktop/ros2_w2_ws/install/examples_rclpy_minimal_action_server:/home/saifa/Desktop/ros2_w2_ws/install/examples_rclpy_minimal_action_client:/home/saifa/Desktop/ros2_w2_ws/install/examples_rclpy_guard_conditions:/home/saifa/Desktop/ros2_w2_ws/install/examples_rclpy_executors:/opt/ros/humble /usr/bin/cmake --build /home/saifa/Desktop/Ros_exam/build/turtlesim_plus -- -j16 -l16
[1.411s] Built target ament_cmake_python_copy_turtlesim_plus
[1.612s] running egg_info
[1.613s] creating turtlesim_plus.egg-info
[1.613s] writing turtlesim_plus.egg-info/PKG-INFO
[1.613s] writing dependency_links to turtlesim_plus.egg-info/dependency_links.txt
[1.613s] writing top-level names to turtlesim_plus.egg-info/top_level.txt
[1.613s] writing manifest file 'turtlesim_plus.egg-info/SOURCES.txt'
[1.615s] reading manifest file 'turtlesim_plus.egg-info/SOURCES.txt'
[1.615s] writing manifest file 'turtlesim_plus.egg-info/SOURCES.txt'
[1.635s] Built target ament_cmake_python_build_turtlesim_plus_egg
[1.646s] Invoked command in '/home/saifa/Desktop/Ros_exam/build/turtlesim_plus' returned '0': CMAKE_PREFIX_PATH=${CMAKE_PREFIX_PATH}:/home/saifa/Desktop/ros2_w2_ws/install/launch_testing_examples:/home/saifa/Desktop/ros2_w2_ws/install/examples_rclpy_pointcloud_publisher:/home/saifa/Desktop/ros2_w2_ws/install/examples_rclpy_minimal_subscriber:/home/saifa/Desktop/ros2_w2_ws/install/examples_rclpy_minimal_service:/home/saifa/Desktop/ros2_w2_ws/install/examples_rclpy_minimal_publisher:/home/saifa/Desktop/ros2_w2_ws/install/examples_rclpy_minimal_client:/home/saifa/Desktop/ros2_w2_ws/install/examples_rclpy_minimal_action_server:/home/saifa/Desktop/ros2_w2_ws/install/examples_rclpy_minimal_action_client:/home/saifa/Desktop/ros2_w2_ws/install/examples_rclpy_guard_conditions:/home/saifa/Desktop/ros2_w2_ws/install/examples_rclpy_executors:/opt/ros/humble /usr/bin/cmake --build /home/saifa/Desktop/Ros_exam/build/turtlesim_plus -- -j16 -l16
[1.676s] Invoking command in '/home/saifa/Desktop/Ros_exam/build/turtlesim_plus': CMAKE_PREFIX_PATH=${CMAKE_PREFIX_PATH}:/home/saifa/Desktop/ros2_w2_ws/install/launch_testing_examples:/home/saifa/Desktop/ros2_w2_ws/install/examples_rclpy_pointcloud_publisher:/home/saifa/Desktop/ros2_w2_ws/install/examples_rclpy_minimal_subscriber:/home/saifa/Desktop/ros2_w2_ws/install/examples_rclpy_minimal_service:/home/saifa/Desktop/ros2_w2_ws/install/examples_rclpy_minimal_publisher:/home/saifa/Desktop/ros2_w2_ws/install/examples_rclpy_minimal_client:/home/saifa/Desktop/ros2_w2_ws/install/examples_rclpy_minimal_action_server:/home/saifa/Desktop/ros2_w2_ws/install/examples_rclpy_minimal_action_client:/home/saifa/Desktop/ros2_w2_ws/install/examples_rclpy_guard_conditions:/home/saifa/Desktop/ros2_w2_ws/install/examples_rclpy_executors:/opt/ros/humble /usr/bin/cmake --install /home/saifa/Desktop/Ros_exam/build/turtlesim_plus
[1.683s] -- Install configuration: ""
[1.683s] -- Installing: /home/saifa/Desktop/Ros_exam/install/turtlesim_plus/share/turtlesim_plus/environment/pythonpath.sh
[1.683s] -- Installing: /home/saifa/Desktop/Ros_exam/install/turtlesim_plus/share/turtlesim_plus/environment/pythonpath.dsv
[1.683s] -- Installing: /home/saifa/Desktop/Ros_exam/install/turtlesim_plus/local/lib/python3.10/dist-packages/turtlesim_plus-1.0.0-py3.10.egg-info
[1.683s] -- Installing: /home/saifa/Desktop/Ros_exam/install/turtlesim_plus/local/lib/python3.10/dist-packages/turtlesim_plus-1.0.0-py3.10.egg-info/top_level.txt
[1.683s] -- Installing: /home/saifa/Desktop/Ros_exam/install/turtlesim_plus/local/lib/python3.10/dist-packages/turtlesim_plus-1.0.0-py3.10.egg-info/SOURCES.txt
[1.683s] -- Installing: /home/saifa/Desktop/Ros_exam/install/turtlesim_plus/local/lib/python3.10/dist-packages/turtlesim_plus-1.0.0-py3.10.egg-info/dependency_links.txt
[1.683s] -- Installing: /home/saifa/Desktop/Ros_exam/install/turtlesim_plus/local/lib/python3.10/dist-packages/turtlesim_plus-1.0.0-py3.10.egg-info/PKG-INFO
[1.684s] -- Installing: /home/saifa/Desktop/Ros_exam/install/turtlesim_plus/local/lib/python3.10/dist-packages/turtlesim_plus
[1.684s] -- Installing: /home/saifa/Desktop/Ros_exam/install/turtlesim_plus/local/lib/python3.10/dist-packages/turtlesim_plus/__init__.py
[1.684s] -- Installing: /home/saifa/Desktop/Ros_exam/install/turtlesim_plus/local/lib/python3.10/dist-packages/turtlesim_plus/image
[1.684s] -- Installing: /home/saifa/Desktop/Ros_exam/install/turtlesim_plus/local/lib/python3.10/dist-packages/turtlesim_plus/image/map
[1.684s] -- Installing: /home/saifa/Desktop/Ros_exam/install/turtlesim_plus/local/lib/python3.10/dist-packages/turtlesim_plus/image/map/map.png
[1.684s] -- Installing: /home/saifa/Desktop/Ros_exam/install/turtlesim_plus/local/lib/python3.10/dist-packages/turtlesim_plus/image/turtle
[1.684s] -- Installing: /home/saifa/Desktop/Ros_exam/install/turtlesim_plus/local/lib/python3.10/dist-packages/turtlesim_plus/image/turtle/bouncy.png
[1.684s] -- Installing: /home/saifa/Desktop/Ros_exam/install/turtlesim_plus/local/lib/python3.10/dist-packages/turtlesim_plus/image/turtle/dashing.png
[1.684s] -- Installing: /home/saifa/Desktop/Ros_exam/install/turtlesim_plus/local/lib/python3.10/dist-packages/turtlesim_plus/image/turtle/galactic.png
[1.684s] -- Installing: /home/saifa/Desktop/Ros_exam/install/turtlesim_plus/local/lib/python3.10/dist-packages/turtlesim_plus/image/turtle/crystal.png
[1.684s] -- Installing: /home/saifa/Desktop/Ros_exam/install/turtlesim_plus/local/lib/python3.10/dist-packages/turtlesim_plus/image/turtle/eloquent.png
[1.685s] -- Installing: /home/saifa/Desktop/Ros_exam/install/turtlesim_plus/local/lib/python3.10/dist-packages/turtlesim_plus/image/turtle/otto.png
[1.685s] -- Installing: /home/saifa/Desktop/Ros_exam/install/turtlesim_plus/local/lib/python3.10/dist-packages/turtlesim_plus/image/turtle/humble.png
[1.685s] -- Installing: /home/saifa/Desktop/Ros_exam/install/turtlesim_plus/local/lib/python3.10/dist-packages/turtlesim_plus/image/turtle/foxy.png
[1.685s] -- Installing: /home/saifa/Desktop/Ros_exam/install/turtlesim_plus/local/lib/python3.10/dist-packages/turtlesim_plus/image/turtle/ardent.png
[1.685s] -- Installing: /home/saifa/Desktop/Ros_exam/install/turtlesim_plus/local/lib/python3.10/dist-packages/turtlesim_plus/image/turtle/rolling.png
[1.685s] -- Installing: /home/saifa/Desktop/Ros_exam/install/turtlesim_plus/local/lib/python3.10/dist-packages/turtlesim_plus/image/object
[1.685s] -- Installing: /home/saifa/Desktop/Ros_exam/install/turtlesim_plus/local/lib/python3.10/dist-packages/turtlesim_plus/image/object/parcel.png
[1.685s] -- Installing: /home/saifa/Desktop/Ros_exam/install/turtlesim_plus/local/lib/python3.10/dist-packages/turtlesim_plus/image/object/pizza.png
[1.686s] -- Installing: /home/saifa/Desktop/Ros_exam/install/turtlesim_plus/local/lib/python3.10/dist-packages/turtlesim_plus/ros2_plugins.py
[1.686s] -- Installing: /home/saifa/Desktop/Ros_exam/install/turtlesim_plus/local/lib/python3.10/dist-packages/turtlesim_plus/entity.py
[1.720s] Listing '/home/saifa/Desktop/Ros_exam/install/turtlesim_plus/local/lib/python3.10/dist-packages/turtlesim_plus'...
[1.720s] Compiling '/home/saifa/Desktop/Ros_exam/install/turtlesim_plus/local/lib/python3.10/dist-packages/turtlesim_plus/__init__.py'...
[1.720s] Compiling '/home/saifa/Desktop/Ros_exam/install/turtlesim_plus/local/lib/python3.10/dist-packages/turtlesim_plus/entity.py'...
[1.720s] Listing '/home/saifa/Desktop/Ros_exam/install/turtlesim_plus/local/lib/python3.10/dist-packages/turtlesim_plus/image'...
[1.720s] Listing '/home/saifa/Desktop/Ros_exam/install/turtlesim_plus/local/lib/python3.10/dist-packages/turtlesim_plus/image/map'...
[1.720s] Listing '/home/saifa/Desktop/Ros_exam/install/turtlesim_plus/local/lib/python3.10/dist-packages/turtlesim_plus/image/object'...
[1.721s] Listing '/home/saifa/Desktop/Ros_exam/install/turtlesim_plus/local/lib/python3.10/dist-packages/turtlesim_plus/image/turtle'...
[1.721s] Compiling '/home/saifa/Desktop/Ros_exam/install/turtlesim_plus/local/lib/python3.10/dist-packages/turtlesim_plus/ros2_plugins.py'...
[1.724s] -- Installing: /home/saifa/Desktop/Ros_exam/install/turtlesim_plus/lib/turtlesim_plus/turtlesim_plus_node.py
[1.724s] -- Installing: /home/saifa/Desktop/Ros_exam/install/turtlesim_plus/lib/turtlesim_plus/pizza_on_click.py
[1.724s] -- Up-to-date: /home/saifa/Desktop/Ros_exam/install/turtlesim_plus/share/turtlesim_plus
[1.724s] -- Installing: /home/saifa/Desktop/Ros_exam/install/turtlesim_plus/share/ament_index/resource_index/package_run_dependencies/turtlesim_plus
[1.724s] -- Installing: /home/saifa/Desktop/Ros_exam/install/turtlesim_plus/share/ament_index/resource_index/parent_prefix_path/turtlesim_plus
[1.725s] -- Installing: /home/saifa/Desktop/Ros_exam/install/turtlesim_plus/share/turtlesim_plus/environment/ament_prefix_path.sh
[1.725s] -- Installing: /home/saifa/Desktop/Ros_exam/install/turtlesim_plus/share/turtlesim_plus/environment/ament_prefix_path.dsv
[1.725s] -- Installing: /home/saifa/Desktop/Ros_exam/install/turtlesim_plus/share/turtlesim_plus/environment/path.sh
[1.725s] -- Installing: /home/saifa/Desktop/Ros_exam/install/turtlesim_plus/share/turtlesim_plus/environment/path.dsv
[1.725s] -- Installing: /home/saifa/Desktop/Ros_exam/install/turtlesim_plus/share/turtlesim_plus/local_setup.bash
[1.725s] -- Installing: /home/saifa/Desktop/Ros_exam/install/turtlesim_plus/share/turtlesim_plus/local_setup.sh
[1.725s] -- Installing: /home/saifa/Desktop/Ros_exam/install/turtlesim_plus/share/turtlesim_plus/local_setup.zsh
[1.726s] -- Installing: /home/saifa/Desktop/Ros_exam/install/turtlesim_plus/share/turtlesim_plus/local_setup.dsv
[1.726s] -- Installing: /home/saifa/Desktop/Ros_exam/install/turtlesim_plus/share/turtlesim_plus/package.dsv
[1.726s] -- Installing: /home/saifa/Desktop/Ros_exam/install/turtlesim_plus/share/ament_index/resource_index/packages/turtlesim_plus
[1.726s] -- Installing: /home/saifa/Desktop/Ros_exam/install/turtlesim_plus/share/turtlesim_plus/cmake/turtlesim_plusConfig.cmake
[1.726s] -- Installing: /home/saifa/Desktop/Ros_exam/install/turtlesim_plus/share/turtlesim_plus/cmake/turtlesim_plusConfig-version.cmake
[1.726s] -- Installing: /home/saifa/Desktop/Ros_exam/install/turtlesim_plus/share/turtlesim_plus/package.xml
[1.728s] Invoked command in '/home/saifa/Desktop/Ros_exam/build/turtlesim_plus' returned '0': CMAKE_PREFIX_PATH=${CMAKE_PREFIX_PATH}:/home/saifa/Desktop/ros2_w2_ws/install/launch_testing_examples:/home/saifa/Desktop/ros2_w2_ws/install/examples_rclpy_pointcloud_publisher:/home/saifa/Desktop/ros2_w2_ws/install/examples_rclpy_minimal_subscriber:/home/saifa/Desktop/ros2_w2_ws/install/examples_rclpy_minimal_service:/home/saifa/Desktop/ros2_w2_ws/install/examples_rclpy_minimal_publisher:/home/saifa/Desktop/ros2_w2_ws/install/examples_rclpy_minimal_client:/home/saifa/Desktop/ros2_w2_ws/install/examples_rclpy_minimal_action_server:/home/saifa/Desktop/ros2_w2_ws/install/examples_rclpy_minimal_action_client:/home/saifa/Desktop/ros2_w2_ws/install/examples_rclpy_guard_conditions:/home/saifa/Desktop/ros2_w2_ws/install/examples_rclpy_executors:/opt/ros/humble /usr/bin/cmake --install /home/saifa/Desktop/Ros_exam/build/turtlesim_plus
