[0.018s] Invoking command in '/home/nakarin/RoboticsDevExam2/build/sun_interfaces': CMAKE_PREFIX_PATH=${CMAKE_PREFIX_PATH}:/home/nakarin/RoboticsDev/install/launch_testing_examples:/home/nakarin/RoboticsDev/install/examples_rclpy_pointcloud_publisher:/home/nakarin/RoboticsDev/install/examples_rclpy_minimal_subscriber:/home/nakarin/RoboticsDev/install/examples_rclpy_minimal_service:/home/nakarin/RoboticsDev/install/examples_rclpy_minimal_publisher:/home/nakarin/RoboticsDev/install/examples_rclpy_minimal_client:/home/nakarin/RoboticsDev/install/examples_rclpy_minimal_action_server:/home/nakarin/RoboticsDev/install/examples_rclpy_minimal_action_client:/home/nakarin/RoboticsDev/install/examples_rclpy_guard_conditions:/home/nakarin/RoboticsDev/install/examples_rclpy_executors:/opt/ros/humble /usr/bin/cmake --build /home/nakarin/RoboticsDevExam2/build/sun_interfaces -- -j8 -l8
[0.043s] -- Found ament_cmake: 1.3.10 (/opt/ros/humble/share/ament_cmake/cmake)
[0.192s] -- Found rosidl_default_generators: 1.2.0 (/opt/ros/humble/share/rosidl_default_generators/cmake)
[0.198s] -- Using all available rosidl_typesupport_c: rosidl_typesupport_fastrtps_c;rosidl_typesupport_introspection_c
[0.200s] -- Found rosidl_adapter: 3.1.5 (/opt/ros/humble/share/rosidl_adapter/cmake)
[0.230s] -- Using all available rosidl_typesupport_cpp: rosidl_typesupport_fastrtps_cpp;rosidl_typesupport_introspection_cpp
[0.551s] -- Found ament_cmake_ros: 0.10.0 (/opt/ros/humble/share/ament_cmake_ros/cmake)
[0.803s] -- Using all available rosidl_typesupport_c: rosidl_typesupport_fastrtps_c;rosidl_typesupport_introspection_c
[1.074s] -- Using all available rosidl_typesupport_cpp: rosidl_typesupport_fastrtps_cpp;rosidl_typesupport_introspection_cpp
[1.101s] -- Found python_cmake_module: 0.10.0 (/opt/ros/humble/share/python_cmake_module/cmake)
[1.127s] -- Using PYTHON_EXECUTABLE: /usr/bin/python3
[1.127s] -- Using PYTHON_INCLUDE_DIRS: /usr/include/python3.10
[1.127s] -- Using PYTHON_LIBRARIES: /usr/lib/x86_64-linux-gnu/libpython3.10.so
[1.149s] -- Found ament_lint_auto: 0.12.11 (/opt/ros/humble/share/ament_lint_auto/cmake)
[1.158s] -- Added test 'lint_cmake' to check CMake code style
[1.158s] -- Added test 'xmllint' to check XML markup files
[1.160s] -- Configuring done
[1.185s] -- Generating done
[1.187s] -- Build files have been written to: /home/nakarin/RoboticsDevExam2/build/sun_interfaces
[1.210s] [35m[1mConsolidate compiler generated dependencies of target sun_interfaces__rosidl_generator_c[0m
[1.219s] [  3%] Built target sun_interfaces__cpp
[1.220s] [ 12%] Built target sun_interfaces__rosidl_generator_c
[1.231s] [ 12%] Built target ament_cmake_python_copy_sun_interfaces
[1.234s] [35m[1mConsolidate compiler generated dependencies of target sun_interfaces__rosidl_typesupport_cpp[0m
[1.234s] [35m[1mConsolidate compiler generated dependencies of target sun_interfaces__rosidl_typesupport_c[0m
[1.234s] [35m[1mConsolidate compiler generated dependencies of target sun_interfaces__rosidl_typesupport_introspection_cpp[0m
[1.234s] [35m[1mConsolidate compiler generated dependencies of target sun_interfaces__rosidl_typesupport_introspection_c[0m
[1.235s] [35m[1mConsolidate compiler generated dependencies of target sun_interfaces__rosidl_typesupport_fastrtps_c[0m
[1.235s] [35m[1mConsolidate compiler generated dependencies of target sun_interfaces__rosidl_typesupport_fastrtps_cpp[0m
[1.248s] [ 22%] Built target sun_interfaces__rosidl_typesupport_cpp
[1.249s] [ 51%] Built target sun_interfaces__rosidl_typesupport_fastrtps_c
[1.249s] [ 51%] Built target sun_interfaces__rosidl_typesupport_introspection_c
[1.250s] [ 51%] Built target sun_interfaces__rosidl_typesupport_introspection_cpp
[1.251s] [ 61%] Built target sun_interfaces__rosidl_typesupport_fastrtps_cpp
[1.251s] [ 70%] Built target sun_interfaces__rosidl_typesupport_c
[1.271s] [ 70%] Built target sun_interfaces
[1.290s] [ 74%] Built target sun_interfaces__py
[1.301s] [35m[1mConsolidate compiler generated dependencies of target sun_interfaces__rosidl_generator_py[0m
[1.313s] [ 80%] Built target sun_interfaces__rosidl_generator_py
[1.323s] [35m[1mConsolidate compiler generated dependencies of target sun_interfaces__rosidl_typesupport_fastrtps_c__pyext[0m
[1.323s] [35m[1mConsolidate compiler generated dependencies of target sun_interfaces__rosidl_typesupport_c__pyext[0m
[1.323s] [35m[1mConsolidate compiler generated dependencies of target sun_interfaces__rosidl_typesupport_introspection_c__pyext[0m
[1.335s] [100%] Built target sun_interfaces__rosidl_typesupport_c__pyext
[1.335s] [100%] Built target sun_interfaces__rosidl_typesupport_fastrtps_c__pyext
[1.335s] [100%] Built target sun_interfaces__rosidl_typesupport_introspection_c__pyext
[1.530s] running egg_info
[1.531s] writing sun_interfaces.egg-info/PKG-INFO
[1.531s] writing dependency_links to sun_interfaces.egg-info/dependency_links.txt
[1.531s] writing top-level names to sun_interfaces.egg-info/top_level.txt
[1.534s] reading manifest file 'sun_interfaces.egg-info/SOURCES.txt'
[1.534s] writing manifest file 'sun_interfaces.egg-info/SOURCES.txt'
[1.568s] [100%] Built target ament_cmake_python_build_sun_interfaces_egg
[1.579s] Invoked command in '/home/nakarin/RoboticsDevExam2/build/sun_interfaces' returned '0': CMAKE_PREFIX_PATH=${CMAKE_PREFIX_PATH}:/home/nakarin/RoboticsDev/install/launch_testing_examples:/home/nakarin/RoboticsDev/install/examples_rclpy_pointcloud_publisher:/home/nakarin/RoboticsDev/install/examples_rclpy_minimal_subscriber:/home/nakarin/RoboticsDev/install/examples_rclpy_minimal_service:/home/nakarin/RoboticsDev/install/examples_rclpy_minimal_publisher:/home/nakarin/RoboticsDev/install/examples_rclpy_minimal_client:/home/nakarin/RoboticsDev/install/examples_rclpy_minimal_action_server:/home/nakarin/RoboticsDev/install/examples_rclpy_minimal_action_client:/home/nakarin/RoboticsDev/install/examples_rclpy_guard_conditions:/home/nakarin/RoboticsDev/install/examples_rclpy_executors:/opt/ros/humble /usr/bin/cmake --build /home/nakarin/RoboticsDevExam2/build/sun_interfaces -- -j8 -l8
[1.638s] Invoking command in '/home/nakarin/RoboticsDevExam2/build/sun_interfaces': CMAKE_PREFIX_PATH=${CMAKE_PREFIX_PATH}:/home/nakarin/RoboticsDev/install/launch_testing_examples:/home/nakarin/RoboticsDev/install/examples_rclpy_pointcloud_publisher:/home/nakarin/RoboticsDev/install/examples_rclpy_minimal_subscriber:/home/nakarin/RoboticsDev/install/examples_rclpy_minimal_service:/home/nakarin/RoboticsDev/install/examples_rclpy_minimal_publisher:/home/nakarin/RoboticsDev/install/examples_rclpy_minimal_client:/home/nakarin/RoboticsDev/install/examples_rclpy_minimal_action_server:/home/nakarin/RoboticsDev/install/examples_rclpy_minimal_action_client:/home/nakarin/RoboticsDev/install/examples_rclpy_guard_conditions:/home/nakarin/RoboticsDev/install/examples_rclpy_executors:/opt/ros/humble /usr/bin/cmake --install /home/nakarin/RoboticsDevExam2/build/sun_interfaces
[1.647s] -- Install configuration: ""
[1.647s] -- Up-to-date: /home/nakarin/RoboticsDevExam2/install/sun_interfaces/share/ament_index/resource_index/rosidl_interfaces/sun_interfaces
[1.647s] -- Up-to-date: /home/nakarin/RoboticsDevExam2/install/sun_interfaces/include/sun_interfaces/sun_interfaces
[1.647s] -- Up-to-date: /home/nakarin/RoboticsDevExam2/install/sun_interfaces/include/sun_interfaces/sun_interfaces/msg
[1.647s] -- Up-to-date: /home/nakarin/RoboticsDevExam2/install/sun_interfaces/include/sun_interfaces/sun_interfaces/msg/rosidl_generator_c__visibility_control.h
[1.647s] -- Up-to-date: /home/nakarin/RoboticsDevExam2/install/sun_interfaces/include/sun_interfaces/sun_interfaces/srv
[1.647s] -- Up-to-date: /home/nakarin/RoboticsDevExam2/install/sun_interfaces/include/sun_interfaces/sun_interfaces/srv/detail
[1.647s] -- Up-to-date: /home/nakarin/RoboticsDevExam2/install/sun_interfaces/include/sun_interfaces/sun_interfaces/srv/detail/pizza_pose__type_support.h
[1.647s] -- Up-to-date: /home/nakarin/RoboticsDevExam2/install/sun_interfaces/include/sun_interfaces/sun_interfaces/srv/detail/pizza_pose__functions.h
[1.647s] -- Up-to-date: /home/nakarin/RoboticsDevExam2/install/sun_interfaces/include/sun_interfaces/sun_interfaces/srv/detail/pizza_pose__struct.h
[1.648s] -- Up-to-date: /home/nakarin/RoboticsDevExam2/install/sun_interfaces/include/sun_interfaces/sun_interfaces/srv/detail/pizza_pose__functions.c
[1.648s] -- Up-to-date: /home/nakarin/RoboticsDevExam2/install/sun_interfaces/include/sun_interfaces/sun_interfaces/srv/pizza_pose.h
[1.648s] -- Up-to-date: /home/nakarin/RoboticsDevExam2/install/sun_interfaces/share/sun_interfaces/environment/library_path.sh
[1.648s] -- Installing: /home/nakarin/RoboticsDevExam2/install/sun_interfaces/share/sun_interfaces/environment/library_path.dsv
[1.648s] -- Up-to-date: /home/nakarin/RoboticsDevExam2/install/sun_interfaces/lib/libsun_interfaces__rosidl_generator_c.so
[1.648s] -- Up-to-date: /home/nakarin/RoboticsDevExam2/install/sun_interfaces/include/sun_interfaces/sun_interfaces
[1.648s] -- Up-to-date: /home/nakarin/RoboticsDevExam2/install/sun_interfaces/include/sun_interfaces/sun_interfaces/msg
[1.648s] -- Up-to-date: /home/nakarin/RoboticsDevExam2/install/sun_interfaces/include/sun_interfaces/sun_interfaces/msg/rosidl_typesupport_fastrtps_c__visibility_control.h
[1.648s] -- Up-to-date: /home/nakarin/RoboticsDevExam2/install/sun_interfaces/include/sun_interfaces/sun_interfaces/srv
[1.648s] -- Up-to-date: /home/nakarin/RoboticsDevExam2/install/sun_interfaces/include/sun_interfaces/sun_interfaces/srv/detail
[1.648s] -- Up-to-date: /home/nakarin/RoboticsDevExam2/install/sun_interfaces/include/sun_interfaces/sun_interfaces/srv/detail/pizza_pose__rosidl_typesupport_fastrtps_c.h
[1.648s] -- Up-to-date: /home/nakarin/RoboticsDevExam2/install/sun_interfaces/lib/libsun_interfaces__rosidl_typesupport_fastrtps_c.so
[1.649s] -- Up-to-date: /home/nakarin/RoboticsDevExam2/install/sun_interfaces/include/sun_interfaces/sun_interfaces
[1.649s] -- Up-to-date: /home/nakarin/RoboticsDevExam2/install/sun_interfaces/include/sun_interfaces/sun_interfaces/msg
[1.649s] -- Up-to-date: /home/nakarin/RoboticsDevExam2/install/sun_interfaces/include/sun_interfaces/sun_interfaces/msg/rosidl_typesupport_introspection_c__visibility_control.h
[1.649s] -- Up-to-date: /home/nakarin/RoboticsDevExam2/install/sun_interfaces/include/sun_interfaces/sun_interfaces/srv
[1.649s] -- Up-to-date: /home/nakarin/RoboticsDevExam2/install/sun_interfaces/include/sun_interfaces/sun_interfaces/srv/detail
[1.649s] -- Up-to-date: /home/nakarin/RoboticsDevExam2/install/sun_interfaces/include/sun_interfaces/sun_interfaces/srv/detail/pizza_pose__type_support.c
[1.649s] -- Up-to-date: /home/nakarin/RoboticsDevExam2/install/sun_interfaces/include/sun_interfaces/sun_interfaces/srv/detail/pizza_pose__rosidl_typesupport_introspection_c.h
[1.649s] -- Up-to-date: /home/nakarin/RoboticsDevExam2/install/sun_interfaces/lib/libsun_interfaces__rosidl_typesupport_introspection_c.so
[1.649s] -- Up-to-date: /home/nakarin/RoboticsDevExam2/install/sun_interfaces/lib/libsun_interfaces__rosidl_typesupport_c.so
[1.649s] -- Up-to-date: /home/nakarin/RoboticsDevExam2/install/sun_interfaces/include/sun_interfaces/sun_interfaces
[1.649s] -- Up-to-date: /home/nakarin/RoboticsDevExam2/install/sun_interfaces/include/sun_interfaces/sun_interfaces/srv
[1.649s] -- Up-to-date: /home/nakarin/RoboticsDevExam2/install/sun_interfaces/include/sun_interfaces/sun_interfaces/srv/detail
[1.649s] -- Up-to-date: /home/nakarin/RoboticsDevExam2/install/sun_interfaces/include/sun_interfaces/sun_interfaces/srv/detail/pizza_pose__builder.hpp
[1.649s] -- Up-to-date: /home/nakarin/RoboticsDevExam2/install/sun_interfaces/include/sun_interfaces/sun_interfaces/srv/detail/pizza_pose__struct.hpp
[1.650s] -- Up-to-date: /home/nakarin/RoboticsDevExam2/install/sun_interfaces/include/sun_interfaces/sun_interfaces/srv/detail/pizza_pose__traits.hpp
[1.650s] -- Up-to-date: /home/nakarin/RoboticsDevExam2/install/sun_interfaces/include/sun_interfaces/sun_interfaces/srv/pizza_pose.hpp
[1.650s] -- Up-to-date: /home/nakarin/RoboticsDevExam2/install/sun_interfaces/include/sun_interfaces/sun_interfaces
[1.650s] -- Up-to-date: /home/nakarin/RoboticsDevExam2/install/sun_interfaces/include/sun_interfaces/sun_interfaces/msg
[1.650s] -- Up-to-date: /home/nakarin/RoboticsDevExam2/install/sun_interfaces/include/sun_interfaces/sun_interfaces/msg/rosidl_typesupport_fastrtps_cpp__visibility_control.h
[1.650s] -- Up-to-date: /home/nakarin/RoboticsDevExam2/install/sun_interfaces/include/sun_interfaces/sun_interfaces/srv
[1.650s] -- Up-to-date: /home/nakarin/RoboticsDevExam2/install/sun_interfaces/include/sun_interfaces/sun_interfaces/srv/detail
[1.650s] -- Up-to-date: /home/nakarin/RoboticsDevExam2/install/sun_interfaces/include/sun_interfaces/sun_interfaces/srv/detail/dds_fastrtps
[1.650s] -- Up-to-date: /home/nakarin/RoboticsDevExam2/install/sun_interfaces/include/sun_interfaces/sun_interfaces/srv/detail/pizza_pose__rosidl_typesupport_fastrtps_cpp.hpp
[1.650s] -- Up-to-date: /home/nakarin/RoboticsDevExam2/install/sun_interfaces/lib/libsun_interfaces__rosidl_typesupport_fastrtps_cpp.so
[1.650s] -- Up-to-date: /home/nakarin/RoboticsDevExam2/install/sun_interfaces/include/sun_interfaces/sun_interfaces
[1.650s] -- Up-to-date: /home/nakarin/RoboticsDevExam2/install/sun_interfaces/include/sun_interfaces/sun_interfaces/srv
[1.650s] -- Up-to-date: /home/nakarin/RoboticsDevExam2/install/sun_interfaces/include/sun_interfaces/sun_interfaces/srv/detail
[1.650s] -- Up-to-date: /home/nakarin/RoboticsDevExam2/install/sun_interfaces/include/sun_interfaces/sun_interfaces/srv/detail/pizza_pose__type_support.cpp
[1.650s] -- Up-to-date: /home/nakarin/RoboticsDevExam2/install/sun_interfaces/include/sun_interfaces/sun_interfaces/srv/detail/pizza_pose__rosidl_typesupport_introspection_cpp.hpp
[1.651s] -- Up-to-date: /home/nakarin/RoboticsDevExam2/install/sun_interfaces/lib/libsun_interfaces__rosidl_typesupport_introspection_cpp.so
[1.651s] -- Up-to-date: /home/nakarin/RoboticsDevExam2/install/sun_interfaces/lib/libsun_interfaces__rosidl_typesupport_cpp.so
[1.651s] -- Up-to-date: /home/nakarin/RoboticsDevExam2/install/sun_interfaces/share/sun_interfaces/environment/pythonpath.sh
[1.651s] -- Installing: /home/nakarin/RoboticsDevExam2/install/sun_interfaces/share/sun_interfaces/environment/pythonpath.dsv
[1.651s] -- Up-to-date: /home/nakarin/RoboticsDevExam2/install/sun_interfaces/local/lib/python3.10/dist-packages/sun_interfaces-0.0.0-py3.10.egg-info
[1.651s] -- Installing: /home/nakarin/RoboticsDevExam2/install/sun_interfaces/local/lib/python3.10/dist-packages/sun_interfaces-0.0.0-py3.10.egg-info/dependency_links.txt
[1.651s] -- Installing: /home/nakarin/RoboticsDevExam2/install/sun_interfaces/local/lib/python3.10/dist-packages/sun_interfaces-0.0.0-py3.10.egg-info/SOURCES.txt
[1.651s] -- Installing: /home/nakarin/RoboticsDevExam2/install/sun_interfaces/local/lib/python3.10/dist-packages/sun_interfaces-0.0.0-py3.10.egg-info/PKG-INFO
[1.652s] -- Installing: /home/nakarin/RoboticsDevExam2/install/sun_interfaces/local/lib/python3.10/dist-packages/sun_interfaces-0.0.0-py3.10.egg-info/top_level.txt
[1.652s] -- Up-to-date: /home/nakarin/RoboticsDevExam2/install/sun_interfaces/local/lib/python3.10/dist-packages/sun_interfaces
[1.652s] -- Up-to-date: /home/nakarin/RoboticsDevExam2/install/sun_interfaces/local/lib/python3.10/dist-packages/sun_interfaces/libsun_interfaces__rosidl_generator_py.so
[1.652s] -- Up-to-date: /home/nakarin/RoboticsDevExam2/install/sun_interfaces/local/lib/python3.10/dist-packages/sun_interfaces/_sun_interfaces_s.ep.rosidl_typesupport_fastrtps_c.c
[1.652s] -- Up-to-date: /home/nakarin/RoboticsDevExam2/install/sun_interfaces/local/lib/python3.10/dist-packages/sun_interfaces/sun_interfaces_s__rosidl_typesupport_introspection_c.cpython-310-x86_64-linux-gnu.so
[1.652s] -- Up-to-date: /home/nakarin/RoboticsDevExam2/install/sun_interfaces/local/lib/python3.10/dist-packages/sun_interfaces/sun_interfaces_s__rosidl_typesupport_fastrtps_c.cpython-310-x86_64-linux-gnu.so
[1.652s] -- Up-to-date: /home/nakarin/RoboticsDevExam2/install/sun_interfaces/local/lib/python3.10/dist-packages/sun_interfaces/sun_interfaces_s__rosidl_typesupport_c.cpython-310-x86_64-linux-gnu.so
[1.652s] -- Up-to-date: /home/nakarin/RoboticsDevExam2/install/sun_interfaces/local/lib/python3.10/dist-packages/sun_interfaces/_sun_interfaces_s.ep.rosidl_typesupport_c.c
[1.652s] -- Up-to-date: /home/nakarin/RoboticsDevExam2/install/sun_interfaces/local/lib/python3.10/dist-packages/sun_interfaces/_sun_interfaces_s.ep.rosidl_typesupport_introspection_c.c
[1.652s] -- Installing: /home/nakarin/RoboticsDevExam2/install/sun_interfaces/local/lib/python3.10/dist-packages/sun_interfaces/__init__.py
[1.652s] -- Up-to-date: /home/nakarin/RoboticsDevExam2/install/sun_interfaces/local/lib/python3.10/dist-packages/sun_interfaces/srv
[1.652s] -- Up-to-date: /home/nakarin/RoboticsDevExam2/install/sun_interfaces/local/lib/python3.10/dist-packages/sun_interfaces/srv/__init__.py
[1.652s] -- Up-to-date: /home/nakarin/RoboticsDevExam2/install/sun_interfaces/local/lib/python3.10/dist-packages/sun_interfaces/srv/_pizza_pose.py
[1.652s] -- Up-to-date: /home/nakarin/RoboticsDevExam2/install/sun_interfaces/local/lib/python3.10/dist-packages/sun_interfaces/srv/_pizza_pose_s.c
[1.695s] Listing '/home/nakarin/RoboticsDevExam2/install/sun_interfaces/local/lib/python3.10/dist-packages/sun_interfaces'...
[1.695s] Compiling '/home/nakarin/RoboticsDevExam2/install/sun_interfaces/local/lib/python3.10/dist-packages/sun_interfaces/__init__.py'...
[1.695s] Listing '/home/nakarin/RoboticsDevExam2/install/sun_interfaces/local/lib/python3.10/dist-packages/sun_interfaces/srv'...
[1.700s] -- Up-to-date: /home/nakarin/RoboticsDevExam2/install/sun_interfaces/local/lib/python3.10/dist-packages/sun_interfaces/sun_interfaces_s__rosidl_typesupport_fastrtps_c.cpython-310-x86_64-linux-gnu.so
[1.700s] -- Up-to-date: /home/nakarin/RoboticsDevExam2/install/sun_interfaces/local/lib/python3.10/dist-packages/sun_interfaces/sun_interfaces_s__rosidl_typesupport_introspection_c.cpython-310-x86_64-linux-gnu.so
[1.700s] -- Up-to-date: /home/nakarin/RoboticsDevExam2/install/sun_interfaces/local/lib/python3.10/dist-packages/sun_interfaces/sun_interfaces_s__rosidl_typesupport_c.cpython-310-x86_64-linux-gnu.so
[1.700s] -- Up-to-date: /home/nakarin/RoboticsDevExam2/install/sun_interfaces/lib/libsun_interfaces__rosidl_generator_py.so
[1.701s] -- Up-to-date: /home/nakarin/RoboticsDevExam2/install/sun_interfaces/share/sun_interfaces/srv/PizzaPose.idl
[1.701s] -- Up-to-date: /home/nakarin/RoboticsDevExam2/install/sun_interfaces/share/sun_interfaces/srv/PizzaPose.srv
[1.701s] -- Up-to-date: /home/nakarin/RoboticsDevExam2/install/sun_interfaces/share/sun_interfaces/srv/PizzaPose_Request.msg
[1.701s] -- Up-to-date: /home/nakarin/RoboticsDevExam2/install/sun_interfaces/share/sun_interfaces/srv/PizzaPose_Response.msg
[1.701s] -- Up-to-date: /home/nakarin/RoboticsDevExam2/install/sun_interfaces/share/ament_index/resource_index/package_run_dependencies/sun_interfaces
[1.701s] -- Up-to-date: /home/nakarin/RoboticsDevExam2/install/sun_interfaces/share/ament_index/resource_index/parent_prefix_path/sun_interfaces
[1.701s] -- Up-to-date: /home/nakarin/RoboticsDevExam2/install/sun_interfaces/share/sun_interfaces/environment/ament_prefix_path.sh
[1.701s] -- Installing: /home/nakarin/RoboticsDevExam2/install/sun_interfaces/share/sun_interfaces/environment/ament_prefix_path.dsv
[1.701s] -- Up-to-date: /home/nakarin/RoboticsDevExam2/install/sun_interfaces/share/sun_interfaces/environment/path.sh
[1.701s] -- Installing: /home/nakarin/RoboticsDevExam2/install/sun_interfaces/share/sun_interfaces/environment/path.dsv
[1.701s] -- Up-to-date: /home/nakarin/RoboticsDevExam2/install/sun_interfaces/share/sun_interfaces/local_setup.bash
[1.702s] -- Up-to-date: /home/nakarin/RoboticsDevExam2/install/sun_interfaces/share/sun_interfaces/local_setup.sh
[1.702s] -- Up-to-date: /home/nakarin/RoboticsDevExam2/install/sun_interfaces/share/sun_interfaces/local_setup.zsh
[1.702s] -- Installing: /home/nakarin/RoboticsDevExam2/install/sun_interfaces/share/sun_interfaces/local_setup.dsv
[1.702s] -- Installing: /home/nakarin/RoboticsDevExam2/install/sun_interfaces/share/sun_interfaces/package.dsv
[1.702s] -- Up-to-date: /home/nakarin/RoboticsDevExam2/install/sun_interfaces/share/ament_index/resource_index/packages/sun_interfaces
[1.702s] -- Up-to-date: /home/nakarin/RoboticsDevExam2/install/sun_interfaces/share/sun_interfaces/cmake/export_sun_interfaces__rosidl_generator_cExport.cmake
[1.702s] -- Up-to-date: /home/nakarin/RoboticsDevExam2/install/sun_interfaces/share/sun_interfaces/cmake/export_sun_interfaces__rosidl_generator_cExport-noconfig.cmake
[1.702s] -- Up-to-date: /home/nakarin/RoboticsDevExam2/install/sun_interfaces/share/sun_interfaces/cmake/export_sun_interfaces__rosidl_typesupport_fastrtps_cExport.cmake
[1.702s] -- Up-to-date: /home/nakarin/RoboticsDevExam2/install/sun_interfaces/share/sun_interfaces/cmake/export_sun_interfaces__rosidl_typesupport_fastrtps_cExport-noconfig.cmake
[1.702s] -- Up-to-date: /home/nakarin/RoboticsDevExam2/install/sun_interfaces/share/sun_interfaces/cmake/sun_interfaces__rosidl_typesupport_introspection_cExport.cmake
[1.702s] -- Up-to-date: /home/nakarin/RoboticsDevExam2/install/sun_interfaces/share/sun_interfaces/cmake/sun_interfaces__rosidl_typesupport_introspection_cExport-noconfig.cmake
[1.702s] -- Up-to-date: /home/nakarin/RoboticsDevExam2/install/sun_interfaces/share/sun_interfaces/cmake/sun_interfaces__rosidl_typesupport_cExport.cmake
[1.702s] -- Up-to-date: /home/nakarin/RoboticsDevExam2/install/sun_interfaces/share/sun_interfaces/cmake/sun_interfaces__rosidl_typesupport_cExport-noconfig.cmake
[1.702s] -- Up-to-date: /home/nakarin/RoboticsDevExam2/install/sun_interfaces/share/sun_interfaces/cmake/export_sun_interfaces__rosidl_generator_cppExport.cmake
[1.702s] -- Up-to-date: /home/nakarin/RoboticsDevExam2/install/sun_interfaces/share/sun_interfaces/cmake/export_sun_interfaces__rosidl_typesupport_fastrtps_cppExport.cmake
[1.703s] -- Up-to-date: /home/nakarin/RoboticsDevExam2/install/sun_interfaces/share/sun_interfaces/cmake/export_sun_interfaces__rosidl_typesupport_fastrtps_cppExport-noconfig.cmake
[1.703s] -- Up-to-date: /home/nakarin/RoboticsDevExam2/install/sun_interfaces/share/sun_interfaces/cmake/sun_interfaces__rosidl_typesupport_introspection_cppExport.cmake
[1.703s] -- Up-to-date: /home/nakarin/RoboticsDevExam2/install/sun_interfaces/share/sun_interfaces/cmake/sun_interfaces__rosidl_typesupport_introspection_cppExport-noconfig.cmake
[1.703s] -- Up-to-date: /home/nakarin/RoboticsDevExam2/install/sun_interfaces/share/sun_interfaces/cmake/sun_interfaces__rosidl_typesupport_cppExport.cmake
[1.703s] -- Up-to-date: /home/nakarin/RoboticsDevExam2/install/sun_interfaces/share/sun_interfaces/cmake/sun_interfaces__rosidl_typesupport_cppExport-noconfig.cmake
[1.703s] -- Up-to-date: /home/nakarin/RoboticsDevExam2/install/sun_interfaces/share/sun_interfaces/cmake/export_sun_interfaces__rosidl_generator_pyExport.cmake
[1.703s] -- Up-to-date: /home/nakarin/RoboticsDevExam2/install/sun_interfaces/share/sun_interfaces/cmake/export_sun_interfaces__rosidl_generator_pyExport-noconfig.cmake
[1.703s] -- Up-to-date: /home/nakarin/RoboticsDevExam2/install/sun_interfaces/share/sun_interfaces/cmake/rosidl_cmake-extras.cmake
[1.703s] -- Up-to-date: /home/nakarin/RoboticsDevExam2/install/sun_interfaces/share/sun_interfaces/cmake/ament_cmake_export_include_directories-extras.cmake
[1.703s] -- Up-to-date: /home/nakarin/RoboticsDevExam2/install/sun_interfaces/share/sun_interfaces/cmake/ament_cmake_export_libraries-extras.cmake
[1.703s] -- Up-to-date: /home/nakarin/RoboticsDevExam2/install/sun_interfaces/share/sun_interfaces/cmake/ament_cmake_export_targets-extras.cmake
[1.703s] -- Up-to-date: /home/nakarin/RoboticsDevExam2/install/sun_interfaces/share/sun_interfaces/cmake/rosidl_cmake_export_typesupport_targets-extras.cmake
[1.703s] -- Up-to-date: /home/nakarin/RoboticsDevExam2/install/sun_interfaces/share/sun_interfaces/cmake/ament_cmake_export_dependencies-extras.cmake
[1.703s] -- Up-to-date: /home/nakarin/RoboticsDevExam2/install/sun_interfaces/share/sun_interfaces/cmake/rosidl_cmake_export_typesupport_libraries-extras.cmake
[1.703s] -- Up-to-date: /home/nakarin/RoboticsDevExam2/install/sun_interfaces/share/sun_interfaces/cmake/sun_interfacesConfig.cmake
[1.704s] -- Up-to-date: /home/nakarin/RoboticsDevExam2/install/sun_interfaces/share/sun_interfaces/cmake/sun_interfacesConfig-version.cmake
[1.704s] -- Installing: /home/nakarin/RoboticsDevExam2/install/sun_interfaces/share/sun_interfaces/package.xml
[1.705s] Invoked command in '/home/nakarin/RoboticsDevExam2/build/sun_interfaces' returned '0': CMAKE_PREFIX_PATH=${CMAKE_PREFIX_PATH}:/home/nakarin/RoboticsDev/install/launch_testing_examples:/home/nakarin/RoboticsDev/install/examples_rclpy_pointcloud_publisher:/home/nakarin/RoboticsDev/install/examples_rclpy_minimal_subscriber:/home/nakarin/RoboticsDev/install/examples_rclpy_minimal_service:/home/nakarin/RoboticsDev/install/examples_rclpy_minimal_publisher:/home/nakarin/RoboticsDev/install/examples_rclpy_minimal_client:/home/nakarin/RoboticsDev/install/examples_rclpy_minimal_action_server:/home/nakarin/RoboticsDev/install/examples_rclpy_minimal_action_client:/home/nakarin/RoboticsDev/install/examples_rclpy_guard_conditions:/home/nakarin/RoboticsDev/install/examples_rclpy_executors:/opt/ros/humble /usr/bin/cmake --install /home/nakarin/RoboticsDevExam2/build/sun_interfaces
