[0.030s] Invoking command in '/home/nakarin/RoboticsDevExam2/build/turtlesim_plus': CMAKE_PREFIX_PATH=${CMAKE_PREFIX_PATH}:/home/nakarin/RoboticsDev/install/launch_testing_examples:/home/nakarin/RoboticsDev/install/examples_rclpy_pointcloud_publisher:/home/nakarin/RoboticsDev/install/examples_rclpy_minimal_subscriber:/home/nakarin/RoboticsDev/install/examples_rclpy_minimal_service:/home/nakarin/RoboticsDev/install/examples_rclpy_minimal_publisher:/home/nakarin/RoboticsDev/install/examples_rclpy_minimal_client:/home/nakarin/RoboticsDev/install/examples_rclpy_minimal_action_server:/home/nakarin/RoboticsDev/install/examples_rclpy_minimal_action_client:/home/nakarin/RoboticsDev/install/examples_rclpy_guard_conditions:/home/nakarin/RoboticsDev/install/examples_rclpy_executors:/opt/ros/humble /usr/bin/cmake --build /home/nakarin/RoboticsDevExam2/build/turtlesim_plus -- -j8 -l8
[0.154s] Built target ament_cmake_python_copy_turtlesim_plus
[0.815s] running egg_info
[0.817s] writing turtlesim_plus.egg-info/PKG-INFO
[0.817s] writing dependency_links to turtlesim_plus.egg-info/dependency_links.txt
[0.817s] writing top-level names to turtlesim_plus.egg-info/top_level.txt
[0.823s] reading manifest file 'turtlesim_plus.egg-info/SOURCES.txt'
[0.823s] writing manifest file 'turtlesim_plus.egg-info/SOURCES.txt'
[0.867s] Built target ament_cmake_python_build_turtlesim_plus_egg
[0.885s] Invoked command in '/home/nakarin/RoboticsDevExam2/build/turtlesim_plus' returned '0': CMAKE_PREFIX_PATH=${CMAKE_PREFIX_PATH}:/home/nakarin/RoboticsDev/install/launch_testing_examples:/home/nakarin/RoboticsDev/install/examples_rclpy_pointcloud_publisher:/home/nakarin/RoboticsDev/install/examples_rclpy_minimal_subscriber:/home/nakarin/RoboticsDev/install/examples_rclpy_minimal_service:/home/nakarin/RoboticsDev/install/examples_rclpy_minimal_publisher:/home/nakarin/RoboticsDev/install/examples_rclpy_minimal_client:/home/nakarin/RoboticsDev/install/examples_rclpy_minimal_action_server:/home/nakarin/RoboticsDev/install/examples_rclpy_minimal_action_client:/home/nakarin/RoboticsDev/install/examples_rclpy_guard_conditions:/home/nakarin/RoboticsDev/install/examples_rclpy_executors:/opt/ros/humble /usr/bin/cmake --build /home/nakarin/RoboticsDevExam2/build/turtlesim_plus -- -j8 -l8
[0.932s] Invoking command in '/home/nakarin/RoboticsDevExam2/build/turtlesim_plus': CMAKE_PREFIX_PATH=${CMAKE_PREFIX_PATH}:/home/nakarin/RoboticsDev/install/launch_testing_examples:/home/nakarin/RoboticsDev/install/examples_rclpy_pointcloud_publisher:/home/nakarin/RoboticsDev/install/examples_rclpy_minimal_subscriber:/home/nakarin/RoboticsDev/install/examples_rclpy_minimal_service:/home/nakarin/RoboticsDev/install/examples_rclpy_minimal_publisher:/home/nakarin/RoboticsDev/install/examples_rclpy_minimal_client:/home/nakarin/RoboticsDev/install/examples_rclpy_minimal_action_server:/home/nakarin/RoboticsDev/install/examples_rclpy_minimal_action_client:/home/nakarin/RoboticsDev/install/examples_rclpy_guard_conditions:/home/nakarin/RoboticsDev/install/examples_rclpy_executors:/opt/ros/humble /usr/bin/cmake --install /home/nakarin/RoboticsDevExam2/build/turtlesim_plus
[0.955s] -- Install configuration: ""
[0.956s] -- Up-to-date: /home/nakarin/RoboticsDevExam2/install/turtlesim_plus/share/turtlesim_plus/environment/pythonpath.sh
[0.956s] -- Up-to-date: /home/nakarin/RoboticsDevExam2/install/turtlesim_plus/share/turtlesim_plus/environment/pythonpath.dsv
[0.957s] -- Up-to-date: /home/nakarin/RoboticsDevExam2/install/turtlesim_plus/local/lib/python3.10/dist-packages/turtlesim_plus-1.0.0-py3.10.egg-info
[0.957s] -- Installing: /home/nakarin/RoboticsDevExam2/install/turtlesim_plus/local/lib/python3.10/dist-packages/turtlesim_plus-1.0.0-py3.10.egg-info/dependency_links.txt
[0.957s] -- Installing: /home/nakarin/RoboticsDevExam2/install/turtlesim_plus/local/lib/python3.10/dist-packages/turtlesim_plus-1.0.0-py3.10.egg-info/SOURCES.txt
[0.957s] -- Installing: /home/nakarin/RoboticsDevExam2/install/turtlesim_plus/local/lib/python3.10/dist-packages/turtlesim_plus-1.0.0-py3.10.egg-info/PKG-INFO
[0.957s] -- Installing: /home/nakarin/RoboticsDevExam2/install/turtlesim_plus/local/lib/python3.10/dist-packages/turtlesim_plus-1.0.0-py3.10.egg-info/top_level.txt
[0.958s] -- Up-to-date: /home/nakarin/RoboticsDevExam2/install/turtlesim_plus/local/lib/python3.10/dist-packages/turtlesim_plus
[0.958s] -- Up-to-date: /home/nakarin/RoboticsDevExam2/install/turtlesim_plus/local/lib/python3.10/dist-packages/turtlesim_plus/entity.py
[0.958s] -- Up-to-date: /home/nakarin/RoboticsDevExam2/install/turtlesim_plus/local/lib/python3.10/dist-packages/turtlesim_plus/ros2_plugins.py
[0.958s] -- Up-to-date: /home/nakarin/RoboticsDevExam2/install/turtlesim_plus/local/lib/python3.10/dist-packages/turtlesim_plus/__init__.py
[0.958s] -- Up-to-date: /home/nakarin/RoboticsDevExam2/install/turtlesim_plus/local/lib/python3.10/dist-packages/turtlesim_plus/image
[0.958s] -- Up-to-date: /home/nakarin/RoboticsDevExam2/install/turtlesim_plus/local/lib/python3.10/dist-packages/turtlesim_plus/image/turtle
[0.958s] -- Up-to-date: /home/nakarin/RoboticsDevExam2/install/turtlesim_plus/local/lib/python3.10/dist-packages/turtlesim_plus/image/turtle/rolling.png
[0.959s] -- Up-to-date: /home/nakarin/RoboticsDevExam2/install/turtlesim_plus/local/lib/python3.10/dist-packages/turtlesim_plus/image/turtle/dashing.png
[0.959s] -- Up-to-date: /home/nakarin/RoboticsDevExam2/install/turtlesim_plus/local/lib/python3.10/dist-packages/turtlesim_plus/image/turtle/bouncy.png
[0.959s] -- Up-to-date: /home/nakarin/RoboticsDevExam2/install/turtlesim_plus/local/lib/python3.10/dist-packages/turtlesim_plus/image/turtle/eloquent.png
[0.960s] -- Up-to-date: /home/nakarin/RoboticsDevExam2/install/turtlesim_plus/local/lib/python3.10/dist-packages/turtlesim_plus/image/turtle/crystal.png
[0.960s] -- Up-to-date: /home/nakarin/RoboticsDevExam2/install/turtlesim_plus/local/lib/python3.10/dist-packages/turtlesim_plus/image/turtle/galactic.png
[0.960s] -- Up-to-date: /home/nakarin/RoboticsDevExam2/install/turtlesim_plus/local/lib/python3.10/dist-packages/turtlesim_plus/image/turtle/humble.png
[0.960s] -- Up-to-date: /home/nakarin/RoboticsDevExam2/install/turtlesim_plus/local/lib/python3.10/dist-packages/turtlesim_plus/image/turtle/ardent.png
[0.961s] -- Up-to-date: /home/nakarin/RoboticsDevExam2/install/turtlesim_plus/local/lib/python3.10/dist-packages/turtlesim_plus/image/turtle/otto.png
[0.961s] -- Up-to-date: /home/nakarin/RoboticsDevExam2/install/turtlesim_plus/local/lib/python3.10/dist-packages/turtlesim_plus/image/turtle/foxy.png
[0.961s] -- Up-to-date: /home/nakarin/RoboticsDevExam2/install/turtlesim_plus/local/lib/python3.10/dist-packages/turtlesim_plus/image/object
[0.961s] -- Up-to-date: /home/nakarin/RoboticsDevExam2/install/turtlesim_plus/local/lib/python3.10/dist-packages/turtlesim_plus/image/object/pizza.png
[0.962s] -- Up-to-date: /home/nakarin/RoboticsDevExam2/install/turtlesim_plus/local/lib/python3.10/dist-packages/turtlesim_plus/image/object/parcel.png
[0.962s] -- Up-to-date: /home/nakarin/RoboticsDevExam2/install/turtlesim_plus/local/lib/python3.10/dist-packages/turtlesim_plus/image/map
[0.962s] -- Up-to-date: /home/nakarin/RoboticsDevExam2/install/turtlesim_plus/local/lib/python3.10/dist-packages/turtlesim_plus/image/map/map.png
[0.998s] Listing '/home/nakarin/RoboticsDevExam2/install/turtlesim_plus/local/lib/python3.10/dist-packages/turtlesim_plus'...
[0.998s] Listing '/home/nakarin/RoboticsDevExam2/install/turtlesim_plus/local/lib/python3.10/dist-packages/turtlesim_plus/image'...
[0.998s] Listing '/home/nakarin/RoboticsDevExam2/install/turtlesim_plus/local/lib/python3.10/dist-packages/turtlesim_plus/image/map'...
[0.998s] Listing '/home/nakarin/RoboticsDevExam2/install/turtlesim_plus/local/lib/python3.10/dist-packages/turtlesim_plus/image/object'...
[0.998s] Listing '/home/nakarin/RoboticsDevExam2/install/turtlesim_plus/local/lib/python3.10/dist-packages/turtlesim_plus/image/turtle'...
[1.013s] -- Up-to-date: /home/nakarin/RoboticsDevExam2/install/turtlesim_plus/lib/turtlesim_plus/turtlesim_plus_node.py
[1.013s] -- Up-to-date: /home/nakarin/RoboticsDevExam2/install/turtlesim_plus/lib/turtlesim_plus/pizza_on_click.py
[1.013s] -- Up-to-date: /home/nakarin/RoboticsDevExam2/install/turtlesim_plus/share/turtlesim_plus
[1.014s] -- Up-to-date: /home/nakarin/RoboticsDevExam2/install/turtlesim_plus/share/ament_index/resource_index/package_run_dependencies/turtlesim_plus
[1.014s] -- Up-to-date: /home/nakarin/RoboticsDevExam2/install/turtlesim_plus/share/ament_index/resource_index/parent_prefix_path/turtlesim_plus
[1.014s] -- Up-to-date: /home/nakarin/RoboticsDevExam2/install/turtlesim_plus/share/turtlesim_plus/environment/ament_prefix_path.sh
[1.014s] -- Up-to-date: /home/nakarin/RoboticsDevExam2/install/turtlesim_plus/share/turtlesim_plus/environment/ament_prefix_path.dsv
[1.014s] -- Up-to-date: /home/nakarin/RoboticsDevExam2/install/turtlesim_plus/share/turtlesim_plus/environment/path.sh
[1.014s] -- Up-to-date: /home/nakarin/RoboticsDevExam2/install/turtlesim_plus/share/turtlesim_plus/environment/path.dsv
[1.014s] -- Up-to-date: /home/nakarin/RoboticsDevExam2/install/turtlesim_plus/share/turtlesim_plus/local_setup.bash
[1.014s] -- Up-to-date: /home/nakarin/RoboticsDevExam2/install/turtlesim_plus/share/turtlesim_plus/local_setup.sh
[1.015s] -- Up-to-date: /home/nakarin/RoboticsDevExam2/install/turtlesim_plus/share/turtlesim_plus/local_setup.zsh
[1.015s] -- Up-to-date: /home/nakarin/RoboticsDevExam2/install/turtlesim_plus/share/turtlesim_plus/local_setup.dsv
[1.015s] -- Installing: /home/nakarin/RoboticsDevExam2/install/turtlesim_plus/share/turtlesim_plus/package.dsv
[1.015s] -- Up-to-date: /home/nakarin/RoboticsDevExam2/install/turtlesim_plus/share/ament_index/resource_index/packages/turtlesim_plus
[1.015s] -- Up-to-date: /home/nakarin/RoboticsDevExam2/install/turtlesim_plus/share/turtlesim_plus/cmake/turtlesim_plusConfig.cmake
[1.015s] -- Up-to-date: /home/nakarin/RoboticsDevExam2/install/turtlesim_plus/share/turtlesim_plus/cmake/turtlesim_plusConfig-version.cmake
[1.016s] -- Up-to-date: /home/nakarin/RoboticsDevExam2/install/turtlesim_plus/share/turtlesim_plus/package.xml
[1.028s] Invoked command in '/home/nakarin/RoboticsDevExam2/build/turtlesim_plus' returned '0': CMAKE_PREFIX_PATH=${CMAKE_PREFIX_PATH}:/home/nakarin/RoboticsDev/install/launch_testing_examples:/home/nakarin/RoboticsDev/install/examples_rclpy_pointcloud_publisher:/home/nakarin/RoboticsDev/install/examples_rclpy_minimal_subscriber:/home/nakarin/RoboticsDev/install/examples_rclpy_minimal_service:/home/nakarin/RoboticsDev/install/examples_rclpy_minimal_publisher:/home/nakarin/RoboticsDev/install/examples_rclpy_minimal_client:/home/nakarin/RoboticsDev/install/examples_rclpy_minimal_action_server:/home/nakarin/RoboticsDev/install/examples_rclpy_minimal_action_client:/home/nakarin/RoboticsDev/install/examples_rclpy_guard_conditions:/home/nakarin/RoboticsDev/install/examples_rclpy_executors:/opt/ros/humble /usr/bin/cmake --install /home/nakarin/RoboticsDevExam2/build/turtlesim_plus
