[0.085s] DEBUG:colcon:Command line arguments: ['/usr/bin/colcon', 'build']
[0.086s] DEBUG:colcon:Parsed command line arguments: Namespace(log_base=None, log_level=None, verb_name='build', build_base='build', install_base='install', merge_install=False, symlink_install=False, test_result_base=None, continue_on_error=False, executor='parallel', parallel_workers=16, event_handlers=None, ignore_user_meta=False, metas=['./colcon.meta'], base_paths=['.'], packages_ignore=None, packages_ignore_regex=None, paths=None, packages_up_to=None, packages_up_to_regex=None, packages_above=None, packages_above_and_dependencies=None, packages_above_depth=None, packages_select_by_dep=None, packages_skip_by_dep=None, packages_skip_up_to=None, packages_select_build_failed=False, packages_skip_build_finished=False, packages_select_test_failures=False, packages_skip_test_passed=False, packages_select=None, packages_skip=None, packages_select_regex=None, packages_skip_regex=None, packages_start=None, packages_end=None, allow_overriding=[], cmake_args=None, cmake_target=None, cmake_target_skip_unavailable=False, cmake_clean_cache=False, cmake_clean_first=False, cmake_force_configure=False, ament_cmake_args=None, catkin_cmake_args=None, catkin_skip_building_tests=False, verb_parser=<colcon_defaults.argument_parser.defaults.DefaultArgumentsDecorator object at 0x710fb4deaa40>, verb_extension=<colcon_core.verb.build.BuildVerb object at 0x710fb4dea5f0>, main=<bound method BuildVerb.main of <colcon_core.verb.build.BuildVerb object at 0x710fb4dea5f0>>)
[0.207s] Level 1:colcon.colcon_core.package_discovery:discover_packages(colcon_meta) check parameters
[0.207s] Level 1:colcon.colcon_core.package_discovery:discover_packages(recursive) check parameters
[0.207s] Level 1:colcon.colcon_core.package_discovery:discover_packages(ignore) check parameters
[0.207s] Level 1:colcon.colcon_core.package_discovery:discover_packages(path) check parameters
[0.207s] Level 1:colcon.colcon_core.package_discovery:discover_packages(colcon_meta) discover
[0.207s] Level 1:colcon.colcon_core.package_discovery:discover_packages(recursive) discover
[0.207s] INFO:colcon.colcon_core.package_discovery:Crawling recursively for packages in '/home/saifa/Desktop/Ros_exam'
[0.207s] Level 1:colcon.colcon_core.package_identification:_identify(.) by extensions ['ignore', 'ignore_ament_install']
[0.207s] Level 1:colcon.colcon_core.package_identification:_identify(.) by extension 'ignore'
[0.207s] Level 1:colcon.colcon_core.package_identification:_identify(.) by extension 'ignore_ament_install'
[0.207s] Level 1:colcon.colcon_core.package_identification:_identify(.) by extensions ['colcon_pkg']
[0.207s] Level 1:colcon.colcon_core.package_identification:_identify(.) by extension 'colcon_pkg'
[0.208s] Level 1:colcon.colcon_core.package_identification:_identify(.) by extensions ['colcon_meta']
[0.208s] Level 1:colcon.colcon_core.package_identification:_identify(.) by extension 'colcon_meta'
[0.208s] Level 1:colcon.colcon_core.package_identification:_identify(.) by extensions ['ros']
[0.208s] Level 1:colcon.colcon_core.package_identification:_identify(.) by extension 'ros'
[0.216s] Level 1:colcon.colcon_core.package_identification:_identify(.) by extensions ['cmake', 'python']
[0.216s] Level 1:colcon.colcon_core.package_identification:_identify(.) by extension 'cmake'
[0.216s] Level 1:colcon.colcon_core.package_identification:_identify(.) by extension 'python'
[0.216s] Level 1:colcon.colcon_core.package_identification:_identify(.) by extensions ['python_setup_py']
[0.216s] Level 1:colcon.colcon_core.package_identification:_identify(.) by extension 'python_setup_py'
[0.216s] Level 1:colcon.colcon_core.package_identification:_identify(build) by extensions ['ignore', 'ignore_ament_install']
[0.216s] Level 1:colcon.colcon_core.package_identification:_identify(build) by extension 'ignore'
[0.216s] Level 1:colcon.colcon_core.package_identification:_identify(build) ignored
[0.216s] Level 1:colcon.colcon_core.package_identification:_identify(install) by extensions ['ignore', 'ignore_ament_install']
[0.216s] Level 1:colcon.colcon_core.package_identification:_identify(install) by extension 'ignore'
[0.216s] Level 1:colcon.colcon_core.package_identification:_identify(install) ignored
[0.216s] Level 1:colcon.colcon_core.package_identification:_identify(log) by extensions ['ignore', 'ignore_ament_install']
[0.216s] Level 1:colcon.colcon_core.package_identification:_identify(log) by extension 'ignore'
[0.216s] Level 1:colcon.colcon_core.package_identification:_identify(log) ignored
[0.216s] Level 1:colcon.colcon_core.package_identification:_identify(src) by extensions ['ignore', 'ignore_ament_install']
[0.216s] Level 1:colcon.colcon_core.package_identification:_identify(src) by extension 'ignore'
[0.217s] Level 1:colcon.colcon_core.package_identification:_identify(src) by extension 'ignore_ament_install'
[0.217s] Level 1:colcon.colcon_core.package_identification:_identify(src) by extensions ['colcon_pkg']
[0.217s] Level 1:colcon.colcon_core.package_identification:_identify(src) by extension 'colcon_pkg'
[0.217s] Level 1:colcon.colcon_core.package_identification:_identify(src) by extensions ['colcon_meta']
[0.217s] Level 1:colcon.colcon_core.package_identification:_identify(src) by extension 'colcon_meta'
[0.217s] Level 1:colcon.colcon_core.package_identification:_identify(src) by extensions ['ros']
[0.217s] Level 1:colcon.colcon_core.package_identification:_identify(src) by extension 'ros'
[0.217s] Level 1:colcon.colcon_core.package_identification:_identify(src) by extensions ['cmake', 'python']
[0.217s] Level 1:colcon.colcon_core.package_identification:_identify(src) by extension 'cmake'
[0.217s] Level 1:colcon.colcon_core.package_identification:_identify(src) by extension 'python'
[0.217s] Level 1:colcon.colcon_core.package_identification:_identify(src) by extensions ['python_setup_py']
[0.217s] Level 1:colcon.colcon_core.package_identification:_identify(src) by extension 'python_setup_py'
[0.217s] Level 1:colcon.colcon_core.package_identification:_identify(src/controller_interfaces) by extensions ['ignore', 'ignore_ament_install']
[0.217s] Level 1:colcon.colcon_core.package_identification:_identify(src/controller_interfaces) by extension 'ignore'
[0.217s] Level 1:colcon.colcon_core.package_identification:_identify(src/controller_interfaces) by extension 'ignore_ament_install'
[0.217s] Level 1:colcon.colcon_core.package_identification:_identify(src/controller_interfaces) by extensions ['colcon_pkg']
[0.217s] Level 1:colcon.colcon_core.package_identification:_identify(src/controller_interfaces) by extension 'colcon_pkg'
[0.217s] Level 1:colcon.colcon_core.package_identification:_identify(src/controller_interfaces) by extensions ['colcon_meta']
[0.217s] Level 1:colcon.colcon_core.package_identification:_identify(src/controller_interfaces) by extension 'colcon_meta'
[0.217s] Level 1:colcon.colcon_core.package_identification:_identify(src/controller_interfaces) by extensions ['ros']
[0.217s] Level 1:colcon.colcon_core.package_identification:_identify(src/controller_interfaces) by extension 'ros'
[0.219s] DEBUG:colcon.colcon_core.package_identification:Package 'src/controller_interfaces' with type 'ros.ament_cmake' and name 'controller_interfaces'
[0.219s] Level 1:colcon.colcon_core.package_identification:_identify(src/pizza_pose) by extensions ['ignore', 'ignore_ament_install']
[0.219s] Level 1:colcon.colcon_core.package_identification:_identify(src/pizza_pose) by extension 'ignore'
[0.219s] Level 1:colcon.colcon_core.package_identification:_identify(src/pizza_pose) by extension 'ignore_ament_install'
[0.219s] Level 1:colcon.colcon_core.package_identification:_identify(src/pizza_pose) by extensions ['colcon_pkg']
[0.219s] Level 1:colcon.colcon_core.package_identification:_identify(src/pizza_pose) by extension 'colcon_pkg'
[0.219s] Level 1:colcon.colcon_core.package_identification:_identify(src/pizza_pose) by extensions ['colcon_meta']
[0.219s] Level 1:colcon.colcon_core.package_identification:_identify(src/pizza_pose) by extension 'colcon_meta'
[0.219s] Level 1:colcon.colcon_core.package_identification:_identify(src/pizza_pose) by extensions ['ros']
[0.219s] Level 1:colcon.colcon_core.package_identification:_identify(src/pizza_pose) by extension 'ros'
[0.219s] Level 1:colcon.colcon_core.package_identification:_identify(src/pizza_pose) by extensions ['cmake', 'python']
[0.219s] Level 1:colcon.colcon_core.package_identification:_identify(src/pizza_pose) by extension 'cmake'
[0.219s] Level 1:colcon.colcon_core.package_identification:_identify(src/pizza_pose) by extension 'python'
[0.219s] Level 1:colcon.colcon_core.package_identification:_identify(src/pizza_pose) by extensions ['python_setup_py']
[0.219s] Level 1:colcon.colcon_core.package_identification:_identify(src/pizza_pose) by extension 'python_setup_py'
[0.219s] Level 1:colcon.colcon_core.package_identification:_identify(src/saifa_pack) by extensions ['ignore', 'ignore_ament_install']
[0.220s] Level 1:colcon.colcon_core.package_identification:_identify(src/saifa_pack) by extension 'ignore'
[0.220s] Level 1:colcon.colcon_core.package_identification:_identify(src/saifa_pack) by extension 'ignore_ament_install'
[0.220s] Level 1:colcon.colcon_core.package_identification:_identify(src/saifa_pack) by extensions ['colcon_pkg']
[0.220s] Level 1:colcon.colcon_core.package_identification:_identify(src/saifa_pack) by extension 'colcon_pkg'
[0.220s] Level 1:colcon.colcon_core.package_identification:_identify(src/saifa_pack) by extensions ['colcon_meta']
[0.220s] Level 1:colcon.colcon_core.package_identification:_identify(src/saifa_pack) by extension 'colcon_meta'
[0.220s] Level 1:colcon.colcon_core.package_identification:_identify(src/saifa_pack) by extensions ['ros']
[0.220s] Level 1:colcon.colcon_core.package_identification:_identify(src/saifa_pack) by extension 'ros'
[0.220s] DEBUG:colcon.colcon_core.package_identification:Package 'src/saifa_pack' with type 'ros.ament_cmake' and name 'saifa_pack'
[0.220s] Level 1:colcon.colcon_core.package_identification:_identify(src/sun_interfaces) by extensions ['ignore', 'ignore_ament_install']
[0.220s] Level 1:colcon.colcon_core.package_identification:_identify(src/sun_interfaces) by extension 'ignore'
[0.220s] Level 1:colcon.colcon_core.package_identification:_identify(src/sun_interfaces) by extension 'ignore_ament_install'
[0.220s] Level 1:colcon.colcon_core.package_identification:_identify(src/sun_interfaces) by extensions ['colcon_pkg']
[0.220s] Level 1:colcon.colcon_core.package_identification:_identify(src/sun_interfaces) by extension 'colcon_pkg'
[0.221s] Level 1:colcon.colcon_core.package_identification:_identify(src/sun_interfaces) by extensions ['colcon_meta']
[0.221s] Level 1:colcon.colcon_core.package_identification:_identify(src/sun_interfaces) by extension 'colcon_meta'
[0.221s] Level 1:colcon.colcon_core.package_identification:_identify(src/sun_interfaces) by extensions ['ros']
[0.221s] Level 1:colcon.colcon_core.package_identification:_identify(src/sun_interfaces) by extension 'ros'
[0.221s] DEBUG:colcon.colcon_core.package_identification:Package 'src/sun_interfaces' with type 'ros.ament_cmake' and name 'sun_interfaces'
[0.221s] Level 1:colcon.colcon_core.package_identification:_identify(src/sun_pkg) by extensions ['ignore', 'ignore_ament_install']
[0.221s] Level 1:colcon.colcon_core.package_identification:_identify(src/sun_pkg) by extension 'ignore'
[0.221s] Level 1:colcon.colcon_core.package_identification:_identify(src/sun_pkg) by extension 'ignore_ament_install'
[0.221s] Level 1:colcon.colcon_core.package_identification:_identify(src/sun_pkg) by extensions ['colcon_pkg']
[0.221s] Level 1:colcon.colcon_core.package_identification:_identify(src/sun_pkg) by extension 'colcon_pkg'
[0.221s] Level 1:colcon.colcon_core.package_identification:_identify(src/sun_pkg) by extensions ['colcon_meta']
[0.221s] Level 1:colcon.colcon_core.package_identification:_identify(src/sun_pkg) by extension 'colcon_meta'
[0.221s] Level 1:colcon.colcon_core.package_identification:_identify(src/sun_pkg) by extensions ['ros']
[0.221s] Level 1:colcon.colcon_core.package_identification:_identify(src/sun_pkg) by extension 'ros'
[0.222s] DEBUG:colcon.colcon_core.package_identification:Package 'src/sun_pkg' with type 'ros.ament_cmake' and name 'sun_pkg'
[0.222s] Level 1:colcon.colcon_core.package_identification:_identify(src/turtlesim_plus) by extensions ['ignore', 'ignore_ament_install']
[0.222s] Level 1:colcon.colcon_core.package_identification:_identify(src/turtlesim_plus) by extension 'ignore'
[0.222s] Level 1:colcon.colcon_core.package_identification:_identify(src/turtlesim_plus) by extension 'ignore_ament_install'
[0.222s] Level 1:colcon.colcon_core.package_identification:_identify(src/turtlesim_plus) by extensions ['colcon_pkg']
[0.222s] Level 1:colcon.colcon_core.package_identification:_identify(src/turtlesim_plus) by extension 'colcon_pkg'
[0.222s] Level 1:colcon.colcon_core.package_identification:_identify(src/turtlesim_plus) by extensions ['colcon_meta']
[0.222s] Level 1:colcon.colcon_core.package_identification:_identify(src/turtlesim_plus) by extension 'colcon_meta'
[0.222s] Level 1:colcon.colcon_core.package_identification:_identify(src/turtlesim_plus) by extensions ['ros']
[0.222s] Level 1:colcon.colcon_core.package_identification:_identify(src/turtlesim_plus) by extension 'ros'
[0.222s] Level 1:colcon.colcon_core.package_identification:_identify(src/turtlesim_plus) by extensions ['cmake', 'python']
[0.222s] Level 1:colcon.colcon_core.package_identification:_identify(src/turtlesim_plus) by extension 'cmake'
[0.222s] Level 1:colcon.colcon_core.package_identification:_identify(src/turtlesim_plus) by extension 'python'
[0.222s] Level 1:colcon.colcon_core.package_identification:_identify(src/turtlesim_plus) by extensions ['python_setup_py']
[0.222s] Level 1:colcon.colcon_core.package_identification:_identify(src/turtlesim_plus) by extension 'python_setup_py'
[0.222s] Level 1:colcon.colcon_core.package_identification:_identify(src/turtlesim_plus/turtlesim_plus) by extensions ['ignore', 'ignore_ament_install']
[0.222s] Level 1:colcon.colcon_core.package_identification:_identify(src/turtlesim_plus/turtlesim_plus) by extension 'ignore'
[0.222s] Level 1:colcon.colcon_core.package_identification:_identify(src/turtlesim_plus/turtlesim_plus) by extension 'ignore_ament_install'
[0.222s] Level 1:colcon.colcon_core.package_identification:_identify(src/turtlesim_plus/turtlesim_plus) by extensions ['colcon_pkg']
[0.222s] Level 1:colcon.colcon_core.package_identification:_identify(src/turtlesim_plus/turtlesim_plus) by extension 'colcon_pkg'
[0.223s] Level 1:colcon.colcon_core.package_identification:_identify(src/turtlesim_plus/turtlesim_plus) by extensions ['colcon_meta']
[0.223s] Level 1:colcon.colcon_core.package_identification:_identify(src/turtlesim_plus/turtlesim_plus) by extension 'colcon_meta'
[0.223s] Level 1:colcon.colcon_core.package_identification:_identify(src/turtlesim_plus/turtlesim_plus) by extensions ['ros']
[0.223s] Level 1:colcon.colcon_core.package_identification:_identify(src/turtlesim_plus/turtlesim_plus) by extension 'ros'
[0.223s] DEBUG:colcon.colcon_core.package_identification:Package 'src/turtlesim_plus/turtlesim_plus' with type 'ros.ament_cmake' and name 'turtlesim_plus'
[0.223s] Level 1:colcon.colcon_core.package_identification:_identify(src/turtlesim_plus/turtlesim_plus_interfaces) by extensions ['ignore', 'ignore_ament_install']
[0.223s] Level 1:colcon.colcon_core.package_identification:_identify(src/turtlesim_plus/turtlesim_plus_interfaces) by extension 'ignore'
[0.223s] Level 1:colcon.colcon_core.package_identification:_identify(src/turtlesim_plus/turtlesim_plus_interfaces) by extension 'ignore_ament_install'
[0.223s] Level 1:colcon.colcon_core.package_identification:_identify(src/turtlesim_plus/turtlesim_plus_interfaces) by extensions ['colcon_pkg']
[0.223s] Level 1:colcon.colcon_core.package_identification:_identify(src/turtlesim_plus/turtlesim_plus_interfaces) by extension 'colcon_pkg'
[0.224s] Level 1:colcon.colcon_core.package_identification:_identify(src/turtlesim_plus/turtlesim_plus_interfaces) by extensions ['colcon_meta']
[0.224s] Level 1:colcon.colcon_core.package_identification:_identify(src/turtlesim_plus/turtlesim_plus_interfaces) by extension 'colcon_meta'
[0.224s] Level 1:colcon.colcon_core.package_identification:_identify(src/turtlesim_plus/turtlesim_plus_interfaces) by extensions ['ros']
[0.224s] Level 1:colcon.colcon_core.package_identification:_identify(src/turtlesim_plus/turtlesim_plus_interfaces) by extension 'ros'
[0.224s] DEBUG:colcon.colcon_core.package_identification:Package 'src/turtlesim_plus/turtlesim_plus_interfaces' with type 'ros.ament_cmake' and name 'turtlesim_plus_interfaces'
[0.224s] Level 1:colcon.colcon_core.package_discovery:discover_packages(recursive) using defaults
[0.224s] Level 1:colcon.colcon_core.package_discovery:discover_packages(ignore) discover
[0.224s] Level 1:colcon.colcon_core.package_discovery:discover_packages(ignore) using defaults
[0.224s] Level 1:colcon.colcon_core.package_discovery:discover_packages(path) discover
[0.224s] Level 1:colcon.colcon_core.package_discovery:discover_packages(path) using defaults
[0.239s] Level 1:colcon.colcon_core.package_discovery:discover_packages(prefix_path) check parameters
[0.239s] Level 1:colcon.colcon_core.package_discovery:discover_packages(prefix_path) discover
[0.242s] DEBUG:colcon.colcon_installed_package_information.package_discovery:Found 6 installed packages in /home/saifa/Desktop/Ros_exam/install
[0.242s] DEBUG:colcon.colcon_installed_package_information.package_discovery:Found 1 installed packages in /home/saifa/install
[0.243s] DEBUG:colcon.colcon_installed_package_information.package_discovery:Found 30 installed packages in /home/saifa/Desktop/ros2_w2_ws/install
[0.244s] DEBUG:colcon.colcon_installed_package_information.package_discovery:Found 271 installed packages in /opt/ros/humble
[0.246s] Level 1:colcon.colcon_core.package_discovery:discover_packages(prefix_path) using defaults
[0.280s] Level 5:colcon.colcon_core.verb:set package 'controller_interfaces' build argument 'cmake_args' from command line to 'None'
[0.280s] Level 5:colcon.colcon_core.verb:set package 'controller_interfaces' build argument 'cmake_target' from command line to 'None'
[0.280s] Level 5:colcon.colcon_core.verb:set package 'controller_interfaces' build argument 'cmake_target_skip_unavailable' from command line to 'False'
[0.280s] Level 5:colcon.colcon_core.verb:set package 'controller_interfaces' build argument 'cmake_clean_cache' from command line to 'False'
[0.280s] Level 5:colcon.colcon_core.verb:set package 'controller_interfaces' build argument 'cmake_clean_first' from command line to 'False'
[0.280s] Level 5:colcon.colcon_core.verb:set package 'controller_interfaces' build argument 'cmake_force_configure' from command line to 'False'
[0.280s] Level 5:colcon.colcon_core.verb:set package 'controller_interfaces' build argument 'ament_cmake_args' from command line to 'None'
[0.280s] Level 5:colcon.colcon_core.verb:set package 'controller_interfaces' build argument 'catkin_cmake_args' from command line to 'None'
[0.280s] Level 5:colcon.colcon_core.verb:set package 'controller_interfaces' build argument 'catkin_skip_building_tests' from command line to 'False'
[0.280s] DEBUG:colcon.colcon_core.verb:Building package 'controller_interfaces' with the following arguments: {'ament_cmake_args': None, 'build_base': '/home/saifa/Desktop/Ros_exam/build/controller_interfaces', 'catkin_cmake_args': None, 'catkin_skip_building_tests': False, 'cmake_args': None, 'cmake_clean_cache': False, 'cmake_clean_first': False, 'cmake_force_configure': False, 'cmake_target': None, 'cmake_target_skip_unavailable': False, 'install_base': '/home/saifa/Desktop/Ros_exam/install/controller_interfaces', 'merge_install': False, 'path': '/home/saifa/Desktop/Ros_exam/src/controller_interfaces', 'symlink_install': False, 'test_result_base': None}
[0.281s] Level 5:colcon.colcon_core.verb:set package 'saifa_pack' build argument 'cmake_args' from command line to 'None'
[0.281s] Level 5:colcon.colcon_core.verb:set package 'saifa_pack' build argument 'cmake_target' from command line to 'None'
[0.281s] Level 5:colcon.colcon_core.verb:set package 'saifa_pack' build argument 'cmake_target_skip_unavailable' from command line to 'False'
[0.281s] Level 5:colcon.colcon_core.verb:set package 'saifa_pack' build argument 'cmake_clean_cache' from command line to 'False'
[0.281s] Level 5:colcon.colcon_core.verb:set package 'saifa_pack' build argument 'cmake_clean_first' from command line to 'False'
[0.281s] Level 5:colcon.colcon_core.verb:set package 'saifa_pack' build argument 'cmake_force_configure' from command line to 'False'
[0.281s] Level 5:colcon.colcon_core.verb:set package 'saifa_pack' build argument 'ament_cmake_args' from command line to 'None'
[0.281s] Level 5:colcon.colcon_core.verb:set package 'saifa_pack' build argument 'catkin_cmake_args' from command line to 'None'
[0.281s] Level 5:colcon.colcon_core.verb:set package 'saifa_pack' build argument 'catkin_skip_building_tests' from command line to 'False'
[0.281s] DEBUG:colcon.colcon_core.verb:Building package 'saifa_pack' with the following arguments: {'ament_cmake_args': None, 'build_base': '/home/saifa/Desktop/Ros_exam/build/saifa_pack', 'catkin_cmake_args': None, 'catkin_skip_building_tests': False, 'cmake_args': None, 'cmake_clean_cache': False, 'cmake_clean_first': False, 'cmake_force_configure': False, 'cmake_target': None, 'cmake_target_skip_unavailable': False, 'install_base': '/home/saifa/Desktop/Ros_exam/install/saifa_pack', 'merge_install': False, 'path': '/home/saifa/Desktop/Ros_exam/src/saifa_pack', 'symlink_install': False, 'test_result_base': None}
[0.281s] Level 5:colcon.colcon_core.verb:set package 'sun_interfaces' build argument 'cmake_args' from command line to 'None'
[0.281s] Level 5:colcon.colcon_core.verb:set package 'sun_interfaces' build argument 'cmake_target' from command line to 'None'
[0.281s] Level 5:colcon.colcon_core.verb:set package 'sun_interfaces' build argument 'cmake_target_skip_unavailable' from command line to 'False'
[0.281s] Level 5:colcon.colcon_core.verb:set package 'sun_interfaces' build argument 'cmake_clean_cache' from command line to 'False'
[0.281s] Level 5:colcon.colcon_core.verb:set package 'sun_interfaces' build argument 'cmake_clean_first' from command line to 'False'
[0.281s] Level 5:colcon.colcon_core.verb:set package 'sun_interfaces' build argument 'cmake_force_configure' from command line to 'False'
[0.281s] Level 5:colcon.colcon_core.verb:set package 'sun_interfaces' build argument 'ament_cmake_args' from command line to 'None'
[0.281s] Level 5:colcon.colcon_core.verb:set package 'sun_interfaces' build argument 'catkin_cmake_args' from command line to 'None'
[0.281s] Level 5:colcon.colcon_core.verb:set package 'sun_interfaces' build argument 'catkin_skip_building_tests' from command line to 'False'
[0.281s] DEBUG:colcon.colcon_core.verb:Building package 'sun_interfaces' with the following arguments: {'ament_cmake_args': None, 'build_base': '/home/saifa/Desktop/Ros_exam/build/sun_interfaces', 'catkin_cmake_args': None, 'catkin_skip_building_tests': False, 'cmake_args': None, 'cmake_clean_cache': False, 'cmake_clean_first': False, 'cmake_force_configure': False, 'cmake_target': None, 'cmake_target_skip_unavailable': False, 'install_base': '/home/saifa/Desktop/Ros_exam/install/sun_interfaces', 'merge_install': False, 'path': '/home/saifa/Desktop/Ros_exam/src/sun_interfaces', 'symlink_install': False, 'test_result_base': None}
[0.282s] Level 5:colcon.colcon_core.verb:set package 'sun_pkg' build argument 'cmake_args' from command line to 'None'
[0.282s] Level 5:colcon.colcon_core.verb:set package 'sun_pkg' build argument 'cmake_target' from command line to 'None'
[0.282s] Level 5:colcon.colcon_core.verb:set package 'sun_pkg' build argument 'cmake_target_skip_unavailable' from command line to 'False'
[0.282s] Level 5:colcon.colcon_core.verb:set package 'sun_pkg' build argument 'cmake_clean_cache' from command line to 'False'
[0.282s] Level 5:colcon.colcon_core.verb:set package 'sun_pkg' build argument 'cmake_clean_first' from command line to 'False'
[0.282s] Level 5:colcon.colcon_core.verb:set package 'sun_pkg' build argument 'cmake_force_configure' from command line to 'False'
[0.282s] Level 5:colcon.colcon_core.verb:set package 'sun_pkg' build argument 'ament_cmake_args' from command line to 'None'
[0.282s] Level 5:colcon.colcon_core.verb:set package 'sun_pkg' build argument 'catkin_cmake_args' from command line to 'None'
[0.282s] Level 5:colcon.colcon_core.verb:set package 'sun_pkg' build argument 'catkin_skip_building_tests' from command line to 'False'
[0.282s] DEBUG:colcon.colcon_core.verb:Building package 'sun_pkg' with the following arguments: {'ament_cmake_args': None, 'build_base': '/home/saifa/Desktop/Ros_exam/build/sun_pkg', 'catkin_cmake_args': None, 'catkin_skip_building_tests': False, 'cmake_args': None, 'cmake_clean_cache': False, 'cmake_clean_first': False, 'cmake_force_configure': False, 'cmake_target': None, 'cmake_target_skip_unavailable': False, 'install_base': '/home/saifa/Desktop/Ros_exam/install/sun_pkg', 'merge_install': False, 'path': '/home/saifa/Desktop/Ros_exam/src/sun_pkg', 'symlink_install': False, 'test_result_base': None}
[0.282s] Level 5:colcon.colcon_core.verb:set package 'turtlesim_plus' build argument 'cmake_args' from command line to 'None'
[0.282s] Level 5:colcon.colcon_core.verb:set package 'turtlesim_plus' build argument 'cmake_target' from command line to 'None'
[0.282s] Level 5:colcon.colcon_core.verb:set package 'turtlesim_plus' build argument 'cmake_target_skip_unavailable' from command line to 'False'
[0.282s] Level 5:colcon.colcon_core.verb:set package 'turtlesim_plus' build argument 'cmake_clean_cache' from command line to 'False'
[0.282s] Level 5:colcon.colcon_core.verb:set package 'turtlesim_plus' build argument 'cmake_clean_first' from command line to 'False'
[0.282s] Level 5:colcon.colcon_core.verb:set package 'turtlesim_plus' build argument 'cmake_force_configure' from command line to 'False'
[0.282s] Level 5:colcon.colcon_core.verb:set package 'turtlesim_plus' build argument 'ament_cmake_args' from command line to 'None'
[0.282s] Level 5:colcon.colcon_core.verb:set package 'turtlesim_plus' build argument 'catkin_cmake_args' from command line to 'None'
[0.282s] Level 5:colcon.colcon_core.verb:set package 'turtlesim_plus' build argument 'catkin_skip_building_tests' from command line to 'False'
[0.282s] DEBUG:colcon.colcon_core.verb:Building package 'turtlesim_plus' with the following arguments: {'ament_cmake_args': None, 'build_base': '/home/saifa/Desktop/Ros_exam/build/turtlesim_plus', 'catkin_cmake_args': None, 'catkin_skip_building_tests': False, 'cmake_args': None, 'cmake_clean_cache': False, 'cmake_clean_first': False, 'cmake_force_configure': False, 'cmake_target': None, 'cmake_target_skip_unavailable': False, 'install_base': '/home/saifa/Desktop/Ros_exam/install/turtlesim_plus', 'merge_install': False, 'path': '/home/saifa/Desktop/Ros_exam/src/turtlesim_plus/turtlesim_plus', 'symlink_install': False, 'test_result_base': None}
[0.282s] Level 5:colcon.colcon_core.verb:set package 'turtlesim_plus_interfaces' build argument 'cmake_args' from command line to 'None'
[0.282s] Level 5:colcon.colcon_core.verb:set package 'turtlesim_plus_interfaces' build argument 'cmake_target' from command line to 'None'
[0.282s] Level 5:colcon.colcon_core.verb:set package 'turtlesim_plus_interfaces' build argument 'cmake_target_skip_unavailable' from command line to 'False'
[0.282s] Level 5:colcon.colcon_core.verb:set package 'turtlesim_plus_interfaces' build argument 'cmake_clean_cache' from command line to 'False'
[0.282s] Level 5:colcon.colcon_core.verb:set package 'turtlesim_plus_interfaces' build argument 'cmake_clean_first' from command line to 'False'
[0.283s] Level 5:colcon.colcon_core.verb:set package 'turtlesim_plus_interfaces' build argument 'cmake_force_configure' from command line to 'False'
[0.283s] Level 5:colcon.colcon_core.verb:set package 'turtlesim_plus_interfaces' build argument 'ament_cmake_args' from command line to 'None'
[0.283s] Level 5:colcon.colcon_core.verb:set package 'turtlesim_plus_interfaces' build argument 'catkin_cmake_args' from command line to 'None'
[0.283s] Level 5:colcon.colcon_core.verb:set package 'turtlesim_plus_interfaces' build argument 'catkin_skip_building_tests' from command line to 'False'
[0.283s] DEBUG:colcon.colcon_core.verb:Building package 'turtlesim_plus_interfaces' with the following arguments: {'ament_cmake_args': None, 'build_base': '/home/saifa/Desktop/Ros_exam/build/turtlesim_plus_interfaces', 'catkin_cmake_args': None, 'catkin_skip_building_tests': False, 'cmake_args': None, 'cmake_clean_cache': False, 'cmake_clean_first': False, 'cmake_force_configure': False, 'cmake_target': None, 'cmake_target_skip_unavailable': False, 'install_base': '/home/saifa/Desktop/Ros_exam/install/turtlesim_plus_interfaces', 'merge_install': False, 'path': '/home/saifa/Desktop/Ros_exam/src/turtlesim_plus/turtlesim_plus_interfaces', 'symlink_install': False, 'test_result_base': None}
[0.283s] INFO:colcon.colcon_core.executor:Executing jobs using 'parallel' executor
[0.283s] DEBUG:colcon.colcon_parallel_executor.executor.parallel:run_until_complete
[0.284s] INFO:colcon.colcon_ros.task.ament_cmake.build:Building ROS package in '/home/saifa/Desktop/Ros_exam/src/controller_interfaces' with build type 'ament_cmake'
[0.284s] INFO:colcon.colcon_cmake.task.cmake.build:Building CMake package in '/home/saifa/Desktop/Ros_exam/src/controller_interfaces'
[0.286s] INFO:colcon.colcon_core.plugin_system:Skipping extension 'colcon_core.shell.bat': Not used on non-Windows systems
[0.286s] INFO:colcon.colcon_core.shell:Skip shell extension 'powershell' for command environment: Not usable outside of PowerShell
[0.286s] DEBUG:colcon.colcon_core.shell:Skip shell extension 'dsv' for command environment
[0.291s] INFO:colcon.colcon_ros.task.ament_cmake.build:Building ROS package in '/home/saifa/Desktop/Ros_exam/src/saifa_pack' with build type 'ament_cmake'
[0.291s] INFO:colcon.colcon_cmake.task.cmake.build:Building CMake package in '/home/saifa/Desktop/Ros_exam/src/saifa_pack'
[0.291s] INFO:colcon.colcon_core.shell:Skip shell extension 'powershell' for command environment: Not usable outside of PowerShell
[0.291s] DEBUG:colcon.colcon_core.shell:Skip shell extension 'dsv' for command environment
[0.296s] INFO:colcon.colcon_ros.task.ament_cmake.build:Building ROS package in '/home/saifa/Desktop/Ros_exam/src/sun_interfaces' with build type 'ament_cmake'
[0.296s] INFO:colcon.colcon_cmake.task.cmake.build:Building CMake package in '/home/saifa/Desktop/Ros_exam/src/sun_interfaces'
[0.296s] INFO:colcon.colcon_core.shell:Skip shell extension 'powershell' for command environment: Not usable outside of PowerShell
[0.296s] DEBUG:colcon.colcon_core.shell:Skip shell extension 'dsv' for command environment
[0.301s] INFO:colcon.colcon_ros.task.ament_cmake.build:Building ROS package in '/home/saifa/Desktop/Ros_exam/src/sun_pkg' with build type 'ament_cmake'
[0.301s] INFO:colcon.colcon_cmake.task.cmake.build:Building CMake package in '/home/saifa/Desktop/Ros_exam/src/sun_pkg'
[0.301s] INFO:colcon.colcon_core.shell:Skip shell extension 'powershell' for command environment: Not usable outside of PowerShell
[0.301s] DEBUG:colcon.colcon_core.shell:Skip shell extension 'dsv' for command environment
[0.305s] INFO:colcon.colcon_ros.task.ament_cmake.build:Building ROS package in '/home/saifa/Desktop/Ros_exam/src/turtlesim_plus/turtlesim_plus' with build type 'ament_cmake'
[0.305s] INFO:colcon.colcon_cmake.task.cmake.build:Building CMake package in '/home/saifa/Desktop/Ros_exam/src/turtlesim_plus/turtlesim_plus'
[0.305s] INFO:colcon.colcon_core.shell:Skip shell extension 'powershell' for command environment: Not usable outside of PowerShell
[0.306s] DEBUG:colcon.colcon_core.shell:Skip shell extension 'dsv' for command environment
[0.310s] INFO:colcon.colcon_ros.task.ament_cmake.build:Building ROS package in '/home/saifa/Desktop/Ros_exam/src/turtlesim_plus/turtlesim_plus_interfaces' with build type 'ament_cmake'
[0.310s] INFO:colcon.colcon_cmake.task.cmake.build:Building CMake package in '/home/saifa/Desktop/Ros_exam/src/turtlesim_plus/turtlesim_plus_interfaces'
[0.310s] INFO:colcon.colcon_core.shell:Skip shell extension 'powershell' for command environment: Not usable outside of PowerShell
[0.310s] DEBUG:colcon.colcon_core.shell:Skip shell extension 'dsv' for command environment
[0.318s] DEBUG:colcon.colcon_core.event_handler.log_command:Invoking command in '/home/saifa/Desktop/Ros_exam/build/controller_interfaces': CMAKE_PREFIX_PATH=${CMAKE_PREFIX_PATH}:/home/saifa/Desktop/ros2_w2_ws/install/launch_testing_examples:/home/saifa/Desktop/ros2_w2_ws/install/examples_rclpy_pointcloud_publisher:/home/saifa/Desktop/ros2_w2_ws/install/examples_rclpy_minimal_subscriber:/home/saifa/Desktop/ros2_w2_ws/install/examples_rclpy_minimal_service:/home/saifa/Desktop/ros2_w2_ws/install/examples_rclpy_minimal_publisher:/home/saifa/Desktop/ros2_w2_ws/install/examples_rclpy_minimal_client:/home/saifa/Desktop/ros2_w2_ws/install/examples_rclpy_minimal_action_server:/home/saifa/Desktop/ros2_w2_ws/install/examples_rclpy_minimal_action_client:/home/saifa/Desktop/ros2_w2_ws/install/examples_rclpy_guard_conditions:/home/saifa/Desktop/ros2_w2_ws/install/examples_rclpy_executors:/opt/ros/humble /usr/bin/cmake --build /home/saifa/Desktop/Ros_exam/build/controller_interfaces -- -j16 -l16
[0.321s] DEBUG:colcon.colcon_core.event_handler.log_command:Invoking command in '/home/saifa/Desktop/Ros_exam/build/saifa_pack': CMAKE_PREFIX_PATH=${CMAKE_PREFIX_PATH}:/home/saifa/Desktop/ros2_w2_ws/install/launch_testing_examples:/home/saifa/Desktop/ros2_w2_ws/install/examples_rclpy_pointcloud_publisher:/home/saifa/Desktop/ros2_w2_ws/install/examples_rclpy_minimal_subscriber:/home/saifa/Desktop/ros2_w2_ws/install/examples_rclpy_minimal_service:/home/saifa/Desktop/ros2_w2_ws/install/examples_rclpy_minimal_publisher:/home/saifa/Desktop/ros2_w2_ws/install/examples_rclpy_minimal_client:/home/saifa/Desktop/ros2_w2_ws/install/examples_rclpy_minimal_action_server:/home/saifa/Desktop/ros2_w2_ws/install/examples_rclpy_minimal_action_client:/home/saifa/Desktop/ros2_w2_ws/install/examples_rclpy_guard_conditions:/home/saifa/Desktop/ros2_w2_ws/install/examples_rclpy_executors:/opt/ros/humble /usr/bin/cmake --build /home/saifa/Desktop/Ros_exam/build/saifa_pack -- -j16 -l16
[0.323s] DEBUG:colcon.colcon_core.event_handler.log_command:Invoking command in '/home/saifa/Desktop/Ros_exam/build/sun_interfaces': CMAKE_PREFIX_PATH=${CMAKE_PREFIX_PATH}:/home/saifa/Desktop/ros2_w2_ws/install/launch_testing_examples:/home/saifa/Desktop/ros2_w2_ws/install/examples_rclpy_pointcloud_publisher:/home/saifa/Desktop/ros2_w2_ws/install/examples_rclpy_minimal_subscriber:/home/saifa/Desktop/ros2_w2_ws/install/examples_rclpy_minimal_service:/home/saifa/Desktop/ros2_w2_ws/install/examples_rclpy_minimal_publisher:/home/saifa/Desktop/ros2_w2_ws/install/examples_rclpy_minimal_client:/home/saifa/Desktop/ros2_w2_ws/install/examples_rclpy_minimal_action_server:/home/saifa/Desktop/ros2_w2_ws/install/examples_rclpy_minimal_action_client:/home/saifa/Desktop/ros2_w2_ws/install/examples_rclpy_guard_conditions:/home/saifa/Desktop/ros2_w2_ws/install/examples_rclpy_executors:/opt/ros/humble /usr/bin/cmake --build /home/saifa/Desktop/Ros_exam/build/sun_interfaces -- -j16 -l16
[0.325s] DEBUG:colcon.colcon_core.event_handler.log_command:Invoking command in '/home/saifa/Desktop/Ros_exam/build/sun_pkg': CMAKE_PREFIX_PATH=${CMAKE_PREFIX_PATH}:/home/saifa/Desktop/ros2_w2_ws/install/launch_testing_examples:/home/saifa/Desktop/ros2_w2_ws/install/examples_rclpy_pointcloud_publisher:/home/saifa/Desktop/ros2_w2_ws/install/examples_rclpy_minimal_subscriber:/home/saifa/Desktop/ros2_w2_ws/install/examples_rclpy_minimal_service:/home/saifa/Desktop/ros2_w2_ws/install/examples_rclpy_minimal_publisher:/home/saifa/Desktop/ros2_w2_ws/install/examples_rclpy_minimal_client:/home/saifa/Desktop/ros2_w2_ws/install/examples_rclpy_minimal_action_server:/home/saifa/Desktop/ros2_w2_ws/install/examples_rclpy_minimal_action_client:/home/saifa/Desktop/ros2_w2_ws/install/examples_rclpy_guard_conditions:/home/saifa/Desktop/ros2_w2_ws/install/examples_rclpy_executors:/opt/ros/humble /usr/bin/cmake --build /home/saifa/Desktop/Ros_exam/build/sun_pkg -- -j16 -l16
[0.328s] DEBUG:colcon.colcon_core.event_handler.log_command:Invoking command in '/home/saifa/Desktop/Ros_exam/build/turtlesim_plus': CMAKE_PREFIX_PATH=${CMAKE_PREFIX_PATH}:/home/saifa/Desktop/ros2_w2_ws/install/launch_testing_examples:/home/saifa/Desktop/ros2_w2_ws/install/examples_rclpy_pointcloud_publisher:/home/saifa/Desktop/ros2_w2_ws/install/examples_rclpy_minimal_subscriber:/home/saifa/Desktop/ros2_w2_ws/install/examples_rclpy_minimal_service:/home/saifa/Desktop/ros2_w2_ws/install/examples_rclpy_minimal_publisher:/home/saifa/Desktop/ros2_w2_ws/install/examples_rclpy_minimal_client:/home/saifa/Desktop/ros2_w2_ws/install/examples_rclpy_minimal_action_server:/home/saifa/Desktop/ros2_w2_ws/install/examples_rclpy_minimal_action_client:/home/saifa/Desktop/ros2_w2_ws/install/examples_rclpy_guard_conditions:/home/saifa/Desktop/ros2_w2_ws/install/examples_rclpy_executors:/opt/ros/humble /usr/bin/cmake --build /home/saifa/Desktop/Ros_exam/build/turtlesim_plus -- -j16 -l16
[0.332s] DEBUG:colcon.colcon_core.event_handler.log_command:Invoking command in '/home/saifa/Desktop/Ros_exam/build/turtlesim_plus_interfaces': CMAKE_PREFIX_PATH=${CMAKE_PREFIX_PATH}:/home/saifa/Desktop/ros2_w2_ws/install/launch_testing_examples:/home/saifa/Desktop/ros2_w2_ws/install/examples_rclpy_pointcloud_publisher:/home/saifa/Desktop/ros2_w2_ws/install/examples_rclpy_minimal_subscriber:/home/saifa/Desktop/ros2_w2_ws/install/examples_rclpy_minimal_service:/home/saifa/Desktop/ros2_w2_ws/install/examples_rclpy_minimal_publisher:/home/saifa/Desktop/ros2_w2_ws/install/examples_rclpy_minimal_client:/home/saifa/Desktop/ros2_w2_ws/install/examples_rclpy_minimal_action_server:/home/saifa/Desktop/ros2_w2_ws/install/examples_rclpy_minimal_action_client:/home/saifa/Desktop/ros2_w2_ws/install/examples_rclpy_guard_conditions:/home/saifa/Desktop/ros2_w2_ws/install/examples_rclpy_executors:/opt/ros/humble /usr/bin/cmake --build /home/saifa/Desktop/Ros_exam/build/turtlesim_plus_interfaces -- -j16 -l16
[0.683s] DEBUG:colcon.colcon_core.event_handler.log_command:Invoked command in '/home/saifa/Desktop/Ros_exam/build/sun_pkg' returned '0': CMAKE_PREFIX_PATH=${CMAKE_PREFIX_PATH}:/home/saifa/Desktop/ros2_w2_ws/install/launch_testing_examples:/home/saifa/Desktop/ros2_w2_ws/install/examples_rclpy_pointcloud_publisher:/home/saifa/Desktop/ros2_w2_ws/install/examples_rclpy_minimal_subscriber:/home/saifa/Desktop/ros2_w2_ws/install/examples_rclpy_minimal_service:/home/saifa/Desktop/ros2_w2_ws/install/examples_rclpy_minimal_publisher:/home/saifa/Desktop/ros2_w2_ws/install/examples_rclpy_minimal_client:/home/saifa/Desktop/ros2_w2_ws/install/examples_rclpy_minimal_action_server:/home/saifa/Desktop/ros2_w2_ws/install/examples_rclpy_minimal_action_client:/home/saifa/Desktop/ros2_w2_ws/install/examples_rclpy_guard_conditions:/home/saifa/Desktop/ros2_w2_ws/install/examples_rclpy_executors:/opt/ros/humble /usr/bin/cmake --build /home/saifa/Desktop/Ros_exam/build/sun_pkg -- -j16 -l16
[0.693s] DEBUG:colcon.colcon_core.event_handler.log_command:Invoked command in '/home/saifa/Desktop/Ros_exam/build/saifa_pack' returned '0': CMAKE_PREFIX_PATH=${CMAKE_PREFIX_PATH}:/home/saifa/Desktop/ros2_w2_ws/install/launch_testing_examples:/home/saifa/Desktop/ros2_w2_ws/install/examples_rclpy_pointcloud_publisher:/home/saifa/Desktop/ros2_w2_ws/install/examples_rclpy_minimal_subscriber:/home/saifa/Desktop/ros2_w2_ws/install/examples_rclpy_minimal_service:/home/saifa/Desktop/ros2_w2_ws/install/examples_rclpy_minimal_publisher:/home/saifa/Desktop/ros2_w2_ws/install/examples_rclpy_minimal_client:/home/saifa/Desktop/ros2_w2_ws/install/examples_rclpy_minimal_action_server:/home/saifa/Desktop/ros2_w2_ws/install/examples_rclpy_minimal_action_client:/home/saifa/Desktop/ros2_w2_ws/install/examples_rclpy_guard_conditions:/home/saifa/Desktop/ros2_w2_ws/install/examples_rclpy_executors:/opt/ros/humble /usr/bin/cmake --build /home/saifa/Desktop/Ros_exam/build/saifa_pack -- -j16 -l16
[0.701s] DEBUG:colcon.colcon_core.event_handler.log_command:Invoked command in '/home/saifa/Desktop/Ros_exam/build/turtlesim_plus' returned '0': CMAKE_PREFIX_PATH=${CMAKE_PREFIX_PATH}:/home/saifa/Desktop/ros2_w2_ws/install/launch_testing_examples:/home/saifa/Desktop/ros2_w2_ws/install/examples_rclpy_pointcloud_publisher:/home/saifa/Desktop/ros2_w2_ws/install/examples_rclpy_minimal_subscriber:/home/saifa/Desktop/ros2_w2_ws/install/examples_rclpy_minimal_service:/home/saifa/Desktop/ros2_w2_ws/install/examples_rclpy_minimal_publisher:/home/saifa/Desktop/ros2_w2_ws/install/examples_rclpy_minimal_client:/home/saifa/Desktop/ros2_w2_ws/install/examples_rclpy_minimal_action_server:/home/saifa/Desktop/ros2_w2_ws/install/examples_rclpy_minimal_action_client:/home/saifa/Desktop/ros2_w2_ws/install/examples_rclpy_guard_conditions:/home/saifa/Desktop/ros2_w2_ws/install/examples_rclpy_executors:/opt/ros/humble /usr/bin/cmake --build /home/saifa/Desktop/Ros_exam/build/turtlesim_plus -- -j16 -l16
[0.702s] DEBUG:colcon.colcon_core.event_handler.log_command:Invoked command in '/home/saifa/Desktop/Ros_exam/build/controller_interfaces' returned '0': CMAKE_PREFIX_PATH=${CMAKE_PREFIX_PATH}:/home/saifa/Desktop/ros2_w2_ws/install/launch_testing_examples:/home/saifa/Desktop/ros2_w2_ws/install/examples_rclpy_pointcloud_publisher:/home/saifa/Desktop/ros2_w2_ws/install/examples_rclpy_minimal_subscriber:/home/saifa/Desktop/ros2_w2_ws/install/examples_rclpy_minimal_service:/home/saifa/Desktop/ros2_w2_ws/install/examples_rclpy_minimal_publisher:/home/saifa/Desktop/ros2_w2_ws/install/examples_rclpy_minimal_client:/home/saifa/Desktop/ros2_w2_ws/install/examples_rclpy_minimal_action_server:/home/saifa/Desktop/ros2_w2_ws/install/examples_rclpy_minimal_action_client:/home/saifa/Desktop/ros2_w2_ws/install/examples_rclpy_guard_conditions:/home/saifa/Desktop/ros2_w2_ws/install/examples_rclpy_executors:/opt/ros/humble /usr/bin/cmake --build /home/saifa/Desktop/Ros_exam/build/controller_interfaces -- -j16 -l16
[0.710s] DEBUG:colcon.colcon_core.event_handler.log_command:Invoked command in '/home/saifa/Desktop/Ros_exam/build/sun_interfaces' returned '0': CMAKE_PREFIX_PATH=${CMAKE_PREFIX_PATH}:/home/saifa/Desktop/ros2_w2_ws/install/launch_testing_examples:/home/saifa/Desktop/ros2_w2_ws/install/examples_rclpy_pointcloud_publisher:/home/saifa/Desktop/ros2_w2_ws/install/examples_rclpy_minimal_subscriber:/home/saifa/Desktop/ros2_w2_ws/install/examples_rclpy_minimal_service:/home/saifa/Desktop/ros2_w2_ws/install/examples_rclpy_minimal_publisher:/home/saifa/Desktop/ros2_w2_ws/install/examples_rclpy_minimal_client:/home/saifa/Desktop/ros2_w2_ws/install/examples_rclpy_minimal_action_server:/home/saifa/Desktop/ros2_w2_ws/install/examples_rclpy_minimal_action_client:/home/saifa/Desktop/ros2_w2_ws/install/examples_rclpy_guard_conditions:/home/saifa/Desktop/ros2_w2_ws/install/examples_rclpy_executors:/opt/ros/humble /usr/bin/cmake --build /home/saifa/Desktop/Ros_exam/build/sun_interfaces -- -j16 -l16
[0.728s] DEBUG:colcon.colcon_core.event_handler.log_command:Invoking command in '/home/saifa/Desktop/Ros_exam/build/sun_pkg': CMAKE_PREFIX_PATH=${CMAKE_PREFIX_PATH}:/home/saifa/Desktop/ros2_w2_ws/install/launch_testing_examples:/home/saifa/Desktop/ros2_w2_ws/install/examples_rclpy_pointcloud_publisher:/home/saifa/Desktop/ros2_w2_ws/install/examples_rclpy_minimal_subscriber:/home/saifa/Desktop/ros2_w2_ws/install/examples_rclpy_minimal_service:/home/saifa/Desktop/ros2_w2_ws/install/examples_rclpy_minimal_publisher:/home/saifa/Desktop/ros2_w2_ws/install/examples_rclpy_minimal_client:/home/saifa/Desktop/ros2_w2_ws/install/examples_rclpy_minimal_action_server:/home/saifa/Desktop/ros2_w2_ws/install/examples_rclpy_minimal_action_client:/home/saifa/Desktop/ros2_w2_ws/install/examples_rclpy_guard_conditions:/home/saifa/Desktop/ros2_w2_ws/install/examples_rclpy_executors:/opt/ros/humble /usr/bin/cmake --install /home/saifa/Desktop/Ros_exam/build/sun_pkg
[0.731s] DEBUG:colcon.colcon_core.event_handler.log_command:Invoking command in '/home/saifa/Desktop/Ros_exam/build/saifa_pack': CMAKE_PREFIX_PATH=${CMAKE_PREFIX_PATH}:/home/saifa/Desktop/ros2_w2_ws/install/launch_testing_examples:/home/saifa/Desktop/ros2_w2_ws/install/examples_rclpy_pointcloud_publisher:/home/saifa/Desktop/ros2_w2_ws/install/examples_rclpy_minimal_subscriber:/home/saifa/Desktop/ros2_w2_ws/install/examples_rclpy_minimal_service:/home/saifa/Desktop/ros2_w2_ws/install/examples_rclpy_minimal_publisher:/home/saifa/Desktop/ros2_w2_ws/install/examples_rclpy_minimal_client:/home/saifa/Desktop/ros2_w2_ws/install/examples_rclpy_minimal_action_server:/home/saifa/Desktop/ros2_w2_ws/install/examples_rclpy_minimal_action_client:/home/saifa/Desktop/ros2_w2_ws/install/examples_rclpy_guard_conditions:/home/saifa/Desktop/ros2_w2_ws/install/examples_rclpy_executors:/opt/ros/humble /usr/bin/cmake --install /home/saifa/Desktop/Ros_exam/build/saifa_pack
[0.732s] DEBUG:colcon.colcon_core.event_handler.log_command:Invoking command in '/home/saifa/Desktop/Ros_exam/build/turtlesim_plus': CMAKE_PREFIX_PATH=${CMAKE_PREFIX_PATH}:/home/saifa/Desktop/ros2_w2_ws/install/launch_testing_examples:/home/saifa/Desktop/ros2_w2_ws/install/examples_rclpy_pointcloud_publisher:/home/saifa/Desktop/ros2_w2_ws/install/examples_rclpy_minimal_subscriber:/home/saifa/Desktop/ros2_w2_ws/install/examples_rclpy_minimal_service:/home/saifa/Desktop/ros2_w2_ws/install/examples_rclpy_minimal_publisher:/home/saifa/Desktop/ros2_w2_ws/install/examples_rclpy_minimal_client:/home/saifa/Desktop/ros2_w2_ws/install/examples_rclpy_minimal_action_server:/home/saifa/Desktop/ros2_w2_ws/install/examples_rclpy_minimal_action_client:/home/saifa/Desktop/ros2_w2_ws/install/examples_rclpy_guard_conditions:/home/saifa/Desktop/ros2_w2_ws/install/examples_rclpy_executors:/opt/ros/humble /usr/bin/cmake --install /home/saifa/Desktop/Ros_exam/build/turtlesim_plus
[0.732s] DEBUG:colcon.colcon_core.event_handler.log_command:Invoked command in '/home/saifa/Desktop/Ros_exam/build/turtlesim_plus_interfaces' returned '0': CMAKE_PREFIX_PATH=${CMAKE_PREFIX_PATH}:/home/saifa/Desktop/ros2_w2_ws/install/launch_testing_examples:/home/saifa/Desktop/ros2_w2_ws/install/examples_rclpy_pointcloud_publisher:/home/saifa/Desktop/ros2_w2_ws/install/examples_rclpy_minimal_subscriber:/home/saifa/Desktop/ros2_w2_ws/install/examples_rclpy_minimal_service:/home/saifa/Desktop/ros2_w2_ws/install/examples_rclpy_minimal_publisher:/home/saifa/Desktop/ros2_w2_ws/install/examples_rclpy_minimal_client:/home/saifa/Desktop/ros2_w2_ws/install/examples_rclpy_minimal_action_server:/home/saifa/Desktop/ros2_w2_ws/install/examples_rclpy_minimal_action_client:/home/saifa/Desktop/ros2_w2_ws/install/examples_rclpy_guard_conditions:/home/saifa/Desktop/ros2_w2_ws/install/examples_rclpy_executors:/opt/ros/humble /usr/bin/cmake --build /home/saifa/Desktop/Ros_exam/build/turtlesim_plus_interfaces -- -j16 -l16
[0.785s] Level 1:colcon.colcon_core.environment:create_environment_scripts_only(sun_pkg)
[0.788s] DEBUG:colcon.colcon_core.event_handler.log_command:Invoking command in '/home/saifa/Desktop/Ros_exam/build/sun_interfaces': CMAKE_PREFIX_PATH=${CMAKE_PREFIX_PATH}:/home/saifa/Desktop/ros2_w2_ws/install/launch_testing_examples:/home/saifa/Desktop/ros2_w2_ws/install/examples_rclpy_pointcloud_publisher:/home/saifa/Desktop/ros2_w2_ws/install/examples_rclpy_minimal_subscriber:/home/saifa/Desktop/ros2_w2_ws/install/examples_rclpy_minimal_service:/home/saifa/Desktop/ros2_w2_ws/install/examples_rclpy_minimal_publisher:/home/saifa/Desktop/ros2_w2_ws/install/examples_rclpy_minimal_client:/home/saifa/Desktop/ros2_w2_ws/install/examples_rclpy_minimal_action_server:/home/saifa/Desktop/ros2_w2_ws/install/examples_rclpy_minimal_action_client:/home/saifa/Desktop/ros2_w2_ws/install/examples_rclpy_guard_conditions:/home/saifa/Desktop/ros2_w2_ws/install/examples_rclpy_executors:/opt/ros/humble /usr/bin/cmake --install /home/saifa/Desktop/Ros_exam/build/sun_interfaces
[0.789s] DEBUG:colcon.colcon_core.event_handler.log_command:Invoked command in '/home/saifa/Desktop/Ros_exam/build/sun_pkg' returned '0': CMAKE_PREFIX_PATH=${CMAKE_PREFIX_PATH}:/home/saifa/Desktop/ros2_w2_ws/install/launch_testing_examples:/home/saifa/Desktop/ros2_w2_ws/install/examples_rclpy_pointcloud_publisher:/home/saifa/Desktop/ros2_w2_ws/install/examples_rclpy_minimal_subscriber:/home/saifa/Desktop/ros2_w2_ws/install/examples_rclpy_minimal_service:/home/saifa/Desktop/ros2_w2_ws/install/examples_rclpy_minimal_publisher:/home/saifa/Desktop/ros2_w2_ws/install/examples_rclpy_minimal_client:/home/saifa/Desktop/ros2_w2_ws/install/examples_rclpy_minimal_action_server:/home/saifa/Desktop/ros2_w2_ws/install/examples_rclpy_minimal_action_client:/home/saifa/Desktop/ros2_w2_ws/install/examples_rclpy_guard_conditions:/home/saifa/Desktop/ros2_w2_ws/install/examples_rclpy_executors:/opt/ros/humble /usr/bin/cmake --install /home/saifa/Desktop/Ros_exam/build/sun_pkg
[0.791s] Level 1:colcon.colcon_core.environment:checking '/home/saifa/Desktop/Ros_exam/install/sun_pkg' for CMake module files
[0.791s] Level 1:colcon.colcon_core.environment:checking '/home/saifa/Desktop/Ros_exam/install/sun_pkg' for CMake config files
[0.791s] Level 1:colcon.colcon_core.shell:create_environment_hook('sun_pkg', 'cmake_prefix_path')
[0.792s] INFO:colcon.colcon_core.shell:Creating environment hook '/home/saifa/Desktop/Ros_exam/install/sun_pkg/share/sun_pkg/hook/cmake_prefix_path.ps1'
[0.793s] INFO:colcon.colcon_core.shell:Creating environment descriptor '/home/saifa/Desktop/Ros_exam/install/sun_pkg/share/sun_pkg/hook/cmake_prefix_path.dsv'
[0.794s] INFO:colcon.colcon_core.shell:Creating environment hook '/home/saifa/Desktop/Ros_exam/install/sun_pkg/share/sun_pkg/hook/cmake_prefix_path.sh'
[0.798s] Level 1:colcon.colcon_core.environment:checking '/home/saifa/Desktop/Ros_exam/install/sun_pkg/lib'
[0.798s] Level 1:colcon.colcon_core.environment:checking '/home/saifa/Desktop/Ros_exam/install/sun_pkg/bin'
[0.798s] Level 1:colcon.colcon_core.environment:checking '/home/saifa/Desktop/Ros_exam/install/sun_pkg/lib/pkgconfig/sun_pkg.pc'
[0.799s] Level 1:colcon.colcon_core.environment:checking '/home/saifa/Desktop/Ros_exam/install/sun_pkg/lib/python3.10/site-packages'
[0.799s] Level 1:colcon.colcon_core.environment:checking '/home/saifa/Desktop/Ros_exam/install/sun_pkg/bin'
[0.799s] INFO:colcon.colcon_core.shell:Creating package script '/home/saifa/Desktop/Ros_exam/install/sun_pkg/share/sun_pkg/package.ps1'
[0.800s] INFO:colcon.colcon_core.shell:Creating package descriptor '/home/saifa/Desktop/Ros_exam/install/sun_pkg/share/sun_pkg/package.dsv'
[0.801s] INFO:colcon.colcon_core.shell:Creating package script '/home/saifa/Desktop/Ros_exam/install/sun_pkg/share/sun_pkg/package.sh'
[0.802s] INFO:colcon.colcon_core.shell:Creating package script '/home/saifa/Desktop/Ros_exam/install/sun_pkg/share/sun_pkg/package.bash'
[0.803s] INFO:colcon.colcon_core.shell:Creating package script '/home/saifa/Desktop/Ros_exam/install/sun_pkg/share/sun_pkg/package.zsh'
[0.803s] Level 1:colcon.colcon_core.environment:create_file_with_runtime_dependencies(/home/saifa/Desktop/Ros_exam/install/sun_pkg/share/colcon-core/packages/sun_pkg)
[0.804s] Level 1:colcon.colcon_core.environment:create_environment_scripts_only(saifa_pack)
[0.805s] Level 1:colcon.colcon_core.environment:checking '/home/saifa/Desktop/Ros_exam/install/saifa_pack' for CMake module files
[0.805s] DEBUG:colcon.colcon_core.event_handler.log_command:Invoked command in '/home/saifa/Desktop/Ros_exam/build/saifa_pack' returned '0': CMAKE_PREFIX_PATH=${CMAKE_PREFIX_PATH}:/home/saifa/Desktop/ros2_w2_ws/install/launch_testing_examples:/home/saifa/Desktop/ros2_w2_ws/install/examples_rclpy_pointcloud_publisher:/home/saifa/Desktop/ros2_w2_ws/install/examples_rclpy_minimal_subscriber:/home/saifa/Desktop/ros2_w2_ws/install/examples_rclpy_minimal_service:/home/saifa/Desktop/ros2_w2_ws/install/examples_rclpy_minimal_publisher:/home/saifa/Desktop/ros2_w2_ws/install/examples_rclpy_minimal_client:/home/saifa/Desktop/ros2_w2_ws/install/examples_rclpy_minimal_action_server:/home/saifa/Desktop/ros2_w2_ws/install/examples_rclpy_minimal_action_client:/home/saifa/Desktop/ros2_w2_ws/install/examples_rclpy_guard_conditions:/home/saifa/Desktop/ros2_w2_ws/install/examples_rclpy_executors:/opt/ros/humble /usr/bin/cmake --install /home/saifa/Desktop/Ros_exam/build/saifa_pack
[0.805s] Level 1:colcon.colcon_core.environment:checking '/home/saifa/Desktop/Ros_exam/install/saifa_pack' for CMake config files
[0.806s] Level 1:colcon.colcon_core.shell:create_environment_hook('saifa_pack', 'cmake_prefix_path')
[0.806s] INFO:colcon.colcon_core.shell:Creating environment hook '/home/saifa/Desktop/Ros_exam/install/saifa_pack/share/saifa_pack/hook/cmake_prefix_path.ps1'
[0.806s] INFO:colcon.colcon_core.shell:Creating environment descriptor '/home/saifa/Desktop/Ros_exam/install/saifa_pack/share/saifa_pack/hook/cmake_prefix_path.dsv'
[0.806s] INFO:colcon.colcon_core.shell:Creating environment hook '/home/saifa/Desktop/Ros_exam/install/saifa_pack/share/saifa_pack/hook/cmake_prefix_path.sh'
[0.807s] Level 1:colcon.colcon_core.environment:checking '/home/saifa/Desktop/Ros_exam/install/saifa_pack/lib'
[0.807s] Level 1:colcon.colcon_core.environment:checking '/home/saifa/Desktop/Ros_exam/install/saifa_pack/bin'
[0.807s] Level 1:colcon.colcon_core.environment:checking '/home/saifa/Desktop/Ros_exam/install/saifa_pack/lib/pkgconfig/saifa_pack.pc'
[0.807s] Level 1:colcon.colcon_core.environment:checking '/home/saifa/Desktop/Ros_exam/install/saifa_pack/lib/python3.10/site-packages'
[0.807s] Level 1:colcon.colcon_core.environment:checking '/home/saifa/Desktop/Ros_exam/install/saifa_pack/bin'
[0.808s] INFO:colcon.colcon_core.shell:Creating package script '/home/saifa/Desktop/Ros_exam/install/saifa_pack/share/saifa_pack/package.ps1'
[0.808s] INFO:colcon.colcon_core.shell:Creating package descriptor '/home/saifa/Desktop/Ros_exam/install/saifa_pack/share/saifa_pack/package.dsv'
[0.808s] INFO:colcon.colcon_core.shell:Creating package script '/home/saifa/Desktop/Ros_exam/install/saifa_pack/share/saifa_pack/package.sh'
[0.808s] INFO:colcon.colcon_core.shell:Creating package script '/home/saifa/Desktop/Ros_exam/install/saifa_pack/share/saifa_pack/package.bash'
[0.809s] INFO:colcon.colcon_core.shell:Creating package script '/home/saifa/Desktop/Ros_exam/install/saifa_pack/share/saifa_pack/package.zsh'
[0.809s] Level 1:colcon.colcon_core.environment:create_file_with_runtime_dependencies(/home/saifa/Desktop/Ros_exam/install/saifa_pack/share/colcon-core/packages/saifa_pack)
[0.812s] Level 1:colcon.colcon_core.environment:create_environment_scripts_only(turtlesim_plus)
[0.812s] Level 1:colcon.colcon_core.environment:checking '/home/saifa/Desktop/Ros_exam/install/turtlesim_plus' for CMake module files
[0.812s] DEBUG:colcon.colcon_core.event_handler.log_command:Invoking command in '/home/saifa/Desktop/Ros_exam/build/controller_interfaces': CMAKE_PREFIX_PATH=${CMAKE_PREFIX_PATH}:/home/saifa/Desktop/ros2_w2_ws/install/launch_testing_examples:/home/saifa/Desktop/ros2_w2_ws/install/examples_rclpy_pointcloud_publisher:/home/saifa/Desktop/ros2_w2_ws/install/examples_rclpy_minimal_subscriber:/home/saifa/Desktop/ros2_w2_ws/install/examples_rclpy_minimal_service:/home/saifa/Desktop/ros2_w2_ws/install/examples_rclpy_minimal_publisher:/home/saifa/Desktop/ros2_w2_ws/install/examples_rclpy_minimal_client:/home/saifa/Desktop/ros2_w2_ws/install/examples_rclpy_minimal_action_server:/home/saifa/Desktop/ros2_w2_ws/install/examples_rclpy_minimal_action_client:/home/saifa/Desktop/ros2_w2_ws/install/examples_rclpy_guard_conditions:/home/saifa/Desktop/ros2_w2_ws/install/examples_rclpy_executors:/opt/ros/humble /usr/bin/cmake --install /home/saifa/Desktop/Ros_exam/build/controller_interfaces
[0.812s] DEBUG:colcon.colcon_core.event_handler.log_command:Invoked command in '/home/saifa/Desktop/Ros_exam/build/turtlesim_plus' returned '0': CMAKE_PREFIX_PATH=${CMAKE_PREFIX_PATH}:/home/saifa/Desktop/ros2_w2_ws/install/launch_testing_examples:/home/saifa/Desktop/ros2_w2_ws/install/examples_rclpy_pointcloud_publisher:/home/saifa/Desktop/ros2_w2_ws/install/examples_rclpy_minimal_subscriber:/home/saifa/Desktop/ros2_w2_ws/install/examples_rclpy_minimal_service:/home/saifa/Desktop/ros2_w2_ws/install/examples_rclpy_minimal_publisher:/home/saifa/Desktop/ros2_w2_ws/install/examples_rclpy_minimal_client:/home/saifa/Desktop/ros2_w2_ws/install/examples_rclpy_minimal_action_server:/home/saifa/Desktop/ros2_w2_ws/install/examples_rclpy_minimal_action_client:/home/saifa/Desktop/ros2_w2_ws/install/examples_rclpy_guard_conditions:/home/saifa/Desktop/ros2_w2_ws/install/examples_rclpy_executors:/opt/ros/humble /usr/bin/cmake --install /home/saifa/Desktop/Ros_exam/build/turtlesim_plus
[0.813s] Level 1:colcon.colcon_core.environment:checking '/home/saifa/Desktop/Ros_exam/install/turtlesim_plus' for CMake config files
[0.813s] Level 1:colcon.colcon_core.shell:create_environment_hook('turtlesim_plus', 'cmake_prefix_path')
[0.813s] INFO:colcon.colcon_core.shell:Creating environment hook '/home/saifa/Desktop/Ros_exam/install/turtlesim_plus/share/turtlesim_plus/hook/cmake_prefix_path.ps1'
[0.814s] INFO:colcon.colcon_core.shell:Creating environment descriptor '/home/saifa/Desktop/Ros_exam/install/turtlesim_plus/share/turtlesim_plus/hook/cmake_prefix_path.dsv'
[0.814s] INFO:colcon.colcon_core.shell:Creating environment hook '/home/saifa/Desktop/Ros_exam/install/turtlesim_plus/share/turtlesim_plus/hook/cmake_prefix_path.sh'
[0.814s] Level 1:colcon.colcon_core.environment:checking '/home/saifa/Desktop/Ros_exam/install/turtlesim_plus/lib'
[0.815s] Level 1:colcon.colcon_core.environment:checking '/home/saifa/Desktop/Ros_exam/install/turtlesim_plus/bin'
[0.815s] Level 1:colcon.colcon_core.environment:checking '/home/saifa/Desktop/Ros_exam/install/turtlesim_plus/lib/pkgconfig/turtlesim_plus.pc'
[0.815s] Level 1:colcon.colcon_core.environment:checking '/home/saifa/Desktop/Ros_exam/install/turtlesim_plus/lib/python3.10/site-packages'
[0.815s] Level 1:colcon.colcon_core.environment:checking '/home/saifa/Desktop/Ros_exam/install/turtlesim_plus/bin'
[0.815s] INFO:colcon.colcon_core.shell:Creating package script '/home/saifa/Desktop/Ros_exam/install/turtlesim_plus/share/turtlesim_plus/package.ps1'
[0.816s] INFO:colcon.colcon_core.shell:Creating package descriptor '/home/saifa/Desktop/Ros_exam/install/turtlesim_plus/share/turtlesim_plus/package.dsv'
[0.816s] INFO:colcon.colcon_core.shell:Creating package script '/home/saifa/Desktop/Ros_exam/install/turtlesim_plus/share/turtlesim_plus/package.sh'
[0.817s] INFO:colcon.colcon_core.shell:Creating package script '/home/saifa/Desktop/Ros_exam/install/turtlesim_plus/share/turtlesim_plus/package.bash'
[0.817s] INFO:colcon.colcon_core.shell:Creating package script '/home/saifa/Desktop/Ros_exam/install/turtlesim_plus/share/turtlesim_plus/package.zsh'
[0.817s] Level 1:colcon.colcon_core.environment:create_file_with_runtime_dependencies(/home/saifa/Desktop/Ros_exam/install/turtlesim_plus/share/colcon-core/packages/turtlesim_plus)
[0.835s] Level 1:colcon.colcon_core.environment:create_environment_scripts_only(sun_pkg)
[0.836s] Level 1:colcon.colcon_core.environment:checking '/home/saifa/Desktop/Ros_exam/install/sun_pkg' for CMake module files
[0.836s] Level 1:colcon.colcon_core.environment:checking '/home/saifa/Desktop/Ros_exam/install/sun_pkg' for CMake config files
[0.837s] Level 1:colcon.colcon_core.shell:create_environment_hook('sun_pkg', 'cmake_prefix_path')
[0.837s] INFO:colcon.colcon_core.shell:Creating environment hook '/home/saifa/Desktop/Ros_exam/install/sun_pkg/share/sun_pkg/hook/cmake_prefix_path.ps1'
[0.838s] INFO:colcon.colcon_core.shell:Creating environment descriptor '/home/saifa/Desktop/Ros_exam/install/sun_pkg/share/sun_pkg/hook/cmake_prefix_path.dsv'
[0.838s] INFO:colcon.colcon_core.shell:Creating environment hook '/home/saifa/Desktop/Ros_exam/install/sun_pkg/share/sun_pkg/hook/cmake_prefix_path.sh'
[0.838s] Level 1:colcon.colcon_core.environment:checking '/home/saifa/Desktop/Ros_exam/install/sun_pkg/lib'
[0.838s] Level 1:colcon.colcon_core.environment:checking '/home/saifa/Desktop/Ros_exam/install/sun_pkg/bin'
[0.839s] Level 1:colcon.colcon_core.environment:checking '/home/saifa/Desktop/Ros_exam/install/sun_pkg/lib/pkgconfig/sun_pkg.pc'
[0.839s] Level 1:colcon.colcon_core.environment:checking '/home/saifa/Desktop/Ros_exam/install/sun_pkg/lib/python3.10/site-packages'
[0.839s] Level 1:colcon.colcon_core.environment:checking '/home/saifa/Desktop/Ros_exam/install/sun_pkg/bin'
[0.839s] INFO:colcon.colcon_core.shell:Creating package script '/home/saifa/Desktop/Ros_exam/install/sun_pkg/share/sun_pkg/package.ps1'
[0.841s] INFO:colcon.colcon_core.shell:Creating package descriptor '/home/saifa/Desktop/Ros_exam/install/sun_pkg/share/sun_pkg/package.dsv'
[0.843s] INFO:colcon.colcon_core.shell:Creating package script '/home/saifa/Desktop/Ros_exam/install/sun_pkg/share/sun_pkg/package.sh'
[0.844s] INFO:colcon.colcon_core.shell:Creating package script '/home/saifa/Desktop/Ros_exam/install/sun_pkg/share/sun_pkg/package.bash'
[0.844s] INFO:colcon.colcon_core.shell:Creating package script '/home/saifa/Desktop/Ros_exam/install/sun_pkg/share/sun_pkg/package.zsh'
[0.845s] Level 1:colcon.colcon_core.environment:create_file_with_runtime_dependencies(/home/saifa/Desktop/Ros_exam/install/sun_pkg/share/colcon-core/packages/sun_pkg)
[0.846s] Level 1:colcon.colcon_core.environment:create_environment_scripts_only(saifa_pack)
[0.846s] Level 1:colcon.colcon_core.environment:checking '/home/saifa/Desktop/Ros_exam/install/saifa_pack' for CMake module files
[0.847s] Level 1:colcon.colcon_core.environment:checking '/home/saifa/Desktop/Ros_exam/install/saifa_pack' for CMake config files
[0.847s] Level 1:colcon.colcon_core.shell:create_environment_hook('saifa_pack', 'cmake_prefix_path')
[0.848s] INFO:colcon.colcon_core.shell:Creating environment hook '/home/saifa/Desktop/Ros_exam/install/saifa_pack/share/saifa_pack/hook/cmake_prefix_path.ps1'
[0.848s] INFO:colcon.colcon_core.shell:Creating environment descriptor '/home/saifa/Desktop/Ros_exam/install/saifa_pack/share/saifa_pack/hook/cmake_prefix_path.dsv'
[0.848s] INFO:colcon.colcon_core.shell:Creating environment hook '/home/saifa/Desktop/Ros_exam/install/saifa_pack/share/saifa_pack/hook/cmake_prefix_path.sh'
[0.849s] Level 1:colcon.colcon_core.environment:checking '/home/saifa/Desktop/Ros_exam/install/saifa_pack/lib'
[0.849s] Level 1:colcon.colcon_core.environment:checking '/home/saifa/Desktop/Ros_exam/install/saifa_pack/bin'
[0.849s] Level 1:colcon.colcon_core.environment:checking '/home/saifa/Desktop/Ros_exam/install/saifa_pack/lib/pkgconfig/saifa_pack.pc'
[0.849s] Level 1:colcon.colcon_core.environment:checking '/home/saifa/Desktop/Ros_exam/install/saifa_pack/lib/python3.10/site-packages'
[0.849s] Level 1:colcon.colcon_core.environment:checking '/home/saifa/Desktop/Ros_exam/install/saifa_pack/bin'
[0.850s] INFO:colcon.colcon_core.shell:Creating package script '/home/saifa/Desktop/Ros_exam/install/saifa_pack/share/saifa_pack/package.ps1'
[0.850s] INFO:colcon.colcon_core.shell:Creating package descriptor '/home/saifa/Desktop/Ros_exam/install/saifa_pack/share/saifa_pack/package.dsv'
[0.850s] INFO:colcon.colcon_core.shell:Creating package script '/home/saifa/Desktop/Ros_exam/install/saifa_pack/share/saifa_pack/package.sh'
[0.851s] INFO:colcon.colcon_core.shell:Creating package script '/home/saifa/Desktop/Ros_exam/install/saifa_pack/share/saifa_pack/package.bash'
[0.851s] INFO:colcon.colcon_core.shell:Creating package script '/home/saifa/Desktop/Ros_exam/install/saifa_pack/share/saifa_pack/package.zsh'
[0.852s] Level 1:colcon.colcon_core.environment:create_file_with_runtime_dependencies(/home/saifa/Desktop/Ros_exam/install/saifa_pack/share/colcon-core/packages/saifa_pack)
[0.852s] Level 1:colcon.colcon_core.environment:create_environment_scripts_only(sun_interfaces)
[0.852s] Level 1:colcon.colcon_core.environment:checking '/home/saifa/Desktop/Ros_exam/install/sun_interfaces' for CMake module files
[0.853s] DEBUG:colcon.colcon_core.event_handler.log_command:Invoked command in '/home/saifa/Desktop/Ros_exam/build/sun_interfaces' returned '0': CMAKE_PREFIX_PATH=${CMAKE_PREFIX_PATH}:/home/saifa/Desktop/ros2_w2_ws/install/launch_testing_examples:/home/saifa/Desktop/ros2_w2_ws/install/examples_rclpy_pointcloud_publisher:/home/saifa/Desktop/ros2_w2_ws/install/examples_rclpy_minimal_subscriber:/home/saifa/Desktop/ros2_w2_ws/install/examples_rclpy_minimal_service:/home/saifa/Desktop/ros2_w2_ws/install/examples_rclpy_minimal_publisher:/home/saifa/Desktop/ros2_w2_ws/install/examples_rclpy_minimal_client:/home/saifa/Desktop/ros2_w2_ws/install/examples_rclpy_minimal_action_server:/home/saifa/Desktop/ros2_w2_ws/install/examples_rclpy_minimal_action_client:/home/saifa/Desktop/ros2_w2_ws/install/examples_rclpy_guard_conditions:/home/saifa/Desktop/ros2_w2_ws/install/examples_rclpy_executors:/opt/ros/humble /usr/bin/cmake --install /home/saifa/Desktop/Ros_exam/build/sun_interfaces
[0.853s] Level 1:colcon.colcon_core.environment:checking '/home/saifa/Desktop/Ros_exam/install/sun_interfaces' for CMake config files
[0.854s] Level 1:colcon.colcon_core.shell:create_environment_hook('sun_interfaces', 'cmake_prefix_path')
[0.854s] INFO:colcon.colcon_core.shell:Creating environment hook '/home/saifa/Desktop/Ros_exam/install/sun_interfaces/share/sun_interfaces/hook/cmake_prefix_path.ps1'
[0.854s] INFO:colcon.colcon_core.shell:Creating environment descriptor '/home/saifa/Desktop/Ros_exam/install/sun_interfaces/share/sun_interfaces/hook/cmake_prefix_path.dsv'
[0.855s] INFO:colcon.colcon_core.shell:Creating environment hook '/home/saifa/Desktop/Ros_exam/install/sun_interfaces/share/sun_interfaces/hook/cmake_prefix_path.sh'
[0.855s] Level 1:colcon.colcon_core.environment:checking '/home/saifa/Desktop/Ros_exam/install/sun_interfaces/lib'
[0.855s] Level 1:colcon.colcon_core.shell:create_environment_hook('sun_interfaces', 'ld_library_path_lib')
[0.855s] INFO:colcon.colcon_core.shell:Creating environment hook '/home/saifa/Desktop/Ros_exam/install/sun_interfaces/share/sun_interfaces/hook/ld_library_path_lib.ps1'
[0.856s] INFO:colcon.colcon_core.shell:Creating environment descriptor '/home/saifa/Desktop/Ros_exam/install/sun_interfaces/share/sun_interfaces/hook/ld_library_path_lib.dsv'
[0.856s] INFO:colcon.colcon_core.shell:Creating environment hook '/home/saifa/Desktop/Ros_exam/install/sun_interfaces/share/sun_interfaces/hook/ld_library_path_lib.sh'
[0.856s] Level 1:colcon.colcon_core.environment:checking '/home/saifa/Desktop/Ros_exam/install/sun_interfaces/bin'
[0.856s] Level 1:colcon.colcon_core.environment:checking '/home/saifa/Desktop/Ros_exam/install/sun_interfaces/lib/pkgconfig/sun_interfaces.pc'
[0.857s] Level 1:colcon.colcon_core.environment:checking '/home/saifa/Desktop/Ros_exam/install/sun_interfaces/lib/python3.10/site-packages'
[0.857s] Level 1:colcon.colcon_core.environment:checking '/home/saifa/Desktop/Ros_exam/install/sun_interfaces/bin'
[0.857s] INFO:colcon.colcon_core.shell:Creating package script '/home/saifa/Desktop/Ros_exam/install/sun_interfaces/share/sun_interfaces/package.ps1'
[0.857s] INFO:colcon.colcon_core.shell:Creating package descriptor '/home/saifa/Desktop/Ros_exam/install/sun_interfaces/share/sun_interfaces/package.dsv'
[0.858s] INFO:colcon.colcon_core.shell:Creating package script '/home/saifa/Desktop/Ros_exam/install/sun_interfaces/share/sun_interfaces/package.sh'
[0.858s] INFO:colcon.colcon_core.shell:Creating package script '/home/saifa/Desktop/Ros_exam/install/sun_interfaces/share/sun_interfaces/package.bash'
[0.858s] INFO:colcon.colcon_core.shell:Creating package script '/home/saifa/Desktop/Ros_exam/install/sun_interfaces/share/sun_interfaces/package.zsh'
[0.859s] Level 1:colcon.colcon_core.environment:create_file_with_runtime_dependencies(/home/saifa/Desktop/Ros_exam/install/sun_interfaces/share/colcon-core/packages/sun_interfaces)
[0.860s] Level 1:colcon.colcon_core.environment:create_environment_scripts_only(turtlesim_plus)
[0.860s] Level 1:colcon.colcon_core.environment:checking '/home/saifa/Desktop/Ros_exam/install/turtlesim_plus' for CMake module files
[0.861s] Level 1:colcon.colcon_core.environment:checking '/home/saifa/Desktop/Ros_exam/install/turtlesim_plus' for CMake config files
[0.861s] Level 1:colcon.colcon_core.shell:create_environment_hook('turtlesim_plus', 'cmake_prefix_path')
[0.861s] INFO:colcon.colcon_core.shell:Creating environment hook '/home/saifa/Desktop/Ros_exam/install/turtlesim_plus/share/turtlesim_plus/hook/cmake_prefix_path.ps1'
[0.862s] INFO:colcon.colcon_core.shell:Creating environment descriptor '/home/saifa/Desktop/Ros_exam/install/turtlesim_plus/share/turtlesim_plus/hook/cmake_prefix_path.dsv'
[0.862s] INFO:colcon.colcon_core.shell:Creating environment hook '/home/saifa/Desktop/Ros_exam/install/turtlesim_plus/share/turtlesim_plus/hook/cmake_prefix_path.sh'
[0.863s] Level 1:colcon.colcon_core.environment:checking '/home/saifa/Desktop/Ros_exam/install/turtlesim_plus/lib'
[0.863s] Level 1:colcon.colcon_core.environment:checking '/home/saifa/Desktop/Ros_exam/install/turtlesim_plus/bin'
[0.863s] Level 1:colcon.colcon_core.environment:checking '/home/saifa/Desktop/Ros_exam/install/turtlesim_plus/lib/pkgconfig/turtlesim_plus.pc'
[0.863s] Level 1:colcon.colcon_core.environment:checking '/home/saifa/Desktop/Ros_exam/install/turtlesim_plus/lib/python3.10/site-packages'
[0.863s] Level 1:colcon.colcon_core.environment:checking '/home/saifa/Desktop/Ros_exam/install/turtlesim_plus/bin'
[0.863s] INFO:colcon.colcon_core.shell:Creating package script '/home/saifa/Desktop/Ros_exam/install/turtlesim_plus/share/turtlesim_plus/package.ps1'
[0.864s] INFO:colcon.colcon_core.shell:Creating package descriptor '/home/saifa/Desktop/Ros_exam/install/turtlesim_plus/share/turtlesim_plus/package.dsv'
[0.864s] INFO:colcon.colcon_core.shell:Creating package script '/home/saifa/Desktop/Ros_exam/install/turtlesim_plus/share/turtlesim_plus/package.sh'
[0.867s] INFO:colcon.colcon_core.shell:Creating package script '/home/saifa/Desktop/Ros_exam/install/turtlesim_plus/share/turtlesim_plus/package.bash'
[0.868s] INFO:colcon.colcon_core.shell:Creating package script '/home/saifa/Desktop/Ros_exam/install/turtlesim_plus/share/turtlesim_plus/package.zsh'
[0.869s] Level 1:colcon.colcon_core.environment:create_file_with_runtime_dependencies(/home/saifa/Desktop/Ros_exam/install/turtlesim_plus/share/colcon-core/packages/turtlesim_plus)
[0.871s] Level 1:colcon.colcon_core.environment:create_environment_scripts_only(controller_interfaces)
[0.871s] Level 1:colcon.colcon_core.environment:checking '/home/saifa/Desktop/Ros_exam/install/controller_interfaces' for CMake module files
[0.872s] DEBUG:colcon.colcon_core.event_handler.log_command:Invoked command in '/home/saifa/Desktop/Ros_exam/build/controller_interfaces' returned '0': CMAKE_PREFIX_PATH=${CMAKE_PREFIX_PATH}:/home/saifa/Desktop/ros2_w2_ws/install/launch_testing_examples:/home/saifa/Desktop/ros2_w2_ws/install/examples_rclpy_pointcloud_publisher:/home/saifa/Desktop/ros2_w2_ws/install/examples_rclpy_minimal_subscriber:/home/saifa/Desktop/ros2_w2_ws/install/examples_rclpy_minimal_service:/home/saifa/Desktop/ros2_w2_ws/install/examples_rclpy_minimal_publisher:/home/saifa/Desktop/ros2_w2_ws/install/examples_rclpy_minimal_client:/home/saifa/Desktop/ros2_w2_ws/install/examples_rclpy_minimal_action_server:/home/saifa/Desktop/ros2_w2_ws/install/examples_rclpy_minimal_action_client:/home/saifa/Desktop/ros2_w2_ws/install/examples_rclpy_guard_conditions:/home/saifa/Desktop/ros2_w2_ws/install/examples_rclpy_executors:/opt/ros/humble /usr/bin/cmake --install /home/saifa/Desktop/Ros_exam/build/controller_interfaces
[0.872s] Level 1:colcon.colcon_core.environment:checking '/home/saifa/Desktop/Ros_exam/install/controller_interfaces' for CMake config files
[0.872s] Level 1:colcon.colcon_core.shell:create_environment_hook('controller_interfaces', 'cmake_prefix_path')
[0.872s] INFO:colcon.colcon_core.shell:Creating environment hook '/home/saifa/Desktop/Ros_exam/install/controller_interfaces/share/controller_interfaces/hook/cmake_prefix_path.ps1'
[0.873s] INFO:colcon.colcon_core.shell:Creating environment descriptor '/home/saifa/Desktop/Ros_exam/install/controller_interfaces/share/controller_interfaces/hook/cmake_prefix_path.dsv'
[0.873s] INFO:colcon.colcon_core.shell:Creating environment hook '/home/saifa/Desktop/Ros_exam/install/controller_interfaces/share/controller_interfaces/hook/cmake_prefix_path.sh'
[0.873s] Level 1:colcon.colcon_core.environment:checking '/home/saifa/Desktop/Ros_exam/install/controller_interfaces/lib'
[0.873s] Level 1:colcon.colcon_core.shell:create_environment_hook('controller_interfaces', 'ld_library_path_lib')
[0.873s] INFO:colcon.colcon_core.shell:Creating environment hook '/home/saifa/Desktop/Ros_exam/install/controller_interfaces/share/controller_interfaces/hook/ld_library_path_lib.ps1'
[0.874s] INFO:colcon.colcon_core.shell:Creating environment descriptor '/home/saifa/Desktop/Ros_exam/install/controller_interfaces/share/controller_interfaces/hook/ld_library_path_lib.dsv'
[0.874s] INFO:colcon.colcon_core.shell:Creating environment hook '/home/saifa/Desktop/Ros_exam/install/controller_interfaces/share/controller_interfaces/hook/ld_library_path_lib.sh'
[0.874s] Level 1:colcon.colcon_core.environment:checking '/home/saifa/Desktop/Ros_exam/install/controller_interfaces/bin'
[0.874s] Level 1:colcon.colcon_core.environment:checking '/home/saifa/Desktop/Ros_exam/install/controller_interfaces/lib/pkgconfig/controller_interfaces.pc'
[0.874s] Level 1:colcon.colcon_core.environment:checking '/home/saifa/Desktop/Ros_exam/install/controller_interfaces/lib/python3.10/site-packages'
[0.875s] Level 1:colcon.colcon_core.environment:checking '/home/saifa/Desktop/Ros_exam/install/controller_interfaces/bin'
[0.875s] INFO:colcon.colcon_core.shell:Creating package script '/home/saifa/Desktop/Ros_exam/install/controller_interfaces/share/controller_interfaces/package.ps1'
[0.875s] INFO:colcon.colcon_core.shell:Creating package descriptor '/home/saifa/Desktop/Ros_exam/install/controller_interfaces/share/controller_interfaces/package.dsv'
[0.875s] INFO:colcon.colcon_core.shell:Creating package script '/home/saifa/Desktop/Ros_exam/install/controller_interfaces/share/controller_interfaces/package.sh'
[0.876s] INFO:colcon.colcon_core.shell:Creating package script '/home/saifa/Desktop/Ros_exam/install/controller_interfaces/share/controller_interfaces/package.bash'
[0.876s] INFO:colcon.colcon_core.shell:Creating package script '/home/saifa/Desktop/Ros_exam/install/controller_interfaces/share/controller_interfaces/package.zsh'
[0.876s] Level 1:colcon.colcon_core.environment:create_file_with_runtime_dependencies(/home/saifa/Desktop/Ros_exam/install/controller_interfaces/share/colcon-core/packages/controller_interfaces)
[0.879s] DEBUG:colcon.colcon_core.event_handler.log_command:Invoking command in '/home/saifa/Desktop/Ros_exam/build/turtlesim_plus_interfaces': CMAKE_PREFIX_PATH=${CMAKE_PREFIX_PATH}:/home/saifa/Desktop/ros2_w2_ws/install/launch_testing_examples:/home/saifa/Desktop/ros2_w2_ws/install/examples_rclpy_pointcloud_publisher:/home/saifa/Desktop/ros2_w2_ws/install/examples_rclpy_minimal_subscriber:/home/saifa/Desktop/ros2_w2_ws/install/examples_rclpy_minimal_service:/home/saifa/Desktop/ros2_w2_ws/install/examples_rclpy_minimal_publisher:/home/saifa/Desktop/ros2_w2_ws/install/examples_rclpy_minimal_client:/home/saifa/Desktop/ros2_w2_ws/install/examples_rclpy_minimal_action_server:/home/saifa/Desktop/ros2_w2_ws/install/examples_rclpy_minimal_action_client:/home/saifa/Desktop/ros2_w2_ws/install/examples_rclpy_guard_conditions:/home/saifa/Desktop/ros2_w2_ws/install/examples_rclpy_executors:/opt/ros/humble /usr/bin/cmake --install /home/saifa/Desktop/Ros_exam/build/turtlesim_plus_interfaces
[0.926s] Level 1:colcon.colcon_core.environment:create_environment_scripts_only(sun_interfaces)
[0.926s] Level 1:colcon.colcon_core.environment:checking '/home/saifa/Desktop/Ros_exam/install/sun_interfaces' for CMake module files
[0.927s] Level 1:colcon.colcon_core.environment:checking '/home/saifa/Desktop/Ros_exam/install/sun_interfaces' for CMake config files
[0.928s] Level 1:colcon.colcon_core.shell:create_environment_hook('sun_interfaces', 'cmake_prefix_path')
[0.928s] INFO:colcon.colcon_core.shell:Creating environment hook '/home/saifa/Desktop/Ros_exam/install/sun_interfaces/share/sun_interfaces/hook/cmake_prefix_path.ps1'
[0.928s] INFO:colcon.colcon_core.shell:Creating environment descriptor '/home/saifa/Desktop/Ros_exam/install/sun_interfaces/share/sun_interfaces/hook/cmake_prefix_path.dsv'
[0.928s] INFO:colcon.colcon_core.shell:Creating environment hook '/home/saifa/Desktop/Ros_exam/install/sun_interfaces/share/sun_interfaces/hook/cmake_prefix_path.sh'
[0.929s] Level 1:colcon.colcon_core.environment:checking '/home/saifa/Desktop/Ros_exam/install/sun_interfaces/lib'
[0.929s] Level 1:colcon.colcon_core.shell:create_environment_hook('sun_interfaces', 'ld_library_path_lib')
[0.929s] INFO:colcon.colcon_core.shell:Creating environment hook '/home/saifa/Desktop/Ros_exam/install/sun_interfaces/share/sun_interfaces/hook/ld_library_path_lib.ps1'
[0.929s] INFO:colcon.colcon_core.shell:Creating environment descriptor '/home/saifa/Desktop/Ros_exam/install/sun_interfaces/share/sun_interfaces/hook/ld_library_path_lib.dsv'
[0.929s] INFO:colcon.colcon_core.shell:Creating environment hook '/home/saifa/Desktop/Ros_exam/install/sun_interfaces/share/sun_interfaces/hook/ld_library_path_lib.sh'
[0.930s] Level 1:colcon.colcon_core.environment:checking '/home/saifa/Desktop/Ros_exam/install/sun_interfaces/bin'
[0.930s] Level 1:colcon.colcon_core.environment:checking '/home/saifa/Desktop/Ros_exam/install/sun_interfaces/lib/pkgconfig/sun_interfaces.pc'
[0.930s] Level 1:colcon.colcon_core.environment:checking '/home/saifa/Desktop/Ros_exam/install/sun_interfaces/lib/python3.10/site-packages'
[0.930s] Level 1:colcon.colcon_core.environment:checking '/home/saifa/Desktop/Ros_exam/install/sun_interfaces/bin'
[0.930s] INFO:colcon.colcon_core.shell:Creating package script '/home/saifa/Desktop/Ros_exam/install/sun_interfaces/share/sun_interfaces/package.ps1'
[0.931s] INFO:colcon.colcon_core.shell:Creating package descriptor '/home/saifa/Desktop/Ros_exam/install/sun_interfaces/share/sun_interfaces/package.dsv'
[0.932s] INFO:colcon.colcon_core.shell:Creating package script '/home/saifa/Desktop/Ros_exam/install/sun_interfaces/share/sun_interfaces/package.sh'
[0.934s] INFO:colcon.colcon_core.shell:Creating package script '/home/saifa/Desktop/Ros_exam/install/sun_interfaces/share/sun_interfaces/package.bash'
[0.935s] INFO:colcon.colcon_core.shell:Creating package script '/home/saifa/Desktop/Ros_exam/install/sun_interfaces/share/sun_interfaces/package.zsh'
[0.936s] Level 1:colcon.colcon_core.environment:create_file_with_runtime_dependencies(/home/saifa/Desktop/Ros_exam/install/sun_interfaces/share/colcon-core/packages/sun_interfaces)
[0.936s] Level 1:colcon.colcon_core.environment:create_environment_scripts_only(turtlesim_plus_interfaces)
[0.937s] Level 1:colcon.colcon_core.environment:checking '/home/saifa/Desktop/Ros_exam/install/turtlesim_plus_interfaces' for CMake module files
[0.937s] DEBUG:colcon.colcon_core.event_handler.log_command:Invoked command in '/home/saifa/Desktop/Ros_exam/build/turtlesim_plus_interfaces' returned '0': CMAKE_PREFIX_PATH=${CMAKE_PREFIX_PATH}:/home/saifa/Desktop/ros2_w2_ws/install/launch_testing_examples:/home/saifa/Desktop/ros2_w2_ws/install/examples_rclpy_pointcloud_publisher:/home/saifa/Desktop/ros2_w2_ws/install/examples_rclpy_minimal_subscriber:/home/saifa/Desktop/ros2_w2_ws/install/examples_rclpy_minimal_service:/home/saifa/Desktop/ros2_w2_ws/install/examples_rclpy_minimal_publisher:/home/saifa/Desktop/ros2_w2_ws/install/examples_rclpy_minimal_client:/home/saifa/Desktop/ros2_w2_ws/install/examples_rclpy_minimal_action_server:/home/saifa/Desktop/ros2_w2_ws/install/examples_rclpy_minimal_action_client:/home/saifa/Desktop/ros2_w2_ws/install/examples_rclpy_guard_conditions:/home/saifa/Desktop/ros2_w2_ws/install/examples_rclpy_executors:/opt/ros/humble /usr/bin/cmake --install /home/saifa/Desktop/Ros_exam/build/turtlesim_plus_interfaces
[0.937s] Level 1:colcon.colcon_core.environment:checking '/home/saifa/Desktop/Ros_exam/install/turtlesim_plus_interfaces' for CMake config files
[0.938s] Level 1:colcon.colcon_core.shell:create_environment_hook('turtlesim_plus_interfaces', 'cmake_prefix_path')
[0.938s] INFO:colcon.colcon_core.shell:Creating environment hook '/home/saifa/Desktop/Ros_exam/install/turtlesim_plus_interfaces/share/turtlesim_plus_interfaces/hook/cmake_prefix_path.ps1'
[0.938s] INFO:colcon.colcon_core.shell:Creating environment descriptor '/home/saifa/Desktop/Ros_exam/install/turtlesim_plus_interfaces/share/turtlesim_plus_interfaces/hook/cmake_prefix_path.dsv'
[0.938s] INFO:colcon.colcon_core.shell:Creating environment hook '/home/saifa/Desktop/Ros_exam/install/turtlesim_plus_interfaces/share/turtlesim_plus_interfaces/hook/cmake_prefix_path.sh'
[0.939s] Level 1:colcon.colcon_core.environment:checking '/home/saifa/Desktop/Ros_exam/install/turtlesim_plus_interfaces/lib'
[0.939s] Level 1:colcon.colcon_core.shell:create_environment_hook('turtlesim_plus_interfaces', 'ld_library_path_lib')
[0.939s] INFO:colcon.colcon_core.shell:Creating environment hook '/home/saifa/Desktop/Ros_exam/install/turtlesim_plus_interfaces/share/turtlesim_plus_interfaces/hook/ld_library_path_lib.ps1'
[0.939s] INFO:colcon.colcon_core.shell:Creating environment descriptor '/home/saifa/Desktop/Ros_exam/install/turtlesim_plus_interfaces/share/turtlesim_plus_interfaces/hook/ld_library_path_lib.dsv'
[0.939s] INFO:colcon.colcon_core.shell:Creating environment hook '/home/saifa/Desktop/Ros_exam/install/turtlesim_plus_interfaces/share/turtlesim_plus_interfaces/hook/ld_library_path_lib.sh'
[0.940s] Level 1:colcon.colcon_core.environment:checking '/home/saifa/Desktop/Ros_exam/install/turtlesim_plus_interfaces/bin'
[0.940s] Level 1:colcon.colcon_core.environment:checking '/home/saifa/Desktop/Ros_exam/install/turtlesim_plus_interfaces/lib/pkgconfig/turtlesim_plus_interfaces.pc'
[0.940s] Level 1:colcon.colcon_core.environment:checking '/home/saifa/Desktop/Ros_exam/install/turtlesim_plus_interfaces/lib/python3.10/site-packages'
[0.940s] Level 1:colcon.colcon_core.environment:checking '/home/saifa/Desktop/Ros_exam/install/turtlesim_plus_interfaces/bin'
[0.940s] INFO:colcon.colcon_core.shell:Creating package script '/home/saifa/Desktop/Ros_exam/install/turtlesim_plus_interfaces/share/turtlesim_plus_interfaces/package.ps1'
[0.941s] INFO:colcon.colcon_core.shell:Creating package descriptor '/home/saifa/Desktop/Ros_exam/install/turtlesim_plus_interfaces/share/turtlesim_plus_interfaces/package.dsv'
[0.941s] INFO:colcon.colcon_core.shell:Creating package script '/home/saifa/Desktop/Ros_exam/install/turtlesim_plus_interfaces/share/turtlesim_plus_interfaces/package.sh'
[0.941s] INFO:colcon.colcon_core.shell:Creating package script '/home/saifa/Desktop/Ros_exam/install/turtlesim_plus_interfaces/share/turtlesim_plus_interfaces/package.bash'
[0.941s] INFO:colcon.colcon_core.shell:Creating package script '/home/saifa/Desktop/Ros_exam/install/turtlesim_plus_interfaces/share/turtlesim_plus_interfaces/package.zsh'
[0.942s] Level 1:colcon.colcon_core.environment:create_file_with_runtime_dependencies(/home/saifa/Desktop/Ros_exam/install/turtlesim_plus_interfaces/share/colcon-core/packages/turtlesim_plus_interfaces)
[0.967s] Level 1:colcon.colcon_core.environment:create_environment_scripts_only(controller_interfaces)
[0.967s] Level 1:colcon.colcon_core.environment:checking '/home/saifa/Desktop/Ros_exam/install/controller_interfaces' for CMake module files
[0.968s] Level 1:colcon.colcon_core.environment:checking '/home/saifa/Desktop/Ros_exam/install/controller_interfaces' for CMake config files
[0.968s] Level 1:colcon.colcon_core.shell:create_environment_hook('controller_interfaces', 'cmake_prefix_path')
[0.968s] INFO:colcon.colcon_core.shell:Creating environment hook '/home/saifa/Desktop/Ros_exam/install/controller_interfaces/share/controller_interfaces/hook/cmake_prefix_path.ps1'
[0.968s] INFO:colcon.colcon_core.shell:Creating environment descriptor '/home/saifa/Desktop/Ros_exam/install/controller_interfaces/share/controller_interfaces/hook/cmake_prefix_path.dsv'
[0.968s] INFO:colcon.colcon_core.shell:Creating environment hook '/home/saifa/Desktop/Ros_exam/install/controller_interfaces/share/controller_interfaces/hook/cmake_prefix_path.sh'
[0.969s] Level 1:colcon.colcon_core.environment:checking '/home/saifa/Desktop/Ros_exam/install/controller_interfaces/lib'
[0.969s] Level 1:colcon.colcon_core.shell:create_environment_hook('controller_interfaces', 'ld_library_path_lib')
[0.969s] INFO:colcon.colcon_core.shell:Creating environment hook '/home/saifa/Desktop/Ros_exam/install/controller_interfaces/share/controller_interfaces/hook/ld_library_path_lib.ps1'
[0.969s] INFO:colcon.colcon_core.shell:Creating environment descriptor '/home/saifa/Desktop/Ros_exam/install/controller_interfaces/share/controller_interfaces/hook/ld_library_path_lib.dsv'
[0.970s] INFO:colcon.colcon_core.shell:Creating environment hook '/home/saifa/Desktop/Ros_exam/install/controller_interfaces/share/controller_interfaces/hook/ld_library_path_lib.sh'
[0.970s] Level 1:colcon.colcon_core.environment:checking '/home/saifa/Desktop/Ros_exam/install/controller_interfaces/bin'
[0.970s] Level 1:colcon.colcon_core.environment:checking '/home/saifa/Desktop/Ros_exam/install/controller_interfaces/lib/pkgconfig/controller_interfaces.pc'
[0.970s] Level 1:colcon.colcon_core.environment:checking '/home/saifa/Desktop/Ros_exam/install/controller_interfaces/lib/python3.10/site-packages'
[0.970s] Level 1:colcon.colcon_core.environment:checking '/home/saifa/Desktop/Ros_exam/install/controller_interfaces/bin'
[0.970s] INFO:colcon.colcon_core.shell:Creating package script '/home/saifa/Desktop/Ros_exam/install/controller_interfaces/share/controller_interfaces/package.ps1'
[0.971s] INFO:colcon.colcon_core.shell:Creating package descriptor '/home/saifa/Desktop/Ros_exam/install/controller_interfaces/share/controller_interfaces/package.dsv'
[0.971s] INFO:colcon.colcon_core.shell:Creating package script '/home/saifa/Desktop/Ros_exam/install/controller_interfaces/share/controller_interfaces/package.sh'
[0.971s] INFO:colcon.colcon_core.shell:Creating package script '/home/saifa/Desktop/Ros_exam/install/controller_interfaces/share/controller_interfaces/package.bash'
[0.972s] INFO:colcon.colcon_core.shell:Creating package script '/home/saifa/Desktop/Ros_exam/install/controller_interfaces/share/controller_interfaces/package.zsh'
[0.972s] Level 1:colcon.colcon_core.environment:create_file_with_runtime_dependencies(/home/saifa/Desktop/Ros_exam/install/controller_interfaces/share/colcon-core/packages/controller_interfaces)
[1.080s] Level 1:colcon.colcon_core.environment:create_environment_scripts_only(turtlesim_plus_interfaces)
[1.080s] Level 1:colcon.colcon_core.environment:checking '/home/saifa/Desktop/Ros_exam/install/turtlesim_plus_interfaces' for CMake module files
[1.081s] Level 1:colcon.colcon_core.environment:checking '/home/saifa/Desktop/Ros_exam/install/turtlesim_plus_interfaces' for CMake config files
[1.081s] Level 1:colcon.colcon_core.shell:create_environment_hook('turtlesim_plus_interfaces', 'cmake_prefix_path')
[1.081s] INFO:colcon.colcon_core.shell:Creating environment hook '/home/saifa/Desktop/Ros_exam/install/turtlesim_plus_interfaces/share/turtlesim_plus_interfaces/hook/cmake_prefix_path.ps1'
[1.081s] INFO:colcon.colcon_core.shell:Creating environment descriptor '/home/saifa/Desktop/Ros_exam/install/turtlesim_plus_interfaces/share/turtlesim_plus_interfaces/hook/cmake_prefix_path.dsv'
[1.082s] INFO:colcon.colcon_core.shell:Creating environment hook '/home/saifa/Desktop/Ros_exam/install/turtlesim_plus_interfaces/share/turtlesim_plus_interfaces/hook/cmake_prefix_path.sh'
[1.082s] Level 1:colcon.colcon_core.environment:checking '/home/saifa/Desktop/Ros_exam/install/turtlesim_plus_interfaces/lib'
[1.082s] Level 1:colcon.colcon_core.shell:create_environment_hook('turtlesim_plus_interfaces', 'ld_library_path_lib')
[1.082s] INFO:colcon.colcon_core.shell:Creating environment hook '/home/saifa/Desktop/Ros_exam/install/turtlesim_plus_interfaces/share/turtlesim_plus_interfaces/hook/ld_library_path_lib.ps1'
[1.083s] INFO:colcon.colcon_core.shell:Creating environment descriptor '/home/saifa/Desktop/Ros_exam/install/turtlesim_plus_interfaces/share/turtlesim_plus_interfaces/hook/ld_library_path_lib.dsv'
[1.083s] INFO:colcon.colcon_core.shell:Creating environment hook '/home/saifa/Desktop/Ros_exam/install/turtlesim_plus_interfaces/share/turtlesim_plus_interfaces/hook/ld_library_path_lib.sh'
[1.083s] Level 1:colcon.colcon_core.environment:checking '/home/saifa/Desktop/Ros_exam/install/turtlesim_plus_interfaces/bin'
[1.083s] Level 1:colcon.colcon_core.environment:checking '/home/saifa/Desktop/Ros_exam/install/turtlesim_plus_interfaces/lib/pkgconfig/turtlesim_plus_interfaces.pc'
[1.083s] Level 1:colcon.colcon_core.environment:checking '/home/saifa/Desktop/Ros_exam/install/turtlesim_plus_interfaces/lib/python3.10/site-packages'
[1.083s] Level 1:colcon.colcon_core.environment:checking '/home/saifa/Desktop/Ros_exam/install/turtlesim_plus_interfaces/bin'
[1.084s] INFO:colcon.colcon_core.shell:Creating package script '/home/saifa/Desktop/Ros_exam/install/turtlesim_plus_interfaces/share/turtlesim_plus_interfaces/package.ps1'
[1.084s] INFO:colcon.colcon_core.shell:Creating package descriptor '/home/saifa/Desktop/Ros_exam/install/turtlesim_plus_interfaces/share/turtlesim_plus_interfaces/package.dsv'
[1.084s] INFO:colcon.colcon_core.shell:Creating package script '/home/saifa/Desktop/Ros_exam/install/turtlesim_plus_interfaces/share/turtlesim_plus_interfaces/package.sh'
[1.085s] INFO:colcon.colcon_core.shell:Creating package script '/home/saifa/Desktop/Ros_exam/install/turtlesim_plus_interfaces/share/turtlesim_plus_interfaces/package.bash'
[1.085s] INFO:colcon.colcon_core.shell:Creating package script '/home/saifa/Desktop/Ros_exam/install/turtlesim_plus_interfaces/share/turtlesim_plus_interfaces/package.zsh'
[1.085s] Level 1:colcon.colcon_core.environment:create_file_with_runtime_dependencies(/home/saifa/Desktop/Ros_exam/install/turtlesim_plus_interfaces/share/colcon-core/packages/turtlesim_plus_interfaces)
[1.085s] DEBUG:colcon.colcon_parallel_executor.executor.parallel:closing loop
[1.086s] DEBUG:colcon.colcon_parallel_executor.executor.parallel:loop closed
[1.086s] DEBUG:colcon.colcon_parallel_executor.executor.parallel:run_until_complete finished with '0'
[1.086s] DEBUG:colcon.colcon_core.event_reactor:joining thread
[1.090s] INFO:colcon.colcon_core.plugin_system:Skipping extension 'colcon_notification.desktop_notification.terminal_notifier': Not used on non-Darwin systems
[1.091s] INFO:colcon.colcon_core.plugin_system:Skipping extension 'colcon_notification.desktop_notification.win32': Not used on non-Windows systems
[1.091s] INFO:colcon.colcon_notification.desktop_notification:Sending desktop notification using 'notify2'
[1.099s] DEBUG:colcon.colcon_core.event_reactor:joined thread
[1.099s] INFO:colcon.colcon_core.shell:Creating prefix script '/home/saifa/Desktop/Ros_exam/install/local_setup.ps1'
[1.100s] INFO:colcon.colcon_core.shell:Creating prefix util module '/home/saifa/Desktop/Ros_exam/install/_local_setup_util_ps1.py'
[1.101s] INFO:colcon.colcon_core.shell:Creating prefix chain script '/home/saifa/Desktop/Ros_exam/install/setup.ps1'
[1.103s] INFO:colcon.colcon_core.shell:Creating prefix script '/home/saifa/Desktop/Ros_exam/install/local_setup.sh'
[1.103s] INFO:colcon.colcon_core.shell:Creating prefix util module '/home/saifa/Desktop/Ros_exam/install/_local_setup_util_sh.py'
[1.103s] INFO:colcon.colcon_core.shell:Creating prefix chain script '/home/saifa/Desktop/Ros_exam/install/setup.sh'
[1.105s] INFO:colcon.colcon_core.shell:Creating prefix script '/home/saifa/Desktop/Ros_exam/install/local_setup.bash'
[1.106s] INFO:colcon.colcon_core.shell:Creating prefix chain script '/home/saifa/Desktop/Ros_exam/install/setup.bash'
[1.107s] INFO:colcon.colcon_core.shell:Creating prefix script '/home/saifa/Desktop/Ros_exam/install/local_setup.zsh'
[1.108s] INFO:colcon.colcon_core.shell:Creating prefix chain script '/home/saifa/Desktop/Ros_exam/install/setup.zsh'
