[0.021s] Invoking command in '/home/nakarin/RoboticsDevExam2/build/turtlesim_plus': CMAKE_PREFIX_PATH=${CMAKE_PREFIX_PATH}:/home/nakarin/RoboticsDev/install/launch_testing_examples:/home/nakarin/RoboticsDev/install/examples_rclpy_pointcloud_publisher:/home/nakarin/RoboticsDev/install/examples_rclpy_minimal_subscriber:/home/nakarin/RoboticsDev/install/examples_rclpy_minimal_service:/home/nakarin/RoboticsDev/install/examples_rclpy_minimal_publisher:/home/nakarin/RoboticsDev/install/examples_rclpy_minimal_client:/home/nakarin/RoboticsDev/install/examples_rclpy_minimal_action_server:/home/nakarin/RoboticsDev/install/examples_rclpy_minimal_action_client:/home/nakarin/RoboticsDev/install/examples_rclpy_guard_conditions:/home/nakarin/RoboticsDev/install/examples_rclpy_executors:/opt/ros/humble /usr/bin/cmake /home/nakarin/RoboticsDevExam2/src/turtlesim_plus/turtlesim_plus -DCMAKE_INSTALL_PREFIX=/home/nakarin/RoboticsDevExam2/install/turtlesim_plus
[0.078s] -- The C compiler identification is GNU 11.4.0
[0.140s] -- The CXX compiler identification is GNU 11.4.0
[0.149s] -- Detecting C compiler ABI info
[0.222s] -- Detecting C compiler ABI info - done
[0.233s] -- Check for working C compiler: /usr/bin/cc - skipped
[0.234s] -- Detecting C compile features
[0.234s] -- Detecting C compile features - done
[0.237s] -- Detecting CXX compiler ABI info
[0.329s] -- Detecting CXX compiler ABI info - done
[0.343s] -- Check for working CXX compiler: /usr/bin/c++ - skipped
[0.343s] -- Detecting CXX compile features
[0.344s] -- Detecting CXX compile features - done
[0.350s] -- Found ament_cmake: 1.3.10 (/opt/ros/humble/share/ament_cmake/cmake)
[0.575s] -- Found Python3: /usr/bin/python3 (found version "3.10.12") found components: Interpreter 
[0.755s] -- Found rclcpp: 16.0.10 (/opt/ros/humble/share/rclcpp/cmake)
[0.860s] -- Found rosidl_generator_c: 3.1.5 (/opt/ros/humble/share/rosidl_generator_c/cmake)
[0.875s] -- Found rosidl_adapter: 3.1.5 (/opt/ros/humble/share/rosidl_adapter/cmake)
[0.896s] -- Found rosidl_generator_cpp: 3.1.5 (/opt/ros/humble/share/rosidl_generator_cpp/cmake)
[0.924s] -- Using all available rosidl_typesupport_c: rosidl_typesupport_fastrtps_c;rosidl_typesupport_introspection_c
[0.948s] -- Using all available rosidl_typesupport_cpp: rosidl_typesupport_fastrtps_cpp;rosidl_typesupport_introspection_cpp
[1.016s] -- Found rmw_implementation_cmake: 6.1.2 (/opt/ros/humble/share/rmw_implementation_cmake/cmake)
[1.022s] -- Found rmw_fastrtps_cpp: 6.2.7 (/opt/ros/humble/share/rmw_fastrtps_cpp/cmake)
[1.141s] -- Found OpenSSL: /usr/lib/x86_64-linux-gnu/libcrypto.so (found version "3.0.2")  
[1.181s] -- Found FastRTPS: /opt/ros/humble/include  
[1.250s] -- Using RMW implementation 'rmw_fastrtps_cpp' as default
[1.267s] -- Looking for pthread.h
[1.351s] -- Looking for pthread.h - found
[1.351s] -- Performing Test CMAKE_HAVE_LIBC_PTHREAD
[1.429s] -- Performing Test CMAKE_HAVE_LIBC_PTHREAD - Success
[1.430s] -- Found Threads: TRUE  
[1.537s] -- Found rclpy: 3.3.14 (/opt/ros/humble/share/rclpy/cmake)
[1.857s] -- Configuring done
[1.861s] -- Generating done
[1.864s] -- Build files have been written to: /home/nakarin/RoboticsDevExam2/build/turtlesim_plus
[1.880s] Invoked command in '/home/nakarin/RoboticsDevExam2/build/turtlesim_plus' returned '0': CMAKE_PREFIX_PATH=${CMAKE_PREFIX_PATH}:/home/nakarin/RoboticsDev/install/launch_testing_examples:/home/nakarin/RoboticsDev/install/examples_rclpy_pointcloud_publisher:/home/nakarin/RoboticsDev/install/examples_rclpy_minimal_subscriber:/home/nakarin/RoboticsDev/install/examples_rclpy_minimal_service:/home/nakarin/RoboticsDev/install/examples_rclpy_minimal_publisher:/home/nakarin/RoboticsDev/install/examples_rclpy_minimal_client:/home/nakarin/RoboticsDev/install/examples_rclpy_minimal_action_server:/home/nakarin/RoboticsDev/install/examples_rclpy_minimal_action_client:/home/nakarin/RoboticsDev/install/examples_rclpy_guard_conditions:/home/nakarin/RoboticsDev/install/examples_rclpy_executors:/opt/ros/humble /usr/bin/cmake /home/nakarin/RoboticsDevExam2/src/turtlesim_plus/turtlesim_plus -DCMAKE_INSTALL_PREFIX=/home/nakarin/RoboticsDevExam2/install/turtlesim_plus
[1.882s] Invoking command in '/home/nakarin/RoboticsDevExam2/build/turtlesim_plus': CMAKE_PREFIX_PATH=${CMAKE_PREFIX_PATH}:/home/nakarin/RoboticsDev/install/launch_testing_examples:/home/nakarin/RoboticsDev/install/examples_rclpy_pointcloud_publisher:/home/nakarin/RoboticsDev/install/examples_rclpy_minimal_subscriber:/home/nakarin/RoboticsDev/install/examples_rclpy_minimal_service:/home/nakarin/RoboticsDev/install/examples_rclpy_minimal_publisher:/home/nakarin/RoboticsDev/install/examples_rclpy_minimal_client:/home/nakarin/RoboticsDev/install/examples_rclpy_minimal_action_server:/home/nakarin/RoboticsDev/install/examples_rclpy_minimal_action_client:/home/nakarin/RoboticsDev/install/examples_rclpy_guard_conditions:/home/nakarin/RoboticsDev/install/examples_rclpy_executors:/opt/ros/humble /usr/bin/cmake --build /home/nakarin/RoboticsDevExam2/build/turtlesim_plus -- -j8 -l8
[1.973s] Built target ament_cmake_python_copy_turtlesim_plus
[2.417s] running egg_info
[2.418s] creating turtlesim_plus.egg-info
[2.418s] writing turtlesim_plus.egg-info/PKG-INFO
[2.418s] writing dependency_links to turtlesim_plus.egg-info/dependency_links.txt
[2.419s] writing top-level names to turtlesim_plus.egg-info/top_level.txt
[2.419s] writing manifest file 'turtlesim_plus.egg-info/SOURCES.txt'
[2.422s] reading manifest file 'turtlesim_plus.egg-info/SOURCES.txt'
[2.423s] writing manifest file 'turtlesim_plus.egg-info/SOURCES.txt'
[2.476s] Built target ament_cmake_python_build_turtlesim_plus_egg
[2.493s] Invoked command in '/home/nakarin/RoboticsDevExam2/build/turtlesim_plus' returned '0': CMAKE_PREFIX_PATH=${CMAKE_PREFIX_PATH}:/home/nakarin/RoboticsDev/install/launch_testing_examples:/home/nakarin/RoboticsDev/install/examples_rclpy_pointcloud_publisher:/home/nakarin/RoboticsDev/install/examples_rclpy_minimal_subscriber:/home/nakarin/RoboticsDev/install/examples_rclpy_minimal_service:/home/nakarin/RoboticsDev/install/examples_rclpy_minimal_publisher:/home/nakarin/RoboticsDev/install/examples_rclpy_minimal_client:/home/nakarin/RoboticsDev/install/examples_rclpy_minimal_action_server:/home/nakarin/RoboticsDev/install/examples_rclpy_minimal_action_client:/home/nakarin/RoboticsDev/install/examples_rclpy_guard_conditions:/home/nakarin/RoboticsDev/install/examples_rclpy_executors:/opt/ros/humble /usr/bin/cmake --build /home/nakarin/RoboticsDevExam2/build/turtlesim_plus -- -j8 -l8
[2.558s] Invoking command in '/home/nakarin/RoboticsDevExam2/build/turtlesim_plus': CMAKE_PREFIX_PATH=${CMAKE_PREFIX_PATH}:/home/nakarin/RoboticsDev/install/launch_testing_examples:/home/nakarin/RoboticsDev/install/examples_rclpy_pointcloud_publisher:/home/nakarin/RoboticsDev/install/examples_rclpy_minimal_subscriber:/home/nakarin/RoboticsDev/install/examples_rclpy_minimal_service:/home/nakarin/RoboticsDev/install/examples_rclpy_minimal_publisher:/home/nakarin/RoboticsDev/install/examples_rclpy_minimal_client:/home/nakarin/RoboticsDev/install/examples_rclpy_minimal_action_server:/home/nakarin/RoboticsDev/install/examples_rclpy_minimal_action_client:/home/nakarin/RoboticsDev/install/examples_rclpy_guard_conditions:/home/nakarin/RoboticsDev/install/examples_rclpy_executors:/opt/ros/humble /usr/bin/cmake --install /home/nakarin/RoboticsDevExam2/build/turtlesim_plus
[2.572s] -- Install configuration: ""
[2.573s] -- Installing: /home/nakarin/RoboticsDevExam2/install/turtlesim_plus/share/turtlesim_plus/environment/pythonpath.sh
[2.573s] -- Installing: /home/nakarin/RoboticsDevExam2/install/turtlesim_plus/share/turtlesim_plus/environment/pythonpath.dsv
[2.574s] -- Installing: /home/nakarin/RoboticsDevExam2/install/turtlesim_plus/local/lib/python3.10/dist-packages/turtlesim_plus-1.0.0-py3.10.egg-info
[2.574s] -- Installing: /home/nakarin/RoboticsDevExam2/install/turtlesim_plus/local/lib/python3.10/dist-packages/turtlesim_plus-1.0.0-py3.10.egg-info/dependency_links.txt
[2.575s] -- Installing: /home/nakarin/RoboticsDevExam2/install/turtlesim_plus/local/lib/python3.10/dist-packages/turtlesim_plus-1.0.0-py3.10.egg-info/SOURCES.txt
[2.575s] -- Installing: /home/nakarin/RoboticsDevExam2/install/turtlesim_plus/local/lib/python3.10/dist-packages/turtlesim_plus-1.0.0-py3.10.egg-info/PKG-INFO
[2.575s] -- Installing: /home/nakarin/RoboticsDevExam2/install/turtlesim_plus/local/lib/python3.10/dist-packages/turtlesim_plus-1.0.0-py3.10.egg-info/top_level.txt
[2.575s] -- Installing: /home/nakarin/RoboticsDevExam2/install/turtlesim_plus/local/lib/python3.10/dist-packages/turtlesim_plus
[2.576s] -- Installing: /home/nakarin/RoboticsDevExam2/install/turtlesim_plus/local/lib/python3.10/dist-packages/turtlesim_plus/entity.py
[2.576s] -- Installing: /home/nakarin/RoboticsDevExam2/install/turtlesim_plus/local/lib/python3.10/dist-packages/turtlesim_plus/ros2_plugins.py
[2.576s] -- Installing: /home/nakarin/RoboticsDevExam2/install/turtlesim_plus/local/lib/python3.10/dist-packages/turtlesim_plus/__init__.py
[2.577s] -- Installing: /home/nakarin/RoboticsDevExam2/install/turtlesim_plus/local/lib/python3.10/dist-packages/turtlesim_plus/image
[2.579s] -- Installing: /home/nakarin/RoboticsDevExam2/install/turtlesim_plus/local/lib/python3.10/dist-packages/turtlesim_plus/image/turtle
[2.581s] -- Installing: /home/nakarin/RoboticsDevExam2/install/turtlesim_plus/local/lib/python3.10/dist-packages/turtlesim_plus/image/turtle/rolling.png
[2.582s] -- Installing: /home/nakarin/RoboticsDevExam2/install/turtlesim_plus/local/lib/python3.10/dist-packages/turtlesim_plus/image/turtle/dashing.png
[2.582s] -- Installing: /home/nakarin/RoboticsDevExam2/install/turtlesim_plus/local/lib/python3.10/dist-packages/turtlesim_plus/image/turtle/bouncy.png
[2.583s] -- Installing: /home/nakarin/RoboticsDevExam2/install/turtlesim_plus/local/lib/python3.10/dist-packages/turtlesim_plus/image/turtle/eloquent.png
[2.583s] -- Installing: /home/nakarin/RoboticsDevExam2/install/turtlesim_plus/local/lib/python3.10/dist-packages/turtlesim_plus/image/turtle/crystal.png
[2.583s] -- Installing: /home/nakarin/RoboticsDevExam2/install/turtlesim_plus/local/lib/python3.10/dist-packages/turtlesim_plus/image/turtle/galactic.png
[2.583s] -- Installing: /home/nakarin/RoboticsDevExam2/install/turtlesim_plus/local/lib/python3.10/dist-packages/turtlesim_plus/image/turtle/humble.png
[2.583s] -- Installing: /home/nakarin/RoboticsDevExam2/install/turtlesim_plus/local/lib/python3.10/dist-packages/turtlesim_plus/image/turtle/ardent.png
[2.583s] -- Installing: /home/nakarin/RoboticsDevExam2/install/turtlesim_plus/local/lib/python3.10/dist-packages/turtlesim_plus/image/turtle/otto.png
[2.584s] -- Installing: /home/nakarin/RoboticsDevExam2/install/turtlesim_plus/local/lib/python3.10/dist-packages/turtlesim_plus/image/turtle/foxy.png
[2.584s] -- Installing: /home/nakarin/RoboticsDevExam2/install/turtlesim_plus/local/lib/python3.10/dist-packages/turtlesim_plus/image/object
[2.585s] -- Installing: /home/nakarin/RoboticsDevExam2/install/turtlesim_plus/local/lib/python3.10/dist-packages/turtlesim_plus/image/object/pizza.png
[2.586s] -- Installing: /home/nakarin/RoboticsDevExam2/install/turtlesim_plus/local/lib/python3.10/dist-packages/turtlesim_plus/image/object/parcel.png
[2.586s] -- Installing: /home/nakarin/RoboticsDevExam2/install/turtlesim_plus/local/lib/python3.10/dist-packages/turtlesim_plus/image/map
[2.586s] -- Installing: /home/nakarin/RoboticsDevExam2/install/turtlesim_plus/local/lib/python3.10/dist-packages/turtlesim_plus/image/map/map.png
[2.665s] Listing '/home/nakarin/RoboticsDevExam2/install/turtlesim_plus/local/lib/python3.10/dist-packages/turtlesim_plus'...
[2.666s] Compiling '/home/nakarin/RoboticsDevExam2/install/turtlesim_plus/local/lib/python3.10/dist-packages/turtlesim_plus/__init__.py'...
[2.666s] Compiling '/home/nakarin/RoboticsDevExam2/install/turtlesim_plus/local/lib/python3.10/dist-packages/turtlesim_plus/entity.py'...
[2.666s] Listing '/home/nakarin/RoboticsDevExam2/install/turtlesim_plus/local/lib/python3.10/dist-packages/turtlesim_plus/image'...
[2.666s] Listing '/home/nakarin/RoboticsDevExam2/install/turtlesim_plus/local/lib/python3.10/dist-packages/turtlesim_plus/image/map'...
[2.666s] Listing '/home/nakarin/RoboticsDevExam2/install/turtlesim_plus/local/lib/python3.10/dist-packages/turtlesim_plus/image/object'...
[2.666s] Listing '/home/nakarin/RoboticsDevExam2/install/turtlesim_plus/local/lib/python3.10/dist-packages/turtlesim_plus/image/turtle'...
[2.666s] Compiling '/home/nakarin/RoboticsDevExam2/install/turtlesim_plus/local/lib/python3.10/dist-packages/turtlesim_plus/ros2_plugins.py'...
[2.674s] -- Installing: /home/nakarin/RoboticsDevExam2/install/turtlesim_plus/lib/turtlesim_plus/turtlesim_plus_node2.py
[2.674s] -- Installing: /home/nakarin/RoboticsDevExam2/install/turtlesim_plus/lib/turtlesim_plus/pizza_on_click.py
[2.674s] -- Up-to-date: /home/nakarin/RoboticsDevExam2/install/turtlesim_plus/share/turtlesim_plus
[2.675s] -- Installing: /home/nakarin/RoboticsDevExam2/install/turtlesim_plus/share/ament_index/resource_index/package_run_dependencies/turtlesim_plus
[2.676s] -- Installing: /home/nakarin/RoboticsDevExam2/install/turtlesim_plus/share/ament_index/resource_index/parent_prefix_path/turtlesim_plus
[2.676s] -- Installing: /home/nakarin/RoboticsDevExam2/install/turtlesim_plus/share/turtlesim_plus/environment/ament_prefix_path.sh
[2.676s] -- Installing: /home/nakarin/RoboticsDevExam2/install/turtlesim_plus/share/turtlesim_plus/environment/ament_prefix_path.dsv
[2.676s] -- Installing: /home/nakarin/RoboticsDevExam2/install/turtlesim_plus/share/turtlesim_plus/environment/path.sh
[2.677s] -- Installing: /home/nakarin/RoboticsDevExam2/install/turtlesim_plus/share/turtlesim_plus/environment/path.dsv
[2.677s] -- Installing: /home/nakarin/RoboticsDevExam2/install/turtlesim_plus/share/turtlesim_plus/local_setup.bash
[2.677s] -- Installing: /home/nakarin/RoboticsDevExam2/install/turtlesim_plus/share/turtlesim_plus/local_setup.sh
[2.677s] -- Installing: /home/nakarin/RoboticsDevExam2/install/turtlesim_plus/share/turtlesim_plus/local_setup.zsh
[2.677s] -- Installing: /home/nakarin/RoboticsDevExam2/install/turtlesim_plus/share/turtlesim_plus/local_setup.dsv
[2.677s] -- Installing: /home/nakarin/RoboticsDevExam2/install/turtlesim_plus/share/turtlesim_plus/package.dsv
[2.677s] -- Installing: /home/nakarin/RoboticsDevExam2/install/turtlesim_plus/share/ament_index/resource_index/packages/turtlesim_plus
[2.679s] -- Installing: /home/nakarin/RoboticsDevExam2/install/turtlesim_plus/share/turtlesim_plus/cmake/turtlesim_plusConfig.cmake
[2.679s] -- Installing: /home/nakarin/RoboticsDevExam2/install/turtlesim_plus/share/turtlesim_plus/cmake/turtlesim_plusConfig-version.cmake
[2.679s] -- Installing: /home/nakarin/RoboticsDevExam2/install/turtlesim_plus/share/turtlesim_plus/package.xml
[2.682s] Invoked command in '/home/nakarin/RoboticsDevExam2/build/turtlesim_plus' returned '0': CMAKE_PREFIX_PATH=${CMAKE_PREFIX_PATH}:/home/nakarin/RoboticsDev/install/launch_testing_examples:/home/nakarin/RoboticsDev/install/examples_rclpy_pointcloud_publisher:/home/nakarin/RoboticsDev/install/examples_rclpy_minimal_subscriber:/home/nakarin/RoboticsDev/install/examples_rclpy_minimal_service:/home/nakarin/RoboticsDev/install/examples_rclpy_minimal_publisher:/home/nakarin/RoboticsDev/install/examples_rclpy_minimal_client:/home/nakarin/RoboticsDev/install/examples_rclpy_minimal_action_server:/home/nakarin/RoboticsDev/install/examples_rclpy_minimal_action_client:/home/nakarin/RoboticsDev/install/examples_rclpy_guard_conditions:/home/nakarin/RoboticsDev/install/examples_rclpy_executors:/opt/ros/humble /usr/bin/cmake --install /home/nakarin/RoboticsDevExam2/build/turtlesim_plus
