[0.037s] Invoking command in '/home/nakarin/RoboticsDevExam2/build/controller_interfaces': CMAKE_PREFIX_PATH=${CMAKE_PREFIX_PATH}:/home/nakarin/RoboticsDev/install/launch_testing_examples:/home/nakarin/RoboticsDev/install/examples_rclpy_pointcloud_publisher:/home/nakarin/RoboticsDev/install/examples_rclpy_minimal_subscriber:/home/nakarin/RoboticsDev/install/examples_rclpy_minimal_service:/home/nakarin/RoboticsDev/install/examples_rclpy_minimal_publisher:/home/nakarin/RoboticsDev/install/examples_rclpy_minimal_client:/home/nakarin/RoboticsDev/install/examples_rclpy_minimal_action_server:/home/nakarin/RoboticsDev/install/examples_rclpy_minimal_action_client:/home/nakarin/RoboticsDev/install/examples_rclpy_guard_conditions:/home/nakarin/RoboticsDev/install/examples_rclpy_executors:/opt/ros/humble /usr/bin/cmake --build /home/nakarin/RoboticsDevExam2/build/controller_interfaces -- -j8 -l8
[0.109s] [  2%] Built target controller_interfaces__cpp
[0.113s] [ 12%] Built target controller_interfaces__rosidl_generator_c
[0.128s] [ 12%] Built target ament_cmake_python_copy_controller_interfaces
[0.181s] [ 23%] Built target controller_interfaces__rosidl_typesupport_cpp
[0.182s] [ 33%] Built target controller_interfaces__rosidl_typesupport_introspection_cpp
[0.191s] [ 43%] Built target controller_interfaces__rosidl_typesupport_introspection_c
[0.191s] [ 53%] Built target controller_interfaces__rosidl_typesupport_fastrtps_cpp
[0.199s] [ 64%] Built target controller_interfaces__rosidl_typesupport_c
[0.200s] [ 74%] Built target controller_interfaces__rosidl_typesupport_fastrtps_c
[0.264s] [ 74%] Built target controller_interfaces
[0.318s] [ 76%] Built target controller_interfaces__py
[0.354s] [ 84%] Built target controller_interfaces__rosidl_generator_py
[0.409s] [ 89%] Built target controller_interfaces__rosidl_typesupport_fastrtps_c__pyext
[0.431s] [ 94%] Built target controller_interfaces__rosidl_typesupport_introspection_c__pyext
[0.433s] [100%] Built target controller_interfaces__rosidl_typesupport_c__pyext
[0.728s] running egg_info
[0.730s] writing controller_interfaces.egg-info/PKG-INFO
[0.730s] writing dependency_links to controller_interfaces.egg-info/dependency_links.txt
[0.730s] writing top-level names to controller_interfaces.egg-info/top_level.txt
[0.734s] reading manifest file 'controller_interfaces.egg-info/SOURCES.txt'
[0.736s] writing manifest file 'controller_interfaces.egg-info/SOURCES.txt'
[0.788s] [100%] Built target ament_cmake_python_build_controller_interfaces_egg
[0.807s] Invoked command in '/home/nakarin/RoboticsDevExam2/build/controller_interfaces' returned '0': CMAKE_PREFIX_PATH=${CMAKE_PREFIX_PATH}:/home/nakarin/RoboticsDev/install/launch_testing_examples:/home/nakarin/RoboticsDev/install/examples_rclpy_pointcloud_publisher:/home/nakarin/RoboticsDev/install/examples_rclpy_minimal_subscriber:/home/nakarin/RoboticsDev/install/examples_rclpy_minimal_service:/home/nakarin/RoboticsDev/install/examples_rclpy_minimal_publisher:/home/nakarin/RoboticsDev/install/examples_rclpy_minimal_client:/home/nakarin/RoboticsDev/install/examples_rclpy_minimal_action_server:/home/nakarin/RoboticsDev/install/examples_rclpy_minimal_action_client:/home/nakarin/RoboticsDev/install/examples_rclpy_guard_conditions:/home/nakarin/RoboticsDev/install/examples_rclpy_executors:/opt/ros/humble /usr/bin/cmake --build /home/nakarin/RoboticsDevExam2/build/controller_interfaces -- -j8 -l8
[0.924s] Invoking command in '/home/nakarin/RoboticsDevExam2/build/controller_interfaces': CMAKE_PREFIX_PATH=${CMAKE_PREFIX_PATH}:/home/nakarin/RoboticsDev/install/launch_testing_examples:/home/nakarin/RoboticsDev/install/examples_rclpy_pointcloud_publisher:/home/nakarin/RoboticsDev/install/examples_rclpy_minimal_subscriber:/home/nakarin/RoboticsDev/install/examples_rclpy_minimal_service:/home/nakarin/RoboticsDev/install/examples_rclpy_minimal_publisher:/home/nakarin/RoboticsDev/install/examples_rclpy_minimal_client:/home/nakarin/RoboticsDev/install/examples_rclpy_minimal_action_server:/home/nakarin/RoboticsDev/install/examples_rclpy_minimal_action_client:/home/nakarin/RoboticsDev/install/examples_rclpy_guard_conditions:/home/nakarin/RoboticsDev/install/examples_rclpy_executors:/opt/ros/humble /usr/bin/cmake --install /home/nakarin/RoboticsDevExam2/build/controller_interfaces
[0.934s] -- Install configuration: ""
[0.934s] -- Up-to-date: /home/nakarin/RoboticsDevExam2/install/controller_interfaces/share/ament_index/resource_index/rosidl_interfaces/controller_interfaces
[0.934s] -- Up-to-date: /home/nakarin/RoboticsDevExam2/install/controller_interfaces/include/controller_interfaces/controller_interfaces
[0.934s] -- Up-to-date: /home/nakarin/RoboticsDevExam2/install/controller_interfaces/include/controller_interfaces/controller_interfaces/msg
[0.934s] -- Up-to-date: /home/nakarin/RoboticsDevExam2/install/controller_interfaces/include/controller_interfaces/controller_interfaces/msg/rosidl_generator_c__visibility_control.h
[0.934s] -- Up-to-date: /home/nakarin/RoboticsDevExam2/install/controller_interfaces/include/controller_interfaces/controller_interfaces/srv
[0.935s] -- Up-to-date: /home/nakarin/RoboticsDevExam2/install/controller_interfaces/include/controller_interfaces/controller_interfaces/srv/detail
[0.935s] -- Up-to-date: /home/nakarin/RoboticsDevExam2/install/controller_interfaces/include/controller_interfaces/controller_interfaces/srv/detail/set_target__functions.c
[0.935s] -- Up-to-date: /home/nakarin/RoboticsDevExam2/install/controller_interfaces/include/controller_interfaces/controller_interfaces/srv/detail/set_param__struct.h
[0.935s] -- Up-to-date: /home/nakarin/RoboticsDevExam2/install/controller_interfaces/include/controller_interfaces/controller_interfaces/srv/detail/set_target__functions.h
[0.936s] -- Up-to-date: /home/nakarin/RoboticsDevExam2/install/controller_interfaces/include/controller_interfaces/controller_interfaces/srv/detail/set_param__functions.c
[0.936s] -- Up-to-date: /home/nakarin/RoboticsDevExam2/install/controller_interfaces/include/controller_interfaces/controller_interfaces/srv/detail/set_target__type_support.h
[0.936s] -- Up-to-date: /home/nakarin/RoboticsDevExam2/install/controller_interfaces/include/controller_interfaces/controller_interfaces/srv/detail/set_target__struct.h
[0.936s] -- Up-to-date: /home/nakarin/RoboticsDevExam2/install/controller_interfaces/include/controller_interfaces/controller_interfaces/srv/detail/set_param__type_support.h
[0.936s] -- Up-to-date: /home/nakarin/RoboticsDevExam2/install/controller_interfaces/include/controller_interfaces/controller_interfaces/srv/detail/set_param__functions.h
[0.936s] -- Up-to-date: /home/nakarin/RoboticsDevExam2/install/controller_interfaces/include/controller_interfaces/controller_interfaces/srv/set_param.h
[0.936s] -- Up-to-date: /home/nakarin/RoboticsDevExam2/install/controller_interfaces/include/controller_interfaces/controller_interfaces/srv/set_target.h
[0.937s] -- Up-to-date: /home/nakarin/RoboticsDevExam2/install/controller_interfaces/share/controller_interfaces/environment/library_path.sh
[0.937s] -- Up-to-date: /home/nakarin/RoboticsDevExam2/install/controller_interfaces/share/controller_interfaces/environment/library_path.dsv
[0.937s] -- Up-to-date: /home/nakarin/RoboticsDevExam2/install/controller_interfaces/lib/libcontroller_interfaces__rosidl_generator_c.so
[0.937s] -- Up-to-date: /home/nakarin/RoboticsDevExam2/install/controller_interfaces/include/controller_interfaces/controller_interfaces
[0.938s] -- Up-to-date: /home/nakarin/RoboticsDevExam2/install/controller_interfaces/include/controller_interfaces/controller_interfaces/msg
[0.938s] -- Up-to-date: /home/nakarin/RoboticsDevExam2/install/controller_interfaces/include/controller_interfaces/controller_interfaces/msg/rosidl_typesupport_fastrtps_c__visibility_control.h
[0.938s] -- Up-to-date: /home/nakarin/RoboticsDevExam2/install/controller_interfaces/include/controller_interfaces/controller_interfaces/srv
[0.938s] -- Up-to-date: /home/nakarin/RoboticsDevExam2/install/controller_interfaces/include/controller_interfaces/controller_interfaces/srv/detail
[0.938s] -- Up-to-date: /home/nakarin/RoboticsDevExam2/install/controller_interfaces/include/controller_interfaces/controller_interfaces/srv/detail/set_param__rosidl_typesupport_fastrtps_c.h
[0.938s] -- Up-to-date: /home/nakarin/RoboticsDevExam2/install/controller_interfaces/include/controller_interfaces/controller_interfaces/srv/detail/set_target__rosidl_typesupport_fastrtps_c.h
[0.938s] -- Up-to-date: /home/nakarin/RoboticsDevExam2/install/controller_interfaces/lib/libcontroller_interfaces__rosidl_typesupport_fastrtps_c.so
[0.939s] -- Up-to-date: /home/nakarin/RoboticsDevExam2/install/controller_interfaces/include/controller_interfaces/controller_interfaces
[0.939s] -- Up-to-date: /home/nakarin/RoboticsDevExam2/install/controller_interfaces/include/controller_interfaces/controller_interfaces/srv
[0.939s] -- Up-to-date: /home/nakarin/RoboticsDevExam2/install/controller_interfaces/include/controller_interfaces/controller_interfaces/srv/set_target.hpp
[0.939s] -- Up-to-date: /home/nakarin/RoboticsDevExam2/install/controller_interfaces/include/controller_interfaces/controller_interfaces/srv/detail
[0.939s] -- Up-to-date: /home/nakarin/RoboticsDevExam2/install/controller_interfaces/include/controller_interfaces/controller_interfaces/srv/detail/set_param__traits.hpp
[0.939s] -- Up-to-date: /home/nakarin/RoboticsDevExam2/install/controller_interfaces/include/controller_interfaces/controller_interfaces/srv/detail/set_target__traits.hpp
[0.940s] -- Up-to-date: /home/nakarin/RoboticsDevExam2/install/controller_interfaces/include/controller_interfaces/controller_interfaces/srv/detail/set_target__builder.hpp
[0.940s] -- Up-to-date: /home/nakarin/RoboticsDevExam2/install/controller_interfaces/include/controller_interfaces/controller_interfaces/srv/detail/set_param__struct.hpp
[0.940s] -- Up-to-date: /home/nakarin/RoboticsDevExam2/install/controller_interfaces/include/controller_interfaces/controller_interfaces/srv/detail/set_param__builder.hpp
[0.940s] -- Up-to-date: /home/nakarin/RoboticsDevExam2/install/controller_interfaces/include/controller_interfaces/controller_interfaces/srv/detail/set_target__struct.hpp
[0.941s] -- Up-to-date: /home/nakarin/RoboticsDevExam2/install/controller_interfaces/include/controller_interfaces/controller_interfaces/srv/set_param.hpp
[0.941s] -- Up-to-date: /home/nakarin/RoboticsDevExam2/install/controller_interfaces/include/controller_interfaces/controller_interfaces
[0.941s] -- Up-to-date: /home/nakarin/RoboticsDevExam2/install/controller_interfaces/include/controller_interfaces/controller_interfaces/msg
[0.941s] -- Up-to-date: /home/nakarin/RoboticsDevExam2/install/controller_interfaces/include/controller_interfaces/controller_interfaces/msg/rosidl_typesupport_fastrtps_cpp__visibility_control.h
[0.941s] -- Up-to-date: /home/nakarin/RoboticsDevExam2/install/controller_interfaces/include/controller_interfaces/controller_interfaces/srv
[0.941s] -- Up-to-date: /home/nakarin/RoboticsDevExam2/install/controller_interfaces/include/controller_interfaces/controller_interfaces/srv/detail
[0.941s] -- Up-to-date: /home/nakarin/RoboticsDevExam2/install/controller_interfaces/include/controller_interfaces/controller_interfaces/srv/detail/set_param__rosidl_typesupport_fastrtps_cpp.hpp
[0.942s] -- Up-to-date: /home/nakarin/RoboticsDevExam2/install/controller_interfaces/include/controller_interfaces/controller_interfaces/srv/detail/dds_fastrtps
[0.945s] -- Up-to-date: /home/nakarin/RoboticsDevExam2/install/controller_interfaces/include/controller_interfaces/controller_interfaces/srv/detail/set_target__rosidl_typesupport_fastrtps_cpp.hpp
[0.945s] -- Up-to-date: /home/nakarin/RoboticsDevExam2/install/controller_interfaces/lib/libcontroller_interfaces__rosidl_typesupport_fastrtps_cpp.so
[0.945s] -- Up-to-date: /home/nakarin/RoboticsDevExam2/install/controller_interfaces/include/controller_interfaces/controller_interfaces
[0.946s] -- Up-to-date: /home/nakarin/RoboticsDevExam2/install/controller_interfaces/include/controller_interfaces/controller_interfaces/msg
[0.946s] -- Up-to-date: /home/nakarin/RoboticsDevExam2/install/controller_interfaces/include/controller_interfaces/controller_interfaces/msg/rosidl_typesupport_introspection_c__visibility_control.h
[0.946s] -- Up-to-date: /home/nakarin/RoboticsDevExam2/install/controller_interfaces/include/controller_interfaces/controller_interfaces/srv
[0.946s] -- Up-to-date: /home/nakarin/RoboticsDevExam2/install/controller_interfaces/include/controller_interfaces/controller_interfaces/srv/detail
[0.946s] -- Up-to-date: /home/nakarin/RoboticsDevExam2/install/controller_interfaces/include/controller_interfaces/controller_interfaces/srv/detail/set_target__rosidl_typesupport_introspection_c.h
[0.946s] -- Up-to-date: /home/nakarin/RoboticsDevExam2/install/controller_interfaces/include/controller_interfaces/controller_interfaces/srv/detail/set_param__rosidl_typesupport_introspection_c.h
[0.947s] -- Up-to-date: /home/nakarin/RoboticsDevExam2/install/controller_interfaces/include/controller_interfaces/controller_interfaces/srv/detail/set_param__type_support.c
[0.947s] -- Up-to-date: /home/nakarin/RoboticsDevExam2/install/controller_interfaces/include/controller_interfaces/controller_interfaces/srv/detail/set_target__type_support.c
[0.947s] -- Up-to-date: /home/nakarin/RoboticsDevExam2/install/controller_interfaces/lib/libcontroller_interfaces__rosidl_typesupport_introspection_c.so
[0.947s] -- Up-to-date: /home/nakarin/RoboticsDevExam2/install/controller_interfaces/lib/libcontroller_interfaces__rosidl_typesupport_c.so
[0.947s] -- Up-to-date: /home/nakarin/RoboticsDevExam2/install/controller_interfaces/include/controller_interfaces/controller_interfaces
[0.947s] -- Up-to-date: /home/nakarin/RoboticsDevExam2/install/controller_interfaces/include/controller_interfaces/controller_interfaces/srv
[0.948s] -- Up-to-date: /home/nakarin/RoboticsDevExam2/install/controller_interfaces/include/controller_interfaces/controller_interfaces/srv/detail
[0.948s] -- Up-to-date: /home/nakarin/RoboticsDevExam2/install/controller_interfaces/include/controller_interfaces/controller_interfaces/srv/detail/set_param__type_support.cpp
[0.948s] -- Up-to-date: /home/nakarin/RoboticsDevExam2/install/controller_interfaces/include/controller_interfaces/controller_interfaces/srv/detail/set_param__rosidl_typesupport_introspection_cpp.hpp
[0.948s] -- Up-to-date: /home/nakarin/RoboticsDevExam2/install/controller_interfaces/include/controller_interfaces/controller_interfaces/srv/detail/set_target__type_support.cpp
[0.949s] -- Up-to-date: /home/nakarin/RoboticsDevExam2/install/controller_interfaces/include/controller_interfaces/controller_interfaces/srv/detail/set_target__rosidl_typesupport_introspection_cpp.hpp
[0.949s] -- Up-to-date: /home/nakarin/RoboticsDevExam2/install/controller_interfaces/lib/libcontroller_interfaces__rosidl_typesupport_introspection_cpp.so
[0.949s] -- Up-to-date: /home/nakarin/RoboticsDevExam2/install/controller_interfaces/lib/libcontroller_interfaces__rosidl_typesupport_cpp.so
[0.949s] -- Up-to-date: /home/nakarin/RoboticsDevExam2/install/controller_interfaces/share/controller_interfaces/environment/pythonpath.sh
[0.949s] -- Up-to-date: /home/nakarin/RoboticsDevExam2/install/controller_interfaces/share/controller_interfaces/environment/pythonpath.dsv
[0.949s] -- Up-to-date: /home/nakarin/RoboticsDevExam2/install/controller_interfaces/local/lib/python3.10/dist-packages/controller_interfaces-0.0.0-py3.10.egg-info
[0.949s] -- Installing: /home/nakarin/RoboticsDevExam2/install/controller_interfaces/local/lib/python3.10/dist-packages/controller_interfaces-0.0.0-py3.10.egg-info/dependency_links.txt
[0.950s] -- Installing: /home/nakarin/RoboticsDevExam2/install/controller_interfaces/local/lib/python3.10/dist-packages/controller_interfaces-0.0.0-py3.10.egg-info/SOURCES.txt
[0.950s] -- Installing: /home/nakarin/RoboticsDevExam2/install/controller_interfaces/local/lib/python3.10/dist-packages/controller_interfaces-0.0.0-py3.10.egg-info/PKG-INFO
[0.950s] -- Installing: /home/nakarin/RoboticsDevExam2/install/controller_interfaces/local/lib/python3.10/dist-packages/controller_interfaces-0.0.0-py3.10.egg-info/top_level.txt
[0.950s] -- Up-to-date: /home/nakarin/RoboticsDevExam2/install/controller_interfaces/local/lib/python3.10/dist-packages/controller_interfaces
[0.950s] -- Up-to-date: /home/nakarin/RoboticsDevExam2/install/controller_interfaces/local/lib/python3.10/dist-packages/controller_interfaces/_controller_interfaces_s.ep.rosidl_typesupport_fastrtps_c.c
[0.950s] -- Up-to-date: /home/nakarin/RoboticsDevExam2/install/controller_interfaces/local/lib/python3.10/dist-packages/controller_interfaces/controller_interfaces_s__rosidl_typesupport_c.cpython-310-x86_64-linux-gnu.so
[0.950s] -- Up-to-date: /home/nakarin/RoboticsDevExam2/install/controller_interfaces/local/lib/python3.10/dist-packages/controller_interfaces/_controller_interfaces_s.ep.rosidl_typesupport_c.c
[0.950s] -- Up-to-date: /home/nakarin/RoboticsDevExam2/install/controller_interfaces/local/lib/python3.10/dist-packages/controller_interfaces/controller_interfaces_s__rosidl_typesupport_introspection_c.cpython-310-x86_64-linux-gnu.so
[0.951s] -- Up-to-date: /home/nakarin/RoboticsDevExam2/install/controller_interfaces/local/lib/python3.10/dist-packages/controller_interfaces/libcontroller_interfaces__rosidl_generator_py.so
[0.951s] -- Up-to-date: /home/nakarin/RoboticsDevExam2/install/controller_interfaces/local/lib/python3.10/dist-packages/controller_interfaces/__init__.py
[0.951s] -- Up-to-date: /home/nakarin/RoboticsDevExam2/install/controller_interfaces/local/lib/python3.10/dist-packages/controller_interfaces/srv
[0.951s] -- Up-to-date: /home/nakarin/RoboticsDevExam2/install/controller_interfaces/local/lib/python3.10/dist-packages/controller_interfaces/srv/_set_param.py
[0.951s] -- Up-to-date: /home/nakarin/RoboticsDevExam2/install/controller_interfaces/local/lib/python3.10/dist-packages/controller_interfaces/srv/__init__.py
[0.951s] -- Up-to-date: /home/nakarin/RoboticsDevExam2/install/controller_interfaces/local/lib/python3.10/dist-packages/controller_interfaces/srv/_set_target_s.c
[0.951s] -- Up-to-date: /home/nakarin/RoboticsDevExam2/install/controller_interfaces/local/lib/python3.10/dist-packages/controller_interfaces/srv/_set_param_s.c
[0.951s] -- Up-to-date: /home/nakarin/RoboticsDevExam2/install/controller_interfaces/local/lib/python3.10/dist-packages/controller_interfaces/srv/_set_target.py
[0.952s] -- Up-to-date: /home/nakarin/RoboticsDevExam2/install/controller_interfaces/local/lib/python3.10/dist-packages/controller_interfaces/controller_interfaces_s__rosidl_typesupport_fastrtps_c.cpython-310-x86_64-linux-gnu.so
[0.952s] -- Up-to-date: /home/nakarin/RoboticsDevExam2/install/controller_interfaces/local/lib/python3.10/dist-packages/controller_interfaces/_controller_interfaces_s.ep.rosidl_typesupport_introspection_c.c
[0.992s] Listing '/home/nakarin/RoboticsDevExam2/install/controller_interfaces/local/lib/python3.10/dist-packages/controller_interfaces'...
[0.993s] Listing '/home/nakarin/RoboticsDevExam2/install/controller_interfaces/local/lib/python3.10/dist-packages/controller_interfaces/srv'...
[1.000s] -- Up-to-date: /home/nakarin/RoboticsDevExam2/install/controller_interfaces/local/lib/python3.10/dist-packages/controller_interfaces/controller_interfaces_s__rosidl_typesupport_fastrtps_c.cpython-310-x86_64-linux-gnu.so
[1.000s] -- Up-to-date: /home/nakarin/RoboticsDevExam2/install/controller_interfaces/local/lib/python3.10/dist-packages/controller_interfaces/controller_interfaces_s__rosidl_typesupport_introspection_c.cpython-310-x86_64-linux-gnu.so
[1.000s] -- Up-to-date: /home/nakarin/RoboticsDevExam2/install/controller_interfaces/local/lib/python3.10/dist-packages/controller_interfaces/controller_interfaces_s__rosidl_typesupport_c.cpython-310-x86_64-linux-gnu.so
[1.000s] -- Up-to-date: /home/nakarin/RoboticsDevExam2/install/controller_interfaces/lib/libcontroller_interfaces__rosidl_generator_py.so
[1.000s] -- Up-to-date: /home/nakarin/RoboticsDevExam2/install/controller_interfaces/share/controller_interfaces/srv/SetParam.idl
[1.000s] -- Up-to-date: /home/nakarin/RoboticsDevExam2/install/controller_interfaces/share/controller_interfaces/srv/SetTarget.idl
[1.000s] -- Up-to-date: /home/nakarin/RoboticsDevExam2/install/controller_interfaces/share/controller_interfaces/srv/SetParam.srv
[1.000s] -- Up-to-date: /home/nakarin/RoboticsDevExam2/install/controller_interfaces/share/controller_interfaces/srv/SetParam_Request.msg
[1.000s] -- Up-to-date: /home/nakarin/RoboticsDevExam2/install/controller_interfaces/share/controller_interfaces/srv/SetParam_Response.msg
[1.001s] -- Up-to-date: /home/nakarin/RoboticsDevExam2/install/controller_interfaces/share/controller_interfaces/srv/SetTarget.srv
[1.001s] -- Up-to-date: /home/nakarin/RoboticsDevExam2/install/controller_interfaces/share/controller_interfaces/srv/SetTarget_Request.msg
[1.001s] -- Up-to-date: /home/nakarin/RoboticsDevExam2/install/controller_interfaces/share/controller_interfaces/srv/SetTarget_Response.msg
[1.001s] -- Up-to-date: /home/nakarin/RoboticsDevExam2/install/controller_interfaces/share/ament_index/resource_index/package_run_dependencies/controller_interfaces
[1.001s] -- Up-to-date: /home/nakarin/RoboticsDevExam2/install/controller_interfaces/share/ament_index/resource_index/parent_prefix_path/controller_interfaces
[1.001s] -- Up-to-date: /home/nakarin/RoboticsDevExam2/install/controller_interfaces/share/controller_interfaces/environment/ament_prefix_path.sh
[1.001s] -- Up-to-date: /home/nakarin/RoboticsDevExam2/install/controller_interfaces/share/controller_interfaces/environment/ament_prefix_path.dsv
[1.001s] -- Up-to-date: /home/nakarin/RoboticsDevExam2/install/controller_interfaces/share/controller_interfaces/environment/path.sh
[1.001s] -- Up-to-date: /home/nakarin/RoboticsDevExam2/install/controller_interfaces/share/controller_interfaces/environment/path.dsv
[1.002s] -- Up-to-date: /home/nakarin/RoboticsDevExam2/install/controller_interfaces/share/controller_interfaces/local_setup.bash
[1.002s] -- Up-to-date: /home/nakarin/RoboticsDevExam2/install/controller_interfaces/share/controller_interfaces/local_setup.sh
[1.002s] -- Up-to-date: /home/nakarin/RoboticsDevExam2/install/controller_interfaces/share/controller_interfaces/local_setup.zsh
[1.002s] -- Up-to-date: /home/nakarin/RoboticsDevExam2/install/controller_interfaces/share/controller_interfaces/local_setup.dsv
[1.002s] -- Installing: /home/nakarin/RoboticsDevExam2/install/controller_interfaces/share/controller_interfaces/package.dsv
[1.002s] -- Up-to-date: /home/nakarin/RoboticsDevExam2/install/controller_interfaces/share/ament_index/resource_index/packages/controller_interfaces
[1.002s] -- Up-to-date: /home/nakarin/RoboticsDevExam2/install/controller_interfaces/share/controller_interfaces/cmake/export_controller_interfaces__rosidl_generator_cExport.cmake
[1.003s] -- Up-to-date: /home/nakarin/RoboticsDevExam2/install/controller_interfaces/share/controller_interfaces/cmake/export_controller_interfaces__rosidl_generator_cExport-noconfig.cmake
[1.003s] -- Up-to-date: /home/nakarin/RoboticsDevExam2/install/controller_interfaces/share/controller_interfaces/cmake/export_controller_interfaces__rosidl_typesupport_fastrtps_cExport.cmake
[1.003s] -- Up-to-date: /home/nakarin/RoboticsDevExam2/install/controller_interfaces/share/controller_interfaces/cmake/export_controller_interfaces__rosidl_typesupport_fastrtps_cExport-noconfig.cmake
[1.003s] -- Up-to-date: /home/nakarin/RoboticsDevExam2/install/controller_interfaces/share/controller_interfaces/cmake/export_controller_interfaces__rosidl_generator_cppExport.cmake
[1.003s] -- Up-to-date: /home/nakarin/RoboticsDevExam2/install/controller_interfaces/share/controller_interfaces/cmake/export_controller_interfaces__rosidl_typesupport_fastrtps_cppExport.cmake
[1.003s] -- Up-to-date: /home/nakarin/RoboticsDevExam2/install/controller_interfaces/share/controller_interfaces/cmake/export_controller_interfaces__rosidl_typesupport_fastrtps_cppExport-noconfig.cmake
[1.003s] -- Up-to-date: /home/nakarin/RoboticsDevExam2/install/controller_interfaces/share/controller_interfaces/cmake/controller_interfaces__rosidl_typesupport_introspection_cExport.cmake
[1.004s] -- Up-to-date: /home/nakarin/RoboticsDevExam2/install/controller_interfaces/share/controller_interfaces/cmake/controller_interfaces__rosidl_typesupport_introspection_cExport-noconfig.cmake
[1.004s] -- Up-to-date: /home/nakarin/RoboticsDevExam2/install/controller_interfaces/share/controller_interfaces/cmake/controller_interfaces__rosidl_typesupport_cExport.cmake
[1.004s] -- Up-to-date: /home/nakarin/RoboticsDevExam2/install/controller_interfaces/share/controller_interfaces/cmake/controller_interfaces__rosidl_typesupport_cExport-noconfig.cmake
[1.004s] -- Up-to-date: /home/nakarin/RoboticsDevExam2/install/controller_interfaces/share/controller_interfaces/cmake/controller_interfaces__rosidl_typesupport_introspection_cppExport.cmake
[1.004s] -- Up-to-date: /home/nakarin/RoboticsDevExam2/install/controller_interfaces/share/controller_interfaces/cmake/controller_interfaces__rosidl_typesupport_introspection_cppExport-noconfig.cmake
[1.004s] -- Up-to-date: /home/nakarin/RoboticsDevExam2/install/controller_interfaces/share/controller_interfaces/cmake/controller_interfaces__rosidl_typesupport_cppExport.cmake
[1.004s] -- Up-to-date: /home/nakarin/RoboticsDevExam2/install/controller_interfaces/share/controller_interfaces/cmake/controller_interfaces__rosidl_typesupport_cppExport-noconfig.cmake
[1.004s] -- Up-to-date: /home/nakarin/RoboticsDevExam2/install/controller_interfaces/share/controller_interfaces/cmake/export_controller_interfaces__rosidl_generator_pyExport.cmake
[1.004s] -- Up-to-date: /home/nakarin/RoboticsDevExam2/install/controller_interfaces/share/controller_interfaces/cmake/export_controller_interfaces__rosidl_generator_pyExport-noconfig.cmake
[1.004s] -- Up-to-date: /home/nakarin/RoboticsDevExam2/install/controller_interfaces/share/controller_interfaces/cmake/rosidl_cmake-extras.cmake
[1.004s] -- Up-to-date: /home/nakarin/RoboticsDevExam2/install/controller_interfaces/share/controller_interfaces/cmake/ament_cmake_export_dependencies-extras.cmake
[1.005s] -- Up-to-date: /home/nakarin/RoboticsDevExam2/install/controller_interfaces/share/controller_interfaces/cmake/ament_cmake_export_include_directories-extras.cmake
[1.005s] -- Up-to-date: /home/nakarin/RoboticsDevExam2/install/controller_interfaces/share/controller_interfaces/cmake/ament_cmake_export_libraries-extras.cmake
[1.005s] -- Up-to-date: /home/nakarin/RoboticsDevExam2/install/controller_interfaces/share/controller_interfaces/cmake/ament_cmake_export_targets-extras.cmake
[1.005s] -- Up-to-date: /home/nakarin/RoboticsDevExam2/install/controller_interfaces/share/controller_interfaces/cmake/rosidl_cmake_export_typesupport_targets-extras.cmake
[1.005s] -- Up-to-date: /home/nakarin/RoboticsDevExam2/install/controller_interfaces/share/controller_interfaces/cmake/rosidl_cmake_export_typesupport_libraries-extras.cmake
[1.005s] -- Up-to-date: /home/nakarin/RoboticsDevExam2/install/controller_interfaces/share/controller_interfaces/cmake/controller_interfacesConfig.cmake
[1.005s] -- Up-to-date: /home/nakarin/RoboticsDevExam2/install/controller_interfaces/share/controller_interfaces/cmake/controller_interfacesConfig-version.cmake
[1.005s] -- Up-to-date: /home/nakarin/RoboticsDevExam2/install/controller_interfaces/share/controller_interfaces/package.xml
[1.019s] Invoked command in '/home/nakarin/RoboticsDevExam2/build/controller_interfaces' returned '0': CMAKE_PREFIX_PATH=${CMAKE_PREFIX_PATH}:/home/nakarin/RoboticsDev/install/launch_testing_examples:/home/nakarin/RoboticsDev/install/examples_rclpy_pointcloud_publisher:/home/nakarin/RoboticsDev/install/examples_rclpy_minimal_subscriber:/home/nakarin/RoboticsDev/install/examples_rclpy_minimal_service:/home/nakarin/RoboticsDev/install/examples_rclpy_minimal_publisher:/home/nakarin/RoboticsDev/install/examples_rclpy_minimal_client:/home/nakarin/RoboticsDev/install/examples_rclpy_minimal_action_server:/home/nakarin/RoboticsDev/install/examples_rclpy_minimal_action_client:/home/nakarin/RoboticsDev/install/examples_rclpy_guard_conditions:/home/nakarin/RoboticsDev/install/examples_rclpy_executors:/opt/ros/humble /usr/bin/cmake --install /home/nakarin/RoboticsDevExam2/build/controller_interfaces
