[0.011s] Invoking command in '/home/nakarin/RoboticsDevExam2/build/sun_interfaces': CMAKE_PREFIX_PATH=${CMAKE_PREFIX_PATH}:/home/nakarin/RoboticsDev/install/launch_testing_examples:/home/nakarin/RoboticsDev/install/examples_rclpy_pointcloud_publisher:/home/nakarin/RoboticsDev/install/examples_rclpy_minimal_subscriber:/home/nakarin/RoboticsDev/install/examples_rclpy_minimal_service:/home/nakarin/RoboticsDev/install/examples_rclpy_minimal_publisher:/home/nakarin/RoboticsDev/install/examples_rclpy_minimal_client:/home/nakarin/RoboticsDev/install/examples_rclpy_minimal_action_server:/home/nakarin/RoboticsDev/install/examples_rclpy_minimal_action_client:/home/nakarin/RoboticsDev/install/examples_rclpy_guard_conditions:/home/nakarin/RoboticsDev/install/examples_rclpy_executors:/opt/ros/humble /usr/bin/cmake /home/nakarin/RoboticsDevExam2/src/sun_interfaces -DCMAKE_INSTALL_PREFIX=/home/nakarin/RoboticsDevExam2/install/sun_interfaces
[0.090s] -- The C compiler identification is GNU 11.4.0
[0.166s] -- The CXX compiler identification is GNU 11.4.0
[0.172s] -- Detecting C compiler ABI info
[0.237s] -- Detecting C compiler ABI info - done
[0.245s] -- Check for working C compiler: /usr/bin/cc - skipped
[0.245s] -- Detecting C compile features
[0.245s] -- Detecting C compile features - done
[0.249s] -- Detecting CXX compiler ABI info
[0.326s] -- Detecting CXX compiler ABI info - done
[0.334s] -- Check for working CXX compiler: /usr/bin/c++ - skipped
[0.334s] -- Detecting CXX compile features
[0.334s] -- Detecting CXX compile features - done
[0.339s] -- Found ament_cmake: 1.3.10 (/opt/ros/humble/share/ament_cmake/cmake)
[0.543s] -- Found Python3: /usr/bin/python3 (found version "3.10.12") found components: Interpreter 
[0.693s] -- Found geometry_msgs: 4.2.4 (/opt/ros/humble/share/geometry_msgs/cmake)
[0.756s] -- Found rosidl_generator_c: 3.1.5 (/opt/ros/humble/share/rosidl_generator_c/cmake)
[0.764s] -- Found rosidl_adapter: 3.1.5 (/opt/ros/humble/share/rosidl_adapter/cmake)
[0.776s] -- Found rosidl_generator_cpp: 3.1.5 (/opt/ros/humble/share/rosidl_generator_cpp/cmake)
[0.792s] -- Using all available rosidl_typesupport_c: rosidl_typesupport_fastrtps_c;rosidl_typesupport_introspection_c
[0.813s] -- Using all available rosidl_typesupport_cpp: rosidl_typesupport_fastrtps_cpp;rosidl_typesupport_introspection_cpp
[0.878s] -- Found rosidl_default_generators: 1.2.0 (/opt/ros/humble/share/rosidl_default_generators/cmake)
[1.167s] -- Found ament_cmake_ros: 0.10.0 (/opt/ros/humble/share/ament_cmake_ros/cmake)
[1.507s] -- Using all available rosidl_typesupport_c: rosidl_typesupport_fastrtps_c;rosidl_typesupport_introspection_c
[1.637s] -- Using all available rosidl_typesupport_cpp: rosidl_typesupport_fastrtps_cpp;rosidl_typesupport_introspection_cpp
[1.663s] -- Found PythonInterp: /usr/bin/python3 (found suitable version "3.10.12", minimum required is "3.6") 
[1.666s] -- Found python_cmake_module: 0.10.0 (/opt/ros/humble/share/python_cmake_module/cmake)
[1.696s] -- Found PythonLibs: /usr/lib/x86_64-linux-gnu/libpython3.10.so (found suitable version "3.10.12", minimum required is "3.5") 
[1.696s] -- Using PYTHON_EXECUTABLE: /usr/bin/python3
[1.696s] -- Using PYTHON_INCLUDE_DIRS: /usr/include/python3.10
[1.696s] -- Using PYTHON_LIBRARIES: /usr/lib/x86_64-linux-gnu/libpython3.10.so
[1.720s] -- Found PythonExtra: .so  
[1.769s] -- Found ament_lint_auto: 0.12.11 (/opt/ros/humble/share/ament_lint_auto/cmake)
[1.798s] -- Added test 'lint_cmake' to check CMake code style
[1.799s] -- Added test 'xmllint' to check XML markup files
[1.802s] -- Configuring done
[1.826s] -- Generating done
[1.828s] -- Build files have been written to: /home/nakarin/RoboticsDevExam2/build/sun_interfaces
[1.837s] Invoked command in '/home/nakarin/RoboticsDevExam2/build/sun_interfaces' returned '0': CMAKE_PREFIX_PATH=${CMAKE_PREFIX_PATH}:/home/nakarin/RoboticsDev/install/launch_testing_examples:/home/nakarin/RoboticsDev/install/examples_rclpy_pointcloud_publisher:/home/nakarin/RoboticsDev/install/examples_rclpy_minimal_subscriber:/home/nakarin/RoboticsDev/install/examples_rclpy_minimal_service:/home/nakarin/RoboticsDev/install/examples_rclpy_minimal_publisher:/home/nakarin/RoboticsDev/install/examples_rclpy_minimal_client:/home/nakarin/RoboticsDev/install/examples_rclpy_minimal_action_server:/home/nakarin/RoboticsDev/install/examples_rclpy_minimal_action_client:/home/nakarin/RoboticsDev/install/examples_rclpy_guard_conditions:/home/nakarin/RoboticsDev/install/examples_rclpy_executors:/opt/ros/humble /usr/bin/cmake /home/nakarin/RoboticsDevExam2/src/sun_interfaces -DCMAKE_INSTALL_PREFIX=/home/nakarin/RoboticsDevExam2/install/sun_interfaces
[1.839s] Invoking command in '/home/nakarin/RoboticsDevExam2/build/sun_interfaces': CMAKE_PREFIX_PATH=${CMAKE_PREFIX_PATH}:/home/nakarin/RoboticsDev/install/launch_testing_examples:/home/nakarin/RoboticsDev/install/examples_rclpy_pointcloud_publisher:/home/nakarin/RoboticsDev/install/examples_rclpy_minimal_subscriber:/home/nakarin/RoboticsDev/install/examples_rclpy_minimal_service:/home/nakarin/RoboticsDev/install/examples_rclpy_minimal_publisher:/home/nakarin/RoboticsDev/install/examples_rclpy_minimal_client:/home/nakarin/RoboticsDev/install/examples_rclpy_minimal_action_server:/home/nakarin/RoboticsDev/install/examples_rclpy_minimal_action_client:/home/nakarin/RoboticsDev/install/examples_rclpy_guard_conditions:/home/nakarin/RoboticsDev/install/examples_rclpy_executors:/opt/ros/humble /usr/bin/cmake --build /home/nakarin/RoboticsDevExam2/build/sun_interfaces -- -j8 -l8
[1.878s] [  3%] [34m[1mGenerating C code for ROS interfaces[0m
[1.888s] [  6%] [34m[1mGenerating C++ code for ROS interfaces[0m
[1.896s] [  6%] Built target ament_cmake_python_copy_sun_interfaces
[2.179s] running egg_info
[2.180s] creating sun_interfaces.egg-info
[2.180s] writing sun_interfaces.egg-info/PKG-INFO
[2.180s] writing dependency_links to sun_interfaces.egg-info/dependency_links.txt
[2.180s] writing top-level names to sun_interfaces.egg-info/top_level.txt
[2.180s] writing manifest file 'sun_interfaces.egg-info/SOURCES.txt'
[2.183s] reading manifest file 'sun_interfaces.egg-info/SOURCES.txt'
[2.184s] writing manifest file 'sun_interfaces.egg-info/SOURCES.txt'
[2.211s] [  6%] Built target sun_interfaces__cpp
[2.221s] [  6%] Built target ament_cmake_python_build_sun_interfaces_egg
[2.221s] [  9%] [34m[1mGenerating C++ type support for eProsima Fast-RTPS[0m
[2.224s] [ 12%] [34m[1mGenerating C++ type support dispatch for ROS interfaces[0m
[2.224s] [ 16%] [34m[1mGenerating C++ introspection for ROS interfaces[0m
[2.228s] [ 19%] [32mBuilding C object CMakeFiles/sun_interfaces__rosidl_generator_c.dir/rosidl_generator_c/sun_interfaces/srv/detail/pizza_pose__functions.c.o[0m
[2.289s] [ 22%] [32m[1mLinking C shared library libsun_interfaces__rosidl_generator_c.so[0m
[2.323s] [ 22%] Built target sun_interfaces__rosidl_generator_c
[2.336s] [ 25%] [34m[1mGenerating C type support for eProsima Fast-RTPS[0m
[2.336s] [ 32%] [34m[1mGenerating C introspection for ROS interfaces[0m
[2.336s] [ 32%] [34m[1mGenerating C type support dispatch for ROS interfaces[0m
[2.569s] [ 35%] [32mBuilding CXX object CMakeFiles/sun_interfaces__rosidl_typesupport_introspection_cpp.dir/rosidl_typesupport_introspection_cpp/sun_interfaces/srv/detail/pizza_pose__type_support.cpp.o[0m
[2.652s] [ 38%] [32mBuilding CXX object CMakeFiles/sun_interfaces__rosidl_typesupport_cpp.dir/rosidl_typesupport_cpp/sun_interfaces/srv/pizza_pose__type_support.cpp.o[0m
[2.732s] [ 41%] [32mBuilding CXX object CMakeFiles/sun_interfaces__rosidl_typesupport_fastrtps_cpp.dir/rosidl_typesupport_fastrtps_cpp/sun_interfaces/srv/detail/dds_fastrtps/pizza_pose__type_support.cpp.o[0m
[2.738s] [ 45%] [32mBuilding CXX object CMakeFiles/sun_interfaces__rosidl_typesupport_fastrtps_c.dir/rosidl_typesupport_fastrtps_c/sun_interfaces/srv/detail/pizza_pose__type_support_c.cpp.o[0m
[2.806s] [ 48%] [32mBuilding CXX object CMakeFiles/sun_interfaces__rosidl_typesupport_c.dir/rosidl_typesupport_c/sun_interfaces/srv/pizza_pose__type_support.cpp.o[0m
[2.848s] [ 51%] [32m[1mLinking CXX shared library libsun_interfaces__rosidl_typesupport_c.so[0m
[2.876s] [ 54%] [32mBuilding C object CMakeFiles/sun_interfaces__rosidl_typesupport_introspection_c.dir/rosidl_typesupport_introspection_c/sun_interfaces/srv/detail/pizza_pose__type_support.c.o[0m
[2.917s] [ 54%] Built target sun_interfaces__rosidl_typesupport_c
[2.923s] [ 58%] [32m[1mLinking C shared library libsun_interfaces__rosidl_typesupport_introspection_c.so[0m
[2.958s] [ 58%] Built target sun_interfaces__rosidl_typesupport_introspection_c
[3.019s] [ 61%] [32m[1mLinking CXX shared library libsun_interfaces__rosidl_typesupport_cpp.so[0m
[3.063s] [ 61%] Built target sun_interfaces__rosidl_typesupport_cpp
[3.148s] [ 64%] [32m[1mLinking CXX shared library libsun_interfaces__rosidl_typesupport_introspection_cpp.so[0m
[3.222s] [ 67%] [32m[1mLinking CXX shared library libsun_interfaces__rosidl_typesupport_fastrtps_c.so[0m
[3.230s] [ 67%] Built target sun_interfaces__rosidl_typesupport_introspection_cpp
[3.264s] [ 70%] [32m[1mLinking CXX shared library libsun_interfaces__rosidl_typesupport_fastrtps_cpp.so[0m
[3.306s] [ 70%] Built target sun_interfaces__rosidl_typesupport_fastrtps_c
[3.346s] [ 70%] Built target sun_interfaces__rosidl_typesupport_fastrtps_cpp
[3.366s] [ 70%] Built target sun_interfaces
[3.386s] [ 74%] [34m[1mGenerating Python code for ROS interfaces[0m
[3.799s] [ 74%] Built target sun_interfaces__py
[3.819s] [ 77%] [32mBuilding C object CMakeFiles/sun_interfaces__rosidl_generator_py.dir/rosidl_generator_py/sun_interfaces/srv/_pizza_pose_s.c.o[0m
[3.922s] [ 80%] [32m[1mLinking C shared library rosidl_generator_py/sun_interfaces/libsun_interfaces__rosidl_generator_py.so[0m
[3.959s] [ 80%] Built target sun_interfaces__rosidl_generator_py
[3.979s] [ 90%] [32mBuilding C object CMakeFiles/sun_interfaces__rosidl_typesupport_c__pyext.dir/rosidl_generator_py/sun_interfaces/_sun_interfaces_s.ep.rosidl_typesupport_c.c.o[0m
[3.979s] [ 90%] [32mBuilding C object CMakeFiles/sun_interfaces__rosidl_typesupport_introspection_c__pyext.dir/rosidl_generator_py/sun_interfaces/_sun_interfaces_s.ep.rosidl_typesupport_introspection_c.c.o[0m
[3.979s] [ 90%] [32mBuilding C object CMakeFiles/sun_interfaces__rosidl_typesupport_fastrtps_c__pyext.dir/rosidl_generator_py/sun_interfaces/_sun_interfaces_s.ep.rosidl_typesupport_fastrtps_c.c.o[0m
[4.067s] [ 93%] [32m[1mLinking C shared library rosidl_generator_py/sun_interfaces/sun_interfaces_s__rosidl_typesupport_introspection_c.cpython-310-x86_64-linux-gnu.so[0m
[4.068s] [ 96%] [32m[1mLinking C shared library rosidl_generator_py/sun_interfaces/sun_interfaces_s__rosidl_typesupport_c.cpython-310-x86_64-linux-gnu.so[0m
[4.072s] [100%] [32m[1mLinking C shared library rosidl_generator_py/sun_interfaces/sun_interfaces_s__rosidl_typesupport_fastrtps_c.cpython-310-x86_64-linux-gnu.so[0m
[4.097s] [100%] Built target sun_interfaces__rosidl_typesupport_c__pyext
[4.098s] [100%] Built target sun_interfaces__rosidl_typesupport_introspection_c__pyext
[4.104s] [100%] Built target sun_interfaces__rosidl_typesupport_fastrtps_c__pyext
[4.115s] Invoked command in '/home/nakarin/RoboticsDevExam2/build/sun_interfaces' returned '0': CMAKE_PREFIX_PATH=${CMAKE_PREFIX_PATH}:/home/nakarin/RoboticsDev/install/launch_testing_examples:/home/nakarin/RoboticsDev/install/examples_rclpy_pointcloud_publisher:/home/nakarin/RoboticsDev/install/examples_rclpy_minimal_subscriber:/home/nakarin/RoboticsDev/install/examples_rclpy_minimal_service:/home/nakarin/RoboticsDev/install/examples_rclpy_minimal_publisher:/home/nakarin/RoboticsDev/install/examples_rclpy_minimal_client:/home/nakarin/RoboticsDev/install/examples_rclpy_minimal_action_server:/home/nakarin/RoboticsDev/install/examples_rclpy_minimal_action_client:/home/nakarin/RoboticsDev/install/examples_rclpy_guard_conditions:/home/nakarin/RoboticsDev/install/examples_rclpy_executors:/opt/ros/humble /usr/bin/cmake --build /home/nakarin/RoboticsDevExam2/build/sun_interfaces -- -j8 -l8
[4.177s] Invoking command in '/home/nakarin/RoboticsDevExam2/build/sun_interfaces': CMAKE_PREFIX_PATH=${CMAKE_PREFIX_PATH}:/home/nakarin/RoboticsDev/install/launch_testing_examples:/home/nakarin/RoboticsDev/install/examples_rclpy_pointcloud_publisher:/home/nakarin/RoboticsDev/install/examples_rclpy_minimal_subscriber:/home/nakarin/RoboticsDev/install/examples_rclpy_minimal_service:/home/nakarin/RoboticsDev/install/examples_rclpy_minimal_publisher:/home/nakarin/RoboticsDev/install/examples_rclpy_minimal_client:/home/nakarin/RoboticsDev/install/examples_rclpy_minimal_action_server:/home/nakarin/RoboticsDev/install/examples_rclpy_minimal_action_client:/home/nakarin/RoboticsDev/install/examples_rclpy_guard_conditions:/home/nakarin/RoboticsDev/install/examples_rclpy_executors:/opt/ros/humble /usr/bin/cmake --install /home/nakarin/RoboticsDevExam2/build/sun_interfaces
[4.185s] -- Install configuration: ""
[4.185s] -- Installing: /home/nakarin/RoboticsDevExam2/install/sun_interfaces/share/ament_index/resource_index/rosidl_interfaces/sun_interfaces
[4.185s] -- Installing: /home/nakarin/RoboticsDevExam2/install/sun_interfaces/include/sun_interfaces/sun_interfaces
[4.185s] -- Installing: /home/nakarin/RoboticsDevExam2/install/sun_interfaces/include/sun_interfaces/sun_interfaces/msg
[4.186s] -- Installing: /home/nakarin/RoboticsDevExam2/install/sun_interfaces/include/sun_interfaces/sun_interfaces/msg/rosidl_generator_c__visibility_control.h
[4.186s] -- Installing: /home/nakarin/RoboticsDevExam2/install/sun_interfaces/include/sun_interfaces/sun_interfaces/srv
[4.186s] -- Installing: /home/nakarin/RoboticsDevExam2/install/sun_interfaces/include/sun_interfaces/sun_interfaces/srv/detail
[4.186s] -- Installing: /home/nakarin/RoboticsDevExam2/install/sun_interfaces/include/sun_interfaces/sun_interfaces/srv/detail/pizza_pose__type_support.h
[4.186s] -- Installing: /home/nakarin/RoboticsDevExam2/install/sun_interfaces/include/sun_interfaces/sun_interfaces/srv/detail/pizza_pose__functions.h
[4.186s] -- Installing: /home/nakarin/RoboticsDevExam2/install/sun_interfaces/include/sun_interfaces/sun_interfaces/srv/detail/pizza_pose__struct.h
[4.186s] -- Installing: /home/nakarin/RoboticsDevExam2/install/sun_interfaces/include/sun_interfaces/sun_interfaces/srv/detail/pizza_pose__functions.c
[4.186s] -- Installing: /home/nakarin/RoboticsDevExam2/install/sun_interfaces/include/sun_interfaces/sun_interfaces/srv/pizza_pose.h
[4.186s] -- Installing: /home/nakarin/RoboticsDevExam2/install/sun_interfaces/share/sun_interfaces/environment/library_path.sh
[4.186s] -- Installing: /home/nakarin/RoboticsDevExam2/install/sun_interfaces/share/sun_interfaces/environment/library_path.dsv
[4.187s] -- Installing: /home/nakarin/RoboticsDevExam2/install/sun_interfaces/lib/libsun_interfaces__rosidl_generator_c.so
[4.187s] -- Set runtime path of "/home/nakarin/RoboticsDevExam2/install/sun_interfaces/lib/libsun_interfaces__rosidl_generator_c.so" to ""
[4.187s] -- Up-to-date: /home/nakarin/RoboticsDevExam2/install/sun_interfaces/include/sun_interfaces/sun_interfaces
[4.187s] -- Up-to-date: /home/nakarin/RoboticsDevExam2/install/sun_interfaces/include/sun_interfaces/sun_interfaces/msg
[4.187s] -- Installing: /home/nakarin/RoboticsDevExam2/install/sun_interfaces/include/sun_interfaces/sun_interfaces/msg/rosidl_typesupport_fastrtps_c__visibility_control.h
[4.187s] -- Up-to-date: /home/nakarin/RoboticsDevExam2/install/sun_interfaces/include/sun_interfaces/sun_interfaces/srv
[4.187s] -- Up-to-date: /home/nakarin/RoboticsDevExam2/install/sun_interfaces/include/sun_interfaces/sun_interfaces/srv/detail
[4.187s] -- Installing: /home/nakarin/RoboticsDevExam2/install/sun_interfaces/include/sun_interfaces/sun_interfaces/srv/detail/pizza_pose__rosidl_typesupport_fastrtps_c.h
[4.187s] -- Installing: /home/nakarin/RoboticsDevExam2/install/sun_interfaces/lib/libsun_interfaces__rosidl_typesupport_fastrtps_c.so
[4.188s] -- Set runtime path of "/home/nakarin/RoboticsDevExam2/install/sun_interfaces/lib/libsun_interfaces__rosidl_typesupport_fastrtps_c.so" to ""
[4.188s] -- Up-to-date: /home/nakarin/RoboticsDevExam2/install/sun_interfaces/include/sun_interfaces/sun_interfaces
[4.188s] -- Up-to-date: /home/nakarin/RoboticsDevExam2/install/sun_interfaces/include/sun_interfaces/sun_interfaces/srv
[4.188s] -- Up-to-date: /home/nakarin/RoboticsDevExam2/install/sun_interfaces/include/sun_interfaces/sun_interfaces/srv/detail
[4.188s] -- Installing: /home/nakarin/RoboticsDevExam2/install/sun_interfaces/include/sun_interfaces/sun_interfaces/srv/detail/pizza_pose__builder.hpp
[4.188s] -- Installing: /home/nakarin/RoboticsDevExam2/install/sun_interfaces/include/sun_interfaces/sun_interfaces/srv/detail/pizza_pose__struct.hpp
[4.188s] -- Installing: /home/nakarin/RoboticsDevExam2/install/sun_interfaces/include/sun_interfaces/sun_interfaces/srv/detail/pizza_pose__traits.hpp
[4.188s] -- Installing: /home/nakarin/RoboticsDevExam2/install/sun_interfaces/include/sun_interfaces/sun_interfaces/srv/pizza_pose.hpp
[4.188s] -- Up-to-date: /home/nakarin/RoboticsDevExam2/install/sun_interfaces/include/sun_interfaces/sun_interfaces
[4.188s] -- Up-to-date: /home/nakarin/RoboticsDevExam2/install/sun_interfaces/include/sun_interfaces/sun_interfaces/msg
[4.188s] -- Installing: /home/nakarin/RoboticsDevExam2/install/sun_interfaces/include/sun_interfaces/sun_interfaces/msg/rosidl_typesupport_fastrtps_cpp__visibility_control.h
[4.188s] -- Up-to-date: /home/nakarin/RoboticsDevExam2/install/sun_interfaces/include/sun_interfaces/sun_interfaces/srv
[4.188s] -- Up-to-date: /home/nakarin/RoboticsDevExam2/install/sun_interfaces/include/sun_interfaces/sun_interfaces/srv/detail
[4.189s] -- Installing: /home/nakarin/RoboticsDevExam2/install/sun_interfaces/include/sun_interfaces/sun_interfaces/srv/detail/dds_fastrtps
[4.189s] -- Installing: /home/nakarin/RoboticsDevExam2/install/sun_interfaces/include/sun_interfaces/sun_interfaces/srv/detail/pizza_pose__rosidl_typesupport_fastrtps_cpp.hpp
[4.189s] -- Installing: /home/nakarin/RoboticsDevExam2/install/sun_interfaces/lib/libsun_interfaces__rosidl_typesupport_fastrtps_cpp.so
[4.189s] -- Set runtime path of "/home/nakarin/RoboticsDevExam2/install/sun_interfaces/lib/libsun_interfaces__rosidl_typesupport_fastrtps_cpp.so" to ""
[4.189s] -- Up-to-date: /home/nakarin/RoboticsDevExam2/install/sun_interfaces/include/sun_interfaces/sun_interfaces
[4.189s] -- Up-to-date: /home/nakarin/RoboticsDevExam2/install/sun_interfaces/include/sun_interfaces/sun_interfaces/msg
[4.189s] -- Installing: /home/nakarin/RoboticsDevExam2/install/sun_interfaces/include/sun_interfaces/sun_interfaces/msg/rosidl_typesupport_introspection_c__visibility_control.h
[4.189s] -- Up-to-date: /home/nakarin/RoboticsDevExam2/install/sun_interfaces/include/sun_interfaces/sun_interfaces/srv
[4.189s] -- Up-to-date: /home/nakarin/RoboticsDevExam2/install/sun_interfaces/include/sun_interfaces/sun_interfaces/srv/detail
[4.189s] -- Installing: /home/nakarin/RoboticsDevExam2/install/sun_interfaces/include/sun_interfaces/sun_interfaces/srv/detail/pizza_pose__type_support.c
[4.189s] -- Installing: /home/nakarin/RoboticsDevExam2/install/sun_interfaces/include/sun_interfaces/sun_interfaces/srv/detail/pizza_pose__rosidl_typesupport_introspection_c.h
[4.189s] -- Installing: /home/nakarin/RoboticsDevExam2/install/sun_interfaces/lib/libsun_interfaces__rosidl_typesupport_introspection_c.so
[4.190s] -- Set runtime path of "/home/nakarin/RoboticsDevExam2/install/sun_interfaces/lib/libsun_interfaces__rosidl_typesupport_introspection_c.so" to ""
[4.190s] -- Installing: /home/nakarin/RoboticsDevExam2/install/sun_interfaces/lib/libsun_interfaces__rosidl_typesupport_c.so
[4.190s] -- Set runtime path of "/home/nakarin/RoboticsDevExam2/install/sun_interfaces/lib/libsun_interfaces__rosidl_typesupport_c.so" to ""
[4.190s] -- Up-to-date: /home/nakarin/RoboticsDevExam2/install/sun_interfaces/include/sun_interfaces/sun_interfaces
[4.190s] -- Up-to-date: /home/nakarin/RoboticsDevExam2/install/sun_interfaces/include/sun_interfaces/sun_interfaces/srv
[4.190s] -- Up-to-date: /home/nakarin/RoboticsDevExam2/install/sun_interfaces/include/sun_interfaces/sun_interfaces/srv/detail
[4.190s] -- Installing: /home/nakarin/RoboticsDevExam2/install/sun_interfaces/include/sun_interfaces/sun_interfaces/srv/detail/pizza_pose__type_support.cpp
[4.190s] -- Installing: /home/nakarin/RoboticsDevExam2/install/sun_interfaces/include/sun_interfaces/sun_interfaces/srv/detail/pizza_pose__rosidl_typesupport_introspection_cpp.hpp
[4.190s] -- Installing: /home/nakarin/RoboticsDevExam2/install/sun_interfaces/lib/libsun_interfaces__rosidl_typesupport_introspection_cpp.so
[4.190s] -- Set runtime path of "/home/nakarin/RoboticsDevExam2/install/sun_interfaces/lib/libsun_interfaces__rosidl_typesupport_introspection_cpp.so" to ""
[4.190s] -- Installing: /home/nakarin/RoboticsDevExam2/install/sun_interfaces/lib/libsun_interfaces__rosidl_typesupport_cpp.so
[4.190s] -- Set runtime path of "/home/nakarin/RoboticsDevExam2/install/sun_interfaces/lib/libsun_interfaces__rosidl_typesupport_cpp.so" to ""
[4.191s] -- Installing: /home/nakarin/RoboticsDevExam2/install/sun_interfaces/share/sun_interfaces/environment/pythonpath.sh
[4.191s] -- Installing: /home/nakarin/RoboticsDevExam2/install/sun_interfaces/share/sun_interfaces/environment/pythonpath.dsv
[4.191s] -- Installing: /home/nakarin/RoboticsDevExam2/install/sun_interfaces/local/lib/python3.10/dist-packages/sun_interfaces-0.0.0-py3.10.egg-info
[4.191s] -- Installing: /home/nakarin/RoboticsDevExam2/install/sun_interfaces/local/lib/python3.10/dist-packages/sun_interfaces-0.0.0-py3.10.egg-info/dependency_links.txt
[4.191s] -- Installing: /home/nakarin/RoboticsDevExam2/install/sun_interfaces/local/lib/python3.10/dist-packages/sun_interfaces-0.0.0-py3.10.egg-info/SOURCES.txt
[4.191s] -- Installing: /home/nakarin/RoboticsDevExam2/install/sun_interfaces/local/lib/python3.10/dist-packages/sun_interfaces-0.0.0-py3.10.egg-info/PKG-INFO
[4.191s] -- Installing: /home/nakarin/RoboticsDevExam2/install/sun_interfaces/local/lib/python3.10/dist-packages/sun_interfaces-0.0.0-py3.10.egg-info/top_level.txt
[4.192s] -- Installing: /home/nakarin/RoboticsDevExam2/install/sun_interfaces/local/lib/python3.10/dist-packages/sun_interfaces
[4.192s] -- Installing: /home/nakarin/RoboticsDevExam2/install/sun_interfaces/local/lib/python3.10/dist-packages/sun_interfaces/libsun_interfaces__rosidl_generator_py.so
[4.192s] -- Installing: /home/nakarin/RoboticsDevExam2/install/sun_interfaces/local/lib/python3.10/dist-packages/sun_interfaces/_sun_interfaces_s.ep.rosidl_typesupport_fastrtps_c.c
[4.192s] -- Installing: /home/nakarin/RoboticsDevExam2/install/sun_interfaces/local/lib/python3.10/dist-packages/sun_interfaces/sun_interfaces_s__rosidl_typesupport_introspection_c.cpython-310-x86_64-linux-gnu.so
[4.192s] -- Installing: /home/nakarin/RoboticsDevExam2/install/sun_interfaces/local/lib/python3.10/dist-packages/sun_interfaces/sun_interfaces_s__rosidl_typesupport_fastrtps_c.cpython-310-x86_64-linux-gnu.so
[4.192s] -- Installing: /home/nakarin/RoboticsDevExam2/install/sun_interfaces/local/lib/python3.10/dist-packages/sun_interfaces/sun_interfaces_s__rosidl_typesupport_c.cpython-310-x86_64-linux-gnu.so
[4.192s] -- Installing: /home/nakarin/RoboticsDevExam2/install/sun_interfaces/local/lib/python3.10/dist-packages/sun_interfaces/_sun_interfaces_s.ep.rosidl_typesupport_c.c
[4.192s] -- Installing: /home/nakarin/RoboticsDevExam2/install/sun_interfaces/local/lib/python3.10/dist-packages/sun_interfaces/_sun_interfaces_s.ep.rosidl_typesupport_introspection_c.c
[4.192s] -- Installing: /home/nakarin/RoboticsDevExam2/install/sun_interfaces/local/lib/python3.10/dist-packages/sun_interfaces/__init__.py
[4.192s] -- Installing: /home/nakarin/RoboticsDevExam2/install/sun_interfaces/local/lib/python3.10/dist-packages/sun_interfaces/srv
[4.192s] -- Installing: /home/nakarin/RoboticsDevExam2/install/sun_interfaces/local/lib/python3.10/dist-packages/sun_interfaces/srv/__init__.py
[4.193s] -- Installing: /home/nakarin/RoboticsDevExam2/install/sun_interfaces/local/lib/python3.10/dist-packages/sun_interfaces/srv/_pizza_pose.py
[4.193s] -- Installing: /home/nakarin/RoboticsDevExam2/install/sun_interfaces/local/lib/python3.10/dist-packages/sun_interfaces/srv/_pizza_pose_s.c
[4.233s] Listing '/home/nakarin/RoboticsDevExam2/install/sun_interfaces/local/lib/python3.10/dist-packages/sun_interfaces'...
[4.233s] Compiling '/home/nakarin/RoboticsDevExam2/install/sun_interfaces/local/lib/python3.10/dist-packages/sun_interfaces/__init__.py'...
[4.233s] Listing '/home/nakarin/RoboticsDevExam2/install/sun_interfaces/local/lib/python3.10/dist-packages/sun_interfaces/srv'...
[4.233s] Compiling '/home/nakarin/RoboticsDevExam2/install/sun_interfaces/local/lib/python3.10/dist-packages/sun_interfaces/srv/__init__.py'...
[4.233s] Compiling '/home/nakarin/RoboticsDevExam2/install/sun_interfaces/local/lib/python3.10/dist-packages/sun_interfaces/srv/_pizza_pose.py'...
[4.238s] -- Installing: /home/nakarin/RoboticsDevExam2/install/sun_interfaces/local/lib/python3.10/dist-packages/sun_interfaces/sun_interfaces_s__rosidl_typesupport_fastrtps_c.cpython-310-x86_64-linux-gnu.so
[4.238s] -- Set runtime path of "/home/nakarin/RoboticsDevExam2/install/sun_interfaces/local/lib/python3.10/dist-packages/sun_interfaces/sun_interfaces_s__rosidl_typesupport_fastrtps_c.cpython-310-x86_64-linux-gnu.so" to ""
[4.238s] -- Installing: /home/nakarin/RoboticsDevExam2/install/sun_interfaces/local/lib/python3.10/dist-packages/sun_interfaces/sun_interfaces_s__rosidl_typesupport_introspection_c.cpython-310-x86_64-linux-gnu.so
[4.238s] -- Set runtime path of "/home/nakarin/RoboticsDevExam2/install/sun_interfaces/local/lib/python3.10/dist-packages/sun_interfaces/sun_interfaces_s__rosidl_typesupport_introspection_c.cpython-310-x86_64-linux-gnu.so" to ""
[4.238s] -- Installing: /home/nakarin/RoboticsDevExam2/install/sun_interfaces/local/lib/python3.10/dist-packages/sun_interfaces/sun_interfaces_s__rosidl_typesupport_c.cpython-310-x86_64-linux-gnu.so
[4.239s] -- Set runtime path of "/home/nakarin/RoboticsDevExam2/install/sun_interfaces/local/lib/python3.10/dist-packages/sun_interfaces/sun_interfaces_s__rosidl_typesupport_c.cpython-310-x86_64-linux-gnu.so" to ""
[4.239s] -- Installing: /home/nakarin/RoboticsDevExam2/install/sun_interfaces/lib/libsun_interfaces__rosidl_generator_py.so
[4.239s] -- Set runtime path of "/home/nakarin/RoboticsDevExam2/install/sun_interfaces/lib/libsun_interfaces__rosidl_generator_py.so" to ""
[4.239s] -- Installing: /home/nakarin/RoboticsDevExam2/install/sun_interfaces/share/sun_interfaces/srv/PizzaPose.idl
[4.239s] -- Installing: /home/nakarin/RoboticsDevExam2/install/sun_interfaces/share/sun_interfaces/srv/PizzaPose.srv
[4.239s] -- Installing: /home/nakarin/RoboticsDevExam2/install/sun_interfaces/share/sun_interfaces/srv/PizzaPose_Request.msg
[4.239s] -- Installing: /home/nakarin/RoboticsDevExam2/install/sun_interfaces/share/sun_interfaces/srv/PizzaPose_Response.msg
[4.239s] -- Installing: /home/nakarin/RoboticsDevExam2/install/sun_interfaces/share/ament_index/resource_index/package_run_dependencies/sun_interfaces
[4.239s] -- Installing: /home/nakarin/RoboticsDevExam2/install/sun_interfaces/share/ament_index/resource_index/parent_prefix_path/sun_interfaces
[4.240s] -- Installing: /home/nakarin/RoboticsDevExam2/install/sun_interfaces/share/sun_interfaces/environment/ament_prefix_path.sh
[4.240s] -- Installing: /home/nakarin/RoboticsDevExam2/install/sun_interfaces/share/sun_interfaces/environment/ament_prefix_path.dsv
[4.240s] -- Installing: /home/nakarin/RoboticsDevExam2/install/sun_interfaces/share/sun_interfaces/environment/path.sh
[4.240s] -- Installing: /home/nakarin/RoboticsDevExam2/install/sun_interfaces/share/sun_interfaces/environment/path.dsv
[4.240s] -- Installing: /home/nakarin/RoboticsDevExam2/install/sun_interfaces/share/sun_interfaces/local_setup.bash
[4.240s] -- Installing: /home/nakarin/RoboticsDevExam2/install/sun_interfaces/share/sun_interfaces/local_setup.sh
[4.240s] -- Installing: /home/nakarin/RoboticsDevExam2/install/sun_interfaces/share/sun_interfaces/local_setup.zsh
[4.240s] -- Installing: /home/nakarin/RoboticsDevExam2/install/sun_interfaces/share/sun_interfaces/local_setup.dsv
[4.240s] -- Installing: /home/nakarin/RoboticsDevExam2/install/sun_interfaces/share/sun_interfaces/package.dsv
[4.240s] -- Installing: /home/nakarin/RoboticsDevExam2/install/sun_interfaces/share/ament_index/resource_index/packages/sun_interfaces
[4.241s] -- Installing: /home/nakarin/RoboticsDevExam2/install/sun_interfaces/share/sun_interfaces/cmake/export_sun_interfaces__rosidl_generator_cExport.cmake
[4.241s] -- Installing: /home/nakarin/RoboticsDevExam2/install/sun_interfaces/share/sun_interfaces/cmake/export_sun_interfaces__rosidl_generator_cExport-noconfig.cmake
[4.241s] -- Installing: /home/nakarin/RoboticsDevExam2/install/sun_interfaces/share/sun_interfaces/cmake/export_sun_interfaces__rosidl_typesupport_fastrtps_cExport.cmake
[4.241s] -- Installing: /home/nakarin/RoboticsDevExam2/install/sun_interfaces/share/sun_interfaces/cmake/export_sun_interfaces__rosidl_typesupport_fastrtps_cExport-noconfig.cmake
[4.241s] -- Installing: /home/nakarin/RoboticsDevExam2/install/sun_interfaces/share/sun_interfaces/cmake/export_sun_interfaces__rosidl_generator_cppExport.cmake
[4.241s] -- Installing: /home/nakarin/RoboticsDevExam2/install/sun_interfaces/share/sun_interfaces/cmake/export_sun_interfaces__rosidl_typesupport_fastrtps_cppExport.cmake
[4.241s] -- Installing: /home/nakarin/RoboticsDevExam2/install/sun_interfaces/share/sun_interfaces/cmake/export_sun_interfaces__rosidl_typesupport_fastrtps_cppExport-noconfig.cmake
[4.241s] -- Installing: /home/nakarin/RoboticsDevExam2/install/sun_interfaces/share/sun_interfaces/cmake/sun_interfaces__rosidl_typesupport_introspection_cExport.cmake
[4.242s] -- Installing: /home/nakarin/RoboticsDevExam2/install/sun_interfaces/share/sun_interfaces/cmake/sun_interfaces__rosidl_typesupport_introspection_cExport-noconfig.cmake
[4.242s] -- Installing: /home/nakarin/RoboticsDevExam2/install/sun_interfaces/share/sun_interfaces/cmake/sun_interfaces__rosidl_typesupport_cExport.cmake
[4.242s] -- Installing: /home/nakarin/RoboticsDevExam2/install/sun_interfaces/share/sun_interfaces/cmake/sun_interfaces__rosidl_typesupport_cExport-noconfig.cmake
[4.242s] -- Installing: /home/nakarin/RoboticsDevExam2/install/sun_interfaces/share/sun_interfaces/cmake/sun_interfaces__rosidl_typesupport_introspection_cppExport.cmake
[4.242s] -- Installing: /home/nakarin/RoboticsDevExam2/install/sun_interfaces/share/sun_interfaces/cmake/sun_interfaces__rosidl_typesupport_introspection_cppExport-noconfig.cmake
[4.242s] -- Installing: /home/nakarin/RoboticsDevExam2/install/sun_interfaces/share/sun_interfaces/cmake/sun_interfaces__rosidl_typesupport_cppExport.cmake
[4.242s] -- Installing: /home/nakarin/RoboticsDevExam2/install/sun_interfaces/share/sun_interfaces/cmake/sun_interfaces__rosidl_typesupport_cppExport-noconfig.cmake
[4.242s] -- Installing: /home/nakarin/RoboticsDevExam2/install/sun_interfaces/share/sun_interfaces/cmake/export_sun_interfaces__rosidl_generator_pyExport.cmake
[4.242s] -- Installing: /home/nakarin/RoboticsDevExam2/install/sun_interfaces/share/sun_interfaces/cmake/export_sun_interfaces__rosidl_generator_pyExport-noconfig.cmake
[4.242s] -- Installing: /home/nakarin/RoboticsDevExam2/install/sun_interfaces/share/sun_interfaces/cmake/rosidl_cmake-extras.cmake
[4.243s] -- Installing: /home/nakarin/RoboticsDevExam2/install/sun_interfaces/share/sun_interfaces/cmake/ament_cmake_export_include_directories-extras.cmake
[4.243s] -- Installing: /home/nakarin/RoboticsDevExam2/install/sun_interfaces/share/sun_interfaces/cmake/ament_cmake_export_libraries-extras.cmake
[4.243s] -- Installing: /home/nakarin/RoboticsDevExam2/install/sun_interfaces/share/sun_interfaces/cmake/ament_cmake_export_targets-extras.cmake
[4.243s] -- Installing: /home/nakarin/RoboticsDevExam2/install/sun_interfaces/share/sun_interfaces/cmake/rosidl_cmake_export_typesupport_targets-extras.cmake
[4.243s] -- Installing: /home/nakarin/RoboticsDevExam2/install/sun_interfaces/share/sun_interfaces/cmake/ament_cmake_export_dependencies-extras.cmake
[4.243s] -- Installing: /home/nakarin/RoboticsDevExam2/install/sun_interfaces/share/sun_interfaces/cmake/rosidl_cmake_export_typesupport_libraries-extras.cmake
[4.243s] -- Installing: /home/nakarin/RoboticsDevExam2/install/sun_interfaces/share/sun_interfaces/cmake/sun_interfacesConfig.cmake
[4.243s] -- Installing: /home/nakarin/RoboticsDevExam2/install/sun_interfaces/share/sun_interfaces/cmake/sun_interfacesConfig-version.cmake
[4.243s] -- Installing: /home/nakarin/RoboticsDevExam2/install/sun_interfaces/share/sun_interfaces/package.xml
[4.246s] Invoked command in '/home/nakarin/RoboticsDevExam2/build/sun_interfaces' returned '0': CMAKE_PREFIX_PATH=${CMAKE_PREFIX_PATH}:/home/nakarin/RoboticsDev/install/launch_testing_examples:/home/nakarin/RoboticsDev/install/examples_rclpy_pointcloud_publisher:/home/nakarin/RoboticsDev/install/examples_rclpy_minimal_subscriber:/home/nakarin/RoboticsDev/install/examples_rclpy_minimal_service:/home/nakarin/RoboticsDev/install/examples_rclpy_minimal_publisher:/home/nakarin/RoboticsDev/install/examples_rclpy_minimal_client:/home/nakarin/RoboticsDev/install/examples_rclpy_minimal_action_server:/home/nakarin/RoboticsDev/install/examples_rclpy_minimal_action_client:/home/nakarin/RoboticsDev/install/examples_rclpy_guard_conditions:/home/nakarin/RoboticsDev/install/examples_rclpy_executors:/opt/ros/humble /usr/bin/cmake --install /home/nakarin/RoboticsDevExam2/build/sun_interfaces
