[0.033s] Invoking command in '/home/saifa/Desktop/Ros_exam/build/controller_interfaces': CMAKE_PREFIX_PATH=${CMAKE_PREFIX_PATH}:/home/saifa/Desktop/ros2_w2_ws/install/launch_testing_examples:/home/saifa/Desktop/ros2_w2_ws/install/examples_rclpy_pointcloud_publisher:/home/saifa/Desktop/ros2_w2_ws/install/examples_rclpy_minimal_subscriber:/home/saifa/Desktop/ros2_w2_ws/install/examples_rclpy_minimal_service:/home/saifa/Desktop/ros2_w2_ws/install/examples_rclpy_minimal_publisher:/home/saifa/Desktop/ros2_w2_ws/install/examples_rclpy_minimal_client:/home/saifa/Desktop/ros2_w2_ws/install/examples_rclpy_minimal_action_server:/home/saifa/Desktop/ros2_w2_ws/install/examples_rclpy_minimal_action_client:/home/saifa/Desktop/ros2_w2_ws/install/examples_rclpy_guard_conditions:/home/saifa/Desktop/ros2_w2_ws/install/examples_rclpy_executors:/opt/ros/humble /usr/bin/cmake --build /home/saifa/Desktop/Ros_exam/build/controller_interfaces -- -j16 -l16
[0.056s] -- Found ament_cmake: 1.3.10 (/opt/ros/humble/share/ament_cmake/cmake)
[0.180s] -- Found geometry_msgs: 4.2.4 (/opt/ros/humble/share/geometry_msgs/cmake)
[0.201s] -- Found rosidl_generator_c: 3.1.5 (/opt/ros/humble/share/rosidl_generator_c/cmake)
[0.203s] -- Found rosidl_adapter: 3.1.5 (/opt/ros/humble/share/rosidl_adapter/cmake)
[0.207s] -- Found rosidl_generator_cpp: 3.1.5 (/opt/ros/humble/share/rosidl_generator_cpp/cmake)
[0.214s] -- Using all available rosidl_typesupport_c: rosidl_typesupport_fastrtps_c;rosidl_typesupport_introspection_c
[0.224s] -- Using all available rosidl_typesupport_cpp: rosidl_typesupport_fastrtps_cpp;rosidl_typesupport_introspection_cpp
[0.251s] -- Found rosidl_default_generators: 1.2.0 (/opt/ros/humble/share/rosidl_default_generators/cmake)
[0.263s] -- Found ament_lint_auto: 0.12.11 (/opt/ros/humble/share/ament_lint_auto/cmake)
[0.557s] -- Found ament_cmake_ros: 0.10.0 (/opt/ros/humble/share/ament_cmake_ros/cmake)
[1.009s] -- Using all available rosidl_typesupport_c: rosidl_typesupport_fastrtps_c;rosidl_typesupport_introspection_c
[1.166s] -- Using all available rosidl_typesupport_cpp: rosidl_typesupport_fastrtps_cpp;rosidl_typesupport_introspection_cpp
[1.189s] -- Found python_cmake_module: 0.10.0 (/opt/ros/humble/share/python_cmake_module/cmake)
[1.224s] -- Using PYTHON_EXECUTABLE: /usr/bin/python3
[1.224s] -- Using PYTHON_INCLUDE_DIRS: /usr/include/python3.10
[1.224s] -- Using PYTHON_LIBRARIES: /usr/lib/x86_64-linux-gnu/libpython3.10.so
[1.313s] -- Added test 'lint_cmake' to check CMake code style
[1.314s] -- Added test 'xmllint' to check XML markup files
[1.319s] -- Configuring done
[1.388s] -- Generating done
[1.393s] -- Build files have been written to: /home/saifa/Desktop/Ros_exam/build/controller_interfaces
[1.525s] [35m[1mConsolidate compiler generated dependencies of target controller_interfaces__rosidl_generator_c[0m
[1.570s] [  2%] [32mBuilding C object CMakeFiles/controller_interfaces__rosidl_generator_c.dir/rosidl_generator_c/controller_interfaces/srv/detail/set_param__functions.c.o[0m
[1.572s] [  5%] [32mBuilding C object CMakeFiles/controller_interfaces__rosidl_generator_c.dir/rosidl_generator_c/controller_interfaces/srv/detail/set_target__functions.c.o[0m
[1.576s] [  5%] Built target ament_cmake_python_copy_controller_interfaces
[1.588s] [  7%] Built target controller_interfaces__cpp
[1.632s] [35m[1mConsolidate compiler generated dependencies of target controller_interfaces__rosidl_typesupport_fastrtps_cpp[0m
[1.632s] [35m[1mConsolidate compiler generated dependencies of target controller_interfaces__rosidl_typesupport_introspection_cpp[0m
[1.643s] [35m[1mConsolidate compiler generated dependencies of target controller_interfaces__rosidl_typesupport_cpp[0m
[1.689s] [ 10%] [32mBuilding CXX object CMakeFiles/controller_interfaces__rosidl_typesupport_fastrtps_cpp.dir/rosidl_typesupport_fastrtps_cpp/controller_interfaces/srv/detail/dds_fastrtps/set_param__type_support.cpp.o[0m
[1.690s] [ 12%] [32mBuilding CXX object CMakeFiles/controller_interfaces__rosidl_typesupport_fastrtps_cpp.dir/rosidl_typesupport_fastrtps_cpp/controller_interfaces/srv/detail/dds_fastrtps/set_target__type_support.cpp.o[0m
[1.700s] [ 15%] [32mBuilding CXX object CMakeFiles/controller_interfaces__rosidl_typesupport_introspection_cpp.dir/rosidl_typesupport_introspection_cpp/controller_interfaces/srv/detail/set_param__type_support.cpp.o[0m
[1.705s] [ 17%] [32mBuilding CXX object CMakeFiles/controller_interfaces__rosidl_typesupport_introspection_cpp.dir/rosidl_typesupport_introspection_cpp/controller_interfaces/srv/detail/set_target__type_support.cpp.o[0m
[1.717s] [ 20%] [32mBuilding CXX object CMakeFiles/controller_interfaces__rosidl_typesupport_cpp.dir/rosidl_typesupport_cpp/controller_interfaces/srv/set_param__type_support.cpp.o[0m
[1.721s] [ 23%] [32mBuilding CXX object CMakeFiles/controller_interfaces__rosidl_typesupport_cpp.dir/rosidl_typesupport_cpp/controller_interfaces/srv/set_target__type_support.cpp.o[0m
[1.770s] [ 25%] [32m[1mLinking C shared library libcontroller_interfaces__rosidl_generator_c.so[0m
[1.938s] [ 28%] Built target controller_interfaces__rosidl_generator_c
[1.981s] [35m[1mConsolidate compiler generated dependencies of target controller_interfaces__rosidl_typesupport_introspection_c[0m
[1.992s] [35m[1mConsolidate compiler generated dependencies of target controller_interfaces__rosidl_typesupport_c[0m
[1.993s] [35m[1mConsolidate compiler generated dependencies of target controller_interfaces__rosidl_typesupport_fastrtps_c[0m
[2.025s] [ 30%] [32mBuilding C object CMakeFiles/controller_interfaces__rosidl_typesupport_introspection_c.dir/rosidl_typesupport_introspection_c/controller_interfaces/srv/detail/set_param__type_support.c.o[0m
[2.026s] [ 33%] [32mBuilding C object CMakeFiles/controller_interfaces__rosidl_typesupport_introspection_c.dir/rosidl_typesupport_introspection_c/controller_interfaces/srv/detail/set_target__type_support.c.o[0m
[2.050s] [ 35%] [32mBuilding CXX object CMakeFiles/controller_interfaces__rosidl_typesupport_c.dir/rosidl_typesupport_c/controller_interfaces/srv/set_target__type_support.cpp.o[0m
[2.050s] [ 38%] [32mBuilding CXX object CMakeFiles/controller_interfaces__rosidl_typesupport_c.dir/rosidl_typesupport_c/controller_interfaces/srv/set_param__type_support.cpp.o[0m
[2.063s] [ 41%] [32mBuilding CXX object CMakeFiles/controller_interfaces__rosidl_typesupport_fastrtps_c.dir/rosidl_typesupport_fastrtps_c/controller_interfaces/srv/detail/set_param__type_support_c.cpp.o[0m
[2.081s] [ 43%] [32mBuilding CXX object CMakeFiles/controller_interfaces__rosidl_typesupport_fastrtps_c.dir/rosidl_typesupport_fastrtps_c/controller_interfaces/srv/detail/set_target__type_support_c.cpp.o[0m
[2.193s] [ 46%] [32m[1mLinking CXX shared library libcontroller_interfaces__rosidl_typesupport_c.so[0m
[2.195s] [ 48%] [32m[1mLinking C shared library libcontroller_interfaces__rosidl_typesupport_introspection_c.so[0m
[2.307s] [ 51%] Built target controller_interfaces__rosidl_typesupport_introspection_c
[2.361s] [ 53%] Built target controller_interfaces__rosidl_typesupport_c
[2.450s] running egg_info
[2.455s] writing controller_interfaces.egg-info/PKG-INFO
[2.456s] writing dependency_links to controller_interfaces.egg-info/dependency_links.txt
[2.456s] writing top-level names to controller_interfaces.egg-info/top_level.txt
[2.461s] reading manifest file 'controller_interfaces.egg-info/SOURCES.txt'
[2.463s] writing manifest file 'controller_interfaces.egg-info/SOURCES.txt'
[2.559s] [ 53%] Built target ament_cmake_python_build_controller_interfaces_egg
[2.645s] [ 56%] [32m[1mLinking CXX shared library libcontroller_interfaces__rosidl_typesupport_cpp.so[0m
[2.679s] [ 58%] [32m[1mLinking CXX shared library libcontroller_interfaces__rosidl_typesupport_fastrtps_cpp.so[0m
[2.740s] [ 61%] Built target controller_interfaces__rosidl_typesupport_cpp
[2.898s] [ 64%] [32m[1mLinking CXX shared library libcontroller_interfaces__rosidl_typesupport_fastrtps_c.so[0m
[2.919s] [ 66%] [32m[1mLinking CXX shared library libcontroller_interfaces__rosidl_typesupport_introspection_cpp.so[0m
[2.929s] [ 69%] Built target controller_interfaces__rosidl_typesupport_fastrtps_cpp
[3.070s] [ 71%] Built target controller_interfaces__rosidl_typesupport_introspection_cpp
[3.100s] [ 74%] Built target controller_interfaces__rosidl_typesupport_fastrtps_c
[3.131s] [ 74%] Built target controller_interfaces
[3.161s] [ 76%] Built target controller_interfaces__py
[3.177s] [35m[1mConsolidate compiler generated dependencies of target controller_interfaces__rosidl_generator_py[0m
[3.194s] [ 82%] [32mBuilding C object CMakeFiles/controller_interfaces__rosidl_generator_py.dir/rosidl_generator_py/controller_interfaces/srv/_set_target_s.c.o[0m
[3.194s] [ 82%] [32mBuilding C object CMakeFiles/controller_interfaces__rosidl_generator_py.dir/rosidl_generator_py/controller_interfaces/srv/_set_param_s.c.o[0m
[3.306s] [ 84%] [32m[1mLinking C shared library rosidl_generator_py/controller_interfaces/libcontroller_interfaces__rosidl_generator_py.so[0m
[3.355s] [ 84%] Built target controller_interfaces__rosidl_generator_py
[3.368s] [35m[1mConsolidate compiler generated dependencies of target controller_interfaces__rosidl_typesupport_fastrtps_c__pyext[0m
[3.369s] [35m[1mConsolidate compiler generated dependencies of target controller_interfaces__rosidl_typesupport_introspection_c__pyext[0m
[3.369s] [35m[1mConsolidate compiler generated dependencies of target controller_interfaces__rosidl_typesupport_c__pyext[0m
[3.383s] [ 87%] [32mBuilding C object CMakeFiles/controller_interfaces__rosidl_typesupport_fastrtps_c__pyext.dir/rosidl_generator_py/controller_interfaces/_controller_interfaces_s.ep.rosidl_typesupport_fastrtps_c.c.o[0m
[3.385s] [ 92%] [32mBuilding C object CMakeFiles/controller_interfaces__rosidl_typesupport_introspection_c__pyext.dir/rosidl_generator_py/controller_interfaces/_controller_interfaces_s.ep.rosidl_typesupport_introspection_c.c.o[0m
[3.386s] [ 92%] [32mBuilding C object CMakeFiles/controller_interfaces__rosidl_typesupport_c__pyext.dir/rosidl_generator_py/controller_interfaces/_controller_interfaces_s.ep.rosidl_typesupport_c.c.o[0m
[3.490s] [ 97%] [32m[1mLinking C shared library rosidl_generator_py/controller_interfaces/controller_interfaces_s__rosidl_typesupport_c.cpython-310-x86_64-linux-gnu.so[0m
[3.490s] [ 97%] [32m[1mLinking C shared library rosidl_generator_py/controller_interfaces/controller_interfaces_s__rosidl_typesupport_fastrtps_c.cpython-310-x86_64-linux-gnu.so[0m
[3.501s] [100%] [32m[1mLinking C shared library rosidl_generator_py/controller_interfaces/controller_interfaces_s__rosidl_typesupport_introspection_c.cpython-310-x86_64-linux-gnu.so[0m
[3.533s] [100%] Built target controller_interfaces__rosidl_typesupport_fastrtps_c__pyext
[3.533s] [100%] Built target controller_interfaces__rosidl_typesupport_c__pyext
[3.543s] [100%] Built target controller_interfaces__rosidl_typesupport_introspection_c__pyext
[3.556s] Invoked command in '/home/saifa/Desktop/Ros_exam/build/controller_interfaces' returned '0': CMAKE_PREFIX_PATH=${CMAKE_PREFIX_PATH}:/home/saifa/Desktop/ros2_w2_ws/install/launch_testing_examples:/home/saifa/Desktop/ros2_w2_ws/install/examples_rclpy_pointcloud_publisher:/home/saifa/Desktop/ros2_w2_ws/install/examples_rclpy_minimal_subscriber:/home/saifa/Desktop/ros2_w2_ws/install/examples_rclpy_minimal_service:/home/saifa/Desktop/ros2_w2_ws/install/examples_rclpy_minimal_publisher:/home/saifa/Desktop/ros2_w2_ws/install/examples_rclpy_minimal_client:/home/saifa/Desktop/ros2_w2_ws/install/examples_rclpy_minimal_action_server:/home/saifa/Desktop/ros2_w2_ws/install/examples_rclpy_minimal_action_client:/home/saifa/Desktop/ros2_w2_ws/install/examples_rclpy_guard_conditions:/home/saifa/Desktop/ros2_w2_ws/install/examples_rclpy_executors:/opt/ros/humble /usr/bin/cmake --build /home/saifa/Desktop/Ros_exam/build/controller_interfaces -- -j16 -l16
[3.650s] Invoking command in '/home/saifa/Desktop/Ros_exam/build/controller_interfaces': CMAKE_PREFIX_PATH=${CMAKE_PREFIX_PATH}:/home/saifa/Desktop/ros2_w2_ws/install/launch_testing_examples:/home/saifa/Desktop/ros2_w2_ws/install/examples_rclpy_pointcloud_publisher:/home/saifa/Desktop/ros2_w2_ws/install/examples_rclpy_minimal_subscriber:/home/saifa/Desktop/ros2_w2_ws/install/examples_rclpy_minimal_service:/home/saifa/Desktop/ros2_w2_ws/install/examples_rclpy_minimal_publisher:/home/saifa/Desktop/ros2_w2_ws/install/examples_rclpy_minimal_client:/home/saifa/Desktop/ros2_w2_ws/install/examples_rclpy_minimal_action_server:/home/saifa/Desktop/ros2_w2_ws/install/examples_rclpy_minimal_action_client:/home/saifa/Desktop/ros2_w2_ws/install/examples_rclpy_guard_conditions:/home/saifa/Desktop/ros2_w2_ws/install/examples_rclpy_executors:/opt/ros/humble /usr/bin/cmake --install /home/saifa/Desktop/Ros_exam/build/controller_interfaces
[3.657s] -- Install configuration: ""
[3.657s] -- Up-to-date: /home/saifa/Desktop/Ros_exam/install/controller_interfaces/share/ament_index/resource_index/rosidl_interfaces/controller_interfaces
[3.657s] -- Up-to-date: /home/saifa/Desktop/Ros_exam/install/controller_interfaces/include/controller_interfaces/controller_interfaces
[3.658s] -- Up-to-date: /home/saifa/Desktop/Ros_exam/install/controller_interfaces/include/controller_interfaces/controller_interfaces/msg
[3.658s] -- Up-to-date: /home/saifa/Desktop/Ros_exam/install/controller_interfaces/include/controller_interfaces/controller_interfaces/msg/rosidl_generator_c__visibility_control.h
[3.658s] -- Up-to-date: /home/saifa/Desktop/Ros_exam/install/controller_interfaces/include/controller_interfaces/controller_interfaces/srv
[3.658s] -- Up-to-date: /home/saifa/Desktop/Ros_exam/install/controller_interfaces/include/controller_interfaces/controller_interfaces/srv/set_param.h
[3.658s] -- Up-to-date: /home/saifa/Desktop/Ros_exam/install/controller_interfaces/include/controller_interfaces/controller_interfaces/srv/set_target.h
[3.658s] -- Up-to-date: /home/saifa/Desktop/Ros_exam/install/controller_interfaces/include/controller_interfaces/controller_interfaces/srv/detail
[3.658s] -- Up-to-date: /home/saifa/Desktop/Ros_exam/install/controller_interfaces/include/controller_interfaces/controller_interfaces/srv/detail/set_target__functions.c
[3.658s] -- Up-to-date: /home/saifa/Desktop/Ros_exam/install/controller_interfaces/include/controller_interfaces/controller_interfaces/srv/detail/set_target__functions.h
[3.658s] -- Up-to-date: /home/saifa/Desktop/Ros_exam/install/controller_interfaces/include/controller_interfaces/controller_interfaces/srv/detail/set_target__struct.h
[3.658s] -- Installing: /home/saifa/Desktop/Ros_exam/install/controller_interfaces/include/controller_interfaces/controller_interfaces/srv/detail/set_param__struct.h
[3.658s] -- Up-to-date: /home/saifa/Desktop/Ros_exam/install/controller_interfaces/include/controller_interfaces/controller_interfaces/srv/detail/set_param__type_support.h
[3.658s] -- Installing: /home/saifa/Desktop/Ros_exam/install/controller_interfaces/include/controller_interfaces/controller_interfaces/srv/detail/set_param__functions.h
[3.659s] -- Up-to-date: /home/saifa/Desktop/Ros_exam/install/controller_interfaces/include/controller_interfaces/controller_interfaces/srv/detail/set_target__type_support.h
[3.659s] -- Installing: /home/saifa/Desktop/Ros_exam/install/controller_interfaces/include/controller_interfaces/controller_interfaces/srv/detail/set_param__functions.c
[3.659s] -- Installing: /home/saifa/Desktop/Ros_exam/install/controller_interfaces/share/controller_interfaces/environment/library_path.sh
[3.659s] -- Installing: /home/saifa/Desktop/Ros_exam/install/controller_interfaces/share/controller_interfaces/environment/library_path.dsv
[3.659s] -- Installing: /home/saifa/Desktop/Ros_exam/install/controller_interfaces/lib/libcontroller_interfaces__rosidl_generator_c.so
[3.659s] -- Set runtime path of "/home/saifa/Desktop/Ros_exam/install/controller_interfaces/lib/libcontroller_interfaces__rosidl_generator_c.so" to ""
[3.659s] -- Up-to-date: /home/saifa/Desktop/Ros_exam/install/controller_interfaces/include/controller_interfaces/controller_interfaces
[3.659s] -- Up-to-date: /home/saifa/Desktop/Ros_exam/install/controller_interfaces/include/controller_interfaces/controller_interfaces/msg
[3.659s] -- Up-to-date: /home/saifa/Desktop/Ros_exam/install/controller_interfaces/include/controller_interfaces/controller_interfaces/msg/rosidl_typesupport_fastrtps_c__visibility_control.h
[3.659s] -- Up-to-date: /home/saifa/Desktop/Ros_exam/install/controller_interfaces/include/controller_interfaces/controller_interfaces/srv
[3.660s] -- Up-to-date: /home/saifa/Desktop/Ros_exam/install/controller_interfaces/include/controller_interfaces/controller_interfaces/srv/detail
[3.660s] -- Up-to-date: /home/saifa/Desktop/Ros_exam/install/controller_interfaces/include/controller_interfaces/controller_interfaces/srv/detail/set_target__rosidl_typesupport_fastrtps_c.h
[3.660s] -- Up-to-date: /home/saifa/Desktop/Ros_exam/install/controller_interfaces/include/controller_interfaces/controller_interfaces/srv/detail/set_param__rosidl_typesupport_fastrtps_c.h
[3.660s] -- Installing: /home/saifa/Desktop/Ros_exam/install/controller_interfaces/lib/libcontroller_interfaces__rosidl_typesupport_fastrtps_c.so
[3.660s] -- Set runtime path of "/home/saifa/Desktop/Ros_exam/install/controller_interfaces/lib/libcontroller_interfaces__rosidl_typesupport_fastrtps_c.so" to ""
[3.660s] -- Up-to-date: /home/saifa/Desktop/Ros_exam/install/controller_interfaces/include/controller_interfaces/controller_interfaces
[3.660s] -- Up-to-date: /home/saifa/Desktop/Ros_exam/install/controller_interfaces/include/controller_interfaces/controller_interfaces/srv
[3.660s] -- Up-to-date: /home/saifa/Desktop/Ros_exam/install/controller_interfaces/include/controller_interfaces/controller_interfaces/srv/set_target.hpp
[3.660s] -- Up-to-date: /home/saifa/Desktop/Ros_exam/install/controller_interfaces/include/controller_interfaces/controller_interfaces/srv/set_param.hpp
[3.660s] -- Up-to-date: /home/saifa/Desktop/Ros_exam/install/controller_interfaces/include/controller_interfaces/controller_interfaces/srv/detail
[3.661s] -- Installing: /home/saifa/Desktop/Ros_exam/install/controller_interfaces/include/controller_interfaces/controller_interfaces/srv/detail/set_param__struct.hpp
[3.661s] -- Installing: /home/saifa/Desktop/Ros_exam/install/controller_interfaces/include/controller_interfaces/controller_interfaces/srv/detail/set_param__traits.hpp
[3.661s] -- Installing: /home/saifa/Desktop/Ros_exam/install/controller_interfaces/include/controller_interfaces/controller_interfaces/srv/detail/set_target__struct.hpp
[3.661s] -- Up-to-date: /home/saifa/Desktop/Ros_exam/install/controller_interfaces/include/controller_interfaces/controller_interfaces/srv/detail/set_target__traits.hpp
[3.661s] -- Installing: /home/saifa/Desktop/Ros_exam/install/controller_interfaces/include/controller_interfaces/controller_interfaces/srv/detail/set_param__builder.hpp
[3.661s] -- Installing: /home/saifa/Desktop/Ros_exam/install/controller_interfaces/include/controller_interfaces/controller_interfaces/srv/detail/set_target__builder.hpp
[3.661s] -- Up-to-date: /home/saifa/Desktop/Ros_exam/install/controller_interfaces/include/controller_interfaces/controller_interfaces
[3.661s] -- Up-to-date: /home/saifa/Desktop/Ros_exam/install/controller_interfaces/include/controller_interfaces/controller_interfaces/msg
[3.661s] -- Up-to-date: /home/saifa/Desktop/Ros_exam/install/controller_interfaces/include/controller_interfaces/controller_interfaces/msg/rosidl_typesupport_fastrtps_cpp__visibility_control.h
[3.661s] -- Up-to-date: /home/saifa/Desktop/Ros_exam/install/controller_interfaces/include/controller_interfaces/controller_interfaces/srv
[3.661s] -- Up-to-date: /home/saifa/Desktop/Ros_exam/install/controller_interfaces/include/controller_interfaces/controller_interfaces/srv/detail
[3.662s] -- Up-to-date: /home/saifa/Desktop/Ros_exam/install/controller_interfaces/include/controller_interfaces/controller_interfaces/srv/detail/set_target__rosidl_typesupport_fastrtps_cpp.hpp
[3.662s] -- Up-to-date: /home/saifa/Desktop/Ros_exam/install/controller_interfaces/include/controller_interfaces/controller_interfaces/srv/detail/dds_fastrtps
[3.662s] -- Up-to-date: /home/saifa/Desktop/Ros_exam/install/controller_interfaces/include/controller_interfaces/controller_interfaces/srv/detail/set_param__rosidl_typesupport_fastrtps_cpp.hpp
[3.662s] -- Installing: /home/saifa/Desktop/Ros_exam/install/controller_interfaces/lib/libcontroller_interfaces__rosidl_typesupport_fastrtps_cpp.so
[3.662s] -- Set runtime path of "/home/saifa/Desktop/Ros_exam/install/controller_interfaces/lib/libcontroller_interfaces__rosidl_typesupport_fastrtps_cpp.so" to ""
[3.662s] -- Up-to-date: /home/saifa/Desktop/Ros_exam/install/controller_interfaces/include/controller_interfaces/controller_interfaces
[3.662s] -- Up-to-date: /home/saifa/Desktop/Ros_exam/install/controller_interfaces/include/controller_interfaces/controller_interfaces/msg
[3.662s] -- Up-to-date: /home/saifa/Desktop/Ros_exam/install/controller_interfaces/include/controller_interfaces/controller_interfaces/msg/rosidl_typesupport_introspection_c__visibility_control.h
[3.662s] -- Up-to-date: /home/saifa/Desktop/Ros_exam/install/controller_interfaces/include/controller_interfaces/controller_interfaces/srv
[3.662s] -- Up-to-date: /home/saifa/Desktop/Ros_exam/install/controller_interfaces/include/controller_interfaces/controller_interfaces/srv/detail
[3.662s] -- Up-to-date: /home/saifa/Desktop/Ros_exam/install/controller_interfaces/include/controller_interfaces/controller_interfaces/srv/detail/set_param__type_support.c
[3.663s] -- Up-to-date: /home/saifa/Desktop/Ros_exam/install/controller_interfaces/include/controller_interfaces/controller_interfaces/srv/detail/set_target__type_support.c
[3.663s] -- Up-to-date: /home/saifa/Desktop/Ros_exam/install/controller_interfaces/include/controller_interfaces/controller_interfaces/srv/detail/set_target__rosidl_typesupport_introspection_c.h
[3.663s] -- Up-to-date: /home/saifa/Desktop/Ros_exam/install/controller_interfaces/include/controller_interfaces/controller_interfaces/srv/detail/set_param__rosidl_typesupport_introspection_c.h
[3.663s] -- Installing: /home/saifa/Desktop/Ros_exam/install/controller_interfaces/lib/libcontroller_interfaces__rosidl_typesupport_introspection_c.so
[3.663s] -- Set runtime path of "/home/saifa/Desktop/Ros_exam/install/controller_interfaces/lib/libcontroller_interfaces__rosidl_typesupport_introspection_c.so" to ""
[3.663s] -- Installing: /home/saifa/Desktop/Ros_exam/install/controller_interfaces/lib/libcontroller_interfaces__rosidl_typesupport_c.so
[3.663s] -- Set runtime path of "/home/saifa/Desktop/Ros_exam/install/controller_interfaces/lib/libcontroller_interfaces__rosidl_typesupport_c.so" to ""
[3.663s] -- Up-to-date: /home/saifa/Desktop/Ros_exam/install/controller_interfaces/include/controller_interfaces/controller_interfaces
[3.663s] -- Up-to-date: /home/saifa/Desktop/Ros_exam/install/controller_interfaces/include/controller_interfaces/controller_interfaces/srv
[3.664s] -- Up-to-date: /home/saifa/Desktop/Ros_exam/install/controller_interfaces/include/controller_interfaces/controller_interfaces/srv/detail
[3.664s] -- Up-to-date: /home/saifa/Desktop/Ros_exam/install/controller_interfaces/include/controller_interfaces/controller_interfaces/srv/detail/set_param__type_support.cpp
[3.664s] -- Up-to-date: /home/saifa/Desktop/Ros_exam/install/controller_interfaces/include/controller_interfaces/controller_interfaces/srv/detail/set_target__rosidl_typesupport_introspection_cpp.hpp
[3.664s] -- Up-to-date: /home/saifa/Desktop/Ros_exam/install/controller_interfaces/include/controller_interfaces/controller_interfaces/srv/detail/set_target__type_support.cpp
[3.664s] -- Up-to-date: /home/saifa/Desktop/Ros_exam/install/controller_interfaces/include/controller_interfaces/controller_interfaces/srv/detail/set_param__rosidl_typesupport_introspection_cpp.hpp
[3.664s] -- Installing: /home/saifa/Desktop/Ros_exam/install/controller_interfaces/lib/libcontroller_interfaces__rosidl_typesupport_introspection_cpp.so
[3.664s] -- Set runtime path of "/home/saifa/Desktop/Ros_exam/install/controller_interfaces/lib/libcontroller_interfaces__rosidl_typesupport_introspection_cpp.so" to ""
[3.664s] -- Installing: /home/saifa/Desktop/Ros_exam/install/controller_interfaces/lib/libcontroller_interfaces__rosidl_typesupport_cpp.so
[3.665s] -- Set runtime path of "/home/saifa/Desktop/Ros_exam/install/controller_interfaces/lib/libcontroller_interfaces__rosidl_typesupport_cpp.so" to ""
[3.665s] -- Up-to-date: /home/saifa/Desktop/Ros_exam/install/controller_interfaces/share/controller_interfaces/environment/pythonpath.sh
[3.665s] -- Installing: /home/saifa/Desktop/Ros_exam/install/controller_interfaces/share/controller_interfaces/environment/pythonpath.dsv
[3.665s] -- Up-to-date: /home/saifa/Desktop/Ros_exam/install/controller_interfaces/local/lib/python3.10/dist-packages/controller_interfaces-0.0.0-py3.10.egg-info
[3.665s] -- Installing: /home/saifa/Desktop/Ros_exam/install/controller_interfaces/local/lib/python3.10/dist-packages/controller_interfaces-0.0.0-py3.10.egg-info/top_level.txt
[3.665s] -- Installing: /home/saifa/Desktop/Ros_exam/install/controller_interfaces/local/lib/python3.10/dist-packages/controller_interfaces-0.0.0-py3.10.egg-info/SOURCES.txt
[3.665s] -- Installing: /home/saifa/Desktop/Ros_exam/install/controller_interfaces/local/lib/python3.10/dist-packages/controller_interfaces-0.0.0-py3.10.egg-info/dependency_links.txt
[3.665s] -- Installing: /home/saifa/Desktop/Ros_exam/install/controller_interfaces/local/lib/python3.10/dist-packages/controller_interfaces-0.0.0-py3.10.egg-info/PKG-INFO
[3.666s] -- Up-to-date: /home/saifa/Desktop/Ros_exam/install/controller_interfaces/local/lib/python3.10/dist-packages/controller_interfaces
[3.666s] -- Installing: /home/saifa/Desktop/Ros_exam/install/controller_interfaces/local/lib/python3.10/dist-packages/controller_interfaces/__init__.py
[3.666s] -- Installing: /home/saifa/Desktop/Ros_exam/install/controller_interfaces/local/lib/python3.10/dist-packages/controller_interfaces/controller_interfaces_s__rosidl_typesupport_introspection_c.cpython-310-x86_64-linux-gnu.so
[3.666s] -- Installing: /home/saifa/Desktop/Ros_exam/install/controller_interfaces/local/lib/python3.10/dist-packages/controller_interfaces/libcontroller_interfaces__rosidl_generator_py.so
[3.666s] -- Up-to-date: /home/saifa/Desktop/Ros_exam/install/controller_interfaces/local/lib/python3.10/dist-packages/controller_interfaces/srv
[3.666s] -- Up-to-date: /home/saifa/Desktop/Ros_exam/install/controller_interfaces/local/lib/python3.10/dist-packages/controller_interfaces/srv/__init__.py
[3.666s] -- Up-to-date: /home/saifa/Desktop/Ros_exam/install/controller_interfaces/local/lib/python3.10/dist-packages/controller_interfaces/srv/_set_param.py
[3.666s] -- Up-to-date: /home/saifa/Desktop/Ros_exam/install/controller_interfaces/local/lib/python3.10/dist-packages/controller_interfaces/srv/_set_target.py
[3.666s] -- Up-to-date: /home/saifa/Desktop/Ros_exam/install/controller_interfaces/local/lib/python3.10/dist-packages/controller_interfaces/srv/_set_target_s.c
[3.667s] -- Up-to-date: /home/saifa/Desktop/Ros_exam/install/controller_interfaces/local/lib/python3.10/dist-packages/controller_interfaces/srv/_set_param_s.c
[3.667s] -- Up-to-date: /home/saifa/Desktop/Ros_exam/install/controller_interfaces/local/lib/python3.10/dist-packages/controller_interfaces/_controller_interfaces_s.ep.rosidl_typesupport_c.c
[3.667s] -- Up-to-date: /home/saifa/Desktop/Ros_exam/install/controller_interfaces/local/lib/python3.10/dist-packages/controller_interfaces/_controller_interfaces_s.ep.rosidl_typesupport_fastrtps_c.c
[3.667s] -- Installing: /home/saifa/Desktop/Ros_exam/install/controller_interfaces/local/lib/python3.10/dist-packages/controller_interfaces/controller_interfaces_s__rosidl_typesupport_c.cpython-310-x86_64-linux-gnu.so
[3.667s] -- Installing: /home/saifa/Desktop/Ros_exam/install/controller_interfaces/local/lib/python3.10/dist-packages/controller_interfaces/controller_interfaces_s__rosidl_typesupport_fastrtps_c.cpython-310-x86_64-linux-gnu.so
[3.667s] -- Up-to-date: /home/saifa/Desktop/Ros_exam/install/controller_interfaces/local/lib/python3.10/dist-packages/controller_interfaces/_controller_interfaces_s.ep.rosidl_typesupport_introspection_c.c
[3.703s] Listing '/home/saifa/Desktop/Ros_exam/install/controller_interfaces/local/lib/python3.10/dist-packages/controller_interfaces'...
[3.703s] Compiling '/home/saifa/Desktop/Ros_exam/install/controller_interfaces/local/lib/python3.10/dist-packages/controller_interfaces/__init__.py'...
[3.703s] Listing '/home/saifa/Desktop/Ros_exam/install/controller_interfaces/local/lib/python3.10/dist-packages/controller_interfaces/srv'...
[3.703s] Compiling '/home/saifa/Desktop/Ros_exam/install/controller_interfaces/local/lib/python3.10/dist-packages/controller_interfaces/srv/__init__.py'...
[3.703s] Compiling '/home/saifa/Desktop/Ros_exam/install/controller_interfaces/local/lib/python3.10/dist-packages/controller_interfaces/srv/_set_param.py'...
[3.703s] Compiling '/home/saifa/Desktop/Ros_exam/install/controller_interfaces/local/lib/python3.10/dist-packages/controller_interfaces/srv/_set_target.py'...
[3.706s] -- Installing: /home/saifa/Desktop/Ros_exam/install/controller_interfaces/local/lib/python3.10/dist-packages/controller_interfaces/controller_interfaces_s__rosidl_typesupport_fastrtps_c.cpython-310-x86_64-linux-gnu.so
[3.707s] -- Set runtime path of "/home/saifa/Desktop/Ros_exam/install/controller_interfaces/local/lib/python3.10/dist-packages/controller_interfaces/controller_interfaces_s__rosidl_typesupport_fastrtps_c.cpython-310-x86_64-linux-gnu.so" to ""
[3.707s] -- Installing: /home/saifa/Desktop/Ros_exam/install/controller_interfaces/local/lib/python3.10/dist-packages/controller_interfaces/controller_interfaces_s__rosidl_typesupport_introspection_c.cpython-310-x86_64-linux-gnu.so
[3.707s] -- Set runtime path of "/home/saifa/Desktop/Ros_exam/install/controller_interfaces/local/lib/python3.10/dist-packages/controller_interfaces/controller_interfaces_s__rosidl_typesupport_introspection_c.cpython-310-x86_64-linux-gnu.so" to ""
[3.708s] -- Installing: /home/saifa/Desktop/Ros_exam/install/controller_interfaces/local/lib/python3.10/dist-packages/controller_interfaces/controller_interfaces_s__rosidl_typesupport_c.cpython-310-x86_64-linux-gnu.so
[3.708s] -- Set runtime path of "/home/saifa/Desktop/Ros_exam/install/controller_interfaces/local/lib/python3.10/dist-packages/controller_interfaces/controller_interfaces_s__rosidl_typesupport_c.cpython-310-x86_64-linux-gnu.so" to ""
[3.708s] -- Installing: /home/saifa/Desktop/Ros_exam/install/controller_interfaces/lib/libcontroller_interfaces__rosidl_generator_py.so
[3.708s] -- Set runtime path of "/home/saifa/Desktop/Ros_exam/install/controller_interfaces/lib/libcontroller_interfaces__rosidl_generator_py.so" to ""
[3.709s] -- Up-to-date: /home/saifa/Desktop/Ros_exam/install/controller_interfaces/share/controller_interfaces/srv/SetParam.idl
[3.709s] -- Up-to-date: /home/saifa/Desktop/Ros_exam/install/controller_interfaces/share/controller_interfaces/srv/SetTarget.idl
[3.709s] -- Up-to-date: /home/saifa/Desktop/Ros_exam/install/controller_interfaces/share/controller_interfaces/srv/SetParam.srv
[3.709s] -- Up-to-date: /home/saifa/Desktop/Ros_exam/install/controller_interfaces/share/controller_interfaces/srv/SetParam_Request.msg
[3.709s] -- Up-to-date: /home/saifa/Desktop/Ros_exam/install/controller_interfaces/share/controller_interfaces/srv/SetParam_Response.msg
[3.709s] -- Up-to-date: /home/saifa/Desktop/Ros_exam/install/controller_interfaces/share/controller_interfaces/srv/SetTarget.srv
[3.709s] -- Up-to-date: /home/saifa/Desktop/Ros_exam/install/controller_interfaces/share/controller_interfaces/srv/SetTarget_Request.msg
[3.709s] -- Up-to-date: /home/saifa/Desktop/Ros_exam/install/controller_interfaces/share/controller_interfaces/srv/SetTarget_Response.msg
[3.709s] -- Up-to-date: /home/saifa/Desktop/Ros_exam/install/controller_interfaces/share/ament_index/resource_index/package_run_dependencies/controller_interfaces
[3.709s] -- Installing: /home/saifa/Desktop/Ros_exam/install/controller_interfaces/share/ament_index/resource_index/parent_prefix_path/controller_interfaces
[3.709s] -- Installing: /home/saifa/Desktop/Ros_exam/install/controller_interfaces/share/controller_interfaces/environment/ament_prefix_path.sh
[3.709s] -- Installing: /home/saifa/Desktop/Ros_exam/install/controller_interfaces/share/controller_interfaces/environment/ament_prefix_path.dsv
[3.710s] -- Installing: /home/saifa/Desktop/Ros_exam/install/controller_interfaces/share/controller_interfaces/environment/path.sh
[3.710s] -- Installing: /home/saifa/Desktop/Ros_exam/install/controller_interfaces/share/controller_interfaces/environment/path.dsv
[3.710s] -- Up-to-date: /home/saifa/Desktop/Ros_exam/install/controller_interfaces/share/controller_interfaces/local_setup.bash
[3.710s] -- Up-to-date: /home/saifa/Desktop/Ros_exam/install/controller_interfaces/share/controller_interfaces/local_setup.sh
[3.710s] -- Up-to-date: /home/saifa/Desktop/Ros_exam/install/controller_interfaces/share/controller_interfaces/local_setup.zsh
[3.710s] -- Installing: /home/saifa/Desktop/Ros_exam/install/controller_interfaces/share/controller_interfaces/local_setup.dsv
[3.710s] -- Installing: /home/saifa/Desktop/Ros_exam/install/controller_interfaces/share/controller_interfaces/package.dsv
[3.710s] -- Up-to-date: /home/saifa/Desktop/Ros_exam/install/controller_interfaces/share/ament_index/resource_index/packages/controller_interfaces
[3.710s] -- Up-to-date: /home/saifa/Desktop/Ros_exam/install/controller_interfaces/share/controller_interfaces/cmake/export_controller_interfaces__rosidl_generator_cExport.cmake
[3.710s] -- Up-to-date: /home/saifa/Desktop/Ros_exam/install/controller_interfaces/share/controller_interfaces/cmake/export_controller_interfaces__rosidl_generator_cExport-noconfig.cmake
[3.710s] -- Up-to-date: /home/saifa/Desktop/Ros_exam/install/controller_interfaces/share/controller_interfaces/cmake/export_controller_interfaces__rosidl_typesupport_fastrtps_cExport.cmake
[3.710s] -- Up-to-date: /home/saifa/Desktop/Ros_exam/install/controller_interfaces/share/controller_interfaces/cmake/export_controller_interfaces__rosidl_typesupport_fastrtps_cExport-noconfig.cmake
[3.711s] -- Up-to-date: /home/saifa/Desktop/Ros_exam/install/controller_interfaces/share/controller_interfaces/cmake/export_controller_interfaces__rosidl_generator_cppExport.cmake
[3.711s] -- Up-to-date: /home/saifa/Desktop/Ros_exam/install/controller_interfaces/share/controller_interfaces/cmake/export_controller_interfaces__rosidl_typesupport_fastrtps_cppExport.cmake
[3.711s] -- Up-to-date: /home/saifa/Desktop/Ros_exam/install/controller_interfaces/share/controller_interfaces/cmake/export_controller_interfaces__rosidl_typesupport_fastrtps_cppExport-noconfig.cmake
[3.711s] -- Up-to-date: /home/saifa/Desktop/Ros_exam/install/controller_interfaces/share/controller_interfaces/cmake/controller_interfaces__rosidl_typesupport_introspection_cExport.cmake
[3.711s] -- Up-to-date: /home/saifa/Desktop/Ros_exam/install/controller_interfaces/share/controller_interfaces/cmake/controller_interfaces__rosidl_typesupport_introspection_cExport-noconfig.cmake
[3.711s] -- Up-to-date: /home/saifa/Desktop/Ros_exam/install/controller_interfaces/share/controller_interfaces/cmake/controller_interfaces__rosidl_typesupport_cExport.cmake
[3.711s] -- Up-to-date: /home/saifa/Desktop/Ros_exam/install/controller_interfaces/share/controller_interfaces/cmake/controller_interfaces__rosidl_typesupport_cExport-noconfig.cmake
[3.711s] -- Up-to-date: /home/saifa/Desktop/Ros_exam/install/controller_interfaces/share/controller_interfaces/cmake/controller_interfaces__rosidl_typesupport_introspection_cppExport.cmake
[3.711s] -- Up-to-date: /home/saifa/Desktop/Ros_exam/install/controller_interfaces/share/controller_interfaces/cmake/controller_interfaces__rosidl_typesupport_introspection_cppExport-noconfig.cmake
[3.711s] -- Up-to-date: /home/saifa/Desktop/Ros_exam/install/controller_interfaces/share/controller_interfaces/cmake/controller_interfaces__rosidl_typesupport_cppExport.cmake
[3.711s] -- Up-to-date: /home/saifa/Desktop/Ros_exam/install/controller_interfaces/share/controller_interfaces/cmake/controller_interfaces__rosidl_typesupport_cppExport-noconfig.cmake
[3.711s] -- Up-to-date: /home/saifa/Desktop/Ros_exam/install/controller_interfaces/share/controller_interfaces/cmake/export_controller_interfaces__rosidl_generator_pyExport.cmake
[3.711s] -- Up-to-date: /home/saifa/Desktop/Ros_exam/install/controller_interfaces/share/controller_interfaces/cmake/export_controller_interfaces__rosidl_generator_pyExport-noconfig.cmake
[3.711s] -- Up-to-date: /home/saifa/Desktop/Ros_exam/install/controller_interfaces/share/controller_interfaces/cmake/rosidl_cmake-extras.cmake
[3.712s] -- Up-to-date: /home/saifa/Desktop/Ros_exam/install/controller_interfaces/share/controller_interfaces/cmake/ament_cmake_export_dependencies-extras.cmake
[3.712s] -- Up-to-date: /home/saifa/Desktop/Ros_exam/install/controller_interfaces/share/controller_interfaces/cmake/ament_cmake_export_include_directories-extras.cmake
[3.712s] -- Up-to-date: /home/saifa/Desktop/Ros_exam/install/controller_interfaces/share/controller_interfaces/cmake/ament_cmake_export_libraries-extras.cmake
[3.712s] -- Up-to-date: /home/saifa/Desktop/Ros_exam/install/controller_interfaces/share/controller_interfaces/cmake/ament_cmake_export_targets-extras.cmake
[3.712s] -- Up-to-date: /home/saifa/Desktop/Ros_exam/install/controller_interfaces/share/controller_interfaces/cmake/rosidl_cmake_export_typesupport_targets-extras.cmake
[3.712s] -- Up-to-date: /home/saifa/Desktop/Ros_exam/install/controller_interfaces/share/controller_interfaces/cmake/rosidl_cmake_export_typesupport_libraries-extras.cmake
[3.712s] -- Up-to-date: /home/saifa/Desktop/Ros_exam/install/controller_interfaces/share/controller_interfaces/cmake/controller_interfacesConfig.cmake
[3.712s] -- Up-to-date: /home/saifa/Desktop/Ros_exam/install/controller_interfaces/share/controller_interfaces/cmake/controller_interfacesConfig-version.cmake
[3.712s] -- Up-to-date: /home/saifa/Desktop/Ros_exam/install/controller_interfaces/share/controller_interfaces/package.xml
[3.714s] Invoked command in '/home/saifa/Desktop/Ros_exam/build/controller_interfaces' returned '0': CMAKE_PREFIX_PATH=${CMAKE_PREFIX_PATH}:/home/saifa/Desktop/ros2_w2_ws/install/launch_testing_examples:/home/saifa/Desktop/ros2_w2_ws/install/examples_rclpy_pointcloud_publisher:/home/saifa/Desktop/ros2_w2_ws/install/examples_rclpy_minimal_subscriber:/home/saifa/Desktop/ros2_w2_ws/install/examples_rclpy_minimal_service:/home/saifa/Desktop/ros2_w2_ws/install/examples_rclpy_minimal_publisher:/home/saifa/Desktop/ros2_w2_ws/install/examples_rclpy_minimal_client:/home/saifa/Desktop/ros2_w2_ws/install/examples_rclpy_minimal_action_server:/home/saifa/Desktop/ros2_w2_ws/install/examples_rclpy_minimal_action_client:/home/saifa/Desktop/ros2_w2_ws/install/examples_rclpy_guard_conditions:/home/saifa/Desktop/ros2_w2_ws/install/examples_rclpy_executors:/opt/ros/humble /usr/bin/cmake --install /home/saifa/Desktop/Ros_exam/build/controller_interfaces
