-- Found ament_cmake: 1.3.10 (/opt/ros/humble/share/ament_cmake/cmake)
-- Found rclcpp: 16.0.10 (/opt/ros/humble/share/rclcpp/cmake)
-- Found rosidl_generator_c: 3.1.5 (/opt/ros/humble/share/rosidl_generator_c/cmake)
-- Found rosidl_adapter: 3.1.5 (/opt/ros/humble/share/rosidl_adapter/cmake)
-- Found rosidl_generator_cpp: 3.1.5 (/opt/ros/humble/share/rosidl_generator_cpp/cmake)
-- Using all available rosidl_typesupport_c: rosidl_typesupport_fastrtps_c;rosidl_typesupport_introspection_c
-- Using all available rosidl_typesupport_cpp: rosidl_typesupport_fastrtps_cpp;rosidl_typesupport_introspection_cpp
-- Found rmw_implementation_cmake: 6.1.2 (/opt/ros/humble/share/rmw_implementation_cmake/cmake)
-- Found rmw_fastrtps_cpp: 6.2.7 (/opt/ros/humble/share/rmw_fastrtps_cpp/cmake)
-- Using RMW implementation 'rmw_fastrtps_cpp' as default
-- Found rclpy: 3.3.14 (/opt/ros/humble/share/rclpy/cmake)
-- Configuring done
-- Generating done
-- Build files have been written to: /home/nakarin/RoboticsDevExam2/build/saifa_pack
[35m[1mConsolidate compiler generated dependencies of target cpp_node_test[0m
[100%] Built target cpp_node_test
[100%] Built target ament_cmake_python_copy_saifa_pack
running egg_info
writing saifa_pack.egg-info/PKG-INFO
writing dependency_links to saifa_pack.egg-info/dependency_links.txt
writing top-level names to saifa_pack.egg-info/top_level.txt
reading manifest file 'saifa_pack.egg-info/SOURCES.txt'
writing manifest file 'saifa_pack.egg-info/SOURCES.txt'
[100%] Built target ament_cmake_python_build_saifa_pack_egg
-- Install configuration: ""
-- Up-to-date: /home/nakarin/RoboticsDevExam2/install/saifa_pack/share/saifa_pack/environment/pythonpath.sh
-- Installing: /home/nakarin/RoboticsDevExam2/install/saifa_pack/share/saifa_pack/environment/pythonpath.dsv
-- Up-to-date: /home/nakarin/RoboticsDevExam2/install/saifa_pack/local/lib/python3.10/dist-packages/saifa_pack-0.0.0-py3.10.egg-info
-- Installing: /home/nakarin/RoboticsDevExam2/install/saifa_pack/local/lib/python3.10/dist-packages/saifa_pack-0.0.0-py3.10.egg-info/dependency_links.txt
-- Installing: /home/nakarin/RoboticsDevExam2/install/saifa_pack/local/lib/python3.10/dist-packages/saifa_pack-0.0.0-py3.10.egg-info/SOURCES.txt
-- Installing: /home/nakarin/RoboticsDevExam2/install/saifa_pack/local/lib/python3.10/dist-packages/saifa_pack-0.0.0-py3.10.egg-info/PKG-INFO
-- Installing: /home/nakarin/RoboticsDevExam2/install/saifa_pack/local/lib/python3.10/dist-packages/saifa_pack-0.0.0-py3.10.egg-info/top_level.txt
-- Up-to-date: /home/nakarin/RoboticsDevExam2/install/saifa_pack/local/lib/python3.10/dist-packages/saifa_pack
-- Up-to-date: /home/nakarin/RoboticsDevExam2/install/saifa_pack/local/lib/python3.10/dist-packages/saifa_pack/__init__.py
-- Up-to-date: /home/nakarin/RoboticsDevExam2/install/saifa_pack/local/lib/python3.10/dist-packages/saifa_pack/dummy_module.py
Listing '/home/nakarin/RoboticsDevExam2/install/saifa_pack/local/lib/python3.10/dist-packages/saifa_pack'...
-- Up-to-date: /home/nakarin/RoboticsDevExam2/install/saifa_pack/lib/saifa_pack/dummy_script.py
-- Installing: /home/nakarin/RoboticsDevExam2/install/saifa_pack/lib/saifa_pack/teleop_turtle.py
[31mCMake Error at cmake_install.cmake:70 (file):
  file INSTALL cannot find
  "/home/nakarin/RoboticsDevExam2/src/saifa_pack/scripts/teleop_set_params_script.py":
  No such file or directory.

[0m
