[0.112s] DEBUG:colcon:Command line arguments: ['/usr/bin/colcon', 'build']
[0.112s] DEBUG:colcon:Parsed command line arguments: Namespace(log_base=None, log_level=None, verb_name='build', build_base='build', install_base='install', merge_install=False, symlink_install=False, test_result_base=None, continue_on_error=False, executor='parallel', parallel_workers=8, event_handlers=None, ignore_user_meta=False, metas=['./colcon.meta'], base_paths=['.'], packages_ignore=None, packages_ignore_regex=None, paths=None, packages_up_to=None, packages_up_to_regex=None, packages_above=None, packages_above_and_dependencies=None, packages_above_depth=None, packages_select_by_dep=None, packages_skip_by_dep=None, packages_skip_up_to=None, packages_select_build_failed=False, packages_skip_build_finished=False, packages_select_test_failures=False, packages_skip_test_passed=False, packages_select=None, packages_skip=None, packages_select_regex=None, packages_skip_regex=None, packages_start=None, packages_end=None, allow_overriding=[], cmake_args=None, cmake_target=None, cmake_target_skip_unavailable=False, cmake_clean_cache=False, cmake_clean_first=False, cmake_force_configure=False, ament_cmake_args=None, catkin_cmake_args=None, catkin_skip_building_tests=False, mixin_files=None, mixin=None, verb_parser=<colcon_mixin.mixin.mixin_argument.MixinArgumentDecorator object at 0x7d756375cd60>, verb_extension=<colcon_core.verb.build.BuildVerb object at 0x7d756375c880>, main=<bound method BuildVerb.main of <colcon_core.verb.build.BuildVerb object at 0x7d756375c880>>, mixin_verb=('build',))
[0.280s] Level 1:colcon.colcon_core.package_discovery:discover_packages(colcon_meta) check parameters
[0.280s] Level 1:colcon.colcon_core.package_discovery:discover_packages(recursive) check parameters
[0.280s] Level 1:colcon.colcon_core.package_discovery:discover_packages(ignore) check parameters
[0.280s] Level 1:colcon.colcon_core.package_discovery:discover_packages(path) check parameters
[0.280s] Level 1:colcon.colcon_core.package_discovery:discover_packages(colcon_meta) discover
[0.280s] Level 1:colcon.colcon_core.package_discovery:discover_packages(recursive) discover
[0.280s] INFO:colcon.colcon_core.package_discovery:Crawling recursively for packages in '/home/nakarin/RoboticsDevExam2'
[0.280s] Level 1:colcon.colcon_core.package_identification:_identify(.) by extensions ['ignore', 'ignore_ament_install']
[0.280s] Level 1:colcon.colcon_core.package_identification:_identify(.) by extension 'ignore'
[0.280s] Level 1:colcon.colcon_core.package_identification:_identify(.) by extension 'ignore_ament_install'
[0.280s] Level 1:colcon.colcon_core.package_identification:_identify(.) by extensions ['colcon_pkg']
[0.280s] Level 1:colcon.colcon_core.package_identification:_identify(.) by extension 'colcon_pkg'
[0.280s] Level 1:colcon.colcon_core.package_identification:_identify(.) by extensions ['colcon_meta']
[0.280s] Level 1:colcon.colcon_core.package_identification:_identify(.) by extension 'colcon_meta'
[0.280s] Level 1:colcon.colcon_core.package_identification:_identify(.) by extensions ['ros']
[0.280s] Level 1:colcon.colcon_core.package_identification:_identify(.) by extension 'ros'
[0.290s] Level 1:colcon.colcon_core.package_identification:_identify(.) by extensions ['cmake', 'python']
[0.291s] Level 1:colcon.colcon_core.package_identification:_identify(.) by extension 'cmake'
[0.291s] Level 1:colcon.colcon_core.package_identification:_identify(.) by extension 'python'
[0.291s] Level 1:colcon.colcon_core.package_identification:_identify(.) by extensions ['python_setup_py']
[0.291s] Level 1:colcon.colcon_core.package_identification:_identify(.) by extension 'python_setup_py'
[0.291s] Level 1:colcon.colcon_core.package_identification:_identify(build) by extensions ['ignore', 'ignore_ament_install']
[0.291s] Level 1:colcon.colcon_core.package_identification:_identify(build) by extension 'ignore'
[0.291s] Level 1:colcon.colcon_core.package_identification:_identify(build) ignored
[0.291s] Level 1:colcon.colcon_core.package_identification:_identify(install) by extensions ['ignore', 'ignore_ament_install']
[0.291s] Level 1:colcon.colcon_core.package_identification:_identify(install) by extension 'ignore'
[0.291s] Level 1:colcon.colcon_core.package_identification:_identify(install) ignored
[0.291s] Level 1:colcon.colcon_core.package_identification:_identify(log) by extensions ['ignore', 'ignore_ament_install']
[0.291s] Level 1:colcon.colcon_core.package_identification:_identify(log) by extension 'ignore'
[0.291s] Level 1:colcon.colcon_core.package_identification:_identify(log) ignored
[0.291s] Level 1:colcon.colcon_core.package_identification:_identify(src) by extensions ['ignore', 'ignore_ament_install']
[0.292s] Level 1:colcon.colcon_core.package_identification:_identify(src) by extension 'ignore'
[0.292s] Level 1:colcon.colcon_core.package_identification:_identify(src) by extension 'ignore_ament_install'
[0.292s] Level 1:colcon.colcon_core.package_identification:_identify(src) by extensions ['colcon_pkg']
[0.292s] Level 1:colcon.colcon_core.package_identification:_identify(src) by extension 'colcon_pkg'
[0.292s] Level 1:colcon.colcon_core.package_identification:_identify(src) by extensions ['colcon_meta']
[0.292s] Level 1:colcon.colcon_core.package_identification:_identify(src) by extension 'colcon_meta'
[0.292s] Level 1:colcon.colcon_core.package_identification:_identify(src) by extensions ['ros']
[0.292s] Level 1:colcon.colcon_core.package_identification:_identify(src) by extension 'ros'
[0.292s] Level 1:colcon.colcon_core.package_identification:_identify(src) by extensions ['cmake', 'python']
[0.292s] Level 1:colcon.colcon_core.package_identification:_identify(src) by extension 'cmake'
[0.292s] Level 1:colcon.colcon_core.package_identification:_identify(src) by extension 'python'
[0.292s] Level 1:colcon.colcon_core.package_identification:_identify(src) by extensions ['python_setup_py']
[0.292s] Level 1:colcon.colcon_core.package_identification:_identify(src) by extension 'python_setup_py'
[0.292s] Level 1:colcon.colcon_core.package_identification:_identify(src/controller_interfaces) by extensions ['ignore', 'ignore_ament_install']
[0.292s] Level 1:colcon.colcon_core.package_identification:_identify(src/controller_interfaces) by extension 'ignore'
[0.292s] Level 1:colcon.colcon_core.package_identification:_identify(src/controller_interfaces) by extension 'ignore_ament_install'
[0.292s] Level 1:colcon.colcon_core.package_identification:_identify(src/controller_interfaces) by extensions ['colcon_pkg']
[0.292s] Level 1:colcon.colcon_core.package_identification:_identify(src/controller_interfaces) by extension 'colcon_pkg'
[0.292s] Level 1:colcon.colcon_core.package_identification:_identify(src/controller_interfaces) by extensions ['colcon_meta']
[0.292s] Level 1:colcon.colcon_core.package_identification:_identify(src/controller_interfaces) by extension 'colcon_meta'
[0.292s] Level 1:colcon.colcon_core.package_identification:_identify(src/controller_interfaces) by extensions ['ros']
[0.292s] Level 1:colcon.colcon_core.package_identification:_identify(src/controller_interfaces) by extension 'ros'
[0.295s] DEBUG:colcon.colcon_core.package_identification:Package 'src/controller_interfaces' with type 'ros.ament_cmake' and name 'controller_interfaces'
[0.295s] Level 1:colcon.colcon_core.package_identification:_identify(src/pizza_pose) by extensions ['ignore', 'ignore_ament_install']
[0.295s] Level 1:colcon.colcon_core.package_identification:_identify(src/pizza_pose) by extension 'ignore'
[0.295s] Level 1:colcon.colcon_core.package_identification:_identify(src/pizza_pose) by extension 'ignore_ament_install'
[0.295s] Level 1:colcon.colcon_core.package_identification:_identify(src/pizza_pose) by extensions ['colcon_pkg']
[0.295s] Level 1:colcon.colcon_core.package_identification:_identify(src/pizza_pose) by extension 'colcon_pkg'
[0.295s] Level 1:colcon.colcon_core.package_identification:_identify(src/pizza_pose) by extensions ['colcon_meta']
[0.295s] Level 1:colcon.colcon_core.package_identification:_identify(src/pizza_pose) by extension 'colcon_meta'
[0.295s] Level 1:colcon.colcon_core.package_identification:_identify(src/pizza_pose) by extensions ['ros']
[0.295s] Level 1:colcon.colcon_core.package_identification:_identify(src/pizza_pose) by extension 'ros'
[0.295s] Level 1:colcon.colcon_core.package_identification:_identify(src/pizza_pose) by extensions ['cmake', 'python']
[0.295s] Level 1:colcon.colcon_core.package_identification:_identify(src/pizza_pose) by extension 'cmake'
[0.295s] Level 1:colcon.colcon_core.package_identification:_identify(src/pizza_pose) by extension 'python'
[0.295s] Level 1:colcon.colcon_core.package_identification:_identify(src/pizza_pose) by extensions ['python_setup_py']
[0.295s] Level 1:colcon.colcon_core.package_identification:_identify(src/pizza_pose) by extension 'python_setup_py'
[0.296s] Level 1:colcon.colcon_core.package_identification:_identify(src/saifa_pack) by extensions ['ignore', 'ignore_ament_install']
[0.296s] Level 1:colcon.colcon_core.package_identification:_identify(src/saifa_pack) by extension 'ignore'
[0.296s] Level 1:colcon.colcon_core.package_identification:_identify(src/saifa_pack) by extension 'ignore_ament_install'
[0.296s] Level 1:colcon.colcon_core.package_identification:_identify(src/saifa_pack) by extensions ['colcon_pkg']
[0.296s] Level 1:colcon.colcon_core.package_identification:_identify(src/saifa_pack) by extension 'colcon_pkg'
[0.296s] Level 1:colcon.colcon_core.package_identification:_identify(src/saifa_pack) by extensions ['colcon_meta']
[0.296s] Level 1:colcon.colcon_core.package_identification:_identify(src/saifa_pack) by extension 'colcon_meta'
[0.296s] Level 1:colcon.colcon_core.package_identification:_identify(src/saifa_pack) by extensions ['ros']
[0.296s] Level 1:colcon.colcon_core.package_identification:_identify(src/saifa_pack) by extension 'ros'
[0.296s] DEBUG:colcon.colcon_core.package_identification:Package 'src/saifa_pack' with type 'ros.ament_cmake' and name 'saifa_pack'
[0.297s] Level 1:colcon.colcon_core.package_identification:_identify(src/sun_interfaces) by extensions ['ignore', 'ignore_ament_install']
[0.297s] Level 1:colcon.colcon_core.package_identification:_identify(src/sun_interfaces) by extension 'ignore'
[0.297s] Level 1:colcon.colcon_core.package_identification:_identify(src/sun_interfaces) by extension 'ignore_ament_install'
[0.297s] Level 1:colcon.colcon_core.package_identification:_identify(src/sun_interfaces) by extensions ['colcon_pkg']
[0.297s] Level 1:colcon.colcon_core.package_identification:_identify(src/sun_interfaces) by extension 'colcon_pkg'
[0.297s] Level 1:colcon.colcon_core.package_identification:_identify(src/sun_interfaces) by extensions ['colcon_meta']
[0.297s] Level 1:colcon.colcon_core.package_identification:_identify(src/sun_interfaces) by extension 'colcon_meta'
[0.297s] Level 1:colcon.colcon_core.package_identification:_identify(src/sun_interfaces) by extensions ['ros']
[0.297s] Level 1:colcon.colcon_core.package_identification:_identify(src/sun_interfaces) by extension 'ros'
[0.297s] DEBUG:colcon.colcon_core.package_identification:Package 'src/sun_interfaces' with type 'ros.ament_cmake' and name 'sun_interfaces'
[0.298s] Level 1:colcon.colcon_core.package_identification:_identify(src/sun_pkg) by extensions ['ignore', 'ignore_ament_install']
[0.298s] Level 1:colcon.colcon_core.package_identification:_identify(src/sun_pkg) by extension 'ignore'
[0.298s] Level 1:colcon.colcon_core.package_identification:_identify(src/sun_pkg) by extension 'ignore_ament_install'
[0.298s] Level 1:colcon.colcon_core.package_identification:_identify(src/sun_pkg) by extensions ['colcon_pkg']
[0.298s] Level 1:colcon.colcon_core.package_identification:_identify(src/sun_pkg) by extension 'colcon_pkg'
[0.298s] Level 1:colcon.colcon_core.package_identification:_identify(src/sun_pkg) by extensions ['colcon_meta']
[0.298s] Level 1:colcon.colcon_core.package_identification:_identify(src/sun_pkg) by extension 'colcon_meta'
[0.298s] Level 1:colcon.colcon_core.package_identification:_identify(src/sun_pkg) by extensions ['ros']
[0.298s] Level 1:colcon.colcon_core.package_identification:_identify(src/sun_pkg) by extension 'ros'
[0.298s] DEBUG:colcon.colcon_core.package_identification:Package 'src/sun_pkg' with type 'ros.ament_cmake' and name 'sun_pkg'
[0.299s] Level 1:colcon.colcon_core.package_identification:_identify(src/turtlesim_plus) by extensions ['ignore', 'ignore_ament_install']
[0.299s] Level 1:colcon.colcon_core.package_identification:_identify(src/turtlesim_plus) by extension 'ignore'
[0.299s] Level 1:colcon.colcon_core.package_identification:_identify(src/turtlesim_plus) by extension 'ignore_ament_install'
[0.299s] Level 1:colcon.colcon_core.package_identification:_identify(src/turtlesim_plus) by extensions ['colcon_pkg']
[0.299s] Level 1:colcon.colcon_core.package_identification:_identify(src/turtlesim_plus) by extension 'colcon_pkg'
[0.299s] Level 1:colcon.colcon_core.package_identification:_identify(src/turtlesim_plus) by extensions ['colcon_meta']
[0.299s] Level 1:colcon.colcon_core.package_identification:_identify(src/turtlesim_plus) by extension 'colcon_meta'
[0.299s] Level 1:colcon.colcon_core.package_identification:_identify(src/turtlesim_plus) by extensions ['ros']
[0.299s] Level 1:colcon.colcon_core.package_identification:_identify(src/turtlesim_plus) by extension 'ros'
[0.299s] Level 1:colcon.colcon_core.package_identification:_identify(src/turtlesim_plus) by extensions ['cmake', 'python']
[0.299s] Level 1:colcon.colcon_core.package_identification:_identify(src/turtlesim_plus) by extension 'cmake'
[0.299s] Level 1:colcon.colcon_core.package_identification:_identify(src/turtlesim_plus) by extension 'python'
[0.299s] Level 1:colcon.colcon_core.package_identification:_identify(src/turtlesim_plus) by extensions ['python_setup_py']
[0.299s] Level 1:colcon.colcon_core.package_identification:_identify(src/turtlesim_plus) by extension 'python_setup_py'
[0.299s] Level 1:colcon.colcon_core.package_identification:_identify(src/turtlesim_plus/turtlesim_plus) by extensions ['ignore', 'ignore_ament_install']
[0.299s] Level 1:colcon.colcon_core.package_identification:_identify(src/turtlesim_plus/turtlesim_plus) by extension 'ignore'
[0.299s] Level 1:colcon.colcon_core.package_identification:_identify(src/turtlesim_plus/turtlesim_plus) by extension 'ignore_ament_install'
[0.299s] Level 1:colcon.colcon_core.package_identification:_identify(src/turtlesim_plus/turtlesim_plus) by extensions ['colcon_pkg']
[0.299s] Level 1:colcon.colcon_core.package_identification:_identify(src/turtlesim_plus/turtlesim_plus) by extension 'colcon_pkg'
[0.299s] Level 1:colcon.colcon_core.package_identification:_identify(src/turtlesim_plus/turtlesim_plus) by extensions ['colcon_meta']
[0.299s] Level 1:colcon.colcon_core.package_identification:_identify(src/turtlesim_plus/turtlesim_plus) by extension 'colcon_meta'
[0.300s] Level 1:colcon.colcon_core.package_identification:_identify(src/turtlesim_plus/turtlesim_plus) by extensions ['ros']
[0.300s] Level 1:colcon.colcon_core.package_identification:_identify(src/turtlesim_plus/turtlesim_plus) by extension 'ros'
[0.301s] DEBUG:colcon.colcon_core.package_identification:Package 'src/turtlesim_plus/turtlesim_plus' with type 'ros.ament_cmake' and name 'turtlesim_plus'
[0.301s] Level 1:colcon.colcon_core.package_identification:_identify(src/turtlesim_plus/turtlesim_plus_interfaces) by extensions ['ignore', 'ignore_ament_install']
[0.301s] Level 1:colcon.colcon_core.package_identification:_identify(src/turtlesim_plus/turtlesim_plus_interfaces) by extension 'ignore'
[0.301s] Level 1:colcon.colcon_core.package_identification:_identify(src/turtlesim_plus/turtlesim_plus_interfaces) by extension 'ignore_ament_install'
[0.301s] Level 1:colcon.colcon_core.package_identification:_identify(src/turtlesim_plus/turtlesim_plus_interfaces) by extensions ['colcon_pkg']
[0.301s] Level 1:colcon.colcon_core.package_identification:_identify(src/turtlesim_plus/turtlesim_plus_interfaces) by extension 'colcon_pkg'
[0.301s] Level 1:colcon.colcon_core.package_identification:_identify(src/turtlesim_plus/turtlesim_plus_interfaces) by extensions ['colcon_meta']
[0.301s] Level 1:colcon.colcon_core.package_identification:_identify(src/turtlesim_plus/turtlesim_plus_interfaces) by extension 'colcon_meta'
[0.301s] Level 1:colcon.colcon_core.package_identification:_identify(src/turtlesim_plus/turtlesim_plus_interfaces) by extensions ['ros']
[0.301s] Level 1:colcon.colcon_core.package_identification:_identify(src/turtlesim_plus/turtlesim_plus_interfaces) by extension 'ros'
[0.301s] DEBUG:colcon.colcon_core.package_identification:Package 'src/turtlesim_plus/turtlesim_plus_interfaces' with type 'ros.ament_cmake' and name 'turtlesim_plus_interfaces'
[0.302s] Level 1:colcon.colcon_core.package_discovery:discover_packages(recursive) using defaults
[0.302s] Level 1:colcon.colcon_core.package_discovery:discover_packages(ignore) discover
[0.302s] Level 1:colcon.colcon_core.package_discovery:discover_packages(ignore) using defaults
[0.302s] Level 1:colcon.colcon_core.package_discovery:discover_packages(path) discover
[0.302s] Level 1:colcon.colcon_core.package_discovery:discover_packages(path) using defaults
[0.332s] Level 1:colcon.colcon_core.package_discovery:discover_packages(prefix_path) check parameters
[0.332s] Level 1:colcon.colcon_core.package_discovery:discover_packages(prefix_path) discover
[0.336s] DEBUG:colcon.colcon_installed_package_information.package_discovery:Found 6 installed packages in /home/nakarin/RoboticsDevExam2/install
[0.337s] DEBUG:colcon.colcon_installed_package_information.package_discovery:Found 30 installed packages in /home/nakarin/RoboticsDev/install
[0.339s] DEBUG:colcon.colcon_installed_package_information.package_discovery:Found 294 installed packages in /opt/ros/humble
[0.341s] Level 1:colcon.colcon_core.package_discovery:discover_packages(prefix_path) using defaults
[0.397s] Level 5:colcon.colcon_core.verb:set package 'controller_interfaces' build argument 'cmake_args' from command line to 'None'
[0.397s] Level 5:colcon.colcon_core.verb:set package 'controller_interfaces' build argument 'cmake_target' from command line to 'None'
[0.397s] Level 5:colcon.colcon_core.verb:set package 'controller_interfaces' build argument 'cmake_target_skip_unavailable' from command line to 'False'
[0.398s] Level 5:colcon.colcon_core.verb:set package 'controller_interfaces' build argument 'cmake_clean_cache' from command line to 'False'
[0.398s] Level 5:colcon.colcon_core.verb:set package 'controller_interfaces' build argument 'cmake_clean_first' from command line to 'False'
[0.398s] Level 5:colcon.colcon_core.verb:set package 'controller_interfaces' build argument 'cmake_force_configure' from command line to 'False'
[0.398s] Level 5:colcon.colcon_core.verb:set package 'controller_interfaces' build argument 'ament_cmake_args' from command line to 'None'
[0.398s] Level 5:colcon.colcon_core.verb:set package 'controller_interfaces' build argument 'catkin_cmake_args' from command line to 'None'
[0.398s] Level 5:colcon.colcon_core.verb:set package 'controller_interfaces' build argument 'catkin_skip_building_tests' from command line to 'False'
[0.398s] DEBUG:colcon.colcon_core.verb:Building package 'controller_interfaces' with the following arguments: {'ament_cmake_args': None, 'build_base': '/home/nakarin/RoboticsDevExam2/build/controller_interfaces', 'catkin_cmake_args': None, 'catkin_skip_building_tests': False, 'cmake_args': None, 'cmake_clean_cache': False, 'cmake_clean_first': False, 'cmake_force_configure': False, 'cmake_target': None, 'cmake_target_skip_unavailable': False, 'install_base': '/home/nakarin/RoboticsDevExam2/install/controller_interfaces', 'merge_install': False, 'path': '/home/nakarin/RoboticsDevExam2/src/controller_interfaces', 'symlink_install': False, 'test_result_base': None}
[0.400s] Level 5:colcon.colcon_core.verb:set package 'saifa_pack' build argument 'cmake_args' from command line to 'None'
[0.400s] Level 5:colcon.colcon_core.verb:set package 'saifa_pack' build argument 'cmake_target' from command line to 'None'
[0.400s] Level 5:colcon.colcon_core.verb:set package 'saifa_pack' build argument 'cmake_target_skip_unavailable' from command line to 'False'
[0.400s] Level 5:colcon.colcon_core.verb:set package 'saifa_pack' build argument 'cmake_clean_cache' from command line to 'False'
[0.400s] Level 5:colcon.colcon_core.verb:set package 'saifa_pack' build argument 'cmake_clean_first' from command line to 'False'
[0.400s] Level 5:colcon.colcon_core.verb:set package 'saifa_pack' build argument 'cmake_force_configure' from command line to 'False'
[0.400s] Level 5:colcon.colcon_core.verb:set package 'saifa_pack' build argument 'ament_cmake_args' from command line to 'None'
[0.400s] Level 5:colcon.colcon_core.verb:set package 'saifa_pack' build argument 'catkin_cmake_args' from command line to 'None'
[0.400s] Level 5:colcon.colcon_core.verb:set package 'saifa_pack' build argument 'catkin_skip_building_tests' from command line to 'False'
[0.400s] DEBUG:colcon.colcon_core.verb:Building package 'saifa_pack' with the following arguments: {'ament_cmake_args': None, 'build_base': '/home/nakarin/RoboticsDevExam2/build/saifa_pack', 'catkin_cmake_args': None, 'catkin_skip_building_tests': False, 'cmake_args': None, 'cmake_clean_cache': False, 'cmake_clean_first': False, 'cmake_force_configure': False, 'cmake_target': None, 'cmake_target_skip_unavailable': False, 'install_base': '/home/nakarin/RoboticsDevExam2/install/saifa_pack', 'merge_install': False, 'path': '/home/nakarin/RoboticsDevExam2/src/saifa_pack', 'symlink_install': False, 'test_result_base': None}
[0.401s] Level 5:colcon.colcon_core.verb:set package 'sun_interfaces' build argument 'cmake_args' from command line to 'None'
[0.401s] Level 5:colcon.colcon_core.verb:set package 'sun_interfaces' build argument 'cmake_target' from command line to 'None'
[0.401s] Level 5:colcon.colcon_core.verb:set package 'sun_interfaces' build argument 'cmake_target_skip_unavailable' from command line to 'False'
[0.401s] Level 5:colcon.colcon_core.verb:set package 'sun_interfaces' build argument 'cmake_clean_cache' from command line to 'False'
[0.401s] Level 5:colcon.colcon_core.verb:set package 'sun_interfaces' build argument 'cmake_clean_first' from command line to 'False'
[0.401s] Level 5:colcon.colcon_core.verb:set package 'sun_interfaces' build argument 'cmake_force_configure' from command line to 'False'
[0.401s] Level 5:colcon.colcon_core.verb:set package 'sun_interfaces' build argument 'ament_cmake_args' from command line to 'None'
[0.401s] Level 5:colcon.colcon_core.verb:set package 'sun_interfaces' build argument 'catkin_cmake_args' from command line to 'None'
[0.401s] Level 5:colcon.colcon_core.verb:set package 'sun_interfaces' build argument 'catkin_skip_building_tests' from command line to 'False'
[0.401s] DEBUG:colcon.colcon_core.verb:Building package 'sun_interfaces' with the following arguments: {'ament_cmake_args': None, 'build_base': '/home/nakarin/RoboticsDevExam2/build/sun_interfaces', 'catkin_cmake_args': None, 'catkin_skip_building_tests': False, 'cmake_args': None, 'cmake_clean_cache': False, 'cmake_clean_first': False, 'cmake_force_configure': False, 'cmake_target': None, 'cmake_target_skip_unavailable': False, 'install_base': '/home/nakarin/RoboticsDevExam2/install/sun_interfaces', 'merge_install': False, 'path': '/home/nakarin/RoboticsDevExam2/src/sun_interfaces', 'symlink_install': False, 'test_result_base': None}
[0.401s] Level 5:colcon.colcon_core.verb:set package 'sun_pkg' build argument 'cmake_args' from command line to 'None'
[0.401s] Level 5:colcon.colcon_core.verb:set package 'sun_pkg' build argument 'cmake_target' from command line to 'None'
[0.402s] Level 5:colcon.colcon_core.verb:set package 'sun_pkg' build argument 'cmake_target_skip_unavailable' from command line to 'False'
[0.402s] Level 5:colcon.colcon_core.verb:set package 'sun_pkg' build argument 'cmake_clean_cache' from command line to 'False'
[0.402s] Level 5:colcon.colcon_core.verb:set package 'sun_pkg' build argument 'cmake_clean_first' from command line to 'False'
[0.402s] Level 5:colcon.colcon_core.verb:set package 'sun_pkg' build argument 'cmake_force_configure' from command line to 'False'
[0.402s] Level 5:colcon.colcon_core.verb:set package 'sun_pkg' build argument 'ament_cmake_args' from command line to 'None'
[0.402s] Level 5:colcon.colcon_core.verb:set package 'sun_pkg' build argument 'catkin_cmake_args' from command line to 'None'
[0.402s] Level 5:colcon.colcon_core.verb:set package 'sun_pkg' build argument 'catkin_skip_building_tests' from command line to 'False'
[0.402s] DEBUG:colcon.colcon_core.verb:Building package 'sun_pkg' with the following arguments: {'ament_cmake_args': None, 'build_base': '/home/nakarin/RoboticsDevExam2/build/sun_pkg', 'catkin_cmake_args': None, 'catkin_skip_building_tests': False, 'cmake_args': None, 'cmake_clean_cache': False, 'cmake_clean_first': False, 'cmake_force_configure': False, 'cmake_target': None, 'cmake_target_skip_unavailable': False, 'install_base': '/home/nakarin/RoboticsDevExam2/install/sun_pkg', 'merge_install': False, 'path': '/home/nakarin/RoboticsDevExam2/src/sun_pkg', 'symlink_install': False, 'test_result_base': None}
[0.402s] Level 5:colcon.colcon_core.verb:set package 'turtlesim_plus' build argument 'cmake_args' from command line to 'None'
[0.402s] Level 5:colcon.colcon_core.verb:set package 'turtlesim_plus' build argument 'cmake_target' from command line to 'None'
[0.402s] Level 5:colcon.colcon_core.verb:set package 'turtlesim_plus' build argument 'cmake_target_skip_unavailable' from command line to 'False'
[0.402s] Level 5:colcon.colcon_core.verb:set package 'turtlesim_plus' build argument 'cmake_clean_cache' from command line to 'False'
[0.402s] Level 5:colcon.colcon_core.verb:set package 'turtlesim_plus' build argument 'cmake_clean_first' from command line to 'False'
[0.402s] Level 5:colcon.colcon_core.verb:set package 'turtlesim_plus' build argument 'cmake_force_configure' from command line to 'False'
[0.402s] Level 5:colcon.colcon_core.verb:set package 'turtlesim_plus' build argument 'ament_cmake_args' from command line to 'None'
[0.402s] Level 5:colcon.colcon_core.verb:set package 'turtlesim_plus' build argument 'catkin_cmake_args' from command line to 'None'
[0.402s] Level 5:colcon.colcon_core.verb:set package 'turtlesim_plus' build argument 'catkin_skip_building_tests' from command line to 'False'
[0.402s] DEBUG:colcon.colcon_core.verb:Building package 'turtlesim_plus' with the following arguments: {'ament_cmake_args': None, 'build_base': '/home/nakarin/RoboticsDevExam2/build/turtlesim_plus', 'catkin_cmake_args': None, 'catkin_skip_building_tests': False, 'cmake_args': None, 'cmake_clean_cache': False, 'cmake_clean_first': False, 'cmake_force_configure': False, 'cmake_target': None, 'cmake_target_skip_unavailable': False, 'install_base': '/home/nakarin/RoboticsDevExam2/install/turtlesim_plus', 'merge_install': False, 'path': '/home/nakarin/RoboticsDevExam2/src/turtlesim_plus/turtlesim_plus', 'symlink_install': False, 'test_result_base': None}
[0.403s] Level 5:colcon.colcon_core.verb:set package 'turtlesim_plus_interfaces' build argument 'cmake_args' from command line to 'None'
[0.403s] Level 5:colcon.colcon_core.verb:set package 'turtlesim_plus_interfaces' build argument 'cmake_target' from command line to 'None'
[0.403s] Level 5:colcon.colcon_core.verb:set package 'turtlesim_plus_interfaces' build argument 'cmake_target_skip_unavailable' from command line to 'False'
[0.403s] Level 5:colcon.colcon_core.verb:set package 'turtlesim_plus_interfaces' build argument 'cmake_clean_cache' from command line to 'False'
[0.403s] Level 5:colcon.colcon_core.verb:set package 'turtlesim_plus_interfaces' build argument 'cmake_clean_first' from command line to 'False'
[0.403s] Level 5:colcon.colcon_core.verb:set package 'turtlesim_plus_interfaces' build argument 'cmake_force_configure' from command line to 'False'
[0.403s] Level 5:colcon.colcon_core.verb:set package 'turtlesim_plus_interfaces' build argument 'ament_cmake_args' from command line to 'None'
[0.403s] Level 5:colcon.colcon_core.verb:set package 'turtlesim_plus_interfaces' build argument 'catkin_cmake_args' from command line to 'None'
[0.403s] Level 5:colcon.colcon_core.verb:set package 'turtlesim_plus_interfaces' build argument 'catkin_skip_building_tests' from command line to 'False'
[0.403s] DEBUG:colcon.colcon_core.verb:Building package 'turtlesim_plus_interfaces' with the following arguments: {'ament_cmake_args': None, 'build_base': '/home/nakarin/RoboticsDevExam2/build/turtlesim_plus_interfaces', 'catkin_cmake_args': None, 'catkin_skip_building_tests': False, 'cmake_args': None, 'cmake_clean_cache': False, 'cmake_clean_first': False, 'cmake_force_configure': False, 'cmake_target': None, 'cmake_target_skip_unavailable': False, 'install_base': '/home/nakarin/RoboticsDevExam2/install/turtlesim_plus_interfaces', 'merge_install': False, 'path': '/home/nakarin/RoboticsDevExam2/src/turtlesim_plus/turtlesim_plus_interfaces', 'symlink_install': False, 'test_result_base': None}
[0.403s] INFO:colcon.colcon_core.executor:Executing jobs using 'parallel' executor
[0.405s] DEBUG:colcon.colcon_parallel_executor.executor.parallel:run_until_complete
[0.405s] INFO:colcon.colcon_ros.task.ament_cmake.build:Building ROS package in '/home/nakarin/RoboticsDevExam2/src/controller_interfaces' with build type 'ament_cmake'
[0.406s] INFO:colcon.colcon_cmake.task.cmake.build:Building CMake package in '/home/nakarin/RoboticsDevExam2/src/controller_interfaces'
[0.409s] INFO:colcon.colcon_core.plugin_system:Skipping extension 'colcon_core.shell.bat': Not used on non-Windows systems
[0.410s] INFO:colcon.colcon_core.shell:Skip shell extension 'powershell' for command environment: Not usable outside of PowerShell
[0.410s] DEBUG:colcon.colcon_core.shell:Skip shell extension 'dsv' for command environment
[0.419s] INFO:colcon.colcon_ros.task.ament_cmake.build:Building ROS package in '/home/nakarin/RoboticsDevExam2/src/saifa_pack' with build type 'ament_cmake'
[0.419s] INFO:colcon.colcon_cmake.task.cmake.build:Building CMake package in '/home/nakarin/RoboticsDevExam2/src/saifa_pack'
[0.420s] INFO:colcon.colcon_core.shell:Skip shell extension 'powershell' for command environment: Not usable outside of PowerShell
[0.420s] DEBUG:colcon.colcon_core.shell:Skip shell extension 'dsv' for command environment
[0.428s] INFO:colcon.colcon_ros.task.ament_cmake.build:Building ROS package in '/home/nakarin/RoboticsDevExam2/src/sun_interfaces' with build type 'ament_cmake'
[0.428s] INFO:colcon.colcon_cmake.task.cmake.build:Building CMake package in '/home/nakarin/RoboticsDevExam2/src/sun_interfaces'
[0.429s] INFO:colcon.colcon_core.shell:Skip shell extension 'powershell' for command environment: Not usable outside of PowerShell
[0.429s] DEBUG:colcon.colcon_core.shell:Skip shell extension 'dsv' for command environment
[0.439s] INFO:colcon.colcon_ros.task.ament_cmake.build:Building ROS package in '/home/nakarin/RoboticsDevExam2/src/sun_pkg' with build type 'ament_cmake'
[0.439s] INFO:colcon.colcon_cmake.task.cmake.build:Building CMake package in '/home/nakarin/RoboticsDevExam2/src/sun_pkg'
[0.439s] INFO:colcon.colcon_core.shell:Skip shell extension 'powershell' for command environment: Not usable outside of PowerShell
[0.439s] DEBUG:colcon.colcon_core.shell:Skip shell extension 'dsv' for command environment
[0.450s] INFO:colcon.colcon_ros.task.ament_cmake.build:Building ROS package in '/home/nakarin/RoboticsDevExam2/src/turtlesim_plus/turtlesim_plus' with build type 'ament_cmake'
[0.450s] INFO:colcon.colcon_cmake.task.cmake.build:Building CMake package in '/home/nakarin/RoboticsDevExam2/src/turtlesim_plus/turtlesim_plus'
[0.451s] INFO:colcon.colcon_core.shell:Skip shell extension 'powershell' for command environment: Not usable outside of PowerShell
[0.451s] DEBUG:colcon.colcon_core.shell:Skip shell extension 'dsv' for command environment
[0.457s] INFO:colcon.colcon_ros.task.ament_cmake.build:Building ROS package in '/home/nakarin/RoboticsDevExam2/src/turtlesim_plus/turtlesim_plus_interfaces' with build type 'ament_cmake'
[0.457s] INFO:colcon.colcon_cmake.task.cmake.build:Building CMake package in '/home/nakarin/RoboticsDevExam2/src/turtlesim_plus/turtlesim_plus_interfaces'
[0.458s] INFO:colcon.colcon_core.shell:Skip shell extension 'powershell' for command environment: Not usable outside of PowerShell
[0.459s] DEBUG:colcon.colcon_core.shell:Skip shell extension 'dsv' for command environment
[0.477s] DEBUG:colcon.colcon_core.event_handler.log_command:Invoking command in '/home/nakarin/RoboticsDevExam2/build/controller_interfaces': CMAKE_PREFIX_PATH=${CMAKE_PREFIX_PATH}:/home/nakarin/RoboticsDev/install/launch_testing_examples:/home/nakarin/RoboticsDev/install/examples_rclpy_pointcloud_publisher:/home/nakarin/RoboticsDev/install/examples_rclpy_minimal_subscriber:/home/nakarin/RoboticsDev/install/examples_rclpy_minimal_service:/home/nakarin/RoboticsDev/install/examples_rclpy_minimal_publisher:/home/nakarin/RoboticsDev/install/examples_rclpy_minimal_client:/home/nakarin/RoboticsDev/install/examples_rclpy_minimal_action_server:/home/nakarin/RoboticsDev/install/examples_rclpy_minimal_action_client:/home/nakarin/RoboticsDev/install/examples_rclpy_guard_conditions:/home/nakarin/RoboticsDev/install/examples_rclpy_executors:/opt/ros/humble /usr/bin/cmake --build /home/nakarin/RoboticsDevExam2/build/controller_interfaces -- -j8 -l8
[0.488s] DEBUG:colcon.colcon_core.event_handler.log_command:Invoking command in '/home/nakarin/RoboticsDevExam2/build/saifa_pack': CMAKE_PREFIX_PATH=${CMAKE_PREFIX_PATH}:/home/nakarin/RoboticsDev/install/launch_testing_examples:/home/nakarin/RoboticsDev/install/examples_rclpy_pointcloud_publisher:/home/nakarin/RoboticsDev/install/examples_rclpy_minimal_subscriber:/home/nakarin/RoboticsDev/install/examples_rclpy_minimal_service:/home/nakarin/RoboticsDev/install/examples_rclpy_minimal_publisher:/home/nakarin/RoboticsDev/install/examples_rclpy_minimal_client:/home/nakarin/RoboticsDev/install/examples_rclpy_minimal_action_server:/home/nakarin/RoboticsDev/install/examples_rclpy_minimal_action_client:/home/nakarin/RoboticsDev/install/examples_rclpy_guard_conditions:/home/nakarin/RoboticsDev/install/examples_rclpy_executors:/opt/ros/humble /usr/bin/cmake --build /home/nakarin/RoboticsDevExam2/build/saifa_pack -- -j8 -l8
[0.492s] DEBUG:colcon.colcon_core.event_handler.log_command:Invoking command in '/home/nakarin/RoboticsDevExam2/build/sun_interfaces': CMAKE_PREFIX_PATH=${CMAKE_PREFIX_PATH}:/home/nakarin/RoboticsDev/install/launch_testing_examples:/home/nakarin/RoboticsDev/install/examples_rclpy_pointcloud_publisher:/home/nakarin/RoboticsDev/install/examples_rclpy_minimal_subscriber:/home/nakarin/RoboticsDev/install/examples_rclpy_minimal_service:/home/nakarin/RoboticsDev/install/examples_rclpy_minimal_publisher:/home/nakarin/RoboticsDev/install/examples_rclpy_minimal_client:/home/nakarin/RoboticsDev/install/examples_rclpy_minimal_action_server:/home/nakarin/RoboticsDev/install/examples_rclpy_minimal_action_client:/home/nakarin/RoboticsDev/install/examples_rclpy_guard_conditions:/home/nakarin/RoboticsDev/install/examples_rclpy_executors:/opt/ros/humble /usr/bin/cmake --build /home/nakarin/RoboticsDevExam2/build/sun_interfaces -- -j8 -l8
[0.501s] DEBUG:colcon.colcon_core.event_handler.log_command:Invoking command in '/home/nakarin/RoboticsDevExam2/build/sun_pkg': CMAKE_PREFIX_PATH=${CMAKE_PREFIX_PATH}:/home/nakarin/RoboticsDev/install/launch_testing_examples:/home/nakarin/RoboticsDev/install/examples_rclpy_pointcloud_publisher:/home/nakarin/RoboticsDev/install/examples_rclpy_minimal_subscriber:/home/nakarin/RoboticsDev/install/examples_rclpy_minimal_service:/home/nakarin/RoboticsDev/install/examples_rclpy_minimal_publisher:/home/nakarin/RoboticsDev/install/examples_rclpy_minimal_client:/home/nakarin/RoboticsDev/install/examples_rclpy_minimal_action_server:/home/nakarin/RoboticsDev/install/examples_rclpy_minimal_action_client:/home/nakarin/RoboticsDev/install/examples_rclpy_guard_conditions:/home/nakarin/RoboticsDev/install/examples_rclpy_executors:/opt/ros/humble /usr/bin/cmake --build /home/nakarin/RoboticsDevExam2/build/sun_pkg -- -j8 -l8
[0.510s] DEBUG:colcon.colcon_core.event_handler.log_command:Invoking command in '/home/nakarin/RoboticsDevExam2/build/turtlesim_plus': CMAKE_PREFIX_PATH=${CMAKE_PREFIX_PATH}:/home/nakarin/RoboticsDev/install/launch_testing_examples:/home/nakarin/RoboticsDev/install/examples_rclpy_pointcloud_publisher:/home/nakarin/RoboticsDev/install/examples_rclpy_minimal_subscriber:/home/nakarin/RoboticsDev/install/examples_rclpy_minimal_service:/home/nakarin/RoboticsDev/install/examples_rclpy_minimal_publisher:/home/nakarin/RoboticsDev/install/examples_rclpy_minimal_client:/home/nakarin/RoboticsDev/install/examples_rclpy_minimal_action_server:/home/nakarin/RoboticsDev/install/examples_rclpy_minimal_action_client:/home/nakarin/RoboticsDev/install/examples_rclpy_guard_conditions:/home/nakarin/RoboticsDev/install/examples_rclpy_executors:/opt/ros/humble /usr/bin/cmake --build /home/nakarin/RoboticsDevExam2/build/turtlesim_plus -- -j8 -l8
[0.535s] DEBUG:colcon.colcon_core.event_handler.log_command:Invoking command in '/home/nakarin/RoboticsDevExam2/build/turtlesim_plus_interfaces': CMAKE_PREFIX_PATH=${CMAKE_PREFIX_PATH}:/home/nakarin/RoboticsDev/install/launch_testing_examples:/home/nakarin/RoboticsDev/install/examples_rclpy_pointcloud_publisher:/home/nakarin/RoboticsDev/install/examples_rclpy_minimal_subscriber:/home/nakarin/RoboticsDev/install/examples_rclpy_minimal_service:/home/nakarin/RoboticsDev/install/examples_rclpy_minimal_publisher:/home/nakarin/RoboticsDev/install/examples_rclpy_minimal_client:/home/nakarin/RoboticsDev/install/examples_rclpy_minimal_action_server:/home/nakarin/RoboticsDev/install/examples_rclpy_minimal_action_client:/home/nakarin/RoboticsDev/install/examples_rclpy_guard_conditions:/home/nakarin/RoboticsDev/install/examples_rclpy_executors:/opt/ros/humble /usr/bin/cmake --build /home/nakarin/RoboticsDevExam2/build/turtlesim_plus_interfaces -- -j8 -l8
[1.278s] DEBUG:colcon.colcon_core.event_handler.log_command:Invoked command in '/home/nakarin/RoboticsDevExam2/build/saifa_pack' returned '0': CMAKE_PREFIX_PATH=${CMAKE_PREFIX_PATH}:/home/nakarin/RoboticsDev/install/launch_testing_examples:/home/nakarin/RoboticsDev/install/examples_rclpy_pointcloud_publisher:/home/nakarin/RoboticsDev/install/examples_rclpy_minimal_subscriber:/home/nakarin/RoboticsDev/install/examples_rclpy_minimal_service:/home/nakarin/RoboticsDev/install/examples_rclpy_minimal_publisher:/home/nakarin/RoboticsDev/install/examples_rclpy_minimal_client:/home/nakarin/RoboticsDev/install/examples_rclpy_minimal_action_server:/home/nakarin/RoboticsDev/install/examples_rclpy_minimal_action_client:/home/nakarin/RoboticsDev/install/examples_rclpy_guard_conditions:/home/nakarin/RoboticsDev/install/examples_rclpy_executors:/opt/ros/humble /usr/bin/cmake --build /home/nakarin/RoboticsDevExam2/build/saifa_pack -- -j8 -l8
[1.321s] DEBUG:colcon.colcon_core.event_handler.log_command:Invoking command in '/home/nakarin/RoboticsDevExam2/build/saifa_pack': CMAKE_PREFIX_PATH=${CMAKE_PREFIX_PATH}:/home/nakarin/RoboticsDev/install/launch_testing_examples:/home/nakarin/RoboticsDev/install/examples_rclpy_pointcloud_publisher:/home/nakarin/RoboticsDev/install/examples_rclpy_minimal_subscriber:/home/nakarin/RoboticsDev/install/examples_rclpy_minimal_service:/home/nakarin/RoboticsDev/install/examples_rclpy_minimal_publisher:/home/nakarin/RoboticsDev/install/examples_rclpy_minimal_client:/home/nakarin/RoboticsDev/install/examples_rclpy_minimal_action_server:/home/nakarin/RoboticsDev/install/examples_rclpy_minimal_action_client:/home/nakarin/RoboticsDev/install/examples_rclpy_guard_conditions:/home/nakarin/RoboticsDev/install/examples_rclpy_executors:/opt/ros/humble /usr/bin/cmake --install /home/nakarin/RoboticsDevExam2/build/saifa_pack
[1.323s] DEBUG:colcon.colcon_core.event_handler.log_command:Invoked command in '/home/nakarin/RoboticsDevExam2/build/turtlesim_plus_interfaces' returned '0': CMAKE_PREFIX_PATH=${CMAKE_PREFIX_PATH}:/home/nakarin/RoboticsDev/install/launch_testing_examples:/home/nakarin/RoboticsDev/install/examples_rclpy_pointcloud_publisher:/home/nakarin/RoboticsDev/install/examples_rclpy_minimal_subscriber:/home/nakarin/RoboticsDev/install/examples_rclpy_minimal_service:/home/nakarin/RoboticsDev/install/examples_rclpy_minimal_publisher:/home/nakarin/RoboticsDev/install/examples_rclpy_minimal_client:/home/nakarin/RoboticsDev/install/examples_rclpy_minimal_action_server:/home/nakarin/RoboticsDev/install/examples_rclpy_minimal_action_client:/home/nakarin/RoboticsDev/install/examples_rclpy_guard_conditions:/home/nakarin/RoboticsDev/install/examples_rclpy_executors:/opt/ros/humble /usr/bin/cmake --build /home/nakarin/RoboticsDevExam2/build/turtlesim_plus_interfaces -- -j8 -l8
[1.358s] DEBUG:colcon.colcon_core.event_handler.log_command:Invoked command in '/home/nakarin/RoboticsDevExam2/build/controller_interfaces' returned '0': CMAKE_PREFIX_PATH=${CMAKE_PREFIX_PATH}:/home/nakarin/RoboticsDev/install/launch_testing_examples:/home/nakarin/RoboticsDev/install/examples_rclpy_pointcloud_publisher:/home/nakarin/RoboticsDev/install/examples_rclpy_minimal_subscriber:/home/nakarin/RoboticsDev/install/examples_rclpy_minimal_service:/home/nakarin/RoboticsDev/install/examples_rclpy_minimal_publisher:/home/nakarin/RoboticsDev/install/examples_rclpy_minimal_client:/home/nakarin/RoboticsDev/install/examples_rclpy_minimal_action_server:/home/nakarin/RoboticsDev/install/examples_rclpy_minimal_action_client:/home/nakarin/RoboticsDev/install/examples_rclpy_guard_conditions:/home/nakarin/RoboticsDev/install/examples_rclpy_executors:/opt/ros/humble /usr/bin/cmake --build /home/nakarin/RoboticsDevExam2/build/controller_interfaces -- -j8 -l8
[1.360s] DEBUG:colcon.colcon_core.event_handler.log_command:Invoked command in '/home/nakarin/RoboticsDevExam2/build/sun_interfaces' returned '0': CMAKE_PREFIX_PATH=${CMAKE_PREFIX_PATH}:/home/nakarin/RoboticsDev/install/launch_testing_examples:/home/nakarin/RoboticsDev/install/examples_rclpy_pointcloud_publisher:/home/nakarin/RoboticsDev/install/examples_rclpy_minimal_subscriber:/home/nakarin/RoboticsDev/install/examples_rclpy_minimal_service:/home/nakarin/RoboticsDev/install/examples_rclpy_minimal_publisher:/home/nakarin/RoboticsDev/install/examples_rclpy_minimal_client:/home/nakarin/RoboticsDev/install/examples_rclpy_minimal_action_server:/home/nakarin/RoboticsDev/install/examples_rclpy_minimal_action_client:/home/nakarin/RoboticsDev/install/examples_rclpy_guard_conditions:/home/nakarin/RoboticsDev/install/examples_rclpy_executors:/opt/ros/humble /usr/bin/cmake --build /home/nakarin/RoboticsDevExam2/build/sun_interfaces -- -j8 -l8
[1.375s] DEBUG:colcon.colcon_core.event_handler.log_command:Invoked command in '/home/nakarin/RoboticsDevExam2/build/sun_pkg' returned '0': CMAKE_PREFIX_PATH=${CMAKE_PREFIX_PATH}:/home/nakarin/RoboticsDev/install/launch_testing_examples:/home/nakarin/RoboticsDev/install/examples_rclpy_pointcloud_publisher:/home/nakarin/RoboticsDev/install/examples_rclpy_minimal_subscriber:/home/nakarin/RoboticsDev/install/examples_rclpy_minimal_service:/home/nakarin/RoboticsDev/install/examples_rclpy_minimal_publisher:/home/nakarin/RoboticsDev/install/examples_rclpy_minimal_client:/home/nakarin/RoboticsDev/install/examples_rclpy_minimal_action_server:/home/nakarin/RoboticsDev/install/examples_rclpy_minimal_action_client:/home/nakarin/RoboticsDev/install/examples_rclpy_guard_conditions:/home/nakarin/RoboticsDev/install/examples_rclpy_executors:/opt/ros/humble /usr/bin/cmake --build /home/nakarin/RoboticsDevExam2/build/sun_pkg -- -j8 -l8
[1.380s] DEBUG:colcon.colcon_core.event_handler.log_command:Invoked command in '/home/nakarin/RoboticsDevExam2/build/turtlesim_plus' returned '0': CMAKE_PREFIX_PATH=${CMAKE_PREFIX_PATH}:/home/nakarin/RoboticsDev/install/launch_testing_examples:/home/nakarin/RoboticsDev/install/examples_rclpy_pointcloud_publisher:/home/nakarin/RoboticsDev/install/examples_rclpy_minimal_subscriber:/home/nakarin/RoboticsDev/install/examples_rclpy_minimal_service:/home/nakarin/RoboticsDev/install/examples_rclpy_minimal_publisher:/home/nakarin/RoboticsDev/install/examples_rclpy_minimal_client:/home/nakarin/RoboticsDev/install/examples_rclpy_minimal_action_server:/home/nakarin/RoboticsDev/install/examples_rclpy_minimal_action_client:/home/nakarin/RoboticsDev/install/examples_rclpy_guard_conditions:/home/nakarin/RoboticsDev/install/examples_rclpy_executors:/opt/ros/humble /usr/bin/cmake --build /home/nakarin/RoboticsDevExam2/build/turtlesim_plus -- -j8 -l8
[1.412s] DEBUG:colcon.colcon_core.event_handler.log_command:Invoking command in '/home/nakarin/RoboticsDevExam2/build/sun_pkg': CMAKE_PREFIX_PATH=${CMAKE_PREFIX_PATH}:/home/nakarin/RoboticsDev/install/launch_testing_examples:/home/nakarin/RoboticsDev/install/examples_rclpy_pointcloud_publisher:/home/nakarin/RoboticsDev/install/examples_rclpy_minimal_subscriber:/home/nakarin/RoboticsDev/install/examples_rclpy_minimal_service:/home/nakarin/RoboticsDev/install/examples_rclpy_minimal_publisher:/home/nakarin/RoboticsDev/install/examples_rclpy_minimal_client:/home/nakarin/RoboticsDev/install/examples_rclpy_minimal_action_server:/home/nakarin/RoboticsDev/install/examples_rclpy_minimal_action_client:/home/nakarin/RoboticsDev/install/examples_rclpy_guard_conditions:/home/nakarin/RoboticsDev/install/examples_rclpy_executors:/opt/ros/humble /usr/bin/cmake --install /home/nakarin/RoboticsDevExam2/build/sun_pkg
[1.414s] Level 1:colcon.colcon_core.environment:create_environment_scripts_only(saifa_pack)
[1.414s] DEBUG:colcon.colcon_core.event_handler.log_command:Invoking command in '/home/nakarin/RoboticsDevExam2/build/turtlesim_plus': CMAKE_PREFIX_PATH=${CMAKE_PREFIX_PATH}:/home/nakarin/RoboticsDev/install/launch_testing_examples:/home/nakarin/RoboticsDev/install/examples_rclpy_pointcloud_publisher:/home/nakarin/RoboticsDev/install/examples_rclpy_minimal_subscriber:/home/nakarin/RoboticsDev/install/examples_rclpy_minimal_service:/home/nakarin/RoboticsDev/install/examples_rclpy_minimal_publisher:/home/nakarin/RoboticsDev/install/examples_rclpy_minimal_client:/home/nakarin/RoboticsDev/install/examples_rclpy_minimal_action_server:/home/nakarin/RoboticsDev/install/examples_rclpy_minimal_action_client:/home/nakarin/RoboticsDev/install/examples_rclpy_guard_conditions:/home/nakarin/RoboticsDev/install/examples_rclpy_executors:/opt/ros/humble /usr/bin/cmake --install /home/nakarin/RoboticsDevExam2/build/turtlesim_plus
[1.415s] DEBUG:colcon.colcon_core.event_handler.log_command:Invoked command in '/home/nakarin/RoboticsDevExam2/build/saifa_pack' returned '0': CMAKE_PREFIX_PATH=${CMAKE_PREFIX_PATH}:/home/nakarin/RoboticsDev/install/launch_testing_examples:/home/nakarin/RoboticsDev/install/examples_rclpy_pointcloud_publisher:/home/nakarin/RoboticsDev/install/examples_rclpy_minimal_subscriber:/home/nakarin/RoboticsDev/install/examples_rclpy_minimal_service:/home/nakarin/RoboticsDev/install/examples_rclpy_minimal_publisher:/home/nakarin/RoboticsDev/install/examples_rclpy_minimal_client:/home/nakarin/RoboticsDev/install/examples_rclpy_minimal_action_server:/home/nakarin/RoboticsDev/install/examples_rclpy_minimal_action_client:/home/nakarin/RoboticsDev/install/examples_rclpy_guard_conditions:/home/nakarin/RoboticsDev/install/examples_rclpy_executors:/opt/ros/humble /usr/bin/cmake --install /home/nakarin/RoboticsDevExam2/build/saifa_pack
[1.419s] Level 1:colcon.colcon_core.environment:checking '/home/nakarin/RoboticsDevExam2/install/saifa_pack' for CMake module files
[1.421s] Level 1:colcon.colcon_core.environment:checking '/home/nakarin/RoboticsDevExam2/install/saifa_pack' for CMake config files
[1.425s] Level 1:colcon.colcon_core.shell:create_environment_hook('saifa_pack', 'cmake_prefix_path')
[1.425s] INFO:colcon.colcon_core.shell:Creating environment hook '/home/nakarin/RoboticsDevExam2/install/saifa_pack/share/saifa_pack/hook/cmake_prefix_path.ps1'
[1.426s] INFO:colcon.colcon_core.shell:Creating environment descriptor '/home/nakarin/RoboticsDevExam2/install/saifa_pack/share/saifa_pack/hook/cmake_prefix_path.dsv'
[1.426s] INFO:colcon.colcon_core.shell:Creating environment hook '/home/nakarin/RoboticsDevExam2/install/saifa_pack/share/saifa_pack/hook/cmake_prefix_path.sh'
[1.427s] Level 1:colcon.colcon_core.environment:checking '/home/nakarin/RoboticsDevExam2/install/saifa_pack/lib'
[1.428s] Level 1:colcon.colcon_core.environment:checking '/home/nakarin/RoboticsDevExam2/install/saifa_pack/bin'
[1.428s] Level 1:colcon.colcon_core.environment:checking '/home/nakarin/RoboticsDevExam2/install/saifa_pack/lib/pkgconfig/saifa_pack.pc'
[1.428s] Level 1:colcon.colcon_core.environment:checking '/home/nakarin/RoboticsDevExam2/install/saifa_pack/lib/python3.10/site-packages'
[1.429s] Level 1:colcon.colcon_core.environment:checking '/home/nakarin/RoboticsDevExam2/install/saifa_pack/bin'
[1.429s] INFO:colcon.colcon_core.shell:Creating package script '/home/nakarin/RoboticsDevExam2/install/saifa_pack/share/saifa_pack/package.ps1'
[1.430s] INFO:colcon.colcon_core.shell:Creating package descriptor '/home/nakarin/RoboticsDevExam2/install/saifa_pack/share/saifa_pack/package.dsv'
[1.431s] INFO:colcon.colcon_core.shell:Creating package script '/home/nakarin/RoboticsDevExam2/install/saifa_pack/share/saifa_pack/package.sh'
[1.432s] INFO:colcon.colcon_core.shell:Creating package script '/home/nakarin/RoboticsDevExam2/install/saifa_pack/share/saifa_pack/package.bash'
[1.433s] INFO:colcon.colcon_core.shell:Creating package script '/home/nakarin/RoboticsDevExam2/install/saifa_pack/share/saifa_pack/package.zsh'
[1.434s] Level 1:colcon.colcon_core.environment:create_file_with_runtime_dependencies(/home/nakarin/RoboticsDevExam2/install/saifa_pack/share/colcon-core/packages/saifa_pack)
[1.437s] DEBUG:colcon.colcon_core.event_handler.log_command:Invoking command in '/home/nakarin/RoboticsDevExam2/build/sun_interfaces': CMAKE_PREFIX_PATH=${CMAKE_PREFIX_PATH}:/home/nakarin/RoboticsDev/install/launch_testing_examples:/home/nakarin/RoboticsDev/install/examples_rclpy_pointcloud_publisher:/home/nakarin/RoboticsDev/install/examples_rclpy_minimal_subscriber:/home/nakarin/RoboticsDev/install/examples_rclpy_minimal_service:/home/nakarin/RoboticsDev/install/examples_rclpy_minimal_publisher:/home/nakarin/RoboticsDev/install/examples_rclpy_minimal_client:/home/nakarin/RoboticsDev/install/examples_rclpy_minimal_action_server:/home/nakarin/RoboticsDev/install/examples_rclpy_minimal_action_client:/home/nakarin/RoboticsDev/install/examples_rclpy_guard_conditions:/home/nakarin/RoboticsDev/install/examples_rclpy_executors:/opt/ros/humble /usr/bin/cmake --install /home/nakarin/RoboticsDevExam2/build/sun_interfaces
[1.461s] DEBUG:colcon.colcon_core.event_handler.log_command:Invoking command in '/home/nakarin/RoboticsDevExam2/build/controller_interfaces': CMAKE_PREFIX_PATH=${CMAKE_PREFIX_PATH}:/home/nakarin/RoboticsDev/install/launch_testing_examples:/home/nakarin/RoboticsDev/install/examples_rclpy_pointcloud_publisher:/home/nakarin/RoboticsDev/install/examples_rclpy_minimal_subscriber:/home/nakarin/RoboticsDev/install/examples_rclpy_minimal_service:/home/nakarin/RoboticsDev/install/examples_rclpy_minimal_publisher:/home/nakarin/RoboticsDev/install/examples_rclpy_minimal_client:/home/nakarin/RoboticsDev/install/examples_rclpy_minimal_action_server:/home/nakarin/RoboticsDev/install/examples_rclpy_minimal_action_client:/home/nakarin/RoboticsDev/install/examples_rclpy_guard_conditions:/home/nakarin/RoboticsDev/install/examples_rclpy_executors:/opt/ros/humble /usr/bin/cmake --install /home/nakarin/RoboticsDevExam2/build/controller_interfaces
[1.473s] DEBUG:colcon.colcon_core.event_handler.log_command:Invoking command in '/home/nakarin/RoboticsDevExam2/build/turtlesim_plus_interfaces': CMAKE_PREFIX_PATH=${CMAKE_PREFIX_PATH}:/home/nakarin/RoboticsDev/install/launch_testing_examples:/home/nakarin/RoboticsDev/install/examples_rclpy_pointcloud_publisher:/home/nakarin/RoboticsDev/install/examples_rclpy_minimal_subscriber:/home/nakarin/RoboticsDev/install/examples_rclpy_minimal_service:/home/nakarin/RoboticsDev/install/examples_rclpy_minimal_publisher:/home/nakarin/RoboticsDev/install/examples_rclpy_minimal_client:/home/nakarin/RoboticsDev/install/examples_rclpy_minimal_action_server:/home/nakarin/RoboticsDev/install/examples_rclpy_minimal_action_client:/home/nakarin/RoboticsDev/install/examples_rclpy_guard_conditions:/home/nakarin/RoboticsDev/install/examples_rclpy_executors:/opt/ros/humble /usr/bin/cmake --install /home/nakarin/RoboticsDevExam2/build/turtlesim_plus_interfaces
[1.475s] Level 1:colcon.colcon_core.environment:create_environment_scripts_only(saifa_pack)
[1.476s] Level 1:colcon.colcon_core.environment:checking '/home/nakarin/RoboticsDevExam2/install/saifa_pack' for CMake module files
[1.480s] Level 1:colcon.colcon_core.environment:checking '/home/nakarin/RoboticsDevExam2/install/saifa_pack' for CMake config files
[1.496s] Level 1:colcon.colcon_core.shell:create_environment_hook('saifa_pack', 'cmake_prefix_path')
[1.497s] INFO:colcon.colcon_core.shell:Creating environment hook '/home/nakarin/RoboticsDevExam2/install/saifa_pack/share/saifa_pack/hook/cmake_prefix_path.ps1'
[1.498s] INFO:colcon.colcon_core.shell:Creating environment descriptor '/home/nakarin/RoboticsDevExam2/install/saifa_pack/share/saifa_pack/hook/cmake_prefix_path.dsv'
[1.499s] INFO:colcon.colcon_core.shell:Creating environment hook '/home/nakarin/RoboticsDevExam2/install/saifa_pack/share/saifa_pack/hook/cmake_prefix_path.sh'
[1.501s] Level 1:colcon.colcon_core.environment:checking '/home/nakarin/RoboticsDevExam2/install/saifa_pack/lib'
[1.501s] Level 1:colcon.colcon_core.environment:checking '/home/nakarin/RoboticsDevExam2/install/saifa_pack/bin'
[1.502s] Level 1:colcon.colcon_core.environment:checking '/home/nakarin/RoboticsDevExam2/install/saifa_pack/lib/pkgconfig/saifa_pack.pc'
[1.502s] Level 1:colcon.colcon_core.environment:checking '/home/nakarin/RoboticsDevExam2/install/saifa_pack/lib/python3.10/site-packages'
[1.502s] Level 1:colcon.colcon_core.environment:checking '/home/nakarin/RoboticsDevExam2/install/saifa_pack/bin'
[1.502s] INFO:colcon.colcon_core.shell:Creating package script '/home/nakarin/RoboticsDevExam2/install/saifa_pack/share/saifa_pack/package.ps1'
[1.506s] INFO:colcon.colcon_core.shell:Creating package descriptor '/home/nakarin/RoboticsDevExam2/install/saifa_pack/share/saifa_pack/package.dsv'
[1.507s] INFO:colcon.colcon_core.shell:Creating package script '/home/nakarin/RoboticsDevExam2/install/saifa_pack/share/saifa_pack/package.sh'
[1.510s] INFO:colcon.colcon_core.shell:Creating package script '/home/nakarin/RoboticsDevExam2/install/saifa_pack/share/saifa_pack/package.bash'
[1.513s] INFO:colcon.colcon_core.shell:Creating package script '/home/nakarin/RoboticsDevExam2/install/saifa_pack/share/saifa_pack/package.zsh'
[1.515s] Level 1:colcon.colcon_core.environment:create_file_with_runtime_dependencies(/home/nakarin/RoboticsDevExam2/install/saifa_pack/share/colcon-core/packages/saifa_pack)
[1.520s] Level 1:colcon.colcon_core.environment:create_environment_scripts_only(sun_pkg)
[1.520s] Level 1:colcon.colcon_core.environment:checking '/home/nakarin/RoboticsDevExam2/install/sun_pkg' for CMake module files
[1.521s] DEBUG:colcon.colcon_core.event_handler.log_command:Invoked command in '/home/nakarin/RoboticsDevExam2/build/sun_pkg' returned '0': CMAKE_PREFIX_PATH=${CMAKE_PREFIX_PATH}:/home/nakarin/RoboticsDev/install/launch_testing_examples:/home/nakarin/RoboticsDev/install/examples_rclpy_pointcloud_publisher:/home/nakarin/RoboticsDev/install/examples_rclpy_minimal_subscriber:/home/nakarin/RoboticsDev/install/examples_rclpy_minimal_service:/home/nakarin/RoboticsDev/install/examples_rclpy_minimal_publisher:/home/nakarin/RoboticsDev/install/examples_rclpy_minimal_client:/home/nakarin/RoboticsDev/install/examples_rclpy_minimal_action_server:/home/nakarin/RoboticsDev/install/examples_rclpy_minimal_action_client:/home/nakarin/RoboticsDev/install/examples_rclpy_guard_conditions:/home/nakarin/RoboticsDev/install/examples_rclpy_executors:/opt/ros/humble /usr/bin/cmake --install /home/nakarin/RoboticsDevExam2/build/sun_pkg
[1.521s] Level 1:colcon.colcon_core.environment:checking '/home/nakarin/RoboticsDevExam2/install/sun_pkg' for CMake config files
[1.522s] Level 1:colcon.colcon_core.shell:create_environment_hook('sun_pkg', 'cmake_prefix_path')
[1.522s] INFO:colcon.colcon_core.shell:Creating environment hook '/home/nakarin/RoboticsDevExam2/install/sun_pkg/share/sun_pkg/hook/cmake_prefix_path.ps1'
[1.522s] INFO:colcon.colcon_core.shell:Creating environment descriptor '/home/nakarin/RoboticsDevExam2/install/sun_pkg/share/sun_pkg/hook/cmake_prefix_path.dsv'
[1.522s] INFO:colcon.colcon_core.shell:Creating environment hook '/home/nakarin/RoboticsDevExam2/install/sun_pkg/share/sun_pkg/hook/cmake_prefix_path.sh'
[1.523s] Level 1:colcon.colcon_core.environment:checking '/home/nakarin/RoboticsDevExam2/install/sun_pkg/lib'
[1.523s] Level 1:colcon.colcon_core.environment:checking '/home/nakarin/RoboticsDevExam2/install/sun_pkg/bin'
[1.523s] Level 1:colcon.colcon_core.environment:checking '/home/nakarin/RoboticsDevExam2/install/sun_pkg/lib/pkgconfig/sun_pkg.pc'
[1.523s] Level 1:colcon.colcon_core.environment:checking '/home/nakarin/RoboticsDevExam2/install/sun_pkg/lib/python3.10/site-packages'
[1.523s] Level 1:colcon.colcon_core.environment:checking '/home/nakarin/RoboticsDevExam2/install/sun_pkg/bin'
[1.524s] INFO:colcon.colcon_core.shell:Creating package script '/home/nakarin/RoboticsDevExam2/install/sun_pkg/share/sun_pkg/package.ps1'
[1.524s] INFO:colcon.colcon_core.shell:Creating package descriptor '/home/nakarin/RoboticsDevExam2/install/sun_pkg/share/sun_pkg/package.dsv'
[1.525s] INFO:colcon.colcon_core.shell:Creating package script '/home/nakarin/RoboticsDevExam2/install/sun_pkg/share/sun_pkg/package.sh'
[1.525s] INFO:colcon.colcon_core.shell:Creating package script '/home/nakarin/RoboticsDevExam2/install/sun_pkg/share/sun_pkg/package.bash'
[1.525s] INFO:colcon.colcon_core.shell:Creating package script '/home/nakarin/RoboticsDevExam2/install/sun_pkg/share/sun_pkg/package.zsh'
[1.525s] Level 1:colcon.colcon_core.environment:create_file_with_runtime_dependencies(/home/nakarin/RoboticsDevExam2/install/sun_pkg/share/colcon-core/packages/sun_pkg)
[1.526s] Level 1:colcon.colcon_core.environment:create_environment_scripts_only(turtlesim_plus)
[1.527s] Level 1:colcon.colcon_core.environment:checking '/home/nakarin/RoboticsDevExam2/install/turtlesim_plus' for CMake module files
[1.527s] DEBUG:colcon.colcon_core.event_handler.log_command:Invoked command in '/home/nakarin/RoboticsDevExam2/build/turtlesim_plus' returned '0': CMAKE_PREFIX_PATH=${CMAKE_PREFIX_PATH}:/home/nakarin/RoboticsDev/install/launch_testing_examples:/home/nakarin/RoboticsDev/install/examples_rclpy_pointcloud_publisher:/home/nakarin/RoboticsDev/install/examples_rclpy_minimal_subscriber:/home/nakarin/RoboticsDev/install/examples_rclpy_minimal_service:/home/nakarin/RoboticsDev/install/examples_rclpy_minimal_publisher:/home/nakarin/RoboticsDev/install/examples_rclpy_minimal_client:/home/nakarin/RoboticsDev/install/examples_rclpy_minimal_action_server:/home/nakarin/RoboticsDev/install/examples_rclpy_minimal_action_client:/home/nakarin/RoboticsDev/install/examples_rclpy_guard_conditions:/home/nakarin/RoboticsDev/install/examples_rclpy_executors:/opt/ros/humble /usr/bin/cmake --install /home/nakarin/RoboticsDevExam2/build/turtlesim_plus
[1.527s] Level 1:colcon.colcon_core.environment:checking '/home/nakarin/RoboticsDevExam2/install/turtlesim_plus' for CMake config files
[1.528s] Level 1:colcon.colcon_core.shell:create_environment_hook('turtlesim_plus', 'cmake_prefix_path')
[1.528s] INFO:colcon.colcon_core.shell:Creating environment hook '/home/nakarin/RoboticsDevExam2/install/turtlesim_plus/share/turtlesim_plus/hook/cmake_prefix_path.ps1'
[1.529s] INFO:colcon.colcon_core.shell:Creating environment descriptor '/home/nakarin/RoboticsDevExam2/install/turtlesim_plus/share/turtlesim_plus/hook/cmake_prefix_path.dsv'
[1.529s] INFO:colcon.colcon_core.shell:Creating environment hook '/home/nakarin/RoboticsDevExam2/install/turtlesim_plus/share/turtlesim_plus/hook/cmake_prefix_path.sh'
[1.530s] Level 1:colcon.colcon_core.environment:checking '/home/nakarin/RoboticsDevExam2/install/turtlesim_plus/lib'
[1.530s] Level 1:colcon.colcon_core.environment:checking '/home/nakarin/RoboticsDevExam2/install/turtlesim_plus/bin'
[1.530s] Level 1:colcon.colcon_core.environment:checking '/home/nakarin/RoboticsDevExam2/install/turtlesim_plus/lib/pkgconfig/turtlesim_plus.pc'
[1.531s] Level 1:colcon.colcon_core.environment:checking '/home/nakarin/RoboticsDevExam2/install/turtlesim_plus/lib/python3.10/site-packages'
[1.531s] Level 1:colcon.colcon_core.environment:checking '/home/nakarin/RoboticsDevExam2/install/turtlesim_plus/bin'
[1.532s] INFO:colcon.colcon_core.shell:Creating package script '/home/nakarin/RoboticsDevExam2/install/turtlesim_plus/share/turtlesim_plus/package.ps1'
[1.532s] INFO:colcon.colcon_core.shell:Creating package descriptor '/home/nakarin/RoboticsDevExam2/install/turtlesim_plus/share/turtlesim_plus/package.dsv'
[1.533s] INFO:colcon.colcon_core.shell:Creating package script '/home/nakarin/RoboticsDevExam2/install/turtlesim_plus/share/turtlesim_plus/package.sh'
[1.533s] INFO:colcon.colcon_core.shell:Creating package script '/home/nakarin/RoboticsDevExam2/install/turtlesim_plus/share/turtlesim_plus/package.bash'
[1.534s] INFO:colcon.colcon_core.shell:Creating package script '/home/nakarin/RoboticsDevExam2/install/turtlesim_plus/share/turtlesim_plus/package.zsh'
[1.534s] Level 1:colcon.colcon_core.environment:create_file_with_runtime_dependencies(/home/nakarin/RoboticsDevExam2/install/turtlesim_plus/share/colcon-core/packages/turtlesim_plus)
[1.535s] Level 1:colcon.colcon_core.environment:create_environment_scripts_only(sun_interfaces)
[1.536s] Level 1:colcon.colcon_core.environment:checking '/home/nakarin/RoboticsDevExam2/install/sun_interfaces' for CMake module files
[1.537s] DEBUG:colcon.colcon_core.event_handler.log_command:Invoked command in '/home/nakarin/RoboticsDevExam2/build/sun_interfaces' returned '0': CMAKE_PREFIX_PATH=${CMAKE_PREFIX_PATH}:/home/nakarin/RoboticsDev/install/launch_testing_examples:/home/nakarin/RoboticsDev/install/examples_rclpy_pointcloud_publisher:/home/nakarin/RoboticsDev/install/examples_rclpy_minimal_subscriber:/home/nakarin/RoboticsDev/install/examples_rclpy_minimal_service:/home/nakarin/RoboticsDev/install/examples_rclpy_minimal_publisher:/home/nakarin/RoboticsDev/install/examples_rclpy_minimal_client:/home/nakarin/RoboticsDev/install/examples_rclpy_minimal_action_server:/home/nakarin/RoboticsDev/install/examples_rclpy_minimal_action_client:/home/nakarin/RoboticsDev/install/examples_rclpy_guard_conditions:/home/nakarin/RoboticsDev/install/examples_rclpy_executors:/opt/ros/humble /usr/bin/cmake --install /home/nakarin/RoboticsDevExam2/build/sun_interfaces
[1.540s] Level 1:colcon.colcon_core.environment:checking '/home/nakarin/RoboticsDevExam2/install/sun_interfaces' for CMake config files
[1.542s] Level 1:colcon.colcon_core.shell:create_environment_hook('sun_interfaces', 'cmake_prefix_path')
[1.542s] INFO:colcon.colcon_core.shell:Creating environment hook '/home/nakarin/RoboticsDevExam2/install/sun_interfaces/share/sun_interfaces/hook/cmake_prefix_path.ps1'
[1.543s] INFO:colcon.colcon_core.shell:Creating environment descriptor '/home/nakarin/RoboticsDevExam2/install/sun_interfaces/share/sun_interfaces/hook/cmake_prefix_path.dsv'
[1.543s] INFO:colcon.colcon_core.shell:Creating environment hook '/home/nakarin/RoboticsDevExam2/install/sun_interfaces/share/sun_interfaces/hook/cmake_prefix_path.sh'
[1.543s] Level 1:colcon.colcon_core.environment:checking '/home/nakarin/RoboticsDevExam2/install/sun_interfaces/lib'
[1.543s] Level 1:colcon.colcon_core.shell:create_environment_hook('sun_interfaces', 'ld_library_path_lib')
[1.544s] INFO:colcon.colcon_core.shell:Creating environment hook '/home/nakarin/RoboticsDevExam2/install/sun_interfaces/share/sun_interfaces/hook/ld_library_path_lib.ps1'
[1.544s] INFO:colcon.colcon_core.shell:Creating environment descriptor '/home/nakarin/RoboticsDevExam2/install/sun_interfaces/share/sun_interfaces/hook/ld_library_path_lib.dsv'
[1.544s] INFO:colcon.colcon_core.shell:Creating environment hook '/home/nakarin/RoboticsDevExam2/install/sun_interfaces/share/sun_interfaces/hook/ld_library_path_lib.sh'
[1.545s] Level 1:colcon.colcon_core.environment:checking '/home/nakarin/RoboticsDevExam2/install/sun_interfaces/bin'
[1.545s] Level 1:colcon.colcon_core.environment:checking '/home/nakarin/RoboticsDevExam2/install/sun_interfaces/lib/pkgconfig/sun_interfaces.pc'
[1.545s] Level 1:colcon.colcon_core.environment:checking '/home/nakarin/RoboticsDevExam2/install/sun_interfaces/lib/python3.10/site-packages'
[1.545s] Level 1:colcon.colcon_core.environment:checking '/home/nakarin/RoboticsDevExam2/install/sun_interfaces/bin'
[1.546s] INFO:colcon.colcon_core.shell:Creating package script '/home/nakarin/RoboticsDevExam2/install/sun_interfaces/share/sun_interfaces/package.ps1'
[1.546s] INFO:colcon.colcon_core.shell:Creating package descriptor '/home/nakarin/RoboticsDevExam2/install/sun_interfaces/share/sun_interfaces/package.dsv'
[1.546s] INFO:colcon.colcon_core.shell:Creating package script '/home/nakarin/RoboticsDevExam2/install/sun_interfaces/share/sun_interfaces/package.sh'
[1.547s] INFO:colcon.colcon_core.shell:Creating package script '/home/nakarin/RoboticsDevExam2/install/sun_interfaces/share/sun_interfaces/package.bash'
[1.547s] INFO:colcon.colcon_core.shell:Creating package script '/home/nakarin/RoboticsDevExam2/install/sun_interfaces/share/sun_interfaces/package.zsh'
[1.547s] Level 1:colcon.colcon_core.environment:create_file_with_runtime_dependencies(/home/nakarin/RoboticsDevExam2/install/sun_interfaces/share/colcon-core/packages/sun_interfaces)
[1.550s] Level 1:colcon.colcon_core.environment:create_environment_scripts_only(controller_interfaces)
[1.550s] Level 1:colcon.colcon_core.environment:checking '/home/nakarin/RoboticsDevExam2/install/controller_interfaces' for CMake module files
[1.551s] DEBUG:colcon.colcon_core.event_handler.log_command:Invoked command in '/home/nakarin/RoboticsDevExam2/build/controller_interfaces' returned '0': CMAKE_PREFIX_PATH=${CMAKE_PREFIX_PATH}:/home/nakarin/RoboticsDev/install/launch_testing_examples:/home/nakarin/RoboticsDev/install/examples_rclpy_pointcloud_publisher:/home/nakarin/RoboticsDev/install/examples_rclpy_minimal_subscriber:/home/nakarin/RoboticsDev/install/examples_rclpy_minimal_service:/home/nakarin/RoboticsDev/install/examples_rclpy_minimal_publisher:/home/nakarin/RoboticsDev/install/examples_rclpy_minimal_client:/home/nakarin/RoboticsDev/install/examples_rclpy_minimal_action_server:/home/nakarin/RoboticsDev/install/examples_rclpy_minimal_action_client:/home/nakarin/RoboticsDev/install/examples_rclpy_guard_conditions:/home/nakarin/RoboticsDev/install/examples_rclpy_executors:/opt/ros/humble /usr/bin/cmake --install /home/nakarin/RoboticsDevExam2/build/controller_interfaces
[1.552s] Level 1:colcon.colcon_core.environment:checking '/home/nakarin/RoboticsDevExam2/install/controller_interfaces' for CMake config files
[1.552s] Level 1:colcon.colcon_core.shell:create_environment_hook('controller_interfaces', 'cmake_prefix_path')
[1.553s] INFO:colcon.colcon_core.shell:Creating environment hook '/home/nakarin/RoboticsDevExam2/install/controller_interfaces/share/controller_interfaces/hook/cmake_prefix_path.ps1'
[1.554s] INFO:colcon.colcon_core.shell:Creating environment descriptor '/home/nakarin/RoboticsDevExam2/install/controller_interfaces/share/controller_interfaces/hook/cmake_prefix_path.dsv'
[1.554s] INFO:colcon.colcon_core.shell:Creating environment hook '/home/nakarin/RoboticsDevExam2/install/controller_interfaces/share/controller_interfaces/hook/cmake_prefix_path.sh'
[1.559s] Level 1:colcon.colcon_core.environment:checking '/home/nakarin/RoboticsDevExam2/install/controller_interfaces/lib'
[1.559s] Level 1:colcon.colcon_core.shell:create_environment_hook('controller_interfaces', 'ld_library_path_lib')
[1.559s] INFO:colcon.colcon_core.shell:Creating environment hook '/home/nakarin/RoboticsDevExam2/install/controller_interfaces/share/controller_interfaces/hook/ld_library_path_lib.ps1'
[1.559s] INFO:colcon.colcon_core.shell:Creating environment descriptor '/home/nakarin/RoboticsDevExam2/install/controller_interfaces/share/controller_interfaces/hook/ld_library_path_lib.dsv'
[1.560s] INFO:colcon.colcon_core.shell:Creating environment hook '/home/nakarin/RoboticsDevExam2/install/controller_interfaces/share/controller_interfaces/hook/ld_library_path_lib.sh'
[1.560s] Level 1:colcon.colcon_core.environment:checking '/home/nakarin/RoboticsDevExam2/install/controller_interfaces/bin'
[1.560s] Level 1:colcon.colcon_core.environment:checking '/home/nakarin/RoboticsDevExam2/install/controller_interfaces/lib/pkgconfig/controller_interfaces.pc'
[1.560s] Level 1:colcon.colcon_core.environment:checking '/home/nakarin/RoboticsDevExam2/install/controller_interfaces/lib/python3.10/site-packages'
[1.560s] Level 1:colcon.colcon_core.environment:checking '/home/nakarin/RoboticsDevExam2/install/controller_interfaces/bin'
[1.561s] INFO:colcon.colcon_core.shell:Creating package script '/home/nakarin/RoboticsDevExam2/install/controller_interfaces/share/controller_interfaces/package.ps1'
[1.561s] INFO:colcon.colcon_core.shell:Creating package descriptor '/home/nakarin/RoboticsDevExam2/install/controller_interfaces/share/controller_interfaces/package.dsv'
[1.561s] INFO:colcon.colcon_core.shell:Creating package script '/home/nakarin/RoboticsDevExam2/install/controller_interfaces/share/controller_interfaces/package.sh'
[1.562s] INFO:colcon.colcon_core.shell:Creating package script '/home/nakarin/RoboticsDevExam2/install/controller_interfaces/share/controller_interfaces/package.bash'
[1.562s] INFO:colcon.colcon_core.shell:Creating package script '/home/nakarin/RoboticsDevExam2/install/controller_interfaces/share/controller_interfaces/package.zsh'
[1.562s] Level 1:colcon.colcon_core.environment:create_file_with_runtime_dependencies(/home/nakarin/RoboticsDevExam2/install/controller_interfaces/share/colcon-core/packages/controller_interfaces)
[1.564s] Level 1:colcon.colcon_core.environment:create_environment_scripts_only(turtlesim_plus)
[1.564s] Level 1:colcon.colcon_core.environment:checking '/home/nakarin/RoboticsDevExam2/install/turtlesim_plus' for CMake module files
[1.565s] Level 1:colcon.colcon_core.environment:checking '/home/nakarin/RoboticsDevExam2/install/turtlesim_plus' for CMake config files
[1.565s] Level 1:colcon.colcon_core.shell:create_environment_hook('turtlesim_plus', 'cmake_prefix_path')
[1.565s] INFO:colcon.colcon_core.shell:Creating environment hook '/home/nakarin/RoboticsDevExam2/install/turtlesim_plus/share/turtlesim_plus/hook/cmake_prefix_path.ps1'
[1.565s] INFO:colcon.colcon_core.shell:Creating environment descriptor '/home/nakarin/RoboticsDevExam2/install/turtlesim_plus/share/turtlesim_plus/hook/cmake_prefix_path.dsv'
[1.566s] INFO:colcon.colcon_core.shell:Creating environment hook '/home/nakarin/RoboticsDevExam2/install/turtlesim_plus/share/turtlesim_plus/hook/cmake_prefix_path.sh'
[1.566s] Level 1:colcon.colcon_core.environment:checking '/home/nakarin/RoboticsDevExam2/install/turtlesim_plus/lib'
[1.566s] Level 1:colcon.colcon_core.environment:checking '/home/nakarin/RoboticsDevExam2/install/turtlesim_plus/bin'
[1.566s] Level 1:colcon.colcon_core.environment:checking '/home/nakarin/RoboticsDevExam2/install/turtlesim_plus/lib/pkgconfig/turtlesim_plus.pc'
[1.567s] Level 1:colcon.colcon_core.environment:checking '/home/nakarin/RoboticsDevExam2/install/turtlesim_plus/lib/python3.10/site-packages'
[1.567s] Level 1:colcon.colcon_core.environment:checking '/home/nakarin/RoboticsDevExam2/install/turtlesim_plus/bin'
[1.567s] INFO:colcon.colcon_core.shell:Creating package script '/home/nakarin/RoboticsDevExam2/install/turtlesim_plus/share/turtlesim_plus/package.ps1'
[1.567s] INFO:colcon.colcon_core.shell:Creating package descriptor '/home/nakarin/RoboticsDevExam2/install/turtlesim_plus/share/turtlesim_plus/package.dsv'
[1.568s] INFO:colcon.colcon_core.shell:Creating package script '/home/nakarin/RoboticsDevExam2/install/turtlesim_plus/share/turtlesim_plus/package.sh'
[1.569s] INFO:colcon.colcon_core.shell:Creating package script '/home/nakarin/RoboticsDevExam2/install/turtlesim_plus/share/turtlesim_plus/package.bash'
[1.569s] INFO:colcon.colcon_core.shell:Creating package script '/home/nakarin/RoboticsDevExam2/install/turtlesim_plus/share/turtlesim_plus/package.zsh'
[1.569s] Level 1:colcon.colcon_core.environment:create_file_with_runtime_dependencies(/home/nakarin/RoboticsDevExam2/install/turtlesim_plus/share/colcon-core/packages/turtlesim_plus)
[1.570s] Level 1:colcon.colcon_core.environment:create_environment_scripts_only(sun_pkg)
[1.570s] Level 1:colcon.colcon_core.environment:checking '/home/nakarin/RoboticsDevExam2/install/sun_pkg' for CMake module files
[1.571s] Level 1:colcon.colcon_core.environment:checking '/home/nakarin/RoboticsDevExam2/install/sun_pkg' for CMake config files
[1.571s] Level 1:colcon.colcon_core.shell:create_environment_hook('sun_pkg', 'cmake_prefix_path')
[1.572s] INFO:colcon.colcon_core.shell:Creating environment hook '/home/nakarin/RoboticsDevExam2/install/sun_pkg/share/sun_pkg/hook/cmake_prefix_path.ps1'
[1.572s] INFO:colcon.colcon_core.shell:Creating environment descriptor '/home/nakarin/RoboticsDevExam2/install/sun_pkg/share/sun_pkg/hook/cmake_prefix_path.dsv'
[1.572s] INFO:colcon.colcon_core.shell:Creating environment hook '/home/nakarin/RoboticsDevExam2/install/sun_pkg/share/sun_pkg/hook/cmake_prefix_path.sh'
[1.573s] Level 1:colcon.colcon_core.environment:checking '/home/nakarin/RoboticsDevExam2/install/sun_pkg/lib'
[1.573s] Level 1:colcon.colcon_core.environment:checking '/home/nakarin/RoboticsDevExam2/install/sun_pkg/bin'
[1.573s] Level 1:colcon.colcon_core.environment:checking '/home/nakarin/RoboticsDevExam2/install/sun_pkg/lib/pkgconfig/sun_pkg.pc'
[1.573s] Level 1:colcon.colcon_core.environment:checking '/home/nakarin/RoboticsDevExam2/install/sun_pkg/lib/python3.10/site-packages'
[1.574s] Level 1:colcon.colcon_core.environment:checking '/home/nakarin/RoboticsDevExam2/install/sun_pkg/bin'
[1.574s] INFO:colcon.colcon_core.shell:Creating package script '/home/nakarin/RoboticsDevExam2/install/sun_pkg/share/sun_pkg/package.ps1'
[1.574s] INFO:colcon.colcon_core.shell:Creating package descriptor '/home/nakarin/RoboticsDevExam2/install/sun_pkg/share/sun_pkg/package.dsv'
[1.575s] INFO:colcon.colcon_core.shell:Creating package script '/home/nakarin/RoboticsDevExam2/install/sun_pkg/share/sun_pkg/package.sh'
[1.575s] INFO:colcon.colcon_core.shell:Creating package script '/home/nakarin/RoboticsDevExam2/install/sun_pkg/share/sun_pkg/package.bash'
[1.576s] INFO:colcon.colcon_core.shell:Creating package script '/home/nakarin/RoboticsDevExam2/install/sun_pkg/share/sun_pkg/package.zsh'
[1.576s] Level 1:colcon.colcon_core.environment:create_file_with_runtime_dependencies(/home/nakarin/RoboticsDevExam2/install/sun_pkg/share/colcon-core/packages/sun_pkg)
[1.577s] Level 1:colcon.colcon_core.environment:create_environment_scripts_only(turtlesim_plus_interfaces)
[1.577s] Level 1:colcon.colcon_core.environment:checking '/home/nakarin/RoboticsDevExam2/install/turtlesim_plus_interfaces' for CMake module files
[1.578s] Level 1:colcon.colcon_core.environment:checking '/home/nakarin/RoboticsDevExam2/install/turtlesim_plus_interfaces' for CMake config files
[1.578s] DEBUG:colcon.colcon_core.event_handler.log_command:Invoked command in '/home/nakarin/RoboticsDevExam2/build/turtlesim_plus_interfaces' returned '0': CMAKE_PREFIX_PATH=${CMAKE_PREFIX_PATH}:/home/nakarin/RoboticsDev/install/launch_testing_examples:/home/nakarin/RoboticsDev/install/examples_rclpy_pointcloud_publisher:/home/nakarin/RoboticsDev/install/examples_rclpy_minimal_subscriber:/home/nakarin/RoboticsDev/install/examples_rclpy_minimal_service:/home/nakarin/RoboticsDev/install/examples_rclpy_minimal_publisher:/home/nakarin/RoboticsDev/install/examples_rclpy_minimal_client:/home/nakarin/RoboticsDev/install/examples_rclpy_minimal_action_server:/home/nakarin/RoboticsDev/install/examples_rclpy_minimal_action_client:/home/nakarin/RoboticsDev/install/examples_rclpy_guard_conditions:/home/nakarin/RoboticsDev/install/examples_rclpy_executors:/opt/ros/humble /usr/bin/cmake --install /home/nakarin/RoboticsDevExam2/build/turtlesim_plus_interfaces
[1.579s] Level 1:colcon.colcon_core.shell:create_environment_hook('turtlesim_plus_interfaces', 'cmake_prefix_path')
[1.579s] INFO:colcon.colcon_core.shell:Creating environment hook '/home/nakarin/RoboticsDevExam2/install/turtlesim_plus_interfaces/share/turtlesim_plus_interfaces/hook/cmake_prefix_path.ps1'
[1.579s] INFO:colcon.colcon_core.shell:Creating environment descriptor '/home/nakarin/RoboticsDevExam2/install/turtlesim_plus_interfaces/share/turtlesim_plus_interfaces/hook/cmake_prefix_path.dsv'
[1.579s] INFO:colcon.colcon_core.shell:Creating environment hook '/home/nakarin/RoboticsDevExam2/install/turtlesim_plus_interfaces/share/turtlesim_plus_interfaces/hook/cmake_prefix_path.sh'
[1.580s] Level 1:colcon.colcon_core.environment:checking '/home/nakarin/RoboticsDevExam2/install/turtlesim_plus_interfaces/lib'
[1.580s] Level 1:colcon.colcon_core.shell:create_environment_hook('turtlesim_plus_interfaces', 'ld_library_path_lib')
[1.580s] INFO:colcon.colcon_core.shell:Creating environment hook '/home/nakarin/RoboticsDevExam2/install/turtlesim_plus_interfaces/share/turtlesim_plus_interfaces/hook/ld_library_path_lib.ps1'
[1.580s] INFO:colcon.colcon_core.shell:Creating environment descriptor '/home/nakarin/RoboticsDevExam2/install/turtlesim_plus_interfaces/share/turtlesim_plus_interfaces/hook/ld_library_path_lib.dsv'
[1.581s] INFO:colcon.colcon_core.shell:Creating environment hook '/home/nakarin/RoboticsDevExam2/install/turtlesim_plus_interfaces/share/turtlesim_plus_interfaces/hook/ld_library_path_lib.sh'
[1.581s] Level 1:colcon.colcon_core.environment:checking '/home/nakarin/RoboticsDevExam2/install/turtlesim_plus_interfaces/bin'
[1.581s] Level 1:colcon.colcon_core.environment:checking '/home/nakarin/RoboticsDevExam2/install/turtlesim_plus_interfaces/lib/pkgconfig/turtlesim_plus_interfaces.pc'
[1.581s] Level 1:colcon.colcon_core.environment:checking '/home/nakarin/RoboticsDevExam2/install/turtlesim_plus_interfaces/lib/python3.10/site-packages'
[1.581s] Level 1:colcon.colcon_core.environment:checking '/home/nakarin/RoboticsDevExam2/install/turtlesim_plus_interfaces/bin'
[1.582s] INFO:colcon.colcon_core.shell:Creating package script '/home/nakarin/RoboticsDevExam2/install/turtlesim_plus_interfaces/share/turtlesim_plus_interfaces/package.ps1'
[1.582s] INFO:colcon.colcon_core.shell:Creating package descriptor '/home/nakarin/RoboticsDevExam2/install/turtlesim_plus_interfaces/share/turtlesim_plus_interfaces/package.dsv'
[1.582s] INFO:colcon.colcon_core.shell:Creating package script '/home/nakarin/RoboticsDevExam2/install/turtlesim_plus_interfaces/share/turtlesim_plus_interfaces/package.sh'
[1.583s] INFO:colcon.colcon_core.shell:Creating package script '/home/nakarin/RoboticsDevExam2/install/turtlesim_plus_interfaces/share/turtlesim_plus_interfaces/package.bash'
[1.583s] INFO:colcon.colcon_core.shell:Creating package script '/home/nakarin/RoboticsDevExam2/install/turtlesim_plus_interfaces/share/turtlesim_plus_interfaces/package.zsh'
[1.583s] Level 1:colcon.colcon_core.environment:create_file_with_runtime_dependencies(/home/nakarin/RoboticsDevExam2/install/turtlesim_plus_interfaces/share/colcon-core/packages/turtlesim_plus_interfaces)
[1.602s] Level 1:colcon.colcon_core.environment:create_environment_scripts_only(sun_interfaces)
[1.603s] Level 1:colcon.colcon_core.environment:checking '/home/nakarin/RoboticsDevExam2/install/sun_interfaces' for CMake module files
[1.603s] Level 1:colcon.colcon_core.environment:checking '/home/nakarin/RoboticsDevExam2/install/sun_interfaces' for CMake config files
[1.603s] Level 1:colcon.colcon_core.shell:create_environment_hook('sun_interfaces', 'cmake_prefix_path')
[1.604s] INFO:colcon.colcon_core.shell:Creating environment hook '/home/nakarin/RoboticsDevExam2/install/sun_interfaces/share/sun_interfaces/hook/cmake_prefix_path.ps1'
[1.604s] INFO:colcon.colcon_core.shell:Creating environment descriptor '/home/nakarin/RoboticsDevExam2/install/sun_interfaces/share/sun_interfaces/hook/cmake_prefix_path.dsv'
[1.604s] INFO:colcon.colcon_core.shell:Creating environment hook '/home/nakarin/RoboticsDevExam2/install/sun_interfaces/share/sun_interfaces/hook/cmake_prefix_path.sh'
[1.605s] Level 1:colcon.colcon_core.environment:checking '/home/nakarin/RoboticsDevExam2/install/sun_interfaces/lib'
[1.605s] Level 1:colcon.colcon_core.shell:create_environment_hook('sun_interfaces', 'ld_library_path_lib')
[1.605s] INFO:colcon.colcon_core.shell:Creating environment hook '/home/nakarin/RoboticsDevExam2/install/sun_interfaces/share/sun_interfaces/hook/ld_library_path_lib.ps1'
[1.606s] INFO:colcon.colcon_core.shell:Creating environment descriptor '/home/nakarin/RoboticsDevExam2/install/sun_interfaces/share/sun_interfaces/hook/ld_library_path_lib.dsv'
[1.606s] INFO:colcon.colcon_core.shell:Creating environment hook '/home/nakarin/RoboticsDevExam2/install/sun_interfaces/share/sun_interfaces/hook/ld_library_path_lib.sh'
[1.606s] Level 1:colcon.colcon_core.environment:checking '/home/nakarin/RoboticsDevExam2/install/sun_interfaces/bin'
[1.606s] Level 1:colcon.colcon_core.environment:checking '/home/nakarin/RoboticsDevExam2/install/sun_interfaces/lib/pkgconfig/sun_interfaces.pc'
[1.607s] Level 1:colcon.colcon_core.environment:checking '/home/nakarin/RoboticsDevExam2/install/sun_interfaces/lib/python3.10/site-packages'
[1.607s] Level 1:colcon.colcon_core.environment:checking '/home/nakarin/RoboticsDevExam2/install/sun_interfaces/bin'
[1.607s] INFO:colcon.colcon_core.shell:Creating package script '/home/nakarin/RoboticsDevExam2/install/sun_interfaces/share/sun_interfaces/package.ps1'
[1.608s] INFO:colcon.colcon_core.shell:Creating package descriptor '/home/nakarin/RoboticsDevExam2/install/sun_interfaces/share/sun_interfaces/package.dsv'
[1.608s] INFO:colcon.colcon_core.shell:Creating package script '/home/nakarin/RoboticsDevExam2/install/sun_interfaces/share/sun_interfaces/package.sh'
[1.609s] INFO:colcon.colcon_core.shell:Creating package script '/home/nakarin/RoboticsDevExam2/install/sun_interfaces/share/sun_interfaces/package.bash'
[1.609s] INFO:colcon.colcon_core.shell:Creating package script '/home/nakarin/RoboticsDevExam2/install/sun_interfaces/share/sun_interfaces/package.zsh'
[1.609s] Level 1:colcon.colcon_core.environment:create_file_with_runtime_dependencies(/home/nakarin/RoboticsDevExam2/install/sun_interfaces/share/colcon-core/packages/sun_interfaces)
[1.631s] Level 1:colcon.colcon_core.environment:create_environment_scripts_only(controller_interfaces)
[1.632s] Level 1:colcon.colcon_core.environment:checking '/home/nakarin/RoboticsDevExam2/install/controller_interfaces' for CMake module files
[1.632s] Level 1:colcon.colcon_core.environment:checking '/home/nakarin/RoboticsDevExam2/install/controller_interfaces' for CMake config files
[1.633s] Level 1:colcon.colcon_core.shell:create_environment_hook('controller_interfaces', 'cmake_prefix_path')
[1.633s] INFO:colcon.colcon_core.shell:Creating environment hook '/home/nakarin/RoboticsDevExam2/install/controller_interfaces/share/controller_interfaces/hook/cmake_prefix_path.ps1'
[1.633s] INFO:colcon.colcon_core.shell:Creating environment descriptor '/home/nakarin/RoboticsDevExam2/install/controller_interfaces/share/controller_interfaces/hook/cmake_prefix_path.dsv'
[1.633s] INFO:colcon.colcon_core.shell:Creating environment hook '/home/nakarin/RoboticsDevExam2/install/controller_interfaces/share/controller_interfaces/hook/cmake_prefix_path.sh'
[1.634s] Level 1:colcon.colcon_core.environment:checking '/home/nakarin/RoboticsDevExam2/install/controller_interfaces/lib'
[1.634s] Level 1:colcon.colcon_core.shell:create_environment_hook('controller_interfaces', 'ld_library_path_lib')
[1.634s] INFO:colcon.colcon_core.shell:Creating environment hook '/home/nakarin/RoboticsDevExam2/install/controller_interfaces/share/controller_interfaces/hook/ld_library_path_lib.ps1'
[1.634s] INFO:colcon.colcon_core.shell:Creating environment descriptor '/home/nakarin/RoboticsDevExam2/install/controller_interfaces/share/controller_interfaces/hook/ld_library_path_lib.dsv'
[1.635s] INFO:colcon.colcon_core.shell:Creating environment hook '/home/nakarin/RoboticsDevExam2/install/controller_interfaces/share/controller_interfaces/hook/ld_library_path_lib.sh'
[1.635s] Level 1:colcon.colcon_core.environment:checking '/home/nakarin/RoboticsDevExam2/install/controller_interfaces/bin'
[1.635s] Level 1:colcon.colcon_core.environment:checking '/home/nakarin/RoboticsDevExam2/install/controller_interfaces/lib/pkgconfig/controller_interfaces.pc'
[1.635s] Level 1:colcon.colcon_core.environment:checking '/home/nakarin/RoboticsDevExam2/install/controller_interfaces/lib/python3.10/site-packages'
[1.636s] Level 1:colcon.colcon_core.environment:checking '/home/nakarin/RoboticsDevExam2/install/controller_interfaces/bin'
[1.636s] INFO:colcon.colcon_core.shell:Creating package script '/home/nakarin/RoboticsDevExam2/install/controller_interfaces/share/controller_interfaces/package.ps1'
[1.637s] INFO:colcon.colcon_core.shell:Creating package descriptor '/home/nakarin/RoboticsDevExam2/install/controller_interfaces/share/controller_interfaces/package.dsv'
[1.637s] INFO:colcon.colcon_core.shell:Creating package script '/home/nakarin/RoboticsDevExam2/install/controller_interfaces/share/controller_interfaces/package.sh'
[1.638s] INFO:colcon.colcon_core.shell:Creating package script '/home/nakarin/RoboticsDevExam2/install/controller_interfaces/share/controller_interfaces/package.bash'
[1.638s] INFO:colcon.colcon_core.shell:Creating package script '/home/nakarin/RoboticsDevExam2/install/controller_interfaces/share/controller_interfaces/package.zsh'
[1.638s] Level 1:colcon.colcon_core.environment:create_file_with_runtime_dependencies(/home/nakarin/RoboticsDevExam2/install/controller_interfaces/share/colcon-core/packages/controller_interfaces)
[1.684s] Level 1:colcon.colcon_core.environment:create_environment_scripts_only(turtlesim_plus_interfaces)
[1.684s] Level 1:colcon.colcon_core.environment:checking '/home/nakarin/RoboticsDevExam2/install/turtlesim_plus_interfaces' for CMake module files
[1.685s] Level 1:colcon.colcon_core.environment:checking '/home/nakarin/RoboticsDevExam2/install/turtlesim_plus_interfaces' for CMake config files
[1.685s] Level 1:colcon.colcon_core.shell:create_environment_hook('turtlesim_plus_interfaces', 'cmake_prefix_path')
[1.685s] INFO:colcon.colcon_core.shell:Creating environment hook '/home/nakarin/RoboticsDevExam2/install/turtlesim_plus_interfaces/share/turtlesim_plus_interfaces/hook/cmake_prefix_path.ps1'
[1.685s] INFO:colcon.colcon_core.shell:Creating environment descriptor '/home/nakarin/RoboticsDevExam2/install/turtlesim_plus_interfaces/share/turtlesim_plus_interfaces/hook/cmake_prefix_path.dsv'
[1.686s] INFO:colcon.colcon_core.shell:Creating environment hook '/home/nakarin/RoboticsDevExam2/install/turtlesim_plus_interfaces/share/turtlesim_plus_interfaces/hook/cmake_prefix_path.sh'
[1.686s] Level 1:colcon.colcon_core.environment:checking '/home/nakarin/RoboticsDevExam2/install/turtlesim_plus_interfaces/lib'
[1.686s] Level 1:colcon.colcon_core.shell:create_environment_hook('turtlesim_plus_interfaces', 'ld_library_path_lib')
[1.686s] INFO:colcon.colcon_core.shell:Creating environment hook '/home/nakarin/RoboticsDevExam2/install/turtlesim_plus_interfaces/share/turtlesim_plus_interfaces/hook/ld_library_path_lib.ps1'
[1.687s] INFO:colcon.colcon_core.shell:Creating environment descriptor '/home/nakarin/RoboticsDevExam2/install/turtlesim_plus_interfaces/share/turtlesim_plus_interfaces/hook/ld_library_path_lib.dsv'
[1.687s] INFO:colcon.colcon_core.shell:Creating environment hook '/home/nakarin/RoboticsDevExam2/install/turtlesim_plus_interfaces/share/turtlesim_plus_interfaces/hook/ld_library_path_lib.sh'
[1.687s] Level 1:colcon.colcon_core.environment:checking '/home/nakarin/RoboticsDevExam2/install/turtlesim_plus_interfaces/bin'
[1.687s] Level 1:colcon.colcon_core.environment:checking '/home/nakarin/RoboticsDevExam2/install/turtlesim_plus_interfaces/lib/pkgconfig/turtlesim_plus_interfaces.pc'
[1.687s] Level 1:colcon.colcon_core.environment:checking '/home/nakarin/RoboticsDevExam2/install/turtlesim_plus_interfaces/lib/python3.10/site-packages'
[1.688s] Level 1:colcon.colcon_core.environment:checking '/home/nakarin/RoboticsDevExam2/install/turtlesim_plus_interfaces/bin'
[1.688s] INFO:colcon.colcon_core.shell:Creating package script '/home/nakarin/RoboticsDevExam2/install/turtlesim_plus_interfaces/share/turtlesim_plus_interfaces/package.ps1'
[1.688s] INFO:colcon.colcon_core.shell:Creating package descriptor '/home/nakarin/RoboticsDevExam2/install/turtlesim_plus_interfaces/share/turtlesim_plus_interfaces/package.dsv'
[1.689s] INFO:colcon.colcon_core.shell:Creating package script '/home/nakarin/RoboticsDevExam2/install/turtlesim_plus_interfaces/share/turtlesim_plus_interfaces/package.sh'
[1.689s] INFO:colcon.colcon_core.shell:Creating package script '/home/nakarin/RoboticsDevExam2/install/turtlesim_plus_interfaces/share/turtlesim_plus_interfaces/package.bash'
[1.689s] INFO:colcon.colcon_core.shell:Creating package script '/home/nakarin/RoboticsDevExam2/install/turtlesim_plus_interfaces/share/turtlesim_plus_interfaces/package.zsh'
[1.690s] Level 1:colcon.colcon_core.environment:create_file_with_runtime_dependencies(/home/nakarin/RoboticsDevExam2/install/turtlesim_plus_interfaces/share/colcon-core/packages/turtlesim_plus_interfaces)
[1.690s] DEBUG:colcon.colcon_parallel_executor.executor.parallel:closing loop
[1.690s] DEBUG:colcon.colcon_parallel_executor.executor.parallel:loop closed
[1.690s] DEBUG:colcon.colcon_parallel_executor.executor.parallel:run_until_complete finished with '0'
[1.690s] DEBUG:colcon.colcon_core.event_reactor:joining thread
[1.695s] INFO:colcon.colcon_core.plugin_system:Skipping extension 'colcon_notification.desktop_notification.terminal_notifier': Not used on non-Darwin systems
[1.696s] INFO:colcon.colcon_core.plugin_system:Skipping extension 'colcon_notification.desktop_notification.win32': Not used on non-Windows systems
[1.696s] INFO:colcon.colcon_notification.desktop_notification:Sending desktop notification using 'notify2'
[1.704s] DEBUG:colcon.colcon_core.event_reactor:joined thread
[1.705s] INFO:colcon.colcon_core.shell:Creating prefix script '/home/nakarin/RoboticsDevExam2/install/local_setup.ps1'
[1.706s] INFO:colcon.colcon_core.shell:Creating prefix util module '/home/nakarin/RoboticsDevExam2/install/_local_setup_util_ps1.py'
[1.707s] INFO:colcon.colcon_core.shell:Creating prefix chain script '/home/nakarin/RoboticsDevExam2/install/setup.ps1'
[1.709s] INFO:colcon.colcon_core.shell:Creating prefix script '/home/nakarin/RoboticsDevExam2/install/local_setup.sh'
[1.710s] INFO:colcon.colcon_core.shell:Creating prefix util module '/home/nakarin/RoboticsDevExam2/install/_local_setup_util_sh.py'
[1.710s] INFO:colcon.colcon_core.shell:Creating prefix chain script '/home/nakarin/RoboticsDevExam2/install/setup.sh'
[1.712s] INFO:colcon.colcon_core.shell:Creating prefix script '/home/nakarin/RoboticsDevExam2/install/local_setup.bash'
[1.713s] INFO:colcon.colcon_core.shell:Creating prefix chain script '/home/nakarin/RoboticsDevExam2/install/setup.bash'
[1.715s] INFO:colcon.colcon_core.shell:Creating prefix script '/home/nakarin/RoboticsDevExam2/install/local_setup.zsh'
[1.716s] INFO:colcon.colcon_core.shell:Creating prefix chain script '/home/nakarin/RoboticsDevExam2/install/setup.zsh'
