[0.026s] Invoking command in '/home/nakarin/RoboticsDevExam2/build/turtlesim_plus': CMAKE_PREFIX_PATH=${CMAKE_PREFIX_PATH}:/home/nakarin/RoboticsDev/install/launch_testing_examples:/home/nakarin/RoboticsDev/install/examples_rclpy_pointcloud_publisher:/home/nakarin/RoboticsDev/install/examples_rclpy_minimal_subscriber:/home/nakarin/RoboticsDev/install/examples_rclpy_minimal_service:/home/nakarin/RoboticsDev/install/examples_rclpy_minimal_publisher:/home/nakarin/RoboticsDev/install/examples_rclpy_minimal_client:/home/nakarin/RoboticsDev/install/examples_rclpy_minimal_action_server:/home/nakarin/RoboticsDev/install/examples_rclpy_minimal_action_client:/home/nakarin/RoboticsDev/install/examples_rclpy_guard_conditions:/home/nakarin/RoboticsDev/install/examples_rclpy_executors:/opt/ros/humble /usr/bin/cmake --build /home/nakarin/RoboticsDevExam2/build/turtlesim_plus -- -j8 -l8
[0.110s] Built target ament_cmake_python_copy_turtlesim_plus
[0.604s] running egg_info
[0.605s] writing turtlesim_plus.egg-info/PKG-INFO
[0.605s] writing dependency_links to turtlesim_plus.egg-info/dependency_links.txt
[0.606s] writing top-level names to turtlesim_plus.egg-info/top_level.txt
[0.609s] reading manifest file 'turtlesim_plus.egg-info/SOURCES.txt'
[0.611s] writing manifest file 'turtlesim_plus.egg-info/SOURCES.txt'
[0.654s] Built target ament_cmake_python_build_turtlesim_plus_egg
[0.677s] Invoked command in '/home/nakarin/RoboticsDevExam2/build/turtlesim_plus' returned '0': CMAKE_PREFIX_PATH=${CMAKE_PREFIX_PATH}:/home/nakarin/RoboticsDev/install/launch_testing_examples:/home/nakarin/RoboticsDev/install/examples_rclpy_pointcloud_publisher:/home/nakarin/RoboticsDev/install/examples_rclpy_minimal_subscriber:/home/nakarin/RoboticsDev/install/examples_rclpy_minimal_service:/home/nakarin/RoboticsDev/install/examples_rclpy_minimal_publisher:/home/nakarin/RoboticsDev/install/examples_rclpy_minimal_client:/home/nakarin/RoboticsDev/install/examples_rclpy_minimal_action_server:/home/nakarin/RoboticsDev/install/examples_rclpy_minimal_action_client:/home/nakarin/RoboticsDev/install/examples_rclpy_guard_conditions:/home/nakarin/RoboticsDev/install/examples_rclpy_executors:/opt/ros/humble /usr/bin/cmake --build /home/nakarin/RoboticsDevExam2/build/turtlesim_plus -- -j8 -l8
[0.720s] Invoking command in '/home/nakarin/RoboticsDevExam2/build/turtlesim_plus': CMAKE_PREFIX_PATH=${CMAKE_PREFIX_PATH}:/home/nakarin/RoboticsDev/install/launch_testing_examples:/home/nakarin/RoboticsDev/install/examples_rclpy_pointcloud_publisher:/home/nakarin/RoboticsDev/install/examples_rclpy_minimal_subscriber:/home/nakarin/RoboticsDev/install/examples_rclpy_minimal_service:/home/nakarin/RoboticsDev/install/examples_rclpy_minimal_publisher:/home/nakarin/RoboticsDev/install/examples_rclpy_minimal_client:/home/nakarin/RoboticsDev/install/examples_rclpy_minimal_action_server:/home/nakarin/RoboticsDev/install/examples_rclpy_minimal_action_client:/home/nakarin/RoboticsDev/install/examples_rclpy_guard_conditions:/home/nakarin/RoboticsDev/install/examples_rclpy_executors:/opt/ros/humble /usr/bin/cmake --install /home/nakarin/RoboticsDevExam2/build/turtlesim_plus
[0.727s] -- Install configuration: ""
[0.727s] -- Up-to-date: /home/nakarin/RoboticsDevExam2/install/turtlesim_plus/share/turtlesim_plus/environment/pythonpath.sh
[0.727s] -- Up-to-date: /home/nakarin/RoboticsDevExam2/install/turtlesim_plus/share/turtlesim_plus/environment/pythonpath.dsv
[0.727s] -- Up-to-date: /home/nakarin/RoboticsDevExam2/install/turtlesim_plus/local/lib/python3.10/dist-packages/turtlesim_plus-1.0.0-py3.10.egg-info
[0.727s] -- Installing: /home/nakarin/RoboticsDevExam2/install/turtlesim_plus/local/lib/python3.10/dist-packages/turtlesim_plus-1.0.0-py3.10.egg-info/dependency_links.txt
[0.727s] -- Installing: /home/nakarin/RoboticsDevExam2/install/turtlesim_plus/local/lib/python3.10/dist-packages/turtlesim_plus-1.0.0-py3.10.egg-info/SOURCES.txt
[0.727s] -- Installing: /home/nakarin/RoboticsDevExam2/install/turtlesim_plus/local/lib/python3.10/dist-packages/turtlesim_plus-1.0.0-py3.10.egg-info/PKG-INFO
[0.727s] -- Installing: /home/nakarin/RoboticsDevExam2/install/turtlesim_plus/local/lib/python3.10/dist-packages/turtlesim_plus-1.0.0-py3.10.egg-info/top_level.txt
[0.727s] -- Up-to-date: /home/nakarin/RoboticsDevExam2/install/turtlesim_plus/local/lib/python3.10/dist-packages/turtlesim_plus
[0.728s] -- Up-to-date: /home/nakarin/RoboticsDevExam2/install/turtlesim_plus/local/lib/python3.10/dist-packages/turtlesim_plus/entity.py
[0.728s] -- Up-to-date: /home/nakarin/RoboticsDevExam2/install/turtlesim_plus/local/lib/python3.10/dist-packages/turtlesim_plus/ros2_plugins.py
[0.728s] -- Up-to-date: /home/nakarin/RoboticsDevExam2/install/turtlesim_plus/local/lib/python3.10/dist-packages/turtlesim_plus/__init__.py
[0.728s] -- Up-to-date: /home/nakarin/RoboticsDevExam2/install/turtlesim_plus/local/lib/python3.10/dist-packages/turtlesim_plus/image
[0.728s] -- Up-to-date: /home/nakarin/RoboticsDevExam2/install/turtlesim_plus/local/lib/python3.10/dist-packages/turtlesim_plus/image/turtle
[0.728s] -- Up-to-date: /home/nakarin/RoboticsDevExam2/install/turtlesim_plus/local/lib/python3.10/dist-packages/turtlesim_plus/image/turtle/rolling.png
[0.728s] -- Up-to-date: /home/nakarin/RoboticsDevExam2/install/turtlesim_plus/local/lib/python3.10/dist-packages/turtlesim_plus/image/turtle/dashing.png
[0.728s] -- Up-to-date: /home/nakarin/RoboticsDevExam2/install/turtlesim_plus/local/lib/python3.10/dist-packages/turtlesim_plus/image/turtle/bouncy.png
[0.728s] -- Up-to-date: /home/nakarin/RoboticsDevExam2/install/turtlesim_plus/local/lib/python3.10/dist-packages/turtlesim_plus/image/turtle/eloquent.png
[0.728s] -- Up-to-date: /home/nakarin/RoboticsDevExam2/install/turtlesim_plus/local/lib/python3.10/dist-packages/turtlesim_plus/image/turtle/crystal.png
[0.728s] -- Up-to-date: /home/nakarin/RoboticsDevExam2/install/turtlesim_plus/local/lib/python3.10/dist-packages/turtlesim_plus/image/turtle/galactic.png
[0.728s] -- Up-to-date: /home/nakarin/RoboticsDevExam2/install/turtlesim_plus/local/lib/python3.10/dist-packages/turtlesim_plus/image/turtle/humble.png
[0.728s] -- Up-to-date: /home/nakarin/RoboticsDevExam2/install/turtlesim_plus/local/lib/python3.10/dist-packages/turtlesim_plus/image/turtle/ardent.png
[0.728s] -- Up-to-date: /home/nakarin/RoboticsDevExam2/install/turtlesim_plus/local/lib/python3.10/dist-packages/turtlesim_plus/image/turtle/otto.png
[0.729s] -- Up-to-date: /home/nakarin/RoboticsDevExam2/install/turtlesim_plus/local/lib/python3.10/dist-packages/turtlesim_plus/image/turtle/foxy.png
[0.729s] -- Up-to-date: /home/nakarin/RoboticsDevExam2/install/turtlesim_plus/local/lib/python3.10/dist-packages/turtlesim_plus/image/object
[0.729s] -- Up-to-date: /home/nakarin/RoboticsDevExam2/install/turtlesim_plus/local/lib/python3.10/dist-packages/turtlesim_plus/image/object/pizza.png
[0.729s] -- Up-to-date: /home/nakarin/RoboticsDevExam2/install/turtlesim_plus/local/lib/python3.10/dist-packages/turtlesim_plus/image/object/parcel.png
[0.729s] -- Up-to-date: /home/nakarin/RoboticsDevExam2/install/turtlesim_plus/local/lib/python3.10/dist-packages/turtlesim_plus/image/map
[0.729s] -- Up-to-date: /home/nakarin/RoboticsDevExam2/install/turtlesim_plus/local/lib/python3.10/dist-packages/turtlesim_plus/image/map/map.png
[0.776s] Listing '/home/nakarin/RoboticsDevExam2/install/turtlesim_plus/local/lib/python3.10/dist-packages/turtlesim_plus'...
[0.776s] Listing '/home/nakarin/RoboticsDevExam2/install/turtlesim_plus/local/lib/python3.10/dist-packages/turtlesim_plus/image'...
[0.776s] Listing '/home/nakarin/RoboticsDevExam2/install/turtlesim_plus/local/lib/python3.10/dist-packages/turtlesim_plus/image/map'...
[0.776s] Listing '/home/nakarin/RoboticsDevExam2/install/turtlesim_plus/local/lib/python3.10/dist-packages/turtlesim_plus/image/object'...
[0.776s] Listing '/home/nakarin/RoboticsDevExam2/install/turtlesim_plus/local/lib/python3.10/dist-packages/turtlesim_plus/image/turtle'...
[0.779s] -- Up-to-date: /home/nakarin/RoboticsDevExam2/install/turtlesim_plus/lib/turtlesim_plus/turtlesim_plus_node.py
[0.780s] -- Up-to-date: /home/nakarin/RoboticsDevExam2/install/turtlesim_plus/lib/turtlesim_plus/pizza_on_click.py
[0.780s] -- Up-to-date: /home/nakarin/RoboticsDevExam2/install/turtlesim_plus/share/turtlesim_plus
[0.780s] -- Up-to-date: /home/nakarin/RoboticsDevExam2/install/turtlesim_plus/share/ament_index/resource_index/package_run_dependencies/turtlesim_plus
[0.780s] -- Up-to-date: /home/nakarin/RoboticsDevExam2/install/turtlesim_plus/share/ament_index/resource_index/parent_prefix_path/turtlesim_plus
[0.780s] -- Up-to-date: /home/nakarin/RoboticsDevExam2/install/turtlesim_plus/share/turtlesim_plus/environment/ament_prefix_path.sh
[0.780s] -- Up-to-date: /home/nakarin/RoboticsDevExam2/install/turtlesim_plus/share/turtlesim_plus/environment/ament_prefix_path.dsv
[0.780s] -- Up-to-date: /home/nakarin/RoboticsDevExam2/install/turtlesim_plus/share/turtlesim_plus/environment/path.sh
[0.780s] -- Up-to-date: /home/nakarin/RoboticsDevExam2/install/turtlesim_plus/share/turtlesim_plus/environment/path.dsv
[0.780s] -- Up-to-date: /home/nakarin/RoboticsDevExam2/install/turtlesim_plus/share/turtlesim_plus/local_setup.bash
[0.780s] -- Up-to-date: /home/nakarin/RoboticsDevExam2/install/turtlesim_plus/share/turtlesim_plus/local_setup.sh
[0.780s] -- Up-to-date: /home/nakarin/RoboticsDevExam2/install/turtlesim_plus/share/turtlesim_plus/local_setup.zsh
[0.781s] -- Up-to-date: /home/nakarin/RoboticsDevExam2/install/turtlesim_plus/share/turtlesim_plus/local_setup.dsv
[0.781s] -- Installing: /home/nakarin/RoboticsDevExam2/install/turtlesim_plus/share/turtlesim_plus/package.dsv
[0.781s] -- Up-to-date: /home/nakarin/RoboticsDevExam2/install/turtlesim_plus/share/ament_index/resource_index/packages/turtlesim_plus
[0.781s] -- Up-to-date: /home/nakarin/RoboticsDevExam2/install/turtlesim_plus/share/turtlesim_plus/cmake/turtlesim_plusConfig.cmake
[0.781s] -- Up-to-date: /home/nakarin/RoboticsDevExam2/install/turtlesim_plus/share/turtlesim_plus/cmake/turtlesim_plusConfig-version.cmake
[0.781s] -- Up-to-date: /home/nakarin/RoboticsDevExam2/install/turtlesim_plus/share/turtlesim_plus/package.xml
[0.783s] Invoked command in '/home/nakarin/RoboticsDevExam2/build/turtlesim_plus' returned '0': CMAKE_PREFIX_PATH=${CMAKE_PREFIX_PATH}:/home/nakarin/RoboticsDev/install/launch_testing_examples:/home/nakarin/RoboticsDev/install/examples_rclpy_pointcloud_publisher:/home/nakarin/RoboticsDev/install/examples_rclpy_minimal_subscriber:/home/nakarin/RoboticsDev/install/examples_rclpy_minimal_service:/home/nakarin/RoboticsDev/install/examples_rclpy_minimal_publisher:/home/nakarin/RoboticsDev/install/examples_rclpy_minimal_client:/home/nakarin/RoboticsDev/install/examples_rclpy_minimal_action_server:/home/nakarin/RoboticsDev/install/examples_rclpy_minimal_action_client:/home/nakarin/RoboticsDev/install/examples_rclpy_guard_conditions:/home/nakarin/RoboticsDev/install/examples_rclpy_executors:/opt/ros/humble /usr/bin/cmake --install /home/nakarin/RoboticsDevExam2/build/turtlesim_plus
